<?xml version="1.0" encoding="UTF-8"?>
<testsuite xmlns:xsi="http://www.w3.org/2001/XMLSchema-instance" xsi:noNamespaceSchemaLocation="https://maven.apache.org/surefire/maven-surefire-plugin/xsd/surefire-test-report-3.0.xsd" version="3.0" name="TestSuite" time="28.176" tests="3" errors="0" skipped="0" failures="1">
  <properties>
    <property name="surefire.suiteXmlFiles" value="testng2.xml"/>
    <property name="java.specification.version" value="14"/>
    <property name="sun.jnu.encoding" value="UTF-8"/>
    <property name="java.class.path" value="/Users/shreyas/TDD/TDDFramework/target/test-classes:/Users/shreyas/TDD/TDDFramework/target/classes:/Users/shreyas/.m2/repository/org/testng/testng/6.14.3/testng-6.14.3.jar:/Users/shreyas/.m2/repository/com/beust/jcommander/1.72/jcommander-1.72.jar:/Users/shreyas/.m2/repository/org/apache-extras/beanshell/bsh/2.0b6/bsh-2.0b6.jar:/Users/shreyas/.m2/repository/io/appium/java-client/7.4.0/java-client-7.4.0.jar:/Users/shreyas/.m2/repository/org/seleniumhq/selenium/selenium-support/3.141.59/selenium-support-3.141.59.jar:/Users/shreyas/.m2/repository/org/seleniumhq/selenium/selenium-api/3.141.59/selenium-api-3.141.59.jar:/Users/shreyas/.m2/repository/com/google/code/gson/gson/2.8.6/gson-2.8.6.jar:/Users/shreyas/.m2/repository/org/apache/httpcomponents/httpclient/4.5.13/httpclient-4.5.13.jar:/Users/shreyas/.m2/repository/org/apache/httpcomponents/httpcore/4.4.13/httpcore-4.4.13.jar:/Users/shreyas/.m2/repository/commons-logging/commons-logging/1.2/commons-logging-1.2.jar:/Users/shreyas/.m2/repository/commons-codec/commons-codec/1.11/commons-codec-1.11.jar:/Users/shreyas/.m2/repository/cglib/cglib/3.3.0/cglib-3.3.0.jar:/Users/shreyas/.m2/repository/org/ow2/asm/asm/7.1/asm-7.1.jar:/Users/shreyas/.m2/repository/commons-validator/commons-validator/1.7/commons-validator-1.7.jar:/Users/shreyas/.m2/repository/commons-beanutils/commons-beanutils/1.9.4/commons-beanutils-1.9.4.jar:/Users/shreyas/.m2/repository/commons-digester/commons-digester/2.1/commons-digester-2.1.jar:/Users/shreyas/.m2/repository/commons-collections/commons-collections/3.2.2/commons-collections-3.2.2.jar:/Users/shreyas/.m2/repository/org/apache/commons/commons-lang3/3.11/commons-lang3-3.11.jar:/Users/shreyas/.m2/repository/org/springframework/spring-context/5.3.0/spring-context-5.3.0.jar:/Users/shreyas/.m2/repository/org/springframework/spring-aop/5.3.0/spring-aop-5.3.0.jar:/Users/shreyas/.m2/repository/org/springframework/spring-beans/5.3.0/spring-beans-5.3.0.jar:/Users/shreyas/.m2/repository/org/springframework/spring-core/5.3.0/spring-core-5.3.0.jar:/Users/shreyas/.m2/repository/org/springframework/spring-jcl/5.3.0/spring-jcl-5.3.0.jar:/Users/shreyas/.m2/repository/org/springframework/spring-expression/5.3.0/spring-expression-5.3.0.jar:/Users/shreyas/.m2/repository/org/aspectj/aspectjweaver/1.9.6/aspectjweaver-1.9.6.jar:/Users/shreyas/.m2/repository/org/slf4j/slf4j-api/1.7.30/slf4j-api-1.7.30.jar:/Users/shreyas/.m2/repository/org/seleniumhq/selenium/selenium-java/3.141.59/selenium-java-3.141.59.jar:/Users/shreyas/.m2/repository/org/seleniumhq/selenium/selenium-chrome-driver/3.141.59/selenium-chrome-driver-3.141.59.jar:/Users/shreyas/.m2/repository/org/seleniumhq/selenium/selenium-edge-driver/3.141.59/selenium-edge-driver-3.141.59.jar:/Users/shreyas/.m2/repository/org/seleniumhq/selenium/selenium-firefox-driver/3.141.59/selenium-firefox-driver-3.141.59.jar:/Users/shreyas/.m2/repository/org/seleniumhq/selenium/selenium-ie-driver/3.141.59/selenium-ie-driver-3.141.59.jar:/Users/shreyas/.m2/repository/org/seleniumhq/selenium/selenium-opera-driver/3.141.59/selenium-opera-driver-3.141.59.jar:/Users/shreyas/.m2/repository/org/seleniumhq/selenium/selenium-remote-driver/3.141.59/selenium-remote-driver-3.141.59.jar:/Users/shreyas/.m2/repository/org/seleniumhq/selenium/selenium-safari-driver/3.141.59/selenium-safari-driver-3.141.59.jar:/Users/shreyas/.m2/repository/net/bytebuddy/byte-buddy/1.8.15/byte-buddy-1.8.15.jar:/Users/shreyas/.m2/repository/org/apache/commons/commons-exec/1.3/commons-exec-1.3.jar:/Users/shreyas/.m2/repository/com/squareup/okhttp3/okhttp/3.11.0/okhttp-3.11.0.jar:/Users/shreyas/.m2/repository/com/squareup/okio/okio/1.14.0/okio-1.14.0.jar:/Users/shreyas/.m2/repository/org/apache/maven/plugins/maven-compiler-plugin/3.8.1/maven-compiler-plugin-3.8.1.jar:/Users/shreyas/.m2/repository/org/apache/maven/maven-plugin-api/3.0/maven-plugin-api-3.0.jar:/Users/shreyas/.m2/repository/org/apache/maven/maven-model/3.0/maven-model-3.0.jar:/Users/shreyas/.m2/repository/org/sonatype/sisu/sisu-inject-plexus/1.4.2/sisu-inject-plexus-1.4.2.jar:/Users/shreyas/.m2/repository/org/sonatype/sisu/sisu-inject-bean/1.4.2/sisu-inject-bean-1.4.2.jar:/Users/shreyas/.m2/repository/org/sonatype/sisu/sisu-guice/2.1.7/sisu-guice-2.1.7-noaop.jar:/Users/shreyas/.m2/repository/org/apache/maven/maven-artifact/3.0/maven-artifact-3.0.jar:/Users/shreyas/.m2/repository/org/codehaus/plexus/plexus-utils/2.0.4/plexus-utils-2.0.4.jar:/Users/shreyas/.m2/repository/org/apache/maven/maven-core/3.0/maven-core-3.0.jar:/Users/shreyas/.m2/repository/org/apache/maven/maven-settings/3.0/maven-settings-3.0.jar:/Users/shreyas/.m2/repository/org/apache/maven/maven-settings-builder/3.0/maven-settings-builder-3.0.jar:/Users/shreyas/.m2/repository/org/apache/maven/maven-repository-metadata/3.0/maven-repository-metadata-3.0.jar:/Users/shreyas/.m2/repository/org/apache/maven/maven-model-builder/3.0/maven-model-builder-3.0.jar:/Users/shreyas/.m2/repository/org/apache/maven/maven-aether-provider/3.0/maven-aether-provider-3.0.jar:/Users/shreyas/.m2/repository/org/sonatype/aether/aether-impl/1.7/aether-impl-1.7.jar:/Users/shreyas/.m2/repository/org/sonatype/aether/aether-spi/1.7/aether-spi-1.7.jar:/Users/shreyas/.m2/repository/org/sonatype/aether/aether-api/1.7/aether-api-1.7.jar:/Users/shreyas/.m2/repository/org/sonatype/aether/aether-util/1.7/aether-util-1.7.jar:/Users/shreyas/.m2/repository/org/codehaus/plexus/plexus-interpolation/1.14/plexus-interpolation-1.14.jar:/Users/shreyas/.m2/repository/org/codehaus/plexus/plexus-classworlds/2.2.3/plexus-classworlds-2.2.3.jar:/Users/shreyas/.m2/repository/org/codehaus/plexus/plexus-component-annotations/1.5.5/plexus-component-annotations-1.5.5.jar:/Users/shreyas/.m2/repository/org/sonatype/plexus/plexus-sec-dispatcher/1.3/plexus-sec-dispatcher-1.3.jar:/Users/shreyas/.m2/repository/org/sonatype/plexus/plexus-cipher/1.4/plexus-cipher-1.4.jar:/Users/shreyas/.m2/repository/org/apache/maven/shared/maven-shared-utils/3.2.1/maven-shared-utils-3.2.1.jar:/Users/shreyas/.m2/repository/org/apache/maven/shared/maven-shared-incremental/1.1/maven-shared-incremental-1.1.jar:/Users/shreyas/.m2/repository/org/codehaus/plexus/plexus-java/0.9.10/plexus-java-0.9.10.jar:/Users/shreyas/.m2/repository/com/thoughtworks/qdox/qdox/2.0-M8/qdox-2.0-M8.jar:/Users/shreyas/.m2/repository/org/codehaus/plexus/plexus-compiler-api/2.8.4/plexus-compiler-api-2.8.4.jar:/Users/shreyas/.m2/repository/org/codehaus/plexus/plexus-compiler-manager/2.8.4/plexus-compiler-manager-2.8.4.jar:/Users/shreyas/.m2/repository/org/codehaus/plexus/plexus-compiler-javac/2.8.4/plexus-compiler-javac-2.8.4.jar:/Users/shreyas/.m2/repository/com/google/guava/guava/24.0-jre/guava-24.0-jre.jar:/Users/shreyas/.m2/repository/com/google/code/findbugs/jsr305/1.3.9/jsr305-1.3.9.jar:/Users/shreyas/.m2/repository/org/checkerframework/checker-compat-qual/2.0.0/checker-compat-qual-2.0.0.jar:/Users/shreyas/.m2/repository/com/google/errorprone/error_prone_annotations/2.1.3/error_prone_annotations-2.1.3.jar:/Users/shreyas/.m2/repository/com/google/j2objc/j2objc-annotations/1.1/j2objc-annotations-1.1.jar:/Users/shreyas/.m2/repository/org/codehaus/mojo/animal-sniffer-annotations/1.14/animal-sniffer-annotations-1.14.jar:/Users/shreyas/.m2/repository/org/json/json/20201115/json-20201115.jar:/Users/shreyas/.m2/repository/commons-io/commons-io/2.8.0/commons-io-2.8.0.jar:/Users/shreyas/.m2/repository/org/apache/logging/log4j/log4j-core/2.14.0/log4j-core-2.14.0.jar:/Users/shreyas/.m2/repository/org/apache/logging/log4j/log4j-api/2.14.0/log4j-api-2.14.0.jar:/Users/shreyas/.m2/repository/com/aventstack/extentreports/5.0.5/extentreports-5.0.5.jar:/Users/shreyas/.m2/repository/io/reactivex/rxjava3/rxjava/3.0.4/rxjava-3.0.4.jar:/Users/shreyas/.m2/repository/org/reactivestreams/reactive-streams/1.0.3/reactive-streams-1.0.3.jar:/Users/shreyas/.m2/repository/org/freemarker/freemarker/2.3.30/freemarker-2.3.30.jar:/Users/shreyas/.m2/repository/org/projectlombok/lombok/1.18.12/lombok-1.18.12.jar:"/>
    <property name="java.vm.vendor" value="Oracle Corporation"/>
    <property name="sun.arch.data.model" value="64"/>
    <property name="java.vendor.url" value="https://java.oracle.com/"/>
    <property name="user.timezone" value="Asia/Kolkata"/>
    <property name="os.name" value="Mac OS X"/>
    <property name="java.vm.specification.version" value="14"/>
    <property name="sun.java.launcher" value="SUN_STANDARD"/>
    <property name="user.country" value="GB"/>
    <property name="sun.boot.library.path" value="/Library/Java/JavaVirtualMachines/jdk-14.0.1.jdk/Contents/Home/lib"/>
    <property name="sun.java.command" value="/Users/shreyas/TDD/TDDFramework/target/surefire/surefirebooter1532504141628982043.jar /Users/shreyas/TDD/TDDFramework/target/surefire 2020-12-03T12-10-42_159-jvmRun1 surefire1796855901767373951tmp surefire_013813314677653376983tmp"/>
    <property name="http.nonProxyHosts" value="local|*.local|169.254/16|*.169.254/16"/>
    <property name="jdk.debug" value="release"/>
    <property name="surefire.test.class.path" value="/Users/shreyas/TDD/TDDFramework/target/test-classes:/Users/shreyas/TDD/TDDFramework/target/classes:/Users/shreyas/.m2/repository/org/testng/testng/6.14.3/testng-6.14.3.jar:/Users/shreyas/.m2/repository/com/beust/jcommander/1.72/jcommander-1.72.jar:/Users/shreyas/.m2/repository/org/apache-extras/beanshell/bsh/2.0b6/bsh-2.0b6.jar:/Users/shreyas/.m2/repository/io/appium/java-client/7.4.0/java-client-7.4.0.jar:/Users/shreyas/.m2/repository/org/seleniumhq/selenium/selenium-support/3.141.59/selenium-support-3.141.59.jar:/Users/shreyas/.m2/repository/org/seleniumhq/selenium/selenium-api/3.141.59/selenium-api-3.141.59.jar:/Users/shreyas/.m2/repository/com/google/code/gson/gson/2.8.6/gson-2.8.6.jar:/Users/shreyas/.m2/repository/org/apache/httpcomponents/httpclient/4.5.13/httpclient-4.5.13.jar:/Users/shreyas/.m2/repository/org/apache/httpcomponents/httpcore/4.4.13/httpcore-4.4.13.jar:/Users/shreyas/.m2/repository/commons-logging/commons-logging/1.2/commons-logging-1.2.jar:/Users/shreyas/.m2/repository/commons-codec/commons-codec/1.11/commons-codec-1.11.jar:/Users/shreyas/.m2/repository/cglib/cglib/3.3.0/cglib-3.3.0.jar:/Users/shreyas/.m2/repository/org/ow2/asm/asm/7.1/asm-7.1.jar:/Users/shreyas/.m2/repository/commons-validator/commons-validator/1.7/commons-validator-1.7.jar:/Users/shreyas/.m2/repository/commons-beanutils/commons-beanutils/1.9.4/commons-beanutils-1.9.4.jar:/Users/shreyas/.m2/repository/commons-digester/commons-digester/2.1/commons-digester-2.1.jar:/Users/shreyas/.m2/repository/commons-collections/commons-collections/3.2.2/commons-collections-3.2.2.jar:/Users/shreyas/.m2/repository/org/apache/commons/commons-lang3/3.11/commons-lang3-3.11.jar:/Users/shreyas/.m2/repository/org/springframework/spring-context/5.3.0/spring-context-5.3.0.jar:/Users/shreyas/.m2/repository/org/springframework/spring-aop/5.3.0/spring-aop-5.3.0.jar:/Users/shreyas/.m2/repository/org/springframework/spring-beans/5.3.0/spring-beans-5.3.0.jar:/Users/shreyas/.m2/repository/org/springframework/spring-core/5.3.0/spring-core-5.3.0.jar:/Users/shreyas/.m2/repository/org/springframework/spring-jcl/5.3.0/spring-jcl-5.3.0.jar:/Users/shreyas/.m2/repository/org/springframework/spring-expression/5.3.0/spring-expression-5.3.0.jar:/Users/shreyas/.m2/repository/org/aspectj/aspectjweaver/1.9.6/aspectjweaver-1.9.6.jar:/Users/shreyas/.m2/repository/org/slf4j/slf4j-api/1.7.30/slf4j-api-1.7.30.jar:/Users/shreyas/.m2/repository/org/seleniumhq/selenium/selenium-java/3.141.59/selenium-java-3.141.59.jar:/Users/shreyas/.m2/repository/org/seleniumhq/selenium/selenium-chrome-driver/3.141.59/selenium-chrome-driver-3.141.59.jar:/Users/shreyas/.m2/repository/org/seleniumhq/selenium/selenium-edge-driver/3.141.59/selenium-edge-driver-3.141.59.jar:/Users/shreyas/.m2/repository/org/seleniumhq/selenium/selenium-firefox-driver/3.141.59/selenium-firefox-driver-3.141.59.jar:/Users/shreyas/.m2/repository/org/seleniumhq/selenium/selenium-ie-driver/3.141.59/selenium-ie-driver-3.141.59.jar:/Users/shreyas/.m2/repository/org/seleniumhq/selenium/selenium-opera-driver/3.141.59/selenium-opera-driver-3.141.59.jar:/Users/shreyas/.m2/repository/org/seleniumhq/selenium/selenium-remote-driver/3.141.59/selenium-remote-driver-3.141.59.jar:/Users/shreyas/.m2/repository/org/seleniumhq/selenium/selenium-safari-driver/3.141.59/selenium-safari-driver-3.141.59.jar:/Users/shreyas/.m2/repository/net/bytebuddy/byte-buddy/1.8.15/byte-buddy-1.8.15.jar:/Users/shreyas/.m2/repository/org/apache/commons/commons-exec/1.3/commons-exec-1.3.jar:/Users/shreyas/.m2/repository/com/squareup/okhttp3/okhttp/3.11.0/okhttp-3.11.0.jar:/Users/shreyas/.m2/repository/com/squareup/okio/okio/1.14.0/okio-1.14.0.jar:/Users/shreyas/.m2/repository/org/apache/maven/plugins/maven-compiler-plugin/3.8.1/maven-compiler-plugin-3.8.1.jar:/Users/shreyas/.m2/repository/org/apache/maven/maven-plugin-api/3.0/maven-plugin-api-3.0.jar:/Users/shreyas/.m2/repository/org/apache/maven/maven-model/3.0/maven-model-3.0.jar:/Users/shreyas/.m2/repository/org/sonatype/sisu/sisu-inject-plexus/1.4.2/sisu-inject-plexus-1.4.2.jar:/Users/shreyas/.m2/repository/org/sonatype/sisu/sisu-inject-bean/1.4.2/sisu-inject-bean-1.4.2.jar:/Users/shreyas/.m2/repository/org/sonatype/sisu/sisu-guice/2.1.7/sisu-guice-2.1.7-noaop.jar:/Users/shreyas/.m2/repository/org/apache/maven/maven-artifact/3.0/maven-artifact-3.0.jar:/Users/shreyas/.m2/repository/org/codehaus/plexus/plexus-utils/2.0.4/plexus-utils-2.0.4.jar:/Users/shreyas/.m2/repository/org/apache/maven/maven-core/3.0/maven-core-3.0.jar:/Users/shreyas/.m2/repository/org/apache/maven/maven-settings/3.0/maven-settings-3.0.jar:/Users/shreyas/.m2/repository/org/apache/maven/maven-settings-builder/3.0/maven-settings-builder-3.0.jar:/Users/shreyas/.m2/repository/org/apache/maven/maven-repository-metadata/3.0/maven-repository-metadata-3.0.jar:/Users/shreyas/.m2/repository/org/apache/maven/maven-model-builder/3.0/maven-model-builder-3.0.jar:/Users/shreyas/.m2/repository/org/apache/maven/maven-aether-provider/3.0/maven-aether-provider-3.0.jar:/Users/shreyas/.m2/repository/org/sonatype/aether/aether-impl/1.7/aether-impl-1.7.jar:/Users/shreyas/.m2/repository/org/sonatype/aether/aether-spi/1.7/aether-spi-1.7.jar:/Users/shreyas/.m2/repository/org/sonatype/aether/aether-api/1.7/aether-api-1.7.jar:/Users/shreyas/.m2/repository/org/sonatype/aether/aether-util/1.7/aether-util-1.7.jar:/Users/shreyas/.m2/repository/org/codehaus/plexus/plexus-interpolation/1.14/plexus-interpolation-1.14.jar:/Users/shreyas/.m2/repository/org/codehaus/plexus/plexus-classworlds/2.2.3/plexus-classworlds-2.2.3.jar:/Users/shreyas/.m2/repository/org/codehaus/plexus/plexus-component-annotations/1.5.5/plexus-component-annotations-1.5.5.jar:/Users/shreyas/.m2/repository/org/sonatype/plexus/plexus-sec-dispatcher/1.3/plexus-sec-dispatcher-1.3.jar:/Users/shreyas/.m2/repository/org/sonatype/plexus/plexus-cipher/1.4/plexus-cipher-1.4.jar:/Users/shreyas/.m2/repository/org/apache/maven/shared/maven-shared-utils/3.2.1/maven-shared-utils-3.2.1.jar:/Users/shreyas/.m2/repository/org/apache/maven/shared/maven-shared-incremental/1.1/maven-shared-incremental-1.1.jar:/Users/shreyas/.m2/repository/org/codehaus/plexus/plexus-java/0.9.10/plexus-java-0.9.10.jar:/Users/shreyas/.m2/repository/com/thoughtworks/qdox/qdox/2.0-M8/qdox-2.0-M8.jar:/Users/shreyas/.m2/repository/org/codehaus/plexus/plexus-compiler-api/2.8.4/plexus-compiler-api-2.8.4.jar:/Users/shreyas/.m2/repository/org/codehaus/plexus/plexus-compiler-manager/2.8.4/plexus-compiler-manager-2.8.4.jar:/Users/shreyas/.m2/repository/org/codehaus/plexus/plexus-compiler-javac/2.8.4/plexus-compiler-javac-2.8.4.jar:/Users/shreyas/.m2/repository/com/google/guava/guava/24.0-jre/guava-24.0-jre.jar:/Users/shreyas/.m2/repository/com/google/code/findbugs/jsr305/1.3.9/jsr305-1.3.9.jar:/Users/shreyas/.m2/repository/org/checkerframework/checker-compat-qual/2.0.0/checker-compat-qual-2.0.0.jar:/Users/shreyas/.m2/repository/com/google/errorprone/error_prone_annotations/2.1.3/error_prone_annotations-2.1.3.jar:/Users/shreyas/.m2/repository/com/google/j2objc/j2objc-annotations/1.1/j2objc-annotations-1.1.jar:/Users/shreyas/.m2/repository/org/codehaus/mojo/animal-sniffer-annotations/1.14/animal-sniffer-annotations-1.14.jar:/Users/shreyas/.m2/repository/org/json/json/20201115/json-20201115.jar:/Users/shreyas/.m2/repository/commons-io/commons-io/2.8.0/commons-io-2.8.0.jar:/Users/shreyas/.m2/repository/org/apache/logging/log4j/log4j-core/2.14.0/log4j-core-2.14.0.jar:/Users/shreyas/.m2/repository/org/apache/logging/log4j/log4j-api/2.14.0/log4j-api-2.14.0.jar:/Users/shreyas/.m2/repository/com/aventstack/extentreports/5.0.5/extentreports-5.0.5.jar:/Users/shreyas/.m2/repository/io/reactivex/rxjava3/rxjava/3.0.4/rxjava-3.0.4.jar:/Users/shreyas/.m2/repository/org/reactivestreams/reactive-streams/1.0.3/reactive-streams-1.0.3.jar:/Users/shreyas/.m2/repository/org/freemarker/freemarker/2.3.30/freemarker-2.3.30.jar:/Users/shreyas/.m2/repository/org/projectlombok/lombok/1.18.12/lombok-1.18.12.jar:"/>
    <property name="sun.cpu.endian" value="little"/>
    <property name="user.home" value="/Users/shreyas"/>
    <property name="user.language" value="en"/>
    <property name="java.specification.vendor" value="Oracle Corporation"/>
    <property name="java.version.date" value="2020-04-14"/>
    <property name="java.home" value="/Library/Java/JavaVirtualMachines/jdk-14.0.1.jdk/Contents/Home"/>
    <property name="file.separator" value="/"/>
    <property name="basedir" value="/Users/shreyas/TDD/TDDFramework"/>
    <property name="java.vm.compressedOopsMode" value="Zero based"/>
    <property name="line.separator" value="&#10;"/>
    <property name="java.specification.name" value="Java Platform API Specification"/>
    <property name="java.vm.specification.vendor" value="Oracle Corporation"/>
    <property name="surefire.real.class.path" value="/Users/shreyas/TDD/TDDFramework/target/surefire/surefirebooter1532504141628982043.jar"/>
    <property name="sun.management.compiler" value="HotSpot 64-Bit Tiered Compilers"/>
    <property name="ftp.nonProxyHosts" value="local|*.local|169.254/16|*.169.254/16"/>
    <property name="java.runtime.version" value="14.0.1+7"/>
    <property name="user.name" value="shreyas"/>
    <property name="path.separator" value=":"/>
    <property name="os.version" value="10.15.7"/>
    <property name="java.runtime.name" value="Java(TM) SE Runtime Environment"/>
    <property name="file.encoding" value="UTF-8"/>
    <property name="java.vm.name" value="Java HotSpot(TM) 64-Bit Server VM"/>
    <property name="localRepository" value="/Users/shreyas/.m2/repository"/>
    <property name="java.vendor.url.bug" value="https://bugreport.java.com/bugreport/"/>
    <property name="java.io.tmpdir" value="/var/folders/qq/4dlxxlc1097b6b2ddwf8v64h0000gq/T/"/>
    <property name="java.version" value="14.0.1"/>
    <property name="user.dir" value="/Users/shreyas/TDD/TDDFramework"/>
    <property name="os.arch" value="x86_64"/>
    <property name="java.vm.specification.name" value="Java Virtual Machine Specification"/>
    <property name="java.library.path" value="/Users/shreyas/Library/Java/Extensions:/Library/Java/Extensions:/Network/Library/Java/Extensions:/System/Library/Java/Extensions:/usr/lib/java:."/>
    <property name="java.vm.info" value="mixed mode, sharing"/>
    <property name="java.vendor" value="Oracle Corporation"/>
    <property name="java.vm.version" value="14.0.1+7"/>
    <property name="sun.io.unicode.encoding" value="UnicodeBig"/>
    <property name="socksNonProxyHosts" value="local|*.local|169.254/16|*.169.254/16"/>
    <property name="java.class.version" value="58.0"/>
  </properties>
  <testcase name="invalidPassword" classname="com.qa.tests.LoginTests" time="6.894">
    <failure message="expected [Username and password do not match any user in this service.new] but found [Username and password do not match any user in this service.]" type="java.lang.AssertionError"><![CDATA[java.lang.AssertionError: expected [Username and password do not match any user in this service.new] but found [Username and password do not match any user in this service.]
	at com.qa.tests.LoginTests.invalidPassword(LoginTests.java:116)
]]></failure>
    <system-out><![CDATA[&amp#27;[35m[Appium]&amp#27;[39m Welcome to Appium v1.18.1
&amp#27;[35m[Appium]&amp#27;[39m Non-default server args:
&amp#27;[35m[Appium]&amp#27;[39m   sessionOverride: true
&amp#27;[35m[Appium]&amp#27;[39m   logFile: /Users/shreyas/TDD/TDDFramework/serverlogs/server.log
&amp#27;[35m[Appium]&amp#27;[39m Appium REST http interface listener started on 0.0.0.0:4723
&amp#27;[35m[HTTP]&amp#27;[39m &amp#27;[37m-->&amp#27;[39m &amp#27;[37mGET&amp#27;[39m &amp#27;[37m/wd/hub/status&amp#27;[39m
&amp#27;[35m[HTTP]&amp#27;[39m &amp#27;[90m{}&amp#27;[39m
[debug] &amp#27;[35m[GENERIC]&amp#27;[39m Calling AppiumDriver.getStatus() with args: []
[debug] &amp#27;[35m[GENERIC]&amp#27;[39m Responding to client with driver.getStatus() result: {"build":{"version":"1.18.1"}}
&amp#27;[35m[HTTP]&amp#27;[39m &amp#27;[37m<-- GET /wd/hub/status &amp#27;[39m&amp#27;[32m200&amp#27;[39m &amp#27;[90m5 ms - 68&amp#27;[39m
&amp#27;[35m[HTTP]&amp#27;[39m &amp#27;[90m&amp#27;[39m
[debug] &amp#27;[35m[HTTP]&amp#27;[39m Request idempotency key: 0657be7d-0b46-450c-af76-6e48f690770a
&amp#27;[35m[HTTP]&amp#27;[39m &amp#27;[37m-->&amp#27;[39m &amp#27;[37mPOST&amp#27;[39m &amp#27;[37m/wd/hub/session&amp#27;[39m
&amp#27;[35m[HTTP]&amp#27;[39m &amp#27;[90m{"desiredCapabilities":{"appActivity":"com.swaglabsmobileapp.SplashActivity","appPackage":"com.swaglabsmobileapp","automationName":"uiautomator2","chromeDriverPort":"11000","platformName":"Android","deviceName":"Any device name","systemPort":"10000"},"capabilities":{"firstMatch":[{"appium:appActivity":"com.swaglabsmobileapp.SplashActivity","appium:appPackage":"com.swaglabsmobileapp","appium:automationName":"uiautomator2","chromeDriverPort":"11000","appium:deviceName":"Any device name","platformName":"android","appium:systemPort":"10000"}]}}&amp#27;[39m
[debug] &amp#27;[35m[W3C]&amp#27;[39m Calling AppiumDriver.createSession() with args: [{"appActivity":"com.swaglabsmobileapp.SplashActivity","appPackage":"com.swaglabsmobileapp","automationName":"uiautomator2","chromeDriverPort":"11000","platformName":"Android","deviceName":"Any device name","systemPort":"10000"},null,{"firstMatch":[{"appium:appActivity":"com.swaglabsmobileapp.SplashActivity","appium:appPackage":"com.swaglabsmobileapp","appium:automationName":"uiautomator2","chromeDriverPort":"11000","appium:deviceName":"Any device name","platformName":"android","appium:systemPort":"10000"}]}]
[debug] &amp#27;[35m[BaseDriver]&amp#27;[39m Event 'newSessionRequested' logged at 1606977644516 (12:10:44 GMT+0530 (India Standard Time))
&amp#27;[35m[BaseDriver]&amp#27;[39m The following capabilities are not standard capabilities and should have an extension prefix:
&amp#27;[35m[BaseDriver]&amp#27;[39m   chromeDriverPort
&amp#27;[35m[Appium]&amp#27;[39m Appium v1.18.1 creating new AndroidUiautomator2Driver (v1.56.1) session
[debug] &amp#27;[35m[Appium]&amp#27;[39m There are no active sessions for cleanup
[debug] &amp#27;[35m[BaseDriver]&amp#27;[39m W3C capabilities and MJSONWP desired capabilities were provided
[debug] &amp#27;[35m[BaseDriver]&amp#27;[39m Creating session with W3C capabilities: {
[debug] &amp#27;[35m[BaseDriver]&amp#27;[39m   "alwaysMatch": {
[debug] &amp#27;[35m[BaseDriver]&amp#27;[39m     "appium:chromeDriverPort": "11000",
[debug] &amp#27;[35m[BaseDriver]&amp#27;[39m     "platformName": "android",
[debug] &amp#27;[35m[BaseDriver]&amp#27;[39m     "appium:appActivity": "com.swaglabsmobileapp.SplashActivity",
[debug] &amp#27;[35m[BaseDriver]&amp#27;[39m     "appium:appPackage": "com.swaglabsmobileapp",
[debug] &amp#27;[35m[BaseDriver]&amp#27;[39m     "appium:automationName": "uiautomator2",
[debug] &amp#27;[35m[BaseDriver]&amp#27;[39m     "appium:deviceName": "Any device name",
[debug] &amp#27;[35m[BaseDriver]&amp#27;[39m     "appium:systemPort": "10000"
[debug] &amp#27;[35m[BaseDriver]&amp#27;[39m   },
[debug] &amp#27;[35m[BaseDriver]&amp#27;[39m   "firstMatch": [
[debug] &amp#27;[35m[BaseDriver]&amp#27;[39m     {}
[debug] &amp#27;[35m[BaseDriver]&amp#27;[39m   ]
[debug] &amp#27;[35m[BaseDriver]&amp#27;[39m }
&amp#27;[35m[BaseDriver]&amp#27;[39m Number capability passed in as string. Functionality may be compromised.
&amp#27;[35m[BaseDriver]&amp#27;[39m Number capability passed in as string. Functionality may be compromised.
&amp#27;[35m[BaseDriver]&amp#27;[39m Capability 'systemPort' changed from string ('10000') to integer (10000). This may cause unexpected behavior
&amp#27;[35m[BaseDriver]&amp#27;[39m Capability 'chromeDriverPort' changed from string ('11000') to integer (11000). This may cause unexpected behavior
&amp#27;[35m[BaseDriver]&amp#27;[39m Session created with session id: 939183a9-a922-4fee-90ba-5de5847d3974
&amp#27;[35m[UiAutomator2]&amp#27;[39m Starting 'com.swaglabsmobileapp' directly on the device
&amp#27;[35m[ADB]&amp#27;[39m Found 2 'build-tools' folders under '/Users/shreyas/Library/Android/sdk/' (newest first):
&amp#27;[35m[ADB]&amp#27;[39m     /Users/shreyas/Library/Android/sdk/build-tools/29.0.3
&amp#27;[35m[ADB]&amp#27;[39m     /Users/shreyas/Library/Android/sdk/build-tools/28.0.3
&amp#27;[35m[ADB]&amp#27;[39m Using 'adb' from '/Users/shreyas/Library/Android/sdk/platform-tools/adb'
[debug] &amp#27;[35m[ADB]&amp#27;[39m Running '/Users/shreyas/Library/Android/sdk/platform-tools/adb -P 5037 start-server'
&amp#27;[35m[AndroidDriver]&amp#27;[39m Retrieving device list
[debug] &amp#27;[35m[ADB]&amp#27;[39m Trying to find a connected android device
[debug] &amp#27;[35m[ADB]&amp#27;[39m Getting connected devices
[debug] &amp#27;[35m[ADB]&amp#27;[39m Connected devices: [{"udid":"emulator-5554","state":"device"}]
&amp#27;[35m[AndroidDriver]&amp#27;[39m Using device: emulator-5554
&amp#27;[35m[ADB]&amp#27;[39m Using 'adb' from '/Users/shreyas/Library/Android/sdk/platform-tools/adb'
[debug] &amp#27;[35m[ADB]&amp#27;[39m Running '/Users/shreyas/Library/Android/sdk/platform-tools/adb -P 5037 start-server'
[debug] &amp#27;[35m[ADB]&amp#27;[39m Setting device id to emulator-5554
[debug] &amp#27;[35m[ADB]&amp#27;[39m Running '/Users/shreyas/Library/Android/sdk/platform-tools/adb -P 5037 -s emulator-5554 shell getprop ro.build.version.sdk'
[debug] &amp#27;[35m[ADB]&amp#27;[39m Current device property 'ro.build.version.sdk': 29
&amp#27;[35m[ADB]&amp#27;[39m Getting device platform version
[debug] &amp#27;[35m[ADB]&amp#27;[39m Running '/Users/shreyas/Library/Android/sdk/platform-tools/adb -P 5037 -s emulator-5554 shell getprop ro.build.version.release'
[debug] &amp#27;[35m[ADB]&amp#27;[39m Current device property 'ro.build.version.release': 10
[debug] &amp#27;[35m[ADB]&amp#27;[39m Device API level: 29
&amp#27;[35m[UiAutomator2]&amp#27;[39m Relaxing hidden api policy
[debug] &amp#27;[35m[ADB]&amp#27;[39m Running '/Users/shreyas/Library/Android/sdk/platform-tools/adb -P 5037 -s emulator-5554 shell 'settings put global hidden_api_policy_pre_p_apps 1;settings put global hidden_api_policy_p_apps 1;settings put global hidden_api_policy 1''
&amp#27;[35m[AndroidDriver]&amp#27;[39m No app sent in, not parsing package/activity
[debug] &amp#27;[35m[ADB]&amp#27;[39m Running '/Users/shreyas/Library/Android/sdk/platform-tools/adb -P 5037 -s emulator-5554 wait-for-device'
[debug] &amp#27;[35m[ADB]&amp#27;[39m Running '/Users/shreyas/Library/Android/sdk/platform-tools/adb -P 5037 -s emulator-5554 shell echo ping'
[debug] &amp#27;[35m[AndroidDriver]&amp#27;[39m Pushing settings apk to device...
[debug] &amp#27;[35m[ADB]&amp#27;[39m Getting install status for io.appium.settings
[debug] &amp#27;[35m[ADB]&amp#27;[39m Running '/Users/shreyas/Library/Android/sdk/platform-tools/adb -P 5037 -s emulator-5554 shell dumpsys package io.appium.settings'
[debug] &amp#27;[35m[ADB]&amp#27;[39m 'io.appium.settings' is installed
[debug] &amp#27;[35m[ADB]&amp#27;[39m Getting package info for 'io.appium.settings'
[debug] &amp#27;[35m[ADB]&amp#27;[39m Running '/Users/shreyas/Library/Android/sdk/platform-tools/adb -P 5037 -s emulator-5554 shell dumpsys package io.appium.settings'
[debug] &amp#27;[35m[ADB]&amp#27;[39m The version name of the installed 'io.appium.settings' is greater or equal to the application version name ('3.2.0' >= '3.2.0')
[debug] &amp#27;[35m[ADB]&amp#27;[39m There is no need to install/upgrade '/usr/local/lib/node_modules/appium/node_modules/io.appium.settings/apks/settings_apk-debug.apk'
[debug] &amp#27;[35m[ADB]&amp#27;[39m Getting IDs of all 'io.appium.settings' processes
[debug] &amp#27;[35m[ADB]&amp#27;[39m Running '/Users/shreyas/Library/Android/sdk/platform-tools/adb -P 5037 -s emulator-5554 shell 'pgrep --help; echo $?''
[debug] &amp#27;[35m[ADB]&amp#27;[39m Running '/Users/shreyas/Library/Android/sdk/platform-tools/adb -P 5037 -s emulator-5554 shell pgrep -f io\\.appium\\.settings'
[debug] &amp#27;[35m[AndroidDriver]&amp#27;[39m io.appium.settings is already running. There is no need to reset its permissions.
[debug] &amp#27;[35m[Logcat]&amp#27;[39m Starting logs capture with command: /Users/shreyas/Library/Android/sdk/platform-tools/adb -P 5037 -s emulator-5554 logcat -v threadtime
[debug] &amp#27;[35m[UiAutomator2]&amp#27;[39m Forwarding UiAutomator2 Server port 6790 to 10000
[debug] &amp#27;[35m[ADB]&amp#27;[39m Forwarding system: 10000 to device: 6790
[debug] &amp#27;[35m[ADB]&amp#27;[39m Running '/Users/shreyas/Library/Android/sdk/platform-tools/adb -P 5037 -s emulator-5554 forward tcp\:10000 tcp\:6790'
[debug] &amp#27;[35m[ADB]&amp#27;[39m Getting install status for io.appium.uiautomator2.server
[debug] &amp#27;[35m[ADB]&amp#27;[39m Running '/Users/shreyas/Library/Android/sdk/platform-tools/adb -P 5037 -s emulator-5554 shell dumpsys package io.appium.uiautomator2.server'
[debug] &amp#27;[35m[ADB]&amp#27;[39m 'io.appium.uiautomator2.server' is installed
[debug] &amp#27;[35m[ADB]&amp#27;[39m Getting package info for 'io.appium.uiautomator2.server'
[debug] &amp#27;[35m[ADB]&amp#27;[39m Running '/Users/shreyas/Library/Android/sdk/platform-tools/adb -P 5037 -s emulator-5554 shell dumpsys package io.appium.uiautomator2.server'
[debug] &amp#27;[35m[ADB]&amp#27;[39m The version name of the installed 'io.appium.uiautomator2.server' is greater or equal to the application version name ('4.12.2' >= '4.12.2')
[debug] &amp#27;[35m[UiAutomator2]&amp#27;[39m io.appium.uiautomator2.server installation state: sameVersionInstalled
[debug] &amp#27;[35m[ADB]&amp#27;[39m Checking app cert for /usr/local/lib/node_modules/appium/node_modules/appium-uiautomator2-server/apks/appium-uiautomator2-server-v4.12.2.apk
&amp#27;[35m[ADB]&amp#27;[39m Using 'apksigner.jar' from '/Users/shreyas/Library/Android/sdk/build-tools/29.0.3/lib/apksigner.jar'
[debug] &amp#27;[35m[ADB]&amp#27;[39m Starting apksigner: /Library/Java/JavaVirtualMachines/jdk-14.0.1.jdk/Contents/Home/bin/java -Xmx1024M -Xss1m -jar /Users/shreyas/Library/Android/sdk/build-tools/29.0.3/lib/apksigner.jar verify --print-certs /usr/local/lib/node_modules/appium/node_modules/appium-uiautomator2-server/apks/appium-uiautomator2-server-v4.12.2.apk
[debug] &amp#27;[35m[ADB]&amp#27;[39m apksigner stdout: Signer #1 certificate DN: EMAILADDRESS=android@android.com, CN=Android, OU=Android, O=Android, L=Mountain View, ST=California, C=US
[debug] &amp#27;[35m[ADB]&amp#27;[39m Signer #1 certificate SHA-256 digest: a40da80a59d170caa950cf15c18c454d47a39b26989d8b640ecd745ba71bf5dc
[debug] &amp#27;[35m[ADB]&amp#27;[39m Signer #1 certificate SHA-1 digest: 61ed377e85d386a8dfee6b864bd85b0bfaa5af81
[debug] &amp#27;[35m[ADB]&amp#27;[39m Signer #1 certificate MD5 digest: e89b158e4bcf988ebd09eb83f5378e87
[debug] &amp#27;[35m[ADB]&amp#27;[39m 
[debug] &amp#27;[35m[ADB]&amp#27;[39m '/usr/local/lib/node_modules/appium/node_modules/appium-uiautomator2-server/apks/appium-uiautomator2-server-v4.12.2.apk' is signed with the default certificate
[debug] &amp#27;[35m[ADB]&amp#27;[39m Getting install status for io.appium.uiautomator2.server.test
[debug] &amp#27;[35m[ADB]&amp#27;[39m Running '/Users/shreyas/Library/Android/sdk/platform-tools/adb -P 5037 -s emulator-5554 shell dumpsys package io.appium.uiautomator2.server.test'
[debug] &amp#27;[35m[ADB]&amp#27;[39m 'io.appium.uiautomator2.server.test' is installed
[debug] &amp#27;[35m[ADB]&amp#27;[39m Checking app cert for /usr/local/lib/node_modules/appium/node_modules/appium-uiautomator2-server/apks/appium-uiautomator2-server-debug-androidTest.apk
[debug] &amp#27;[35m[ADB]&amp#27;[39m Starting apksigner: /Library/Java/JavaVirtualMachines/jdk-14.0.1.jdk/Contents/Home/bin/java -Xmx1024M -Xss1m -jar /Users/shreyas/Library/Android/sdk/build-tools/29.0.3/lib/apksigner.jar verify --print-certs /usr/local/lib/node_modules/appium/node_modules/appium-uiautomator2-server/apks/appium-uiautomator2-server-debug-androidTest.apk
[debug] &amp#27;[35m[ADB]&amp#27;[39m apksigner stdout: Signer #1 certificate DN: EMAILADDRESS=android@android.com, CN=Android, OU=Android, O=Android, L=Mountain View, ST=California, C=US
[debug] &amp#27;[35m[ADB]&amp#27;[39m Signer #1 certificate SHA-256 digest: a40da80a59d170caa950cf15c18c454d47a39b26989d8b640ecd745ba71bf5dc
[debug] &amp#27;[35m[ADB]&amp#27;[39m Signer #1 certificate SHA-1 digest: 61ed377e85d386a8dfee6b864bd85b0bfaa5af81
[debug] &amp#27;[35m[ADB]&amp#27;[39m Signer #1 certificate MD5 digest: e89b158e4bcf988ebd09eb83f5378e87
[debug] &amp#27;[35m[ADB]&amp#27;[39m 
[debug] &amp#27;[35m[ADB]&amp#27;[39m '/usr/local/lib/node_modules/appium/node_modules/appium-uiautomator2-server/apks/appium-uiautomator2-server-debug-androidTest.apk' is signed with the default certificate
&amp#27;[35m[UiAutomator2]&amp#27;[39m Server packages are not going to be (re)installed
[debug] &amp#27;[35m[UiAutomator2]&amp#27;[39m Waiting up to 30000ms for services to be available
[debug] &amp#27;[35m[ADB]&amp#27;[39m Running '/Users/shreyas/Library/Android/sdk/platform-tools/adb -P 5037 -s emulator-5554 shell pm list instrumentation'
[debug] &amp#27;[35m[UiAutomator2]&amp#27;[39m Instrumentation target 'io.appium.uiautomator2.server.test/androidx.test.runner.AndroidJUnitRunner' is available
[debug] &amp#27;[35m[UiAutomator2]&amp#27;[39m No app capability. Assuming it is already on the device
[debug] &amp#27;[35m[ADB]&amp#27;[39m Getting install status for com.swaglabsmobileapp
[debug] &amp#27;[35m[ADB]&amp#27;[39m Running '/Users/shreyas/Library/Android/sdk/platform-tools/adb -P 5037 -s emulator-5554 shell dumpsys package com.swaglabsmobileapp'
[debug] &amp#27;[35m[ADB]&amp#27;[39m 'com.swaglabsmobileapp' is installed
[debug] &amp#27;[35m[ADB]&amp#27;[39m Running '/Users/shreyas/Library/Android/sdk/platform-tools/adb -P 5037 -s emulator-5554 shell am force-stop com.swaglabsmobileapp'
[debug] &amp#27;[35m[ADB]&amp#27;[39m Running '/Users/shreyas/Library/Android/sdk/platform-tools/adb -P 5037 -s emulator-5554 shell pm clear com.swaglabsmobileapp'
[debug] &amp#27;[35m[AndroidDriver]&amp#27;[39m Performed fast reset on the installed 'com.swaglabsmobileapp' application (stop and clear)
[debug] &amp#27;[35m[UiAutomator2]&amp#27;[39m Performing shallow cleanup of automation leftovers
[debug] &amp#27;[35m[UiAutomator2]&amp#27;[39m No obsolete sessions have been detected (socket hang up)
[debug] &amp#27;[35m[ADB]&amp#27;[39m Running '/Users/shreyas/Library/Android/sdk/platform-tools/adb -P 5037 -s emulator-5554 shell am force-stop io.appium.uiautomator2.server.test'
&amp#27;[35m[UiAutomator2]&amp#27;[39m Starting UIAutomator2 server 4.12.2
&amp#27;[35m[UiAutomator2]&amp#27;[39m Using UIAutomator2 server from '/usr/local/lib/node_modules/appium/node_modules/appium-uiautomator2-server/apks/appium-uiautomator2-server-v4.12.2.apk' and test from '/usr/local/lib/node_modules/appium/node_modules/appium-uiautomator2-server/apks/appium-uiautomator2-server-debug-androidTest.apk'
&amp#27;[35m[UiAutomator2]&amp#27;[39m Waiting up to 30000ms for UiAutomator2 to be online...
[debug] &amp#27;[35m[ADB]&amp#27;[39m Creating ADB subprocess with args: ["-P",5037,"-s","emulator-5554","shell","am","instrument","-w","io.appium.uiautomator2.server.test/androidx.test.runner.AndroidJUnitRunner"]
[debug] &amp#27;[35m[WD Proxy]&amp#27;[39m Matched '/status' to command name 'getStatus'
[debug] &amp#27;[35m[WD Proxy]&amp#27;[39m Proxying [GET /status] to [GET http://127.0.0.1:10000/wd/hub/status] with no body
&amp#27;[35m[WD Proxy]&amp#27;[39m socket hang up
[debug] &amp#27;[35m[Instrumentation]&amp#27;[39m io.appium.uiautomator2.server.test.AppiumUiAutomator2Server:
[debug] &amp#27;[35m[WD Proxy]&amp#27;[39m Matched '/status' to command name 'getStatus'
[debug] &amp#27;[35m[WD Proxy]&amp#27;[39m Proxying [GET /status] to [GET http://127.0.0.1:10000/wd/hub/status] with no body
&amp#27;[35m[WD Proxy]&amp#27;[39m socket hang up
[debug] &amp#27;[35m[WD Proxy]&amp#27;[39m Matched '/status' to command name 'getStatus'
[debug] &amp#27;[35m[WD Proxy]&amp#27;[39m Proxying [GET /status] to [GET http://127.0.0.1:10000/wd/hub/status] with no body
[debug] &amp#27;[35m[WD Proxy]&amp#27;[39m Got response with status 200: {"sessionId":"None","value":{"message":"UiAutomator2 Server is ready to accept commands","ready":true}}
[debug] &amp#27;[35m[UiAutomator2]&amp#27;[39m The initialization of the instrumentation process took 3169ms
[debug] &amp#27;[35m[WD Proxy]&amp#27;[39m Matched '/session' to command name 'createSession'
[debug] &amp#27;[35m[WD Proxy]&amp#27;[39m Proxying [POST /session] to [POST http://127.0.0.1:10000/wd/hub/session] with body: {"capabilities":{"firstMatch":[{"platform":"LINUX","webStorageEnabled":false,"takesScreenshot":true,"javascriptEnabled":true,"databaseEnabled":false,"networkConnectionEnabled":true,"locationContextEnabled":false,"warnings":{},"desired":{"platformName":"android","chromeDriverPort":11000,"appActivity":"com.swaglabsmobileapp.SplashActivity","appPackage":"com.swaglabsmobileapp","automationName":"uiautomator2","deviceName":"Any device name","systemPort":10000},"platformName":"android","chromeDriverPort":11000,"appActivity":"com.swaglabsmobileapp.SplashActivity","appPackage":"com.swaglabsmobileapp","automationName":"uiautomator2","deviceName":"emulator-5554","systemPort":10000,"deviceUDID":"emulator-5554"}],"alwaysMatch":{}}}
[debug] &amp#27;[35m[WD Proxy]&amp#27;[39m Got response with status 200: {"sessionId":"dd58c3e8-5f89-4d1c-984c-13f9737734d9","value":{"capabilities":{"firstMatch":[{"platform":"LINUX","webStorageEnabled":false,"takesScreenshot":true,"javascriptEnabled":true,"databaseEnabled":false,"networkConnectionEnabled":true,"locationContextEnabled":false,"warnings":{},"desired":{"platformName":"android","chromeDriverPort":11000,"appActivity":"com.swaglabsmobileapp.SplashActivity","appPackage":"com.swaglabsmobileapp","automationName":"uiautomator2","deviceName":"Any device name","systemPort":10000},"platformName":"android","chromeDriverPort":11000,"appActivity":"com.swaglabsmobileapp.SplashActivity","appPackage":"com.swaglabsmobileapp","automationName":"uiautomator2","deviceName":"emulator-5554","systemPort":10000,"deviceUDID":"emulator-5554"}],"alwaysMatch":{}},"sessionId":"dd58c3e8-5f89-4d1c-984c-13f9737734d9"}}
&amp#27;[35m[WD Proxy]&amp#27;[39m Determined the downstream protocol as 'W3C'
[debug] &amp#27;[35m[WD Proxy]&amp#27;[39m Proxying [GET /appium/device/info] to [GET http://127.0.0.1:10000/wd/hub/session/dd58c3e8-5f89-4d1c-984c-13f9737734d9/appium/device/info] with no body
[debug] &amp#27;[35m[WD Proxy]&amp#27;[39m Got response with status 200: {"sessionId":"dd58c3e8-5f89-4d1c-984c-13f9737734d9","value":{"androidId":"2b708ea41ce21d96","apiVersion":"29","bluetooth":null,"brand":"google","carrierName":"Android","displayDensity":400,"locale":"en_US","manufacturer":"Google","model":"Android SDK built for x86","networks":[{"capabilities":{"SSID":null,"linkDownBandwidthKbps":102400,"linkUpstreamBandwidthKbps":51200,"networkCapabilities":"NET_CAPABILITY_MMS,NET_CAPABILITY_SUPL,NET_CAPABILITY_DUN,NET_CAPABILITY_FOTA,NET_CAPABILITY_IMS,NET_CAPABILITY_CBS,NET_CAPABILITY_INTERNET,NET_CAPABILITY_NOT_RESTRICTED,NET_CAPABILITY_TRUSTED,NET_CAPABILITY_NOT_VPN,NET_CAPABILITY_VALIDATED,NET_CAPABILITY_NOT_ROAMING,NET_CAPABILITY_NOT_CONGESTED,NET_CAPABILITY_NOT_SUSPENDED","signalStrength":-2147483648,"transportTypes":"TRANSPORT_CELLULAR"},"detailedState":"CONNECTED","extraInfo":"epc.tmobile.com","isAvailable":true,"isConnected":true,"isFailover":false,"isRoaming":false,"state":"CONNECTED","subtype":13,"subtypeName":"LTE","type":0,"typeName":"MOBILE"},{"capabilities"...
[debug] &amp#27;[35m[ADB]&amp#27;[39m Running '/Users/shreyas/Library/Android/sdk/platform-tools/adb -P 5037 -s emulator-5554 shell dumpsys window'
&amp#27;[35m[AndroidDriver]&amp#27;[39m Screen already unlocked, doing nothing
&amp#27;[35m[UiAutomator2]&amp#27;[39m Starting 'com.swaglabsmobileapp/com.swaglabsmobileapp.SplashActivity and waiting for 'com.swaglabsmobileapp/com.swaglabsmobileapp.SplashActivity'
[debug] &amp#27;[35m[ADB]&amp#27;[39m Running '/Users/shreyas/Library/Android/sdk/platform-tools/adb -P 5037 -s emulator-5554 shell am start -W -n com.swaglabsmobileapp/com.swaglabsmobileapp.SplashActivity -S -a android.intent.action.MAIN -c android.intent.category.LAUNCHER -f 0x10200000'
[debug] &amp#27;[35m[WD Proxy]&amp#27;[39m Proxying [GET /appium/device/pixel_ratio] to [GET http://127.0.0.1:10000/wd/hub/session/dd58c3e8-5f89-4d1c-984c-13f9737734d9/appium/device/pixel_ratio] with no body
[debug] &amp#27;[35m[WD Proxy]&amp#27;[39m Got response with status 200: {"sessionId":"dd58c3e8-5f89-4d1c-984c-13f9737734d9","value":2.5}
[debug] &amp#27;[35m[WD Proxy]&amp#27;[39m Matched '/appium/device/system_bars' to command name 'getSystemBars'
[debug] &amp#27;[35m[WD Proxy]&amp#27;[39m Proxying [GET /appium/device/system_bars] to [GET http://127.0.0.1:10000/wd/hub/session/dd58c3e8-5f89-4d1c-984c-13f9737734d9/appium/device/system_bars] with no body
[debug] &amp#27;[35m[WD Proxy]&amp#27;[39m Got response with status 200: {"sessionId":"dd58c3e8-5f89-4d1c-984c-13f9737734d9","value":{"statusBar":60}}
[debug] &amp#27;[35m[WD Proxy]&amp#27;[39m Matched '/window/current/size' to command name 'getWindowSize'
[debug] &amp#27;[35m[WD Proxy]&amp#27;[39m Proxying [GET /window/current/size] to [GET http://127.0.0.1:10000/wd/hub/session/dd58c3e8-5f89-4d1c-984c-13f9737734d9/window/current/size] with no body
[debug] &amp#27;[35m[WD Proxy]&amp#27;[39m Got response with status 200: {"sessionId":"dd58c3e8-5f89-4d1c-984c-13f9737734d9","value":{"height":2040,"width":1080}}
&amp#27;[35m[Appium]&amp#27;[39m New AndroidUiautomator2Driver session created successfully, session 939183a9-a922-4fee-90ba-5de5847d3974 added to master session list
[debug] &amp#27;[35m[BaseDriver]&amp#27;[39m Event 'newSessionStarted' logged at 1606977651447 (12:10:51 GMT+0530 (India Standard Time))
[debug] &amp#27;[35m[W3C (939183a9)]&amp#27;[39m Cached the protocol value 'W3C' for the new session 939183a9-a922-4fee-90ba-5de5847d3974
[debug] &amp#27;[35m[W3C (939183a9)]&amp#27;[39m Responding to client with driver.createSession() result: {"capabilities":{"platform":"LINUX","webStorageEnabled":false,"takesScreenshot":true,"javascriptEnabled":true,"databaseEnabled":false,"networkConnectionEnabled":true,"locationContextEnabled":false,"warnings":{},"desired":{"platformName":"android","chromeDriverPort":11000,"appActivity":"com.swaglabsmobileapp.SplashActivity","appPackage":"com.swaglabsmobileapp","automationName":"uiautomator2","deviceName":"Any device name","systemPort":10000},"platformName":"android","chromeDriverPort":11000,"appActivity":"com.swaglabsmobileapp.SplashActivity","appPackage":"com.swaglabsmobileapp","automationName":"uiautomator2","deviceName":"emulator-5554","systemPort":10000,"deviceUDID":"emulator-5554","deviceApiLevel":29,"platformVersion":"10","deviceScreenSize":"1080x2160","deviceScreenDensity":400,"deviceModel":"Android SDK built for x86","deviceManufacturer":"Google","pixelRatio":2.5,"statBarHeight":60,"viewportRect":{"left":0,"top":60,"width":1080,"height":1980}}}
&amp#27;[35m[HTTP]&amp#27;[39m &amp#27;[37m<-- POST /wd/hub/session &amp#27;[39m&amp#27;[32m200&amp#27;[39m &amp#27;[90m6935 ms - 1026&amp#27;[39m
&amp#27;[35m[HTTP]&amp#27;[39m &amp#27;[90m&amp#27;[39m
2020-12-03 12:10:51,924 TestNG-tests-1 ERROR Unable to locate appender "STDOUT" for logger config "root"
2020-12-03 12:10:51,925 TestNG-tests-1 ERROR Unable to locate appender "STDOUT" for logger config "com.qa"
&amp#27;[35m[HTTP]&amp#27;[39m &amp#27;[37m-->&amp#27;[39m &amp#27;[37mPOST&amp#27;[39m &amp#27;[37m/wd/hub/session/939183a9-a922-4fee-90ba-5de5847d3974/appium/app/close&amp#27;[39m
&amp#27;[35m[HTTP]&amp#27;[39m &amp#27;[90m{}&amp#27;[39m
[debug] &amp#27;[35m[W3C (939183a9)]&amp#27;[39m Calling AppiumDriver.closeApp() with args: ["939183a9-a922-4fee-90ba-5de5847d3974"]
[debug] &amp#27;[35m[ADB]&amp#27;[39m Running '/Users/shreyas/Library/Android/sdk/platform-tools/adb -P 5037 -s emulator-5554 shell am force-stop com.swaglabsmobileapp'
[debug] &amp#27;[35m[W3C (939183a9)]&amp#27;[39m Responding to client with driver.closeApp() result: null
&amp#27;[35m[HTTP]&amp#27;[39m &amp#27;[37m<-- POST /wd/hub/session/939183a9-a922-4fee-90ba-5de5847d3974/appium/app/close &amp#27;[39m&amp#27;[32m200&amp#27;[39m &amp#27;[90m88 ms - 14&amp#27;[39m
&amp#27;[35m[HTTP]&amp#27;[39m &amp#27;[90m&amp#27;[39m
&amp#27;[35m[HTTP]&amp#27;[39m &amp#27;[37m-->&amp#27;[39m &amp#27;[37mPOST&amp#27;[39m &amp#27;[37m/wd/hub/session/939183a9-a922-4fee-90ba-5de5847d3974/appium/app/launch&amp#27;[39m
&amp#27;[35m[HTTP]&amp#27;[39m &amp#27;[90m{}&amp#27;[39m
[debug] &amp#27;[35m[W3C (939183a9)]&amp#27;[39m Calling AppiumDriver.launchApp() with args: ["939183a9-a922-4fee-90ba-5de5847d3974"]
[debug] &amp#27;[35m[UiAutomator2]&amp#27;[39m No app capability. Assuming it is already on the device
[debug] &amp#27;[35m[ADB]&amp#27;[39m Getting install status for com.swaglabsmobileapp
[debug] &amp#27;[35m[ADB]&amp#27;[39m Running '/Users/shreyas/Library/Android/sdk/platform-tools/adb -P 5037 -s emulator-5554 shell dumpsys package com.swaglabsmobileapp'
[debug] &amp#27;[35m[ADB]&amp#27;[39m 'com.swaglabsmobileapp' is installed
[debug] &amp#27;[35m[ADB]&amp#27;[39m Running '/Users/shreyas/Library/Android/sdk/platform-tools/adb -P 5037 -s emulator-5554 shell am force-stop com.swaglabsmobileapp'
[debug] &amp#27;[35m[ADB]&amp#27;[39m Running '/Users/shreyas/Library/Android/sdk/platform-tools/adb -P 5037 -s emulator-5554 shell pm clear com.swaglabsmobileapp'
[debug] &amp#27;[35m[AndroidDriver]&amp#27;[39m Performed fast reset on the installed 'com.swaglabsmobileapp' application (stop and clear)
[debug] &amp#27;[35m[ADB]&amp#27;[39m Running '/Users/shreyas/Library/Android/sdk/platform-tools/adb -P 5037 -s emulator-5554 shell am start -W -n com.swaglabsmobileapp/com.swaglabsmobileapp.SplashActivity -S -a android.intent.action.MAIN -c android.intent.category.LAUNCHER -f 0x10200000'
[debug] &amp#27;[35m[W3C (939183a9)]&amp#27;[39m Responding to client with driver.launchApp() result: null
&amp#27;[35m[HTTP]&amp#27;[39m &amp#27;[37m<-- POST /wd/hub/session/939183a9-a922-4fee-90ba-5de5847d3974/appium/app/launch &amp#27;[39m&amp#27;[32m200&amp#27;[39m &amp#27;[90m1503 ms - 14&amp#27;[39m
&amp#27;[35m[HTTP]&amp#27;[39m &amp#27;[90m&amp#27;[39m

************ Starting test : invalidPassword*********/n
/Users/shreyas/TDD/TDDFramework
&amp#27;[35m[HTTP]&amp#27;[39m &amp#27;[37m-->&amp#27;[39m &amp#27;[37mGET&amp#27;[39m &amp#27;[37m/wd/hub/session/939183a9-a922-4fee-90ba-5de5847d3974/context&amp#27;[39m
&amp#27;[35m[HTTP]&amp#27;[39m &amp#27;[90m{}&amp#27;[39m
[debug] &amp#27;[35m[W3C (939183a9)]&amp#27;[39m Calling AppiumDriver.getCurrentContext() with args: ["939183a9-a922-4fee-90ba-5de5847d3974"]
[debug] &amp#27;[35m[W3C (939183a9)]&amp#27;[39m Responding to client with driver.getCurrentContext() result: "NATIVE_APP"
&amp#27;[35m[HTTP]&amp#27;[39m &amp#27;[37m<-- GET /wd/hub/session/939183a9-a922-4fee-90ba-5de5847d3974/context &amp#27;[39m&amp#27;[32m200&amp#27;[39m &amp#27;[90m2 ms - 22&amp#27;[39m
&amp#27;[35m[HTTP]&amp#27;[39m &amp#27;[90m&amp#27;[39m
&amp#27;[35m[HTTP]&amp#27;[39m &amp#27;[37m-->&amp#27;[39m &amp#27;[37mPOST&amp#27;[39m &amp#27;[37m/wd/hub/session/939183a9-a922-4fee-90ba-5de5847d3974/element&amp#27;[39m
&amp#27;[35m[HTTP]&amp#27;[39m &amp#27;[90m{"using":"accessibility id","value":"test-Username"}&amp#27;[39m
[debug] &amp#27;[35m[W3C (939183a9)]&amp#27;[39m Calling AppiumDriver.findElement() with args: ["accessibility id","test-Username","939183a9-a922-4fee-90ba-5de5847d3974"]
[debug] &amp#27;[35m[BaseDriver]&amp#27;[39m Valid locator strategies for this request: xpath, id, class name, accessibility id, -android uiautomator
[debug] &amp#27;[35m[BaseDriver]&amp#27;[39m Waiting up to 0 ms for condition
[debug] &amp#27;[35m[WD Proxy]&amp#27;[39m Matched '/element' to command name 'findElement'
[debug] &amp#27;[35m[WD Proxy]&amp#27;[39m Proxying [POST /element] to [POST http://127.0.0.1:10000/wd/hub/session/dd58c3e8-5f89-4d1c-984c-13f9737734d9/element] with body: {"strategy":"accessibility id","selector":"test-Username","context":"","multiple":false}
&amp#27;[35m[WD Proxy]&amp#27;[39m Got response with status 404: {"sessionId":"dd58c3e8-5f89-4d1c-984c-13f9737734d9","value":{"error":"no such element","message":"An element could not be located on the page using the given search parameters","stacktrace":"io.appium.uiautomator2.common.exceptions.ElementNotFoundException: An element could not be located on the page using the given search parameters\n\tat io.appium.uiautomator2.handler.FindElement.safeHandle(FindElement.java:73)\n\tat io.appium.uiautomator2.handler.request.SafeRequestHandler.handle(SafeRequestHandler.java:41)\n\tat io.appium.uiautomator2.server.AppiumServlet.handleRequest(AppiumServlet.java:253)\n\tat io.appium.uiautomator2.server.AppiumServlet.handleHttpRequest(AppiumServlet.java:247)\n\tat io.appium.uiautomator2.http.ServerHandler.channelRead(ServerHandler.java:68)\n\tat io.netty.channel.AbstractChannelHandlerContext.invokeChannelRead(AbstractChannelHandlerContext.java:366)\n\tat io.netty.channel.AbstractChannelHandlerContext.invokeChannelRead(AbstractChannelHandlerContext.java:352)\n\tat io.netty.chann...
[debug] &amp#27;[35m[W3C]&amp#27;[39m Matched W3C error code 'no such element' to NoSuchElementError
[debug] &amp#27;[35m[W3C (939183a9)]&amp#27;[39m Encountered internal error running command: NoSuchElementError: An element could not be located on the page using the given search parameters.
[debug] &amp#27;[35m[W3C (939183a9)]&amp#27;[39m     at AndroidUiautomator2Driver.findElOrEls (/usr/local/lib/node_modules/appium/node_modules/appium-android-driver/lib/commands/find.js:75:11)
[debug] &amp#27;[35m[W3C (939183a9)]&amp#27;[39m     at processTicksAndRejections (internal/process/task_queues.js:97:5)
[debug] &amp#27;[35m[W3C (939183a9)]&amp#27;[39m     at AndroidUiautomator2Driver.findElOrElsWithProcessing (/usr/local/lib/node_modules/appium/node_modules/appium-base-driver/lib/basedriver/commands/find.js:33:12)
[debug] &amp#27;[35m[W3C (939183a9)]&amp#27;[39m     at AndroidUiautomator2Driver.findElement (/usr/local/lib/node_modules/appium/node_modules/appium-base-driver/lib/basedriver/commands/find.js:53:10)
&amp#27;[35m[HTTP]&amp#27;[39m &amp#27;[37m<-- POST /wd/hub/session/939183a9-a922-4fee-90ba-5de5847d3974/element &amp#27;[39m&amp#27;[33m404&amp#27;[39m &amp#27;[90m297 ms - 780&amp#27;[39m
&amp#27;[35m[HTTP]&amp#27;[39m &amp#27;[90m&amp#27;[39m
&amp#27;[35m[HTTP]&amp#27;[39m &amp#27;[37m-->&amp#27;[39m &amp#27;[37mPOST&amp#27;[39m &amp#27;[37m/wd/hub/session/939183a9-a922-4fee-90ba-5de5847d3974/element&amp#27;[39m
&amp#27;[35m[HTTP]&amp#27;[39m &amp#27;[90m{"using":"accessibility id","value":"test-Username"}&amp#27;[39m
[debug] &amp#27;[35m[W3C (939183a9)]&amp#27;[39m Calling AppiumDriver.findElement() with args: ["accessibility id","test-Username","939183a9-a922-4fee-90ba-5de5847d3974"]
[debug] &amp#27;[35m[BaseDriver]&amp#27;[39m Valid locator strategies for this request: xpath, id, class name, accessibility id, -android uiautomator
[debug] &amp#27;[35m[BaseDriver]&amp#27;[39m Waiting up to 0 ms for condition
[debug] &amp#27;[35m[WD Proxy]&amp#27;[39m Matched '/element' to command name 'findElement'
[debug] &amp#27;[35m[WD Proxy]&amp#27;[39m Proxying [POST /element] to [POST http://127.0.0.1:10000/wd/hub/session/dd58c3e8-5f89-4d1c-984c-13f9737734d9/element] with body: {"strategy":"accessibility id","selector":"test-Username","context":"","multiple":false}
[debug] &amp#27;[35m[WD Proxy]&amp#27;[39m Got response with status 200: {"sessionId":"dd58c3e8-5f89-4d1c-984c-13f9737734d9","value":{"ELEMENT":"0d6d94e7-56f4-4df1-9549-2a8ce6f56d6c","element-6066-11e4-a52e-4f735466cecf":"0d6d94e7-56f4-4df1-9549-2a8ce6f56d6c"}}
[debug] &amp#27;[35m[W3C (939183a9)]&amp#27;[39m Responding to client with driver.findElement() result: {"element-6066-11e4-a52e-4f735466cecf":"0d6d94e7-56f4-4df1-9549-2a8ce6f56d6c","ELEMENT":"0d6d94e7-56f4-4df1-9549-2a8ce6f56d6c"}
&amp#27;[35m[HTTP]&amp#27;[39m &amp#27;[37m<-- POST /wd/hub/session/939183a9-a922-4fee-90ba-5de5847d3974/element &amp#27;[39m&amp#27;[32m200&amp#27;[39m &amp#27;[90m879 ms - 137&amp#27;[39m
&amp#27;[35m[HTTP]&amp#27;[39m &amp#27;[90m&amp#27;[39m
&amp#27;[35m[HTTP]&amp#27;[39m &amp#27;[37m-->&amp#27;[39m &amp#27;[37mPOST&amp#27;[39m &amp#27;[37m/wd/hub/session/939183a9-a922-4fee-90ba-5de5847d3974/element/0d6d94e7-56f4-4df1-9549-2a8ce6f56d6c/clear&amp#27;[39m
&amp#27;[35m[HTTP]&amp#27;[39m &amp#27;[90m{"id":"0d6d94e7-56f4-4df1-9549-2a8ce6f56d6c"}&amp#27;[39m
[debug] &amp#27;[35m[W3C (939183a9)]&amp#27;[39m Calling AppiumDriver.clear() with args: ["0d6d94e7-56f4-4df1-9549-2a8ce6f56d6c","939183a9-a922-4fee-90ba-5de5847d3974"]
[debug] &amp#27;[35m[WD Proxy]&amp#27;[39m Matched '/element/0d6d94e7-56f4-4df1-9549-2a8ce6f56d6c/clear' to command name 'clear'
[debug] &amp#27;[35m[WD Proxy]&amp#27;[39m Proxying [POST /element/0d6d94e7-56f4-4df1-9549-2a8ce6f56d6c/clear] to [POST http://127.0.0.1:10000/wd/hub/session/dd58c3e8-5f89-4d1c-984c-13f9737734d9/element/0d6d94e7-56f4-4df1-9549-2a8ce6f56d6c/clear] with body: {"elementId":"0d6d94e7-56f4-4df1-9549-2a8ce6f56d6c"}
[debug] &amp#27;[35m[WD Proxy]&amp#27;[39m Got response with status 200: {"sessionId":"dd58c3e8-5f89-4d1c-984c-13f9737734d9","value":null}
[debug] &amp#27;[35m[W3C (939183a9)]&amp#27;[39m Responding to client with driver.clear() result: null
&amp#27;[35m[HTTP]&amp#27;[39m &amp#27;[37m<-- POST /wd/hub/session/939183a9-a922-4fee-90ba-5de5847d3974/element/0d6d94e7-56f4-4df1-9549-2a8ce6f56d6c/clear &amp#27;[39m&amp#27;[32m200&amp#27;[39m &amp#27;[90m45 ms - 14&amp#27;[39m
&amp#27;[35m[HTTP]&amp#27;[39m &amp#27;[90m&amp#27;[39m
&amp#27;[35m[HTTP]&amp#27;[39m &amp#27;[37m-->&amp#27;[39m &amp#27;[37mGET&amp#27;[39m &amp#27;[37m/wd/hub/session/939183a9-a922-4fee-90ba-5de5847d3974/context&amp#27;[39m
&amp#27;[35m[HTTP]&amp#27;[39m &amp#27;[90m{}&amp#27;[39m
[debug] &amp#27;[35m[W3C (939183a9)]&amp#27;[39m Calling AppiumDriver.getCurrentContext() with args: ["939183a9-a922-4fee-90ba-5de5847d3974"]
[debug] &amp#27;[35m[W3C (939183a9)]&amp#27;[39m Responding to client with driver.getCurrentContext() result: "NATIVE_APP"
&amp#27;[35m[HTTP]&amp#27;[39m &amp#27;[37m<-- GET /wd/hub/session/939183a9-a922-4fee-90ba-5de5847d3974/context &amp#27;[39m&amp#27;[32m200&amp#27;[39m &amp#27;[90m2 ms - 22&amp#27;[39m
&amp#27;[35m[HTTP]&amp#27;[39m &amp#27;[90m&amp#27;[39m
&amp#27;[35m[HTTP]&amp#27;[39m &amp#27;[37m-->&amp#27;[39m &amp#27;[37mPOST&amp#27;[39m &amp#27;[37m/wd/hub/session/939183a9-a922-4fee-90ba-5de5847d3974/element&amp#27;[39m
&amp#27;[35m[HTTP]&amp#27;[39m &amp#27;[90m{"using":"accessibility id","value":"test-Username"}&amp#27;[39m
[debug] &amp#27;[35m[W3C (939183a9)]&amp#27;[39m Calling AppiumDriver.findElement() with args: ["accessibility id","test-Username","939183a9-a922-4fee-90ba-5de5847d3974"]
[debug] &amp#27;[35m[BaseDriver]&amp#27;[39m Valid locator strategies for this request: xpath, id, class name, accessibility id, -android uiautomator
[debug] &amp#27;[35m[BaseDriver]&amp#27;[39m Waiting up to 0 ms for condition
[debug] &amp#27;[35m[WD Proxy]&amp#27;[39m Matched '/element' to command name 'findElement'
[debug] &amp#27;[35m[WD Proxy]&amp#27;[39m Proxying [POST /element] to [POST http://127.0.0.1:10000/wd/hub/session/dd58c3e8-5f89-4d1c-984c-13f9737734d9/element] with body: {"strategy":"accessibility id","selector":"test-Username","context":"","multiple":false}
[debug] &amp#27;[35m[WD Proxy]&amp#27;[39m Got response with status 200: {"sessionId":"dd58c3e8-5f89-4d1c-984c-13f9737734d9","value":{"ELEMENT":"375c9780-f942-4c4a-8071-3183dce8c576","element-6066-11e4-a52e-4f735466cecf":"375c9780-f942-4c4a-8071-3183dce8c576"}}
[debug] &amp#27;[35m[W3C (939183a9)]&amp#27;[39m Responding to client with driver.findElement() result: {"element-6066-11e4-a52e-4f735466cecf":"375c9780-f942-4c4a-8071-3183dce8c576","ELEMENT":"375c9780-f942-4c4a-8071-3183dce8c576"}
&amp#27;[35m[HTTP]&amp#27;[39m &amp#27;[37m<-- POST /wd/hub/session/939183a9-a922-4fee-90ba-5de5847d3974/element &amp#27;[39m&amp#27;[32m200&amp#27;[39m &amp#27;[90m531 ms - 137&amp#27;[39m
&amp#27;[35m[HTTP]&amp#27;[39m &amp#27;[90m&amp#27;[39m
&amp#27;[35m[HTTP]&amp#27;[39m &amp#27;[37m-->&amp#27;[39m &amp#27;[37mGET&amp#27;[39m &amp#27;[37m/wd/hub/session/939183a9-a922-4fee-90ba-5de5847d3974/element/375c9780-f942-4c4a-8071-3183dce8c576/text&amp#27;[39m
&amp#27;[35m[HTTP]&amp#27;[39m &amp#27;[90m{}&amp#27;[39m
&amp#27;[35m[W3C (939183a9)]&amp#27;[39m Driver proxy active, passing request on via HTTP proxy
[debug] &amp#27;[35m[WD Proxy]&amp#27;[39m Matched '/wd/hub/session/939183a9-a922-4fee-90ba-5de5847d3974/element/375c9780-f942-4c4a-8071-3183dce8c576/text' to command name 'getText'
[debug] &amp#27;[35m[WD Proxy]&amp#27;[39m Proxying [GET /wd/hub/session/939183a9-a922-4fee-90ba-5de5847d3974/element/375c9780-f942-4c4a-8071-3183dce8c576/text] to [GET http://127.0.0.1:10000/wd/hub/session/dd58c3e8-5f89-4d1c-984c-13f9737734d9/element/375c9780-f942-4c4a-8071-3183dce8c576/text] with no body
[debug] &amp#27;[35m[WD Proxy]&amp#27;[39m Got response with status 200: {"sessionId":"dd58c3e8-5f89-4d1c-984c-13f9737734d9","value":"Username"}
&amp#27;[35m[WD Proxy]&amp#27;[39m Replacing sessionId dd58c3e8-5f89-4d1c-984c-13f9737734d9 with 939183a9-a922-4fee-90ba-5de5847d3974
&amp#27;[35m[HTTP]&amp#27;[39m &amp#27;[37m<-- GET /wd/hub/session/939183a9-a922-4fee-90ba-5de5847d3974/element/375c9780-f942-4c4a-8071-3183dce8c576/text &amp#27;[39m&amp#27;[32m200&amp#27;[39m &amp#27;[90m28 ms - 71&amp#27;[39m
&amp#27;[35m[HTTP]&amp#27;[39m &amp#27;[90m&amp#27;[39m
&amp#27;[35m[HTTP]&amp#27;[39m &amp#27;[37m-->&amp#27;[39m &amp#27;[37mGET&amp#27;[39m &amp#27;[37m/wd/hub/session/939183a9-a922-4fee-90ba-5de5847d3974/context&amp#27;[39m
&amp#27;[35m[HTTP]&amp#27;[39m &amp#27;[90m{}&amp#27;[39m
[debug] &amp#27;[35m[W3C (939183a9)]&amp#27;[39m Calling AppiumDriver.getCurrentContext() with args: ["939183a9-a922-4fee-90ba-5de5847d3974"]
[debug] &amp#27;[35m[W3C (939183a9)]&amp#27;[39m Responding to client with driver.getCurrentContext() result: "NATIVE_APP"
&amp#27;[35m[HTTP]&amp#27;[39m &amp#27;[37m<-- GET /wd/hub/session/939183a9-a922-4fee-90ba-5de5847d3974/context &amp#27;[39m&amp#27;[32m200&amp#27;[39m &amp#27;[90m2 ms - 22&amp#27;[39m
&amp#27;[35m[HTTP]&amp#27;[39m &amp#27;[90m&amp#27;[39m
&amp#27;[35m[HTTP]&amp#27;[39m &amp#27;[37m-->&amp#27;[39m &amp#27;[37mPOST&amp#27;[39m &amp#27;[37m/wd/hub/session/939183a9-a922-4fee-90ba-5de5847d3974/element&amp#27;[39m
&amp#27;[35m[HTTP]&amp#27;[39m &amp#27;[90m{"using":"accessibility id","value":"test-Username"}&amp#27;[39m
[debug] &amp#27;[35m[W3C (939183a9)]&amp#27;[39m Calling AppiumDriver.findElement() with args: ["accessibility id","test-Username","939183a9-a922-4fee-90ba-5de5847d3974"]
[debug] &amp#27;[35m[BaseDriver]&amp#27;[39m Valid locator strategies for this request: xpath, id, class name, accessibility id, -android uiautomator
[debug] &amp#27;[35m[BaseDriver]&amp#27;[39m Waiting up to 0 ms for condition
[debug] &amp#27;[35m[WD Proxy]&amp#27;[39m Matched '/element' to command name 'findElement'
[debug] &amp#27;[35m[WD Proxy]&amp#27;[39m Proxying [POST /element] to [POST http://127.0.0.1:10000/wd/hub/session/dd58c3e8-5f89-4d1c-984c-13f9737734d9/element] with body: {"strategy":"accessibility id","selector":"test-Username","context":"","multiple":false}
[debug] &amp#27;[35m[WD Proxy]&amp#27;[39m Got response with status 200: {"sessionId":"dd58c3e8-5f89-4d1c-984c-13f9737734d9","value":{"ELEMENT":"b8e6ce03-f3ba-4174-9895-01c3a316280f","element-6066-11e4-a52e-4f735466cecf":"b8e6ce03-f3ba-4174-9895-01c3a316280f"}}
[debug] &amp#27;[35m[W3C (939183a9)]&amp#27;[39m Responding to client with driver.findElement() result: {"element-6066-11e4-a52e-4f735466cecf":"b8e6ce03-f3ba-4174-9895-01c3a316280f","ELEMENT":"b8e6ce03-f3ba-4174-9895-01c3a316280f"}
&amp#27;[35m[HTTP]&amp#27;[39m &amp#27;[37m<-- POST /wd/hub/session/939183a9-a922-4fee-90ba-5de5847d3974/element &amp#27;[39m&amp#27;[32m200&amp#27;[39m &amp#27;[90m62 ms - 137&amp#27;[39m
&amp#27;[35m[HTTP]&amp#27;[39m &amp#27;[90m&amp#27;[39m
&amp#27;[35m[HTTP]&amp#27;[39m &amp#27;[37m-->&amp#27;[39m &amp#27;[37mGET&amp#27;[39m &amp#27;[37m/wd/hub/session/939183a9-a922-4fee-90ba-5de5847d3974/element/b8e6ce03-f3ba-4174-9895-01c3a316280f/displayed&amp#27;[39m
&amp#27;[35m[HTTP]&amp#27;[39m &amp#27;[90m{}&amp#27;[39m
[debug] &amp#27;[35m[W3C (939183a9)]&amp#27;[39m Calling AppiumDriver.elementDisplayed() with args: ["b8e6ce03-f3ba-4174-9895-01c3a316280f","939183a9-a922-4fee-90ba-5de5847d3974"]
[debug] &amp#27;[35m[WD Proxy]&amp#27;[39m Matched '/element/b8e6ce03-f3ba-4174-9895-01c3a316280f/attribute/displayed' to command name 'getAttribute'
[debug] &amp#27;[35m[WD Proxy]&amp#27;[39m Proxying [GET /element/b8e6ce03-f3ba-4174-9895-01c3a316280f/attribute/displayed] to [GET http://127.0.0.1:10000/wd/hub/session/dd58c3e8-5f89-4d1c-984c-13f9737734d9/element/b8e6ce03-f3ba-4174-9895-01c3a316280f/attribute/displayed] with no body
[debug] &amp#27;[35m[WD Proxy]&amp#27;[39m Got response with status 200: {"sessionId":"dd58c3e8-5f89-4d1c-984c-13f9737734d9","value":"true"}
[debug] &amp#27;[35m[W3C (939183a9)]&amp#27;[39m Responding to client with driver.elementDisplayed() result: true
&amp#27;[35m[HTTP]&amp#27;[39m &amp#27;[37m<-- GET /wd/hub/session/939183a9-a922-4fee-90ba-5de5847d3974/element/b8e6ce03-f3ba-4174-9895-01c3a316280f/displayed &amp#27;[39m&amp#27;[32m200&amp#27;[39m &amp#27;[90m45 ms - 14&amp#27;[39m
&amp#27;[35m[HTTP]&amp#27;[39m &amp#27;[90m&amp#27;[39m
&amp#27;[35m[HTTP]&amp#27;[39m &amp#27;[37m-->&amp#27;[39m &amp#27;[37mGET&amp#27;[39m &amp#27;[37m/wd/hub/session/939183a9-a922-4fee-90ba-5de5847d3974/context&amp#27;[39m
&amp#27;[35m[HTTP]&amp#27;[39m &amp#27;[90m{}&amp#27;[39m
[debug] &amp#27;[35m[W3C (939183a9)]&amp#27;[39m Calling AppiumDriver.getCurrentContext() with args: ["939183a9-a922-4fee-90ba-5de5847d3974"]
[debug] &amp#27;[35m[W3C (939183a9)]&amp#27;[39m Responding to client with driver.getCurrentContext() result: "NATIVE_APP"
&amp#27;[35m[HTTP]&amp#27;[39m &amp#27;[37m<-- GET /wd/hub/session/939183a9-a922-4fee-90ba-5de5847d3974/context &amp#27;[39m&amp#27;[32m200&amp#27;[39m &amp#27;[90m1 ms - 22&amp#27;[39m
&amp#27;[35m[HTTP]&amp#27;[39m &amp#27;[90m&amp#27;[39m
&amp#27;[35m[HTTP]&amp#27;[39m &amp#27;[37m-->&amp#27;[39m &amp#27;[37mPOST&amp#27;[39m &amp#27;[37m/wd/hub/session/939183a9-a922-4fee-90ba-5de5847d3974/element&amp#27;[39m
&amp#27;[35m[HTTP]&amp#27;[39m &amp#27;[90m{"using":"accessibility id","value":"test-Username"}&amp#27;[39m
[debug] &amp#27;[35m[W3C (939183a9)]&amp#27;[39m Calling AppiumDriver.findElement() with args: ["accessibility id","test-Username","939183a9-a922-4fee-90ba-5de5847d3974"]
[debug] &amp#27;[35m[BaseDriver]&amp#27;[39m Valid locator strategies for this request: xpath, id, class name, accessibility id, -android uiautomator
[debug] &amp#27;[35m[BaseDriver]&amp#27;[39m Waiting up to 0 ms for condition
[debug] &amp#27;[35m[WD Proxy]&amp#27;[39m Matched '/element' to command name 'findElement'
[debug] &amp#27;[35m[WD Proxy]&amp#27;[39m Proxying [POST /element] to [POST http://127.0.0.1:10000/wd/hub/session/dd58c3e8-5f89-4d1c-984c-13f9737734d9/element] with body: {"strategy":"accessibility id","selector":"test-Username","context":"","multiple":false}
[debug] &amp#27;[35m[WD Proxy]&amp#27;[39m Got response with status 200: {"sessionId":"dd58c3e8-5f89-4d1c-984c-13f9737734d9","value":{"ELEMENT":"ad6fd6cc-7435-4b38-8b96-4ab9017f48dd","element-6066-11e4-a52e-4f735466cecf":"ad6fd6cc-7435-4b38-8b96-4ab9017f48dd"}}
[debug] &amp#27;[35m[W3C (939183a9)]&amp#27;[39m Responding to client with driver.findElement() result: {"element-6066-11e4-a52e-4f735466cecf":"ad6fd6cc-7435-4b38-8b96-4ab9017f48dd","ELEMENT":"ad6fd6cc-7435-4b38-8b96-4ab9017f48dd"}
&amp#27;[35m[HTTP]&amp#27;[39m &amp#27;[37m<-- POST /wd/hub/session/939183a9-a922-4fee-90ba-5de5847d3974/element &amp#27;[39m&amp#27;[32m200&amp#27;[39m &amp#27;[90m78 ms - 137&amp#27;[39m
&amp#27;[35m[HTTP]&amp#27;[39m &amp#27;[90m&amp#27;[39m
&amp#27;[35m[HTTP]&amp#27;[39m &amp#27;[37m-->&amp#27;[39m &amp#27;[37mGET&amp#27;[39m &amp#27;[37m/wd/hub/session/939183a9-a922-4fee-90ba-5de5847d3974/element/ad6fd6cc-7435-4b38-8b96-4ab9017f48dd/text&amp#27;[39m
&amp#27;[35m[HTTP]&amp#27;[39m &amp#27;[90m{}&amp#27;[39m
&amp#27;[35m[W3C (939183a9)]&amp#27;[39m Driver proxy active, passing request on via HTTP proxy
[debug] &amp#27;[35m[WD Proxy]&amp#27;[39m Matched '/wd/hub/session/939183a9-a922-4fee-90ba-5de5847d3974/element/ad6fd6cc-7435-4b38-8b96-4ab9017f48dd/text' to command name 'getText'
[debug] &amp#27;[35m[WD Proxy]&amp#27;[39m Proxying [GET /wd/hub/session/939183a9-a922-4fee-90ba-5de5847d3974/element/ad6fd6cc-7435-4b38-8b96-4ab9017f48dd/text] to [GET http://127.0.0.1:10000/wd/hub/session/dd58c3e8-5f89-4d1c-984c-13f9737734d9/element/ad6fd6cc-7435-4b38-8b96-4ab9017f48dd/text] with no body
[debug] &amp#27;[35m[WD Proxy]&amp#27;[39m Got response with status 200: {"sessionId":"dd58c3e8-5f89-4d1c-984c-13f9737734d9","value":"Username"}
&amp#27;[35m[WD Proxy]&amp#27;[39m Replacing sessionId dd58c3e8-5f89-4d1c-984c-13f9737734d9 with 939183a9-a922-4fee-90ba-5de5847d3974
&amp#27;[35m[HTTP]&amp#27;[39m &amp#27;[37m<-- GET /wd/hub/session/939183a9-a922-4fee-90ba-5de5847d3974/element/ad6fd6cc-7435-4b38-8b96-4ab9017f48dd/text &amp#27;[39m&amp#27;[32m200&amp#27;[39m &amp#27;[90m44 ms - 71&amp#27;[39m
&amp#27;[35m[HTTP]&amp#27;[39m &amp#27;[90m&amp#27;[39m
&amp#27;[35m[HTTP]&amp#27;[39m &amp#27;[37m-->&amp#27;[39m &amp#27;[37mGET&amp#27;[39m &amp#27;[37m/wd/hub/session/939183a9-a922-4fee-90ba-5de5847d3974/context&amp#27;[39m
&amp#27;[35m[HTTP]&amp#27;[39m &amp#27;[90m{}&amp#27;[39m
[debug] &amp#27;[35m[W3C (939183a9)]&amp#27;[39m Calling AppiumDriver.getCurrentContext() with args: ["939183a9-a922-4fee-90ba-5de5847d3974"]
[debug] &amp#27;[35m[W3C (939183a9)]&amp#27;[39m Responding to client with driver.getCurrentContext() result: "NATIVE_APP"
&amp#27;[35m[HTTP]&amp#27;[39m &amp#27;[37m<-- GET /wd/hub/session/939183a9-a922-4fee-90ba-5de5847d3974/context &amp#27;[39m&amp#27;[32m200&amp#27;[39m &amp#27;[90m1 ms - 22&amp#27;[39m
&amp#27;[35m[HTTP]&amp#27;[39m &amp#27;[90m&amp#27;[39m
&amp#27;[35m[HTTP]&amp#27;[39m &amp#27;[37m-->&amp#27;[39m &amp#27;[37mPOST&amp#27;[39m &amp#27;[37m/wd/hub/session/939183a9-a922-4fee-90ba-5de5847d3974/element&amp#27;[39m
&amp#27;[35m[HTTP]&amp#27;[39m &amp#27;[90m{"using":"accessibility id","value":"test-Username"}&amp#27;[39m
[debug] &amp#27;[35m[W3C (939183a9)]&amp#27;[39m Calling AppiumDriver.findElement() with args: ["accessibility id","test-Username","939183a9-a922-4fee-90ba-5de5847d3974"]
[debug] &amp#27;[35m[BaseDriver]&amp#27;[39m Valid locator strategies for this request: xpath, id, class name, accessibility id, -android uiautomator
[debug] &amp#27;[35m[BaseDriver]&amp#27;[39m Waiting up to 0 ms for condition
[debug] &amp#27;[35m[WD Proxy]&amp#27;[39m Matched '/element' to command name 'findElement'
[debug] &amp#27;[35m[WD Proxy]&amp#27;[39m Proxying [POST /element] to [POST http://127.0.0.1:10000/wd/hub/session/dd58c3e8-5f89-4d1c-984c-13f9737734d9/element] with body: {"strategy":"accessibility id","selector":"test-Username","context":"","multiple":false}
[debug] &amp#27;[35m[WD Proxy]&amp#27;[39m Got response with status 200: {"sessionId":"dd58c3e8-5f89-4d1c-984c-13f9737734d9","value":{"ELEMENT":"6f9f7542-911d-4ffc-be1c-fec470262ee7","element-6066-11e4-a52e-4f735466cecf":"6f9f7542-911d-4ffc-be1c-fec470262ee7"}}
[debug] &amp#27;[35m[W3C (939183a9)]&amp#27;[39m Responding to client with driver.findElement() result: {"element-6066-11e4-a52e-4f735466cecf":"6f9f7542-911d-4ffc-be1c-fec470262ee7","ELEMENT":"6f9f7542-911d-4ffc-be1c-fec470262ee7"}
&amp#27;[35m[HTTP]&amp#27;[39m &amp#27;[37m<-- POST /wd/hub/session/939183a9-a922-4fee-90ba-5de5847d3974/element &amp#27;[39m&amp#27;[32m200&amp#27;[39m &amp#27;[90m72 ms - 137&amp#27;[39m
&amp#27;[35m[HTTP]&amp#27;[39m &amp#27;[90m&amp#27;[39m
&amp#27;[35m[HTTP]&amp#27;[39m &amp#27;[37m-->&amp#27;[39m &amp#27;[37mPOST&amp#27;[39m &amp#27;[37m/wd/hub/session/939183a9-a922-4fee-90ba-5de5847d3974/element/6f9f7542-911d-4ffc-be1c-fec470262ee7/value&amp#27;[39m
&amp#27;[35m[HTTP]&amp#27;[39m &amp#27;[90m{"id":"6f9f7542-911d-4ffc-be1c-fec470262ee7","text":"standard_user","value":["s","t","a","n","d","a","r","d","_","u","s","e","r"]}&amp#27;[39m
[debug] &amp#27;[35m[W3C (939183a9)]&amp#27;[39m Calling AppiumDriver.setValue() with args: [["s","t","a","n","d","a","r","d","_","u","s","e","r"],"6f9f7542-911d-4ffc-be1c-fec470262ee7","939183a9-a922-4fee-90ba-5de5847d3974"]
[debug] &amp#27;[35m[WD Proxy]&amp#27;[39m Matched '/element/6f9f7542-911d-4ffc-be1c-fec470262ee7/value' to command name 'setValue'
[debug] &amp#27;[35m[Protocol Converter]&amp#27;[39m Added 'value' property ["s","t","a","n","d","a","r","d","_","u","s","e","r"] to 'setValue' request body
[debug] &amp#27;[35m[WD Proxy]&amp#27;[39m Proxying [POST /element/6f9f7542-911d-4ffc-be1c-fec470262ee7/value] to [POST http://127.0.0.1:10000/wd/hub/session/dd58c3e8-5f89-4d1c-984c-13f9737734d9/element/6f9f7542-911d-4ffc-be1c-fec470262ee7/value] with body: {"elementId":"6f9f7542-911d-4ffc-be1c-fec470262ee7","text":"standard_user","replace":false,"value":["s","t","a","n","d","a","r","d","_","u","s","e","r"]}
[debug] &amp#27;[35m[WD Proxy]&amp#27;[39m Got response with status 200: {"sessionId":"dd58c3e8-5f89-4d1c-984c-13f9737734d9","value":null}
[debug] &amp#27;[35m[W3C (939183a9)]&amp#27;[39m Responding to client with driver.setValue() result: null
&amp#27;[35m[HTTP]&amp#27;[39m &amp#27;[37m<-- POST /wd/hub/session/939183a9-a922-4fee-90ba-5de5847d3974/element/6f9f7542-911d-4ffc-be1c-fec470262ee7/value &amp#27;[39m&amp#27;[32m200&amp#27;[39m &amp#27;[90m546 ms - 14&amp#27;[39m
&amp#27;[35m[HTTP]&amp#27;[39m &amp#27;[90m&amp#27;[39m
&amp#27;[35m[HTTP]&amp#27;[39m &amp#27;[37m-->&amp#27;[39m &amp#27;[37mGET&amp#27;[39m &amp#27;[37m/wd/hub/session/939183a9-a922-4fee-90ba-5de5847d3974/context&amp#27;[39m
&amp#27;[35m[HTTP]&amp#27;[39m &amp#27;[90m{}&amp#27;[39m
[debug] &amp#27;[35m[W3C (939183a9)]&amp#27;[39m Calling AppiumDriver.getCurrentContext() with args: ["939183a9-a922-4fee-90ba-5de5847d3974"]
[debug] &amp#27;[35m[W3C (939183a9)]&amp#27;[39m Responding to client with driver.getCurrentContext() result: "NATIVE_APP"
&amp#27;[35m[HTTP]&amp#27;[39m &amp#27;[37m<-- GET /wd/hub/session/939183a9-a922-4fee-90ba-5de5847d3974/context &amp#27;[39m&amp#27;[32m200&amp#27;[39m &amp#27;[90m1 ms - 22&amp#27;[39m
&amp#27;[35m[HTTP]&amp#27;[39m &amp#27;[90m&amp#27;[39m
&amp#27;[35m[HTTP]&amp#27;[39m &amp#27;[37m-->&amp#27;[39m &amp#27;[37mPOST&amp#27;[39m &amp#27;[37m/wd/hub/session/939183a9-a922-4fee-90ba-5de5847d3974/element&amp#27;[39m
&amp#27;[35m[HTTP]&amp#27;[39m &amp#27;[90m{"using":"accessibility id","value":"test-Username"}&amp#27;[39m
[debug] &amp#27;[35m[W3C (939183a9)]&amp#27;[39m Calling AppiumDriver.findElement() with args: ["accessibility id","test-Username","939183a9-a922-4fee-90ba-5de5847d3974"]
[debug] &amp#27;[35m[BaseDriver]&amp#27;[39m Valid locator strategies for this request: xpath, id, class name, accessibility id, -android uiautomator
[debug] &amp#27;[35m[BaseDriver]&amp#27;[39m Waiting up to 0 ms for condition
[debug] &amp#27;[35m[WD Proxy]&amp#27;[39m Matched '/element' to command name 'findElement'
[debug] &amp#27;[35m[WD Proxy]&amp#27;[39m Proxying [POST /element] to [POST http://127.0.0.1:10000/wd/hub/session/dd58c3e8-5f89-4d1c-984c-13f9737734d9/element] with body: {"strategy":"accessibility id","selector":"test-Username","context":"","multiple":false}
[debug] &amp#27;[35m[WD Proxy]&amp#27;[39m Got response with status 200: {"sessionId":"dd58c3e8-5f89-4d1c-984c-13f9737734d9","value":{"ELEMENT":"252222e4-37ab-4010-867c-5da286f0e525","element-6066-11e4-a52e-4f735466cecf":"252222e4-37ab-4010-867c-5da286f0e525"}}
[debug] &amp#27;[35m[W3C (939183a9)]&amp#27;[39m Responding to client with driver.findElement() result: {"element-6066-11e4-a52e-4f735466cecf":"252222e4-37ab-4010-867c-5da286f0e525","ELEMENT":"252222e4-37ab-4010-867c-5da286f0e525"}
&amp#27;[35m[HTTP]&amp#27;[39m &amp#27;[37m<-- POST /wd/hub/session/939183a9-a922-4fee-90ba-5de5847d3974/element &amp#27;[39m&amp#27;[32m200&amp#27;[39m &amp#27;[90m506 ms - 137&amp#27;[39m
&amp#27;[35m[HTTP]&amp#27;[39m &amp#27;[90m&amp#27;[39m
&amp#27;[35m[HTTP]&amp#27;[39m &amp#27;[37m-->&amp#27;[39m &amp#27;[37mGET&amp#27;[39m &amp#27;[37m/wd/hub/session/939183a9-a922-4fee-90ba-5de5847d3974/element/252222e4-37ab-4010-867c-5da286f0e525/text&amp#27;[39m
&amp#27;[35m[HTTP]&amp#27;[39m &amp#27;[90m{}&amp#27;[39m
&amp#27;[35m[W3C (939183a9)]&amp#27;[39m Driver proxy active, passing request on via HTTP proxy
[debug] &amp#27;[35m[WD Proxy]&amp#27;[39m Matched '/wd/hub/session/939183a9-a922-4fee-90ba-5de5847d3974/element/252222e4-37ab-4010-867c-5da286f0e525/text' to command name 'getText'
[debug] &amp#27;[35m[WD Proxy]&amp#27;[39m Proxying [GET /wd/hub/session/939183a9-a922-4fee-90ba-5de5847d3974/element/252222e4-37ab-4010-867c-5da286f0e525/text] to [GET http://127.0.0.1:10000/wd/hub/session/dd58c3e8-5f89-4d1c-984c-13f9737734d9/element/252222e4-37ab-4010-867c-5da286f0e525/text] with no body
[debug] &amp#27;[35m[WD Proxy]&amp#27;[39m Got response with status 200: {"sessionId":"dd58c3e8-5f89-4d1c-984c-13f9737734d9","value":"standard_user"}
&amp#27;[35m[WD Proxy]&amp#27;[39m Replacing sessionId dd58c3e8-5f89-4d1c-984c-13f9737734d9 with 939183a9-a922-4fee-90ba-5de5847d3974
&amp#27;[35m[HTTP]&amp#27;[39m &amp#27;[37m<-- GET /wd/hub/session/939183a9-a922-4fee-90ba-5de5847d3974/element/252222e4-37ab-4010-867c-5da286f0e525/text &amp#27;[39m&amp#27;[32m200&amp#27;[39m &amp#27;[90m15 ms - 76&amp#27;[39m
&amp#27;[35m[HTTP]&amp#27;[39m &amp#27;[90m&amp#27;[39m
&amp#27;[35m[HTTP]&amp#27;[39m &amp#27;[37m-->&amp#27;[39m &amp#27;[37mGET&amp#27;[39m &amp#27;[37m/wd/hub/session/939183a9-a922-4fee-90ba-5de5847d3974/context&amp#27;[39m
&amp#27;[35m[HTTP]&amp#27;[39m &amp#27;[90m{}&amp#27;[39m
[debug] &amp#27;[35m[W3C (939183a9)]&amp#27;[39m Calling AppiumDriver.getCurrentContext() with args: ["939183a9-a922-4fee-90ba-5de5847d3974"]
[debug] &amp#27;[35m[W3C (939183a9)]&amp#27;[39m Responding to client with driver.getCurrentContext() result: "NATIVE_APP"
&amp#27;[35m[HTTP]&amp#27;[39m &amp#27;[37m<-- GET /wd/hub/session/939183a9-a922-4fee-90ba-5de5847d3974/context &amp#27;[39m&amp#27;[32m200&amp#27;[39m &amp#27;[90m2 ms - 22&amp#27;[39m
&amp#27;[35m[HTTP]&amp#27;[39m &amp#27;[90m&amp#27;[39m
&amp#27;[35m[HTTP]&amp#27;[39m &amp#27;[37m-->&amp#27;[39m &amp#27;[37mPOST&amp#27;[39m &amp#27;[37m/wd/hub/session/939183a9-a922-4fee-90ba-5de5847d3974/element&amp#27;[39m
&amp#27;[35m[HTTP]&amp#27;[39m &amp#27;[90m{"using":"accessibility id","value":"test-Password"}&amp#27;[39m
[debug] &amp#27;[35m[W3C (939183a9)]&amp#27;[39m Calling AppiumDriver.findElement() with args: ["accessibility id","test-Password","939183a9-a922-4fee-90ba-5de5847d3974"]
[debug] &amp#27;[35m[BaseDriver]&amp#27;[39m Valid locator strategies for this request: xpath, id, class name, accessibility id, -android uiautomator
[debug] &amp#27;[35m[BaseDriver]&amp#27;[39m Waiting up to 0 ms for condition
[debug] &amp#27;[35m[WD Proxy]&amp#27;[39m Matched '/element' to command name 'findElement'
[debug] &amp#27;[35m[WD Proxy]&amp#27;[39m Proxying [POST /element] to [POST http://127.0.0.1:10000/wd/hub/session/dd58c3e8-5f89-4d1c-984c-13f9737734d9/element] with body: {"strategy":"accessibility id","selector":"test-Password","context":"","multiple":false}
[debug] &amp#27;[35m[WD Proxy]&amp#27;[39m Got response with status 200: {"sessionId":"dd58c3e8-5f89-4d1c-984c-13f9737734d9","value":{"ELEMENT":"6414d07a-8820-4b62-b211-4a5d437dec39","element-6066-11e4-a52e-4f735466cecf":"6414d07a-8820-4b62-b211-4a5d437dec39"}}
[debug] &amp#27;[35m[W3C (939183a9)]&amp#27;[39m Responding to client with driver.findElement() result: {"element-6066-11e4-a52e-4f735466cecf":"6414d07a-8820-4b62-b211-4a5d437dec39","ELEMENT":"6414d07a-8820-4b62-b211-4a5d437dec39"}
&amp#27;[35m[HTTP]&amp#27;[39m &amp#27;[37m<-- POST /wd/hub/session/939183a9-a922-4fee-90ba-5de5847d3974/element &amp#27;[39m&amp#27;[32m200&amp#27;[39m &amp#27;[90m32 ms - 137&amp#27;[39m
&amp#27;[35m[HTTP]&amp#27;[39m &amp#27;[90m&amp#27;[39m
&amp#27;[35m[HTTP]&amp#27;[39m &amp#27;[37m-->&amp#27;[39m &amp#27;[37mPOST&amp#27;[39m &amp#27;[37m/wd/hub/session/939183a9-a922-4fee-90ba-5de5847d3974/element/6414d07a-8820-4b62-b211-4a5d437dec39/clear&amp#27;[39m
&amp#27;[35m[HTTP]&amp#27;[39m &amp#27;[90m{"id":"6414d07a-8820-4b62-b211-4a5d437dec39"}&amp#27;[39m
[debug] &amp#27;[35m[W3C (939183a9)]&amp#27;[39m Calling AppiumDriver.clear() with args: ["6414d07a-8820-4b62-b211-4a5d437dec39","939183a9-a922-4fee-90ba-5de5847d3974"]
[debug] &amp#27;[35m[WD Proxy]&amp#27;[39m Matched '/element/6414d07a-8820-4b62-b211-4a5d437dec39/clear' to command name 'clear'
[debug] &amp#27;[35m[WD Proxy]&amp#27;[39m Proxying [POST /element/6414d07a-8820-4b62-b211-4a5d437dec39/clear] to [POST http://127.0.0.1:10000/wd/hub/session/dd58c3e8-5f89-4d1c-984c-13f9737734d9/element/6414d07a-8820-4b62-b211-4a5d437dec39/clear] with body: {"elementId":"6414d07a-8820-4b62-b211-4a5d437dec39"}
[debug] &amp#27;[35m[WD Proxy]&amp#27;[39m Got response with status 200: {"sessionId":"dd58c3e8-5f89-4d1c-984c-13f9737734d9","value":null}
[debug] &amp#27;[35m[W3C (939183a9)]&amp#27;[39m Responding to client with driver.clear() result: null
&amp#27;[35m[HTTP]&amp#27;[39m &amp#27;[37m<-- POST /wd/hub/session/939183a9-a922-4fee-90ba-5de5847d3974/element/6414d07a-8820-4b62-b211-4a5d437dec39/clear &amp#27;[39m&amp#27;[32m200&amp#27;[39m &amp#27;[90m23 ms - 14&amp#27;[39m
&amp#27;[35m[HTTP]&amp#27;[39m &amp#27;[90m&amp#27;[39m
&amp#27;[35m[HTTP]&amp#27;[39m &amp#27;[37m-->&amp#27;[39m &amp#27;[37mGET&amp#27;[39m &amp#27;[37m/wd/hub/session/939183a9-a922-4fee-90ba-5de5847d3974/context&amp#27;[39m
&amp#27;[35m[HTTP]&amp#27;[39m &amp#27;[90m{}&amp#27;[39m
[debug] &amp#27;[35m[W3C (939183a9)]&amp#27;[39m Calling AppiumDriver.getCurrentContext() with args: ["939183a9-a922-4fee-90ba-5de5847d3974"]
[debug] &amp#27;[35m[W3C (939183a9)]&amp#27;[39m Responding to client with driver.getCurrentContext() result: "NATIVE_APP"
&amp#27;[35m[HTTP]&amp#27;[39m &amp#27;[37m<-- GET /wd/hub/session/939183a9-a922-4fee-90ba-5de5847d3974/context &amp#27;[39m&amp#27;[32m200&amp#27;[39m &amp#27;[90m1 ms - 22&amp#27;[39m
&amp#27;[35m[HTTP]&amp#27;[39m &amp#27;[90m&amp#27;[39m
&amp#27;[35m[HTTP]&amp#27;[39m &amp#27;[37m-->&amp#27;[39m &amp#27;[37mPOST&amp#27;[39m &amp#27;[37m/wd/hub/session/939183a9-a922-4fee-90ba-5de5847d3974/element&amp#27;[39m
&amp#27;[35m[HTTP]&amp#27;[39m &amp#27;[90m{"using":"accessibility id","value":"test-Password"}&amp#27;[39m
[debug] &amp#27;[35m[W3C (939183a9)]&amp#27;[39m Calling AppiumDriver.findElement() with args: ["accessibility id","test-Password","939183a9-a922-4fee-90ba-5de5847d3974"]
[debug] &amp#27;[35m[BaseDriver]&amp#27;[39m Valid locator strategies for this request: xpath, id, class name, accessibility id, -android uiautomator
[debug] &amp#27;[35m[BaseDriver]&amp#27;[39m Waiting up to 0 ms for condition
[debug] &amp#27;[35m[WD Proxy]&amp#27;[39m Matched '/element' to command name 'findElement'
[debug] &amp#27;[35m[WD Proxy]&amp#27;[39m Proxying [POST /element] to [POST http://127.0.0.1:10000/wd/hub/session/dd58c3e8-5f89-4d1c-984c-13f9737734d9/element] with body: {"strategy":"accessibility id","selector":"test-Password","context":"","multiple":false}
[debug] &amp#27;[35m[WD Proxy]&amp#27;[39m Got response with status 200: {"sessionId":"dd58c3e8-5f89-4d1c-984c-13f9737734d9","value":{"ELEMENT":"398f39ed-cc33-45ca-b383-65dceac1dcaa","element-6066-11e4-a52e-4f735466cecf":"398f39ed-cc33-45ca-b383-65dceac1dcaa"}}
[debug] &amp#27;[35m[W3C (939183a9)]&amp#27;[39m Responding to client with driver.findElement() result: {"element-6066-11e4-a52e-4f735466cecf":"398f39ed-cc33-45ca-b383-65dceac1dcaa","ELEMENT":"398f39ed-cc33-45ca-b383-65dceac1dcaa"}
&amp#27;[35m[HTTP]&amp#27;[39m &amp#27;[37m<-- POST /wd/hub/session/939183a9-a922-4fee-90ba-5de5847d3974/element &amp#27;[39m&amp#27;[32m200&amp#27;[39m &amp#27;[90m502 ms - 137&amp#27;[39m
&amp#27;[35m[HTTP]&amp#27;[39m &amp#27;[90m&amp#27;[39m
&amp#27;[35m[HTTP]&amp#27;[39m &amp#27;[37m-->&amp#27;[39m &amp#27;[37mGET&amp#27;[39m &amp#27;[37m/wd/hub/session/939183a9-a922-4fee-90ba-5de5847d3974/element/398f39ed-cc33-45ca-b383-65dceac1dcaa/text&amp#27;[39m
&amp#27;[35m[HTTP]&amp#27;[39m &amp#27;[90m{}&amp#27;[39m
&amp#27;[35m[W3C (939183a9)]&amp#27;[39m Driver proxy active, passing request on via HTTP proxy
[debug] &amp#27;[35m[WD Proxy]&amp#27;[39m Matched '/wd/hub/session/939183a9-a922-4fee-90ba-5de5847d3974/element/398f39ed-cc33-45ca-b383-65dceac1dcaa/text' to command name 'getText'
[debug] &amp#27;[35m[WD Proxy]&amp#27;[39m Proxying [GET /wd/hub/session/939183a9-a922-4fee-90ba-5de5847d3974/element/398f39ed-cc33-45ca-b383-65dceac1dcaa/text] to [GET http://127.0.0.1:10000/wd/hub/session/dd58c3e8-5f89-4d1c-984c-13f9737734d9/element/398f39ed-cc33-45ca-b383-65dceac1dcaa/text] with no body
[debug] &amp#27;[35m[WD Proxy]&amp#27;[39m Got response with status 200: {"sessionId":"dd58c3e8-5f89-4d1c-984c-13f9737734d9","value":"Password"}
&amp#27;[35m[WD Proxy]&amp#27;[39m Replacing sessionId dd58c3e8-5f89-4d1c-984c-13f9737734d9 with 939183a9-a922-4fee-90ba-5de5847d3974
&amp#27;[35m[HTTP]&amp#27;[39m &amp#27;[37m<-- GET /wd/hub/session/939183a9-a922-4fee-90ba-5de5847d3974/element/398f39ed-cc33-45ca-b383-65dceac1dcaa/text &amp#27;[39m&amp#27;[32m200&amp#27;[39m &amp#27;[90m13 ms - 71&amp#27;[39m
&amp#27;[35m[HTTP]&amp#27;[39m &amp#27;[90m&amp#27;[39m
&amp#27;[35m[HTTP]&amp#27;[39m &amp#27;[37m-->&amp#27;[39m &amp#27;[37mGET&amp#27;[39m &amp#27;[37m/wd/hub/session/939183a9-a922-4fee-90ba-5de5847d3974/context&amp#27;[39m
&amp#27;[35m[HTTP]&amp#27;[39m &amp#27;[90m{}&amp#27;[39m
[debug] &amp#27;[35m[W3C (939183a9)]&amp#27;[39m Calling AppiumDriver.getCurrentContext() with args: ["939183a9-a922-4fee-90ba-5de5847d3974"]
[debug] &amp#27;[35m[W3C (939183a9)]&amp#27;[39m Responding to client with driver.getCurrentContext() result: "NATIVE_APP"
&amp#27;[35m[HTTP]&amp#27;[39m &amp#27;[37m<-- GET /wd/hub/session/939183a9-a922-4fee-90ba-5de5847d3974/context &amp#27;[39m&amp#27;[32m200&amp#27;[39m &amp#27;[90m1 ms - 22&amp#27;[39m
&amp#27;[35m[HTTP]&amp#27;[39m &amp#27;[90m&amp#27;[39m
&amp#27;[35m[HTTP]&amp#27;[39m &amp#27;[37m-->&amp#27;[39m &amp#27;[37mPOST&amp#27;[39m &amp#27;[37m/wd/hub/session/939183a9-a922-4fee-90ba-5de5847d3974/element&amp#27;[39m
&amp#27;[35m[HTTP]&amp#27;[39m &amp#27;[90m{"using":"accessibility id","value":"test-Password"}&amp#27;[39m
[debug] &amp#27;[35m[W3C (939183a9)]&amp#27;[39m Calling AppiumDriver.findElement() with args: ["accessibility id","test-Password","939183a9-a922-4fee-90ba-5de5847d3974"]
[debug] &amp#27;[35m[BaseDriver]&amp#27;[39m Valid locator strategies for this request: xpath, id, class name, accessibility id, -android uiautomator
[debug] &amp#27;[35m[BaseDriver]&amp#27;[39m Waiting up to 0 ms for condition
[debug] &amp#27;[35m[WD Proxy]&amp#27;[39m Matched '/element' to command name 'findElement'
[debug] &amp#27;[35m[WD Proxy]&amp#27;[39m Proxying [POST /element] to [POST http://127.0.0.1:10000/wd/hub/session/dd58c3e8-5f89-4d1c-984c-13f9737734d9/element] with body: {"strategy":"accessibility id","selector":"test-Password","context":"","multiple":false}
[debug] &amp#27;[35m[WD Proxy]&amp#27;[39m Got response with status 200: {"sessionId":"dd58c3e8-5f89-4d1c-984c-13f9737734d9","value":{"ELEMENT":"ebe045ff-bc76-4a7c-9c05-3f0be28e06fe","element-6066-11e4-a52e-4f735466cecf":"ebe045ff-bc76-4a7c-9c05-3f0be28e06fe"}}
[debug] &amp#27;[35m[W3C (939183a9)]&amp#27;[39m Responding to client with driver.findElement() result: {"element-6066-11e4-a52e-4f735466cecf":"ebe045ff-bc76-4a7c-9c05-3f0be28e06fe","ELEMENT":"ebe045ff-bc76-4a7c-9c05-3f0be28e06fe"}
&amp#27;[35m[HTTP]&amp#27;[39m &amp#27;[37m<-- POST /wd/hub/session/939183a9-a922-4fee-90ba-5de5847d3974/element &amp#27;[39m&amp#27;[32m200&amp#27;[39m &amp#27;[90m22 ms - 137&amp#27;[39m
&amp#27;[35m[HTTP]&amp#27;[39m &amp#27;[90m&amp#27;[39m
&amp#27;[35m[HTTP]&amp#27;[39m &amp#27;[37m-->&amp#27;[39m &amp#27;[37mGET&amp#27;[39m &amp#27;[37m/wd/hub/session/939183a9-a922-4fee-90ba-5de5847d3974/element/ebe045ff-bc76-4a7c-9c05-3f0be28e06fe/displayed&amp#27;[39m
&amp#27;[35m[HTTP]&amp#27;[39m &amp#27;[90m{}&amp#27;[39m
[debug] &amp#27;[35m[W3C (939183a9)]&amp#27;[39m Calling AppiumDriver.elementDisplayed() with args: ["ebe045ff-bc76-4a7c-9c05-3f0be28e06fe","939183a9-a922-4fee-90ba-5de5847d3974"]
[debug] &amp#27;[35m[WD Proxy]&amp#27;[39m Matched '/element/ebe045ff-bc76-4a7c-9c05-3f0be28e06fe/attribute/displayed' to command name 'getAttribute'
[debug] &amp#27;[35m[WD Proxy]&amp#27;[39m Proxying [GET /element/ebe045ff-bc76-4a7c-9c05-3f0be28e06fe/attribute/displayed] to [GET http://127.0.0.1:10000/wd/hub/session/dd58c3e8-5f89-4d1c-984c-13f9737734d9/element/ebe045ff-bc76-4a7c-9c05-3f0be28e06fe/attribute/displayed] with no body
[debug] &amp#27;[35m[WD Proxy]&amp#27;[39m Got response with status 200: {"sessionId":"dd58c3e8-5f89-4d1c-984c-13f9737734d9","value":"true"}
[debug] &amp#27;[35m[W3C (939183a9)]&amp#27;[39m Responding to client with driver.elementDisplayed() result: true
&amp#27;[35m[HTTP]&amp#27;[39m &amp#27;[37m<-- GET /wd/hub/session/939183a9-a922-4fee-90ba-5de5847d3974/element/ebe045ff-bc76-4a7c-9c05-3f0be28e06fe/displayed &amp#27;[39m&amp#27;[32m200&amp#27;[39m &amp#27;[90m12 ms - 14&amp#27;[39m
&amp#27;[35m[HTTP]&amp#27;[39m &amp#27;[90m&amp#27;[39m
&amp#27;[35m[HTTP]&amp#27;[39m &amp#27;[37m-->&amp#27;[39m &amp#27;[37mGET&amp#27;[39m &amp#27;[37m/wd/hub/session/939183a9-a922-4fee-90ba-5de5847d3974/context&amp#27;[39m
&amp#27;[35m[HTTP]&amp#27;[39m &amp#27;[90m{}&amp#27;[39m
[debug] &amp#27;[35m[W3C (939183a9)]&amp#27;[39m Calling AppiumDriver.getCurrentContext() with args: ["939183a9-a922-4fee-90ba-5de5847d3974"]
[debug] &amp#27;[35m[W3C (939183a9)]&amp#27;[39m Responding to client with driver.getCurrentContext() result: "NATIVE_APP"
&amp#27;[35m[HTTP]&amp#27;[39m &amp#27;[37m<-- GET /wd/hub/session/939183a9-a922-4fee-90ba-5de5847d3974/context &amp#27;[39m&amp#27;[32m200&amp#27;[39m &amp#27;[90m2 ms - 22&amp#27;[39m
&amp#27;[35m[HTTP]&amp#27;[39m &amp#27;[90m&amp#27;[39m
&amp#27;[35m[HTTP]&amp#27;[39m &amp#27;[37m-->&amp#27;[39m &amp#27;[37mPOST&amp#27;[39m &amp#27;[37m/wd/hub/session/939183a9-a922-4fee-90ba-5de5847d3974/element&amp#27;[39m
&amp#27;[35m[HTTP]&amp#27;[39m &amp#27;[90m{"using":"accessibility id","value":"test-Password"}&amp#27;[39m
[debug] &amp#27;[35m[W3C (939183a9)]&amp#27;[39m Calling AppiumDriver.findElement() with args: ["accessibility id","test-Password","939183a9-a922-4fee-90ba-5de5847d3974"]
[debug] &amp#27;[35m[BaseDriver]&amp#27;[39m Valid locator strategies for this request: xpath, id, class name, accessibility id, -android uiautomator
[debug] &amp#27;[35m[BaseDriver]&amp#27;[39m Waiting up to 0 ms for condition
[debug] &amp#27;[35m[WD Proxy]&amp#27;[39m Matched '/element' to command name 'findElement'
[debug] &amp#27;[35m[WD Proxy]&amp#27;[39m Proxying [POST /element] to [POST http://127.0.0.1:10000/wd/hub/session/dd58c3e8-5f89-4d1c-984c-13f9737734d9/element] with body: {"strategy":"accessibility id","selector":"test-Password","context":"","multiple":false}
[debug] &amp#27;[35m[WD Proxy]&amp#27;[39m Got response with status 200: {"sessionId":"dd58c3e8-5f89-4d1c-984c-13f9737734d9","value":{"ELEMENT":"ae4e4873-c77f-4c46-bfe7-6ca8e0f3aa93","element-6066-11e4-a52e-4f735466cecf":"ae4e4873-c77f-4c46-bfe7-6ca8e0f3aa93"}}
[debug] &amp#27;[35m[W3C (939183a9)]&amp#27;[39m Responding to client with driver.findElement() result: {"element-6066-11e4-a52e-4f735466cecf":"ae4e4873-c77f-4c46-bfe7-6ca8e0f3aa93","ELEMENT":"ae4e4873-c77f-4c46-bfe7-6ca8e0f3aa93"}
&amp#27;[35m[HTTP]&amp#27;[39m &amp#27;[37m<-- POST /wd/hub/session/939183a9-a922-4fee-90ba-5de5847d3974/element &amp#27;[39m&amp#27;[32m200&amp#27;[39m &amp#27;[90m22 ms - 137&amp#27;[39m
&amp#27;[35m[HTTP]&amp#27;[39m &amp#27;[90m&amp#27;[39m
&amp#27;[35m[HTTP]&amp#27;[39m &amp#27;[37m-->&amp#27;[39m &amp#27;[37mGET&amp#27;[39m &amp#27;[37m/wd/hub/session/939183a9-a922-4fee-90ba-5de5847d3974/element/ae4e4873-c77f-4c46-bfe7-6ca8e0f3aa93/text&amp#27;[39m
&amp#27;[35m[HTTP]&amp#27;[39m &amp#27;[90m{}&amp#27;[39m
&amp#27;[35m[W3C (939183a9)]&amp#27;[39m Driver proxy active, passing request on via HTTP proxy
[debug] &amp#27;[35m[WD Proxy]&amp#27;[39m Matched '/wd/hub/session/939183a9-a922-4fee-90ba-5de5847d3974/element/ae4e4873-c77f-4c46-bfe7-6ca8e0f3aa93/text' to command name 'getText'
[debug] &amp#27;[35m[WD Proxy]&amp#27;[39m Proxying [GET /wd/hub/session/939183a9-a922-4fee-90ba-5de5847d3974/element/ae4e4873-c77f-4c46-bfe7-6ca8e0f3aa93/text] to [GET http://127.0.0.1:10000/wd/hub/session/dd58c3e8-5f89-4d1c-984c-13f9737734d9/element/ae4e4873-c77f-4c46-bfe7-6ca8e0f3aa93/text] with no body
[debug] &amp#27;[35m[WD Proxy]&amp#27;[39m Got response with status 200: {"sessionId":"dd58c3e8-5f89-4d1c-984c-13f9737734d9","value":"Password"}
&amp#27;[35m[WD Proxy]&amp#27;[39m Replacing sessionId dd58c3e8-5f89-4d1c-984c-13f9737734d9 with 939183a9-a922-4fee-90ba-5de5847d3974
&amp#27;[35m[HTTP]&amp#27;[39m &amp#27;[37m<-- GET /wd/hub/session/939183a9-a922-4fee-90ba-5de5847d3974/element/ae4e4873-c77f-4c46-bfe7-6ca8e0f3aa93/text &amp#27;[39m&amp#27;[32m200&amp#27;[39m &amp#27;[90m14 ms - 71&amp#27;[39m
&amp#27;[35m[HTTP]&amp#27;[39m &amp#27;[90m&amp#27;[39m
&amp#27;[35m[HTTP]&amp#27;[39m &amp#27;[37m-->&amp#27;[39m &amp#27;[37mGET&amp#27;[39m &amp#27;[37m/wd/hub/session/939183a9-a922-4fee-90ba-5de5847d3974/context&amp#27;[39m
&amp#27;[35m[HTTP]&amp#27;[39m &amp#27;[90m{}&amp#27;[39m
[debug] &amp#27;[35m[W3C (939183a9)]&amp#27;[39m Calling AppiumDriver.getCurrentContext() with args: ["939183a9-a922-4fee-90ba-5de5847d3974"]
[debug] &amp#27;[35m[W3C (939183a9)]&amp#27;[39m Responding to client with driver.getCurrentContext() result: "NATIVE_APP"
&amp#27;[35m[HTTP]&amp#27;[39m &amp#27;[37m<-- GET /wd/hub/session/939183a9-a922-4fee-90ba-5de5847d3974/context &amp#27;[39m&amp#27;[32m200&amp#27;[39m &amp#27;[90m1 ms - 22&amp#27;[39m
&amp#27;[35m[HTTP]&amp#27;[39m &amp#27;[90m&amp#27;[39m
&amp#27;[35m[HTTP]&amp#27;[39m &amp#27;[37m-->&amp#27;[39m &amp#27;[37mPOST&amp#27;[39m &amp#27;[37m/wd/hub/session/939183a9-a922-4fee-90ba-5de5847d3974/element&amp#27;[39m
&amp#27;[35m[HTTP]&amp#27;[39m &amp#27;[90m{"using":"accessibility id","value":"test-Password"}&amp#27;[39m
[debug] &amp#27;[35m[W3C (939183a9)]&amp#27;[39m Calling AppiumDriver.findElement() with args: ["accessibility id","test-Password","939183a9-a922-4fee-90ba-5de5847d3974"]
[debug] &amp#27;[35m[BaseDriver]&amp#27;[39m Valid locator strategies for this request: xpath, id, class name, accessibility id, -android uiautomator
[debug] &amp#27;[35m[BaseDriver]&amp#27;[39m Waiting up to 0 ms for condition
[debug] &amp#27;[35m[WD Proxy]&amp#27;[39m Matched '/element' to command name 'findElement'
[debug] &amp#27;[35m[WD Proxy]&amp#27;[39m Proxying [POST /element] to [POST http://127.0.0.1:10000/wd/hub/session/dd58c3e8-5f89-4d1c-984c-13f9737734d9/element] with body: {"strategy":"accessibility id","selector":"test-Password","context":"","multiple":false}
[debug] &amp#27;[35m[WD Proxy]&amp#27;[39m Got response with status 200: {"sessionId":"dd58c3e8-5f89-4d1c-984c-13f9737734d9","value":{"ELEMENT":"92cac91e-89d0-4b55-bb4f-8fc3de66b1e6","element-6066-11e4-a52e-4f735466cecf":"92cac91e-89d0-4b55-bb4f-8fc3de66b1e6"}}
[debug] &amp#27;[35m[W3C (939183a9)]&amp#27;[39m Responding to client with driver.findElement() result: {"element-6066-11e4-a52e-4f735466cecf":"92cac91e-89d0-4b55-bb4f-8fc3de66b1e6","ELEMENT":"92cac91e-89d0-4b55-bb4f-8fc3de66b1e6"}
&amp#27;[35m[HTTP]&amp#27;[39m &amp#27;[37m<-- POST /wd/hub/session/939183a9-a922-4fee-90ba-5de5847d3974/element &amp#27;[39m&amp#27;[32m200&amp#27;[39m &amp#27;[90m20 ms - 137&amp#27;[39m
&amp#27;[35m[HTTP]&amp#27;[39m &amp#27;[90m&amp#27;[39m
&amp#27;[35m[HTTP]&amp#27;[39m &amp#27;[37m-->&amp#27;[39m &amp#27;[37mPOST&amp#27;[39m &amp#27;[37m/wd/hub/session/939183a9-a922-4fee-90ba-5de5847d3974/element/92cac91e-89d0-4b55-bb4f-8fc3de66b1e6/value&amp#27;[39m
&amp#27;[35m[HTTP]&amp#27;[39m &amp#27;[90m{"id":"92cac91e-89d0-4b55-bb4f-8fc3de66b1e6","text":"invalidpassword","value":["i","n","v","a","l","i","d","p","a","s","s","w","o","r","d"]}&amp#27;[39m
[debug] &amp#27;[35m[W3C (939183a9)]&amp#27;[39m Calling AppiumDriver.setValue() with args: [["i","n","v","a","l","i","d","p","a","s","s","w","o","r","d"],"92cac91e-89d0-4b55-bb4f-8fc3de66b1e6","939183a9-a922-4fee-90ba-5de5847d3974"]
[debug] &amp#27;[35m[WD Proxy]&amp#27;[39m Matched '/element/92cac91e-89d0-4b55-bb4f-8fc3de66b1e6/value' to command name 'setValue'
[debug] &amp#27;[35m[Protocol Converter]&amp#27;[39m Added 'value' property ["i","n","v","a","l","i","d","p","a","s","s","w","o","r","d"] to 'setValue' request body
[debug] &amp#27;[35m[WD Proxy]&amp#27;[39m Proxying [POST /element/92cac91e-89d0-4b55-bb4f-8fc3de66b1e6/value] to [POST http://127.0.0.1:10000/wd/hub/session/dd58c3e8-5f89-4d1c-984c-13f9737734d9/element/92cac91e-89d0-4b55-bb4f-8fc3de66b1e6/value] with body: {"elementId":"92cac91e-89d0-4b55-bb4f-8fc3de66b1e6","text":"invalidpassword","replace":false,"value":["i","n","v","a","l","i","d","p","a","s","s","w","o","r","d"]}
[debug] &amp#27;[35m[WD Proxy]&amp#27;[39m Got response with status 200: {"sessionId":"dd58c3e8-5f89-4d1c-984c-13f9737734d9","value":null}
[debug] &amp#27;[35m[W3C (939183a9)]&amp#27;[39m Responding to client with driver.setValue() result: null
&amp#27;[35m[HTTP]&amp#27;[39m &amp#27;[37m<-- POST /wd/hub/session/939183a9-a922-4fee-90ba-5de5847d3974/element/92cac91e-89d0-4b55-bb4f-8fc3de66b1e6/value &amp#27;[39m&amp#27;[32m200&amp#27;[39m &amp#27;[90m532 ms - 14&amp#27;[39m
&amp#27;[35m[HTTP]&amp#27;[39m &amp#27;[90m&amp#27;[39m
&amp#27;[35m[HTTP]&amp#27;[39m &amp#27;[37m-->&amp#27;[39m &amp#27;[37mGET&amp#27;[39m &amp#27;[37m/wd/hub/session/939183a9-a922-4fee-90ba-5de5847d3974/context&amp#27;[39m
&amp#27;[35m[HTTP]&amp#27;[39m &amp#27;[90m{}&amp#27;[39m
[debug] &amp#27;[35m[W3C (939183a9)]&amp#27;[39m Calling AppiumDriver.getCurrentContext() with args: ["939183a9-a922-4fee-90ba-5de5847d3974"]
[debug] &amp#27;[35m[W3C (939183a9)]&amp#27;[39m Responding to client with driver.getCurrentContext() result: "NATIVE_APP"
&amp#27;[35m[HTTP]&amp#27;[39m &amp#27;[37m<-- GET /wd/hub/session/939183a9-a922-4fee-90ba-5de5847d3974/context &amp#27;[39m&amp#27;[32m200&amp#27;[39m &amp#27;[90m1 ms - 22&amp#27;[39m
&amp#27;[35m[HTTP]&amp#27;[39m &amp#27;[90m&amp#27;[39m
&amp#27;[35m[HTTP]&amp#27;[39m &amp#27;[37m-->&amp#27;[39m &amp#27;[37mPOST&amp#27;[39m &amp#27;[37m/wd/hub/session/939183a9-a922-4fee-90ba-5de5847d3974/element&amp#27;[39m
&amp#27;[35m[HTTP]&amp#27;[39m &amp#27;[90m{"using":"accessibility id","value":"test-Password"}&amp#27;[39m
[debug] &amp#27;[35m[W3C (939183a9)]&amp#27;[39m Calling AppiumDriver.findElement() with args: ["accessibility id","test-Password","939183a9-a922-4fee-90ba-5de5847d3974"]
[debug] &amp#27;[35m[BaseDriver]&amp#27;[39m Valid locator strategies for this request: xpath, id, class name, accessibility id, -android uiautomator
[debug] &amp#27;[35m[BaseDriver]&amp#27;[39m Waiting up to 0 ms for condition
[debug] &amp#27;[35m[WD Proxy]&amp#27;[39m Matched '/element' to command name 'findElement'
[debug] &amp#27;[35m[WD Proxy]&amp#27;[39m Proxying [POST /element] to [POST http://127.0.0.1:10000/wd/hub/session/dd58c3e8-5f89-4d1c-984c-13f9737734d9/element] with body: {"strategy":"accessibility id","selector":"test-Password","context":"","multiple":false}
[debug] &amp#27;[35m[WD Proxy]&amp#27;[39m Got response with status 200: {"sessionId":"dd58c3e8-5f89-4d1c-984c-13f9737734d9","value":{"ELEMENT":"a4002728-0fdc-42a4-8f55-c012eacccca9","element-6066-11e4-a52e-4f735466cecf":"a4002728-0fdc-42a4-8f55-c012eacccca9"}}
[debug] &amp#27;[35m[W3C (939183a9)]&amp#27;[39m Responding to client with driver.findElement() result: {"element-6066-11e4-a52e-4f735466cecf":"a4002728-0fdc-42a4-8f55-c012eacccca9","ELEMENT":"a4002728-0fdc-42a4-8f55-c012eacccca9"}
&amp#27;[35m[HTTP]&amp#27;[39m &amp#27;[37m<-- POST /wd/hub/session/939183a9-a922-4fee-90ba-5de5847d3974/element &amp#27;[39m&amp#27;[32m200&amp#27;[39m &amp#27;[90m504 ms - 137&amp#27;[39m
&amp#27;[35m[HTTP]&amp#27;[39m &amp#27;[90m&amp#27;[39m
&amp#27;[35m[HTTP]&amp#27;[39m &amp#27;[37m-->&amp#27;[39m &amp#27;[37mGET&amp#27;[39m &amp#27;[37m/wd/hub/session/939183a9-a922-4fee-90ba-5de5847d3974/element/a4002728-0fdc-42a4-8f55-c012eacccca9/text&amp#27;[39m
&amp#27;[35m[HTTP]&amp#27;[39m &amp#27;[90m{}&amp#27;[39m
&amp#27;[35m[W3C (939183a9)]&amp#27;[39m Driver proxy active, passing request on via HTTP proxy
[debug] &amp#27;[35m[WD Proxy]&amp#27;[39m Matched '/wd/hub/session/939183a9-a922-4fee-90ba-5de5847d3974/element/a4002728-0fdc-42a4-8f55-c012eacccca9/text' to command name 'getText'
[debug] &amp#27;[35m[WD Proxy]&amp#27;[39m Proxying [GET /wd/hub/session/939183a9-a922-4fee-90ba-5de5847d3974/element/a4002728-0fdc-42a4-8f55-c012eacccca9/text] to [GET http://127.0.0.1:10000/wd/hub/session/dd58c3e8-5f89-4d1c-984c-13f9737734d9/element/a4002728-0fdc-42a4-8f55-c012eacccca9/text] with no body
[debug] &amp#27;[35m[WD Proxy]&amp#27;[39m Got response with status 200: {"sessionId":"dd58c3e8-5f89-4d1c-984c-13f9737734d9","value":"���������������������������������������������"}
&amp#27;[35m[WD Proxy]&amp#27;[39m Replacing sessionId dd58c3e8-5f89-4d1c-984c-13f9737734d9 with 939183a9-a922-4fee-90ba-5de5847d3974
&amp#27;[35m[HTTP]&amp#27;[39m &amp#27;[37m<-- GET /wd/hub/session/939183a9-a922-4fee-90ba-5de5847d3974/element/a4002728-0fdc-42a4-8f55-c012eacccca9/text &amp#27;[39m&amp#27;[32m200&amp#27;[39m &amp#27;[90m15 ms - 108&amp#27;[39m
&amp#27;[35m[HTTP]&amp#27;[39m &amp#27;[90m&amp#27;[39m
&amp#27;[35m[HTTP]&amp#27;[39m &amp#27;[37m-->&amp#27;[39m &amp#27;[37mGET&amp#27;[39m &amp#27;[37m/wd/hub/session/939183a9-a922-4fee-90ba-5de5847d3974/context&amp#27;[39m
&amp#27;[35m[HTTP]&amp#27;[39m &amp#27;[90m{}&amp#27;[39m
[debug] &amp#27;[35m[W3C (939183a9)]&amp#27;[39m Calling AppiumDriver.getCurrentContext() with args: ["939183a9-a922-4fee-90ba-5de5847d3974"]
[debug] &amp#27;[35m[W3C (939183a9)]&amp#27;[39m Responding to client with driver.getCurrentContext() result: "NATIVE_APP"
&amp#27;[35m[HTTP]&amp#27;[39m &amp#27;[37m<-- GET /wd/hub/session/939183a9-a922-4fee-90ba-5de5847d3974/context &amp#27;[39m&amp#27;[32m200&amp#27;[39m &amp#27;[90m1 ms - 22&amp#27;[39m
&amp#27;[35m[HTTP]&amp#27;[39m &amp#27;[90m&amp#27;[39m
&amp#27;[35m[HTTP]&amp#27;[39m &amp#27;[37m-->&amp#27;[39m &amp#27;[37mPOST&amp#27;[39m &amp#27;[37m/wd/hub/session/939183a9-a922-4fee-90ba-5de5847d3974/element&amp#27;[39m
&amp#27;[35m[HTTP]&amp#27;[39m &amp#27;[90m{"using":"accessibility id","value":"test-LOGIN"}&amp#27;[39m
[debug] &amp#27;[35m[W3C (939183a9)]&amp#27;[39m Calling AppiumDriver.findElement() with args: ["accessibility id","test-LOGIN","939183a9-a922-4fee-90ba-5de5847d3974"]
[debug] &amp#27;[35m[BaseDriver]&amp#27;[39m Valid locator strategies for this request: xpath, id, class name, accessibility id, -android uiautomator
[debug] &amp#27;[35m[BaseDriver]&amp#27;[39m Waiting up to 0 ms for condition
[debug] &amp#27;[35m[WD Proxy]&amp#27;[39m Matched '/element' to command name 'findElement'
[debug] &amp#27;[35m[WD Proxy]&amp#27;[39m Proxying [POST /element] to [POST http://127.0.0.1:10000/wd/hub/session/dd58c3e8-5f89-4d1c-984c-13f9737734d9/element] with body: {"strategy":"accessibility id","selector":"test-LOGIN","context":"","multiple":false}
[debug] &amp#27;[35m[WD Proxy]&amp#27;[39m Got response with status 200: {"sessionId":"dd58c3e8-5f89-4d1c-984c-13f9737734d9","value":{"ELEMENT":"865ae93f-0434-4480-a1e3-de80ea16c6d7","element-6066-11e4-a52e-4f735466cecf":"865ae93f-0434-4480-a1e3-de80ea16c6d7"}}
[debug] &amp#27;[35m[W3C (939183a9)]&amp#27;[39m Responding to client with driver.findElement() result: {"element-6066-11e4-a52e-4f735466cecf":"865ae93f-0434-4480-a1e3-de80ea16c6d7","ELEMENT":"865ae93f-0434-4480-a1e3-de80ea16c6d7"}
&amp#27;[35m[HTTP]&amp#27;[39m &amp#27;[37m<-- POST /wd/hub/session/939183a9-a922-4fee-90ba-5de5847d3974/element &amp#27;[39m&amp#27;[32m200&amp#27;[39m &amp#27;[90m33 ms - 137&amp#27;[39m
&amp#27;[35m[HTTP]&amp#27;[39m &amp#27;[90m&amp#27;[39m
&amp#27;[35m[HTTP]&amp#27;[39m &amp#27;[37m-->&amp#27;[39m &amp#27;[37mGET&amp#27;[39m &amp#27;[37m/wd/hub/session/939183a9-a922-4fee-90ba-5de5847d3974/element/865ae93f-0434-4480-a1e3-de80ea16c6d7/displayed&amp#27;[39m
&amp#27;[35m[HTTP]&amp#27;[39m &amp#27;[90m{}&amp#27;[39m
[debug] &amp#27;[35m[W3C (939183a9)]&amp#27;[39m Calling AppiumDriver.elementDisplayed() with args: ["865ae93f-0434-4480-a1e3-de80ea16c6d7","939183a9-a922-4fee-90ba-5de5847d3974"]
[debug] &amp#27;[35m[WD Proxy]&amp#27;[39m Matched '/element/865ae93f-0434-4480-a1e3-de80ea16c6d7/attribute/displayed' to command name 'getAttribute'
[debug] &amp#27;[35m[WD Proxy]&amp#27;[39m Proxying [GET /element/865ae93f-0434-4480-a1e3-de80ea16c6d7/attribute/displayed] to [GET http://127.0.0.1:10000/wd/hub/session/dd58c3e8-5f89-4d1c-984c-13f9737734d9/element/865ae93f-0434-4480-a1e3-de80ea16c6d7/attribute/displayed] with no body
[debug] &amp#27;[35m[WD Proxy]&amp#27;[39m Got response with status 200: {"sessionId":"dd58c3e8-5f89-4d1c-984c-13f9737734d9","value":"true"}
[debug] &amp#27;[35m[W3C (939183a9)]&amp#27;[39m Responding to client with driver.elementDisplayed() result: true
&amp#27;[35m[HTTP]&amp#27;[39m &amp#27;[37m<-- GET /wd/hub/session/939183a9-a922-4fee-90ba-5de5847d3974/element/865ae93f-0434-4480-a1e3-de80ea16c6d7/displayed &amp#27;[39m&amp#27;[32m200&amp#27;[39m &amp#27;[90m12 ms - 14&amp#27;[39m
&amp#27;[35m[HTTP]&amp#27;[39m &amp#27;[90m&amp#27;[39m
&amp#27;[35m[HTTP]&amp#27;[39m &amp#27;[37m-->&amp#27;[39m &amp#27;[37mGET&amp#27;[39m &amp#27;[37m/wd/hub/session/939183a9-a922-4fee-90ba-5de5847d3974/context&amp#27;[39m
&amp#27;[35m[HTTP]&amp#27;[39m &amp#27;[90m{}&amp#27;[39m
[debug] &amp#27;[35m[W3C (939183a9)]&amp#27;[39m Calling AppiumDriver.getCurrentContext() with args: ["939183a9-a922-4fee-90ba-5de5847d3974"]
[debug] &amp#27;[35m[W3C (939183a9)]&amp#27;[39m Responding to client with driver.getCurrentContext() result: "NATIVE_APP"
&amp#27;[35m[HTTP]&amp#27;[39m &amp#27;[37m<-- GET /wd/hub/session/939183a9-a922-4fee-90ba-5de5847d3974/context &amp#27;[39m&amp#27;[32m200&amp#27;[39m &amp#27;[90m1 ms - 22&amp#27;[39m
&amp#27;[35m[HTTP]&amp#27;[39m &amp#27;[90m&amp#27;[39m
&amp#27;[35m[HTTP]&amp#27;[39m &amp#27;[37m-->&amp#27;[39m &amp#27;[37mPOST&amp#27;[39m &amp#27;[37m/wd/hub/session/939183a9-a922-4fee-90ba-5de5847d3974/element&amp#27;[39m
&amp#27;[35m[HTTP]&amp#27;[39m &amp#27;[90m{"using":"accessibility id","value":"test-LOGIN"}&amp#27;[39m
[debug] &amp#27;[35m[W3C (939183a9)]&amp#27;[39m Calling AppiumDriver.findElement() with args: ["accessibility id","test-LOGIN","939183a9-a922-4fee-90ba-5de5847d3974"]
[debug] &amp#27;[35m[BaseDriver]&amp#27;[39m Valid locator strategies for this request: xpath, id, class name, accessibility id, -android uiautomator
[debug] &amp#27;[35m[BaseDriver]&amp#27;[39m Waiting up to 0 ms for condition
[debug] &amp#27;[35m[WD Proxy]&amp#27;[39m Matched '/element' to command name 'findElement'
[debug] &amp#27;[35m[WD Proxy]&amp#27;[39m Proxying [POST /element] to [POST http://127.0.0.1:10000/wd/hub/session/dd58c3e8-5f89-4d1c-984c-13f9737734d9/element] with body: {"strategy":"accessibility id","selector":"test-LOGIN","context":"","multiple":false}
[debug] &amp#27;[35m[WD Proxy]&amp#27;[39m Got response with status 200: {"sessionId":"dd58c3e8-5f89-4d1c-984c-13f9737734d9","value":{"ELEMENT":"deab803d-b755-45b3-82f6-15913b83a389","element-6066-11e4-a52e-4f735466cecf":"deab803d-b755-45b3-82f6-15913b83a389"}}
[debug] &amp#27;[35m[W3C (939183a9)]&amp#27;[39m Responding to client with driver.findElement() result: {"element-6066-11e4-a52e-4f735466cecf":"deab803d-b755-45b3-82f6-15913b83a389","ELEMENT":"deab803d-b755-45b3-82f6-15913b83a389"}
&amp#27;[35m[HTTP]&amp#27;[39m &amp#27;[37m<-- POST /wd/hub/session/939183a9-a922-4fee-90ba-5de5847d3974/element &amp#27;[39m&amp#27;[32m200&amp#27;[39m &amp#27;[90m23 ms - 137&amp#27;[39m
&amp#27;[35m[HTTP]&amp#27;[39m &amp#27;[90m&amp#27;[39m
&amp#27;[35m[HTTP]&amp#27;[39m &amp#27;[37m-->&amp#27;[39m &amp#27;[37mGET&amp#27;[39m &amp#27;[37m/wd/hub/session/939183a9-a922-4fee-90ba-5de5847d3974/element/deab803d-b755-45b3-82f6-15913b83a389/text&amp#27;[39m
&amp#27;[35m[HTTP]&amp#27;[39m &amp#27;[90m{}&amp#27;[39m
&amp#27;[35m[W3C (939183a9)]&amp#27;[39m Driver proxy active, passing request on via HTTP proxy
[debug] &amp#27;[35m[WD Proxy]&amp#27;[39m Matched '/wd/hub/session/939183a9-a922-4fee-90ba-5de5847d3974/element/deab803d-b755-45b3-82f6-15913b83a389/text' to command name 'getText'
[debug] &amp#27;[35m[WD Proxy]&amp#27;[39m Proxying [GET /wd/hub/session/939183a9-a922-4fee-90ba-5de5847d3974/element/deab803d-b755-45b3-82f6-15913b83a389/text] to [GET http://127.0.0.1:10000/wd/hub/session/dd58c3e8-5f89-4d1c-984c-13f9737734d9/element/deab803d-b755-45b3-82f6-15913b83a389/text] with no body
[debug] &amp#27;[35m[WD Proxy]&amp#27;[39m Got response with status 200: {"sessionId":"dd58c3e8-5f89-4d1c-984c-13f9737734d9","value":""}
&amp#27;[35m[WD Proxy]&amp#27;[39m Replacing sessionId dd58c3e8-5f89-4d1c-984c-13f9737734d9 with 939183a9-a922-4fee-90ba-5de5847d3974
&amp#27;[35m[HTTP]&amp#27;[39m &amp#27;[37m<-- GET /wd/hub/session/939183a9-a922-4fee-90ba-5de5847d3974/element/deab803d-b755-45b3-82f6-15913b83a389/text &amp#27;[39m&amp#27;[32m200&amp#27;[39m &amp#27;[90m13 ms - 63&amp#27;[39m
&amp#27;[35m[HTTP]&amp#27;[39m &amp#27;[90m&amp#27;[39m
&amp#27;[35m[HTTP]&amp#27;[39m &amp#27;[37m-->&amp#27;[39m &amp#27;[37mGET&amp#27;[39m &amp#27;[37m/wd/hub/session/939183a9-a922-4fee-90ba-5de5847d3974/context&amp#27;[39m
&amp#27;[35m[HTTP]&amp#27;[39m &amp#27;[90m{}&amp#27;[39m
[debug] &amp#27;[35m[W3C (939183a9)]&amp#27;[39m Calling AppiumDriver.getCurrentContext() with args: ["939183a9-a922-4fee-90ba-5de5847d3974"]
[debug] &amp#27;[35m[W3C (939183a9)]&amp#27;[39m Responding to client with driver.getCurrentContext() result: "NATIVE_APP"
&amp#27;[35m[HTTP]&amp#27;[39m &amp#27;[37m<-- GET /wd/hub/session/939183a9-a922-4fee-90ba-5de5847d3974/context &amp#27;[39m&amp#27;[32m200&amp#27;[39m &amp#27;[90m1 ms - 22&amp#27;[39m
&amp#27;[35m[HTTP]&amp#27;[39m &amp#27;[90m&amp#27;[39m
&amp#27;[35m[HTTP]&amp#27;[39m &amp#27;[37m-->&amp#27;[39m &amp#27;[37mPOST&amp#27;[39m &amp#27;[37m/wd/hub/session/939183a9-a922-4fee-90ba-5de5847d3974/element&amp#27;[39m
&amp#27;[35m[HTTP]&amp#27;[39m &amp#27;[90m{"using":"accessibility id","value":"test-LOGIN"}&amp#27;[39m
[debug] &amp#27;[35m[W3C (939183a9)]&amp#27;[39m Calling AppiumDriver.findElement() with args: ["accessibility id","test-LOGIN","939183a9-a922-4fee-90ba-5de5847d3974"]
[debug] &amp#27;[35m[BaseDriver]&amp#27;[39m Valid locator strategies for this request: xpath, id, class name, accessibility id, -android uiautomator
[debug] &amp#27;[35m[BaseDriver]&amp#27;[39m Waiting up to 0 ms for condition
[debug] &amp#27;[35m[WD Proxy]&amp#27;[39m Matched '/element' to command name 'findElement'
[debug] &amp#27;[35m[WD Proxy]&amp#27;[39m Proxying [POST /element] to [POST http://127.0.0.1:10000/wd/hub/session/dd58c3e8-5f89-4d1c-984c-13f9737734d9/element] with body: {"strategy":"accessibility id","selector":"test-LOGIN","context":"","multiple":false}
[debug] &amp#27;[35m[WD Proxy]&amp#27;[39m Got response with status 200: {"sessionId":"dd58c3e8-5f89-4d1c-984c-13f9737734d9","value":{"ELEMENT":"09c35018-3280-4f9a-b932-7fd9985b5cb9","element-6066-11e4-a52e-4f735466cecf":"09c35018-3280-4f9a-b932-7fd9985b5cb9"}}
[debug] &amp#27;[35m[W3C (939183a9)]&amp#27;[39m Responding to client with driver.findElement() result: {"element-6066-11e4-a52e-4f735466cecf":"09c35018-3280-4f9a-b932-7fd9985b5cb9","ELEMENT":"09c35018-3280-4f9a-b932-7fd9985b5cb9"}
&amp#27;[35m[HTTP]&amp#27;[39m &amp#27;[37m<-- POST /wd/hub/session/939183a9-a922-4fee-90ba-5de5847d3974/element &amp#27;[39m&amp#27;[32m200&amp#27;[39m &amp#27;[90m25 ms - 137&amp#27;[39m
&amp#27;[35m[HTTP]&amp#27;[39m &amp#27;[90m&amp#27;[39m
&amp#27;[35m[HTTP]&amp#27;[39m &amp#27;[37m-->&amp#27;[39m &amp#27;[37mPOST&amp#27;[39m &amp#27;[37m/wd/hub/session/939183a9-a922-4fee-90ba-5de5847d3974/element/09c35018-3280-4f9a-b932-7fd9985b5cb9/click&amp#27;[39m
&amp#27;[35m[HTTP]&amp#27;[39m &amp#27;[90m{"id":"09c35018-3280-4f9a-b932-7fd9985b5cb9"}&amp#27;[39m
[debug] &amp#27;[35m[W3C (939183a9)]&amp#27;[39m Calling AppiumDriver.click() with args: ["09c35018-3280-4f9a-b932-7fd9985b5cb9","939183a9-a922-4fee-90ba-5de5847d3974"]
[debug] &amp#27;[35m[WD Proxy]&amp#27;[39m Matched '/element/09c35018-3280-4f9a-b932-7fd9985b5cb9/click' to command name 'click'
[debug] &amp#27;[35m[WD Proxy]&amp#27;[39m Proxying [POST /element/09c35018-3280-4f9a-b932-7fd9985b5cb9/click] to [POST http://127.0.0.1:10000/wd/hub/session/dd58c3e8-5f89-4d1c-984c-13f9737734d9/element/09c35018-3280-4f9a-b932-7fd9985b5cb9/click] with body: {"element":"09c35018-3280-4f9a-b932-7fd9985b5cb9"}
[debug] &amp#27;[35m[WD Proxy]&amp#27;[39m Got response with status 200: {"sessionId":"dd58c3e8-5f89-4d1c-984c-13f9737734d9","value":null}
[debug] &amp#27;[35m[W3C (939183a9)]&amp#27;[39m Responding to client with driver.click() result: null
&amp#27;[35m[HTTP]&amp#27;[39m &amp#27;[37m<-- POST /wd/hub/session/939183a9-a922-4fee-90ba-5de5847d3974/element/09c35018-3280-4f9a-b932-7fd9985b5cb9/click &amp#27;[39m&amp#27;[32m200&amp#27;[39m &amp#27;[90m45 ms - 14&amp#27;[39m
&amp#27;[35m[HTTP]&amp#27;[39m &amp#27;[90m&amp#27;[39m
&amp#27;[35m[HTTP]&amp#27;[39m &amp#27;[37m-->&amp#27;[39m &amp#27;[37mGET&amp#27;[39m &amp#27;[37m/wd/hub/session/939183a9-a922-4fee-90ba-5de5847d3974/context&amp#27;[39m
&amp#27;[35m[HTTP]&amp#27;[39m &amp#27;[90m{}&amp#27;[39m
[debug] &amp#27;[35m[W3C (939183a9)]&amp#27;[39m Calling AppiumDriver.getCurrentContext() with args: ["939183a9-a922-4fee-90ba-5de5847d3974"]
[debug] &amp#27;[35m[W3C (939183a9)]&amp#27;[39m Responding to client with driver.getCurrentContext() result: "NATIVE_APP"
&amp#27;[35m[HTTP]&amp#27;[39m &amp#27;[37m<-- GET /wd/hub/session/939183a9-a922-4fee-90ba-5de5847d3974/context &amp#27;[39m&amp#27;[32m200&amp#27;[39m &amp#27;[90m1 ms - 22&amp#27;[39m
&amp#27;[35m[HTTP]&amp#27;[39m &amp#27;[90m&amp#27;[39m
&amp#27;[35m[HTTP]&amp#27;[39m &amp#27;[37m-->&amp#27;[39m &amp#27;[37mPOST&amp#27;[39m &amp#27;[37m/wd/hub/session/939183a9-a922-4fee-90ba-5de5847d3974/element&amp#27;[39m
&amp#27;[35m[HTTP]&amp#27;[39m &amp#27;[90m{"using":"accessibility id","value":"test-LOGIN"}&amp#27;[39m
[debug] &amp#27;[35m[W3C (939183a9)]&amp#27;[39m Calling AppiumDriver.findElement() with args: ["accessibility id","test-LOGIN","939183a9-a922-4fee-90ba-5de5847d3974"]
[debug] &amp#27;[35m[BaseDriver]&amp#27;[39m Valid locator strategies for this request: xpath, id, class name, accessibility id, -android uiautomator
[debug] &amp#27;[35m[BaseDriver]&amp#27;[39m Waiting up to 0 ms for condition
[debug] &amp#27;[35m[WD Proxy]&amp#27;[39m Matched '/element' to command name 'findElement'
[debug] &amp#27;[35m[WD Proxy]&amp#27;[39m Proxying [POST /element] to [POST http://127.0.0.1:10000/wd/hub/session/dd58c3e8-5f89-4d1c-984c-13f9737734d9/element] with body: {"strategy":"accessibility id","selector":"test-LOGIN","context":"","multiple":false}
[debug] &amp#27;[35m[WD Proxy]&amp#27;[39m Got response with status 200: {"sessionId":"dd58c3e8-5f89-4d1c-984c-13f9737734d9","value":{"ELEMENT":"60ff0ce0-fbb5-4cce-8339-97acab3f7a15","element-6066-11e4-a52e-4f735466cecf":"60ff0ce0-fbb5-4cce-8339-97acab3f7a15"}}
[debug] &amp#27;[35m[W3C (939183a9)]&amp#27;[39m Responding to client with driver.findElement() result: {"element-6066-11e4-a52e-4f735466cecf":"60ff0ce0-fbb5-4cce-8339-97acab3f7a15","ELEMENT":"60ff0ce0-fbb5-4cce-8339-97acab3f7a15"}
&amp#27;[35m[HTTP]&amp#27;[39m &amp#27;[37m<-- POST /wd/hub/session/939183a9-a922-4fee-90ba-5de5847d3974/element &amp#27;[39m&amp#27;[32m200&amp#27;[39m &amp#27;[90m26 ms - 137&amp#27;[39m
&amp#27;[35m[HTTP]&amp#27;[39m &amp#27;[90m&amp#27;[39m
&amp#27;[35m[HTTP]&amp#27;[39m &amp#27;[37m-->&amp#27;[39m &amp#27;[37mGET&amp#27;[39m &amp#27;[37m/wd/hub/session/939183a9-a922-4fee-90ba-5de5847d3974/element/60ff0ce0-fbb5-4cce-8339-97acab3f7a15/text&amp#27;[39m
&amp#27;[35m[HTTP]&amp#27;[39m &amp#27;[90m{}&amp#27;[39m
&amp#27;[35m[W3C (939183a9)]&amp#27;[39m Driver proxy active, passing request on via HTTP proxy
[debug] &amp#27;[35m[WD Proxy]&amp#27;[39m Matched '/wd/hub/session/939183a9-a922-4fee-90ba-5de5847d3974/element/60ff0ce0-fbb5-4cce-8339-97acab3f7a15/text' to command name 'getText'
[debug] &amp#27;[35m[WD Proxy]&amp#27;[39m Proxying [GET /wd/hub/session/939183a9-a922-4fee-90ba-5de5847d3974/element/60ff0ce0-fbb5-4cce-8339-97acab3f7a15/text] to [GET http://127.0.0.1:10000/wd/hub/session/dd58c3e8-5f89-4d1c-984c-13f9737734d9/element/60ff0ce0-fbb5-4cce-8339-97acab3f7a15/text] with no body
[debug] &amp#27;[35m[WD Proxy]&amp#27;[39m Got response with status 200: {"sessionId":"dd58c3e8-5f89-4d1c-984c-13f9737734d9","value":""}
&amp#27;[35m[WD Proxy]&amp#27;[39m Replacing sessionId dd58c3e8-5f89-4d1c-984c-13f9737734d9 with 939183a9-a922-4fee-90ba-5de5847d3974
&amp#27;[35m[HTTP]&amp#27;[39m &amp#27;[37m<-- GET /wd/hub/session/939183a9-a922-4fee-90ba-5de5847d3974/element/60ff0ce0-fbb5-4cce-8339-97acab3f7a15/text &amp#27;[39m&amp#27;[32m200&amp#27;[39m &amp#27;[90m15 ms - 63&amp#27;[39m
&amp#27;[35m[HTTP]&amp#27;[39m &amp#27;[90m&amp#27;[39m
&amp#27;[35m[HTTP]&amp#27;[39m &amp#27;[37m-->&amp#27;[39m &amp#27;[37mGET&amp#27;[39m &amp#27;[37m/wd/hub/session/939183a9-a922-4fee-90ba-5de5847d3974/context&amp#27;[39m
&amp#27;[35m[HTTP]&amp#27;[39m &amp#27;[90m{}&amp#27;[39m
[debug] &amp#27;[35m[W3C (939183a9)]&amp#27;[39m Calling AppiumDriver.getCurrentContext() with args: ["939183a9-a922-4fee-90ba-5de5847d3974"]
[debug] &amp#27;[35m[W3C (939183a9)]&amp#27;[39m Responding to client with driver.getCurrentContext() result: "NATIVE_APP"
&amp#27;[35m[HTTP]&amp#27;[39m &amp#27;[37m<-- GET /wd/hub/session/939183a9-a922-4fee-90ba-5de5847d3974/context &amp#27;[39m&amp#27;[32m200&amp#27;[39m &amp#27;[90m1 ms - 22&amp#27;[39m
&amp#27;[35m[HTTP]&amp#27;[39m &amp#27;[90m&amp#27;[39m
&amp#27;[35m[HTTP]&amp#27;[39m &amp#27;[37m-->&amp#27;[39m &amp#27;[37mPOST&amp#27;[39m &amp#27;[37m/wd/hub/session/939183a9-a922-4fee-90ba-5de5847d3974/element&amp#27;[39m
&amp#27;[35m[HTTP]&amp#27;[39m &amp#27;[90m{"using":"xpath","value":"//android.view.ViewGroup[@content-desc='test-Error message']/android.widget.TextView"}&amp#27;[39m
[debug] &amp#27;[35m[W3C (939183a9)]&amp#27;[39m Calling AppiumDriver.findElement() with args: ["xpath","//android.view.ViewGroup[@content-desc='test-Error message']/android.widget.TextView","939183a9-a922-4fee-90ba-5de5847d3974"]
[debug] &amp#27;[35m[BaseDriver]&amp#27;[39m Valid locator strategies for this request: xpath, id, class name, accessibility id, -android uiautomator
[debug] &amp#27;[35m[BaseDriver]&amp#27;[39m Waiting up to 0 ms for condition
[debug] &amp#27;[35m[WD Proxy]&amp#27;[39m Matched '/element' to command name 'findElement'
[debug] &amp#27;[35m[WD Proxy]&amp#27;[39m Proxying [POST /element] to [POST http://127.0.0.1:10000/wd/hub/session/dd58c3e8-5f89-4d1c-984c-13f9737734d9/element] with body: {"strategy":"xpath","selector":"//android.view.ViewGroup[@content-desc='test-Error message']/android.widget.TextView","context":"","multiple":false}
[debug] &amp#27;[35m[WD Proxy]&amp#27;[39m Got response with status 200: {"sessionId":"dd58c3e8-5f89-4d1c-984c-13f9737734d9","value":{"ELEMENT":"d93e58df-48d2-462e-acb9-151c32012548","element-6066-11e4-a52e-4f735466cecf":"d93e58df-48d2-462e-acb9-151c32012548"}}
[debug] &amp#27;[35m[W3C (939183a9)]&amp#27;[39m Responding to client with driver.findElement() result: {"element-6066-11e4-a52e-4f735466cecf":"d93e58df-48d2-462e-acb9-151c32012548","ELEMENT":"d93e58df-48d2-462e-acb9-151c32012548"}
&amp#27;[35m[HTTP]&amp#27;[39m &amp#27;[37m<-- POST /wd/hub/session/939183a9-a922-4fee-90ba-5de5847d3974/element &amp#27;[39m&amp#27;[32m200&amp#27;[39m &amp#27;[90m249 ms - 137&amp#27;[39m
&amp#27;[35m[HTTP]&amp#27;[39m &amp#27;[90m&amp#27;[39m
&amp#27;[35m[HTTP]&amp#27;[39m &amp#27;[37m-->&amp#27;[39m &amp#27;[37mGET&amp#27;[39m &amp#27;[37m/wd/hub/session/939183a9-a922-4fee-90ba-5de5847d3974/element/d93e58df-48d2-462e-acb9-151c32012548/displayed&amp#27;[39m
&amp#27;[35m[HTTP]&amp#27;[39m &amp#27;[90m{}&amp#27;[39m
[debug] &amp#27;[35m[W3C (939183a9)]&amp#27;[39m Calling AppiumDriver.elementDisplayed() with args: ["d93e58df-48d2-462e-acb9-151c32012548","939183a9-a922-4fee-90ba-5de5847d3974"]
[debug] &amp#27;[35m[WD Proxy]&amp#27;[39m Matched '/element/d93e58df-48d2-462e-acb9-151c32012548/attribute/displayed' to command name 'getAttribute'
[debug] &amp#27;[35m[WD Proxy]&amp#27;[39m Proxying [GET /element/d93e58df-48d2-462e-acb9-151c32012548/attribute/displayed] to [GET http://127.0.0.1:10000/wd/hub/session/dd58c3e8-5f89-4d1c-984c-13f9737734d9/element/d93e58df-48d2-462e-acb9-151c32012548/attribute/displayed] with no body
[debug] &amp#27;[35m[WD Proxy]&amp#27;[39m Got response with status 200: {"sessionId":"dd58c3e8-5f89-4d1c-984c-13f9737734d9","value":"true"}
[debug] &amp#27;[35m[W3C (939183a9)]&amp#27;[39m Responding to client with driver.elementDisplayed() result: true
&amp#27;[35m[HTTP]&amp#27;[39m &amp#27;[37m<-- GET /wd/hub/session/939183a9-a922-4fee-90ba-5de5847d3974/element/d93e58df-48d2-462e-acb9-151c32012548/displayed &amp#27;[39m&amp#27;[32m200&amp#27;[39m &amp#27;[90m371 ms - 14&amp#27;[39m
&amp#27;[35m[HTTP]&amp#27;[39m &amp#27;[90m&amp#27;[39m
&amp#27;[35m[HTTP]&amp#27;[39m &amp#27;[37m-->&amp#27;[39m &amp#27;[37mGET&amp#27;[39m &amp#27;[37m/wd/hub/session/939183a9-a922-4fee-90ba-5de5847d3974/context&amp#27;[39m
&amp#27;[35m[HTTP]&amp#27;[39m &amp#27;[90m{}&amp#27;[39m
[debug] &amp#27;[35m[W3C (939183a9)]&amp#27;[39m Calling AppiumDriver.getCurrentContext() with args: ["939183a9-a922-4fee-90ba-5de5847d3974"]
[debug] &amp#27;[35m[W3C (939183a9)]&amp#27;[39m Responding to client with driver.getCurrentContext() result: "NATIVE_APP"
&amp#27;[35m[HTTP]&amp#27;[39m &amp#27;[37m<-- GET /wd/hub/session/939183a9-a922-4fee-90ba-5de5847d3974/context &amp#27;[39m&amp#27;[32m200&amp#27;[39m &amp#27;[90m1 ms - 22&amp#27;[39m
&amp#27;[35m[HTTP]&amp#27;[39m &amp#27;[90m&amp#27;[39m
&amp#27;[35m[HTTP]&amp#27;[39m &amp#27;[37m-->&amp#27;[39m &amp#27;[37mPOST&amp#27;[39m &amp#27;[37m/wd/hub/session/939183a9-a922-4fee-90ba-5de5847d3974/element&amp#27;[39m
&amp#27;[35m[HTTP]&amp#27;[39m &amp#27;[90m{"using":"xpath","value":"//android.view.ViewGroup[@content-desc='test-Error message']/android.widget.TextView"}&amp#27;[39m
[debug] &amp#27;[35m[W3C (939183a9)]&amp#27;[39m Calling AppiumDriver.findElement() with args: ["xpath","//android.view.ViewGroup[@content-desc='test-Error message']/android.widget.TextView","939183a9-a922-4fee-90ba-5de5847d3974"]
[debug] &amp#27;[35m[BaseDriver]&amp#27;[39m Valid locator strategies for this request: xpath, id, class name, accessibility id, -android uiautomator
[debug] &amp#27;[35m[BaseDriver]&amp#27;[39m Waiting up to 0 ms for condition
[debug] &amp#27;[35m[WD Proxy]&amp#27;[39m Matched '/element' to command name 'findElement'
[debug] &amp#27;[35m[WD Proxy]&amp#27;[39m Proxying [POST /element] to [POST http://127.0.0.1:10000/wd/hub/session/dd58c3e8-5f89-4d1c-984c-13f9737734d9/element] with body: {"strategy":"xpath","selector":"//android.view.ViewGroup[@content-desc='test-Error message']/android.widget.TextView","context":"","multiple":false}
[debug] &amp#27;[35m[WD Proxy]&amp#27;[39m Got response with status 200: {"sessionId":"dd58c3e8-5f89-4d1c-984c-13f9737734d9","value":{"ELEMENT":"3ab4b39c-a971-46d4-8de3-18272b8f77c8","element-6066-11e4-a52e-4f735466cecf":"3ab4b39c-a971-46d4-8de3-18272b8f77c8"}}
[debug] &amp#27;[35m[W3C (939183a9)]&amp#27;[39m Responding to client with driver.findElement() result: {"element-6066-11e4-a52e-4f735466cecf":"3ab4b39c-a971-46d4-8de3-18272b8f77c8","ELEMENT":"3ab4b39c-a971-46d4-8de3-18272b8f77c8"}
&amp#27;[35m[HTTP]&amp#27;[39m &amp#27;[37m<-- POST /wd/hub/session/939183a9-a922-4fee-90ba-5de5847d3974/element &amp#27;[39m&amp#27;[32m200&amp#27;[39m &amp#27;[90m104 ms - 137&amp#27;[39m
&amp#27;[35m[HTTP]&amp#27;[39m &amp#27;[90m&amp#27;[39m
&amp#27;[35m[HTTP]&amp#27;[39m &amp#27;[37m-->&amp#27;[39m &amp#27;[37mGET&amp#27;[39m &amp#27;[37m/wd/hub/session/939183a9-a922-4fee-90ba-5de5847d3974/element/3ab4b39c-a971-46d4-8de3-18272b8f77c8/text&amp#27;[39m
&amp#27;[35m[HTTP]&amp#27;[39m &amp#27;[90m{}&amp#27;[39m
&amp#27;[35m[W3C (939183a9)]&amp#27;[39m Driver proxy active, passing request on via HTTP proxy
[debug] &amp#27;[35m[WD Proxy]&amp#27;[39m Matched '/wd/hub/session/939183a9-a922-4fee-90ba-5de5847d3974/element/3ab4b39c-a971-46d4-8de3-18272b8f77c8/text' to command name 'getText'
[debug] &amp#27;[35m[WD Proxy]&amp#27;[39m Proxying [GET /wd/hub/session/939183a9-a922-4fee-90ba-5de5847d3974/element/3ab4b39c-a971-46d4-8de3-18272b8f77c8/text] to [GET http://127.0.0.1:10000/wd/hub/session/dd58c3e8-5f89-4d1c-984c-13f9737734d9/element/3ab4b39c-a971-46d4-8de3-18272b8f77c8/text] with no body
[debug] &amp#27;[35m[WD Proxy]&amp#27;[39m Got response with status 200: {"sessionId":"dd58c3e8-5f89-4d1c-984c-13f9737734d9","value":"Username and password do not match any user in this service."}
&amp#27;[35m[WD Proxy]&amp#27;[39m Replacing sessionId dd58c3e8-5f89-4d1c-984c-13f9737734d9 with 939183a9-a922-4fee-90ba-5de5847d3974
&amp#27;[35m[HTTP]&amp#27;[39m &amp#27;[37m<-- GET /wd/hub/session/939183a9-a922-4fee-90ba-5de5847d3974/element/3ab4b39c-a971-46d4-8de3-18272b8f77c8/text &amp#27;[39m&amp#27;[32m200&amp#27;[39m &amp#27;[90m11 ms - 123&amp#27;[39m
&amp#27;[35m[HTTP]&amp#27;[39m &amp#27;[90m&amp#27;[39m
&amp#27;[35m[HTTP]&amp#27;[39m &amp#27;[37m-->&amp#27;[39m &amp#27;[37mGET&amp#27;[39m &amp#27;[37m/wd/hub/session/939183a9-a922-4fee-90ba-5de5847d3974/context&amp#27;[39m
&amp#27;[35m[HTTP]&amp#27;[39m &amp#27;[90m{}&amp#27;[39m
[debug] &amp#27;[35m[W3C (939183a9)]&amp#27;[39m Calling AppiumDriver.getCurrentContext() with args: ["939183a9-a922-4fee-90ba-5de5847d3974"]
[debug] &amp#27;[35m[W3C (939183a9)]&amp#27;[39m Responding to client with driver.getCurrentContext() result: "NATIVE_APP"
&amp#27;[35m[HTTP]&amp#27;[39m &amp#27;[37m<-- GET /wd/hub/session/939183a9-a922-4fee-90ba-5de5847d3974/context &amp#27;[39m&amp#27;[32m200&amp#27;[39m &amp#27;[90m1 ms - 22&amp#27;[39m
&amp#27;[35m[HTTP]&amp#27;[39m &amp#27;[90m&amp#27;[39m
&amp#27;[35m[HTTP]&amp#27;[39m &amp#27;[37m-->&amp#27;[39m &amp#27;[37mPOST&amp#27;[39m &amp#27;[37m/wd/hub/session/939183a9-a922-4fee-90ba-5de5847d3974/element&amp#27;[39m
&amp#27;[35m[HTTP]&amp#27;[39m &amp#27;[90m{"using":"xpath","value":"//android.view.ViewGroup[@content-desc='test-Error message']/android.widget.TextView"}&amp#27;[39m
[debug] &amp#27;[35m[W3C (939183a9)]&amp#27;[39m Calling AppiumDriver.findElement() with args: ["xpath","//android.view.ViewGroup[@content-desc='test-Error message']/android.widget.TextView","939183a9-a922-4fee-90ba-5de5847d3974"]
[debug] &amp#27;[35m[BaseDriver]&amp#27;[39m Valid locator strategies for this request: xpath, id, class name, accessibility id, -android uiautomator
[debug] &amp#27;[35m[BaseDriver]&amp#27;[39m Waiting up to 0 ms for condition
[debug] &amp#27;[35m[WD Proxy]&amp#27;[39m Matched '/element' to command name 'findElement'
[debug] &amp#27;[35m[WD Proxy]&amp#27;[39m Proxying [POST /element] to [POST http://127.0.0.1:10000/wd/hub/session/dd58c3e8-5f89-4d1c-984c-13f9737734d9/element] with body: {"strategy":"xpath","selector":"//android.view.ViewGroup[@content-desc='test-Error message']/android.widget.TextView","context":"","multiple":false}
[debug] &amp#27;[35m[WD Proxy]&amp#27;[39m Got response with status 200: {"sessionId":"dd58c3e8-5f89-4d1c-984c-13f9737734d9","value":{"ELEMENT":"c212a8f3-eadb-49c6-9fc8-ac3e84002e97","element-6066-11e4-a52e-4f735466cecf":"c212a8f3-eadb-49c6-9fc8-ac3e84002e97"}}
[debug] &amp#27;[35m[W3C (939183a9)]&amp#27;[39m Responding to client with driver.findElement() result: {"element-6066-11e4-a52e-4f735466cecf":"c212a8f3-eadb-49c6-9fc8-ac3e84002e97","ELEMENT":"c212a8f3-eadb-49c6-9fc8-ac3e84002e97"}
&amp#27;[35m[HTTP]&amp#27;[39m &amp#27;[37m<-- POST /wd/hub/session/939183a9-a922-4fee-90ba-5de5847d3974/element &amp#27;[39m&amp#27;[32m200&amp#27;[39m &amp#27;[90m83 ms - 137&amp#27;[39m
&amp#27;[35m[HTTP]&amp#27;[39m &amp#27;[90m&amp#27;[39m
&amp#27;[35m[HTTP]&amp#27;[39m &amp#27;[37m-->&amp#27;[39m &amp#27;[37mGET&amp#27;[39m &amp#27;[37m/wd/hub/session/939183a9-a922-4fee-90ba-5de5847d3974/element/c212a8f3-eadb-49c6-9fc8-ac3e84002e97/attribute/text&amp#27;[39m
&amp#27;[35m[HTTP]&amp#27;[39m &amp#27;[90m{}&amp#27;[39m
[debug] &amp#27;[35m[W3C (939183a9)]&amp#27;[39m Calling AppiumDriver.getAttribute() with args: ["text","c212a8f3-eadb-49c6-9fc8-ac3e84002e97","939183a9-a922-4fee-90ba-5de5847d3974"]
[debug] &amp#27;[35m[WD Proxy]&amp#27;[39m Matched '/element/c212a8f3-eadb-49c6-9fc8-ac3e84002e97/attribute/text' to command name 'getAttribute'
[debug] &amp#27;[35m[WD Proxy]&amp#27;[39m Proxying [GET /element/c212a8f3-eadb-49c6-9fc8-ac3e84002e97/attribute/text] to [GET http://127.0.0.1:10000/wd/hub/session/dd58c3e8-5f89-4d1c-984c-13f9737734d9/element/c212a8f3-eadb-49c6-9fc8-ac3e84002e97/attribute/text] with no body
[debug] &amp#27;[35m[WD Proxy]&amp#27;[39m Got response with status 200: {"sessionId":"dd58c3e8-5f89-4d1c-984c-13f9737734d9","value":"Username and password do not match any user in this service."}
[debug] &amp#27;[35m[W3C (939183a9)]&amp#27;[39m Responding to client with driver.getAttribute() result: "Username and password do not match any user in this service."
&amp#27;[35m[HTTP]&amp#27;[39m &amp#27;[37m<-- GET /wd/hub/session/939183a9-a922-4fee-90ba-5de5847d3974/element/c212a8f3-eadb-49c6-9fc8-ac3e84002e97/attribute/text &amp#27;[39m&amp#27;[32m200&amp#27;[39m &amp#27;[90m13 ms - 72&amp#27;[39m
&amp#27;[35m[HTTP]&amp#27;[39m &amp#27;[90m&amp#27;[39m
]]></system-out>
    <system-err><![CDATA[SLF4J: Failed to load class "org.slf4j.impl.StaticLoggerBinder".
SLF4J: Defaulting to no-operation (NOP) logger implementation
SLF4J: See http://www.slf4j.org/codes.html#StaticLoggerBinder for further details.
Dec 03, 2020 12:10:51 PM io.appium.java_client.remote.AppiumCommandExecutor$1 lambda$0
INFO: Detected dialect: W3C
]]></system-err>
  </testcase>
  <testcase name="invalidusername" classname="com.qa.tests.LoginTests" time="4.506">
    <system-out><![CDATA[java.lang.AssertionError: expected [Username and password do not match any user in this service.new] but found [Username and password do not match any user in this service.]
	at org.testng.Assert.fail(Assert.java:96)
	at org.testng.Assert.failNotEquals(Assert.java:776)
	at org.testng.Assert.assertEqualsImpl(Assert.java:137)
	at org.testng.Assert.assertEquals(Assert.java:118)
	at org.testng.Assert.assertEquals(Assert.java:453)
	at org.testng.Assert.assertEquals(Assert.java:463)
	at com.qa.tests.LoginTests.invalidPassword(LoginTests.java:116)
	at java.base/jdk.internal.reflect.NativeMethodAccessorImpl.invoke0(Native Method)
	at java.base/jdk.internal.reflect.NativeMethodAccessorImpl.invoke(NativeMethodAccessorImpl.java:62)
	at java.base/jdk.internal.reflect.DelegatingMethodAccessorImpl.invoke(DelegatingMethodAccessorImpl.java:43)
	at java.base/java.lang.reflect.Method.invoke(Method.java:564)
	at org.testng.internal.MethodInvocationHelper.invokeMethod(MethodInvocationHelper.java:124)
	at org.testng.internal.Invoker.invokeMethod(Invoker.java:583)
	at org.testng.internal.Invoker.invokeTestMethod(Invoker.java:719)
	at org.testng.internal.Invoker.invokeTestMethods(Invoker.java:989)
	at org.testng.internal.TestMethodWorker.invokeTestMethods(TestMethodWorker.java:125)
	at org.testng.internal.TestMethodWorker.run(TestMethodWorker.java:109)
	at org.testng.TestRunner.privateRun(TestRunner.java:648)
	at org.testng.TestRunner.run(TestRunner.java:505)
	at org.testng.SuiteRunner.runTest(SuiteRunner.java:455)
	at org.testng.SuiteRunner.access$000(SuiteRunner.java:40)
	at org.testng.SuiteRunner$SuiteWorker.run(SuiteRunner.java:489)
	at org.testng.internal.thread.ThreadUtil$1.call(ThreadUtil.java:52)
	at java.base/java.util.concurrent.FutureTask.run(FutureTask.java:264)
	at java.base/java.util.concurrent.ThreadPoolExecutor.runWorker(ThreadPoolExecutor.java:1130)
	at java.base/java.util.concurrent.ThreadPoolExecutor$Worker.run(ThreadPoolExecutor.java:630)
	at java.base/java.lang.Thread.run(Thread.java:832)

&amp#27;[35m[HTTP]&amp#27;[39m &amp#27;[37m-->&amp#27;[39m &amp#27;[37mGET&amp#27;[39m &amp#27;[37m/wd/hub/session/939183a9-a922-4fee-90ba-5de5847d3974/screenshot&amp#27;[39m
&amp#27;[35m[HTTP]&amp#27;[39m &amp#27;[90m{}&amp#27;[39m
[debug] &amp#27;[35m[W3C (939183a9)]&amp#27;[39m Calling AppiumDriver.getScreenshot() with args: ["939183a9-a922-4fee-90ba-5de5847d3974"]
[debug] &amp#27;[35m[WD Proxy]&amp#27;[39m Matched '/screenshot' to command name 'getScreenshot'
[debug] &amp#27;[35m[WD Proxy]&amp#27;[39m Proxying [GET /screenshot] to [GET http://127.0.0.1:10000/wd/hub/session/dd58c3e8-5f89-4d1c-984c-13f9737734d9/screenshot] with no body
[debug] &amp#27;[35m[WD Proxy]&amp#27;[39m Got response with status 200: {"sessionId":"dd58c3e8-5f89-4d1c-984c-13f9737734d9","value":"iVBORw0KGgoAAAANSUhEUgAABDgAAAhwCAYAAADIu476AAAAAXNSR0IArs4c6QAAAARzQklUCAgI\nCHwIZIgAACAASURBVHic7N15dxPpmTbwqzbtkiXLu40NmMbQQDedDqezvpkkMx8p325OTmYy3Zl0\np6c3oAED3jet1i7V9rx/PKqyBLaRjWW78PU7xwcDllSypXLVVfdz38pf/vIXASIiIiIiIiKiAFMv\negOIiIiIiIiIiN4XAw4iIiIiIiIiCjwGHEREREREREQUeAw4iIiIiIiIiCjwGHAQERERERERUeAx\n4CAiIiIiIiKiwGPAQURERERERESBx4CDiIiIiIiIiAKPAQcRERERERERBR4DDiIiIiIiIiIKPP2i\nN4AulhACQgg0Gg2sr6+jXC7Dtm1EIhGMj49jbm4O4XD4ojeTiIiIiIiI6FgMOK6oSqWCx48fo9ls\nQgjx1v+bpolqtYpXr14BABRFwejoKB48eIBQKHTem0tvEEKg1Wqh0WjANE3Ytg3XdaFpGnRdRzgc\nRiwWQyQSgaIoF725REREREREQ8eA44rZ2dnB48ePDw01jiOEQLFYxN/+9jcYhoHf/va3DDrOmeu6\nqNfrqFarqFaraLVaME0TjuPAdV0IIaAoClRVha7rCIVCiEQiSKfTyGazrMQhIiIiIupRLpdRrVbR\nbrdRrVYP/ZpUKoVIJIJUKoVMJnPOW3h2tra2MDs7O7T7b7VaaLfbR/5/JBJBNBod2uN7GHBcEZ1O\nB19++SVs237v+7IsC0+fPsXDhw/PYMuGq1wuo1KpwHXdE91O0zRkMhkkEgmo6sW3qqnX69jb20O5\nXEar1UKn0xnoOWmahlKphEKhgLGxMQYdRERERHSlbW9vI5fLoVQqDXRuVC6X/c91Xcfo6CgmJiYw\nMzMzzM08U48fP0ar1RpqwLG9...
[debug] &amp#27;[35m[W3C (939183a9)]&amp#27;[39m Responding to client with driver.getScreenshot() result: "iVBORw0KGgoAAAANSUhEUgAABDgAAAhwCAYAAADIu476AAAAAXNSR0IArs4c6QAAAARzQklUCAgI\nCHwIZIgAACAASURBVHic7N15dxPpmTbwqzbtkiXLu40NmMbQQDedDqezvpkkMx8p325OTmYy3Zl0\np6c3oAED3jet1i7V9rx/PKqyBLaRjWW78PU7xwcDllSypXLVVfdz38pf/vIXASIiIiIiIiKiAFMv\negOIiIiIiIiIiN4XAw4iIiIiIiIiCjwGHEREREREREQUeAw4iIiIiIiIiCjwGHAQERERERERUeAx\n4CAiIiIiIiKiwGPAQURERERERESBx4CDiIiIiIiIiAKPAQcRERERERERBR4DDiIiIiIiIiIKPP2i\nN4AulhACQgg0Gg2sr6+jXC7Dtm1EIhGMj49jbm4O4XD4ojeTiIiIiIiI6FgMOK6oSqWCx48fo9ls\nQgjx1v+bpolqtYpXr14BABRFwejoKB48eIBQKHTem0tvEEKg1Wqh0WjANE3Ytg3XdaFpGnRdRzgc\nRiwWQyQSgaIoF725REREREREQ8eA44rZ2dnB48ePDw01jiOEQLFYxN/+9jcYhoHf/va3DDrOmeu6\nqNfrqFarqFaraLVaME0TjuPAdV0IIaAoClRVha7rCIVCiEQiSKfTyGazrMQhIiIiIupRLpdRrVbR\nbrdRrVYP/ZpUKoVIJIJUKoVMJnPOW3h2tra2MDs7O7T7b7VaaLfbR/5/JBJBNBod2uN7GHBcEZ1O\nB19++SVs237v+7IsC0+fPsXDhw/PYMuGq1wuo1KpwHXdE91O0zRkMhkkEgmo6sW3qqnX69jb20O5\nXEar1UKn0xnoOWmahlKphEKhgLGxMQYdRERERHSlbW9vI5fLoVQqDXRuVC6X/c91Xcfo6CgmJiYw\nMzMzzM08U48fP0ar1RpqwLG9ve1X/x9mcXERi4uLQ3t8DwOOK2BlZQXLy8tnep/5fN7/3HXdSxEC\nvKlSqW...
&amp#27;[35m[HTTP]&amp#27;[39m &amp#27;[37m<-- GET /wd/hub/session/939183a9-a922-4fee-90ba-5de5847d3974/screenshot &amp#27;[39m&amp#27;[32m200&amp#27;[39m &amp#27;[90m456 ms - 327444&amp#27;[39m
&amp#27;[35m[HTTP]&amp#27;[39m &amp#27;[90m&amp#27;[39m

************ Ending test : invalidPassword*********/n

************ Starting test : invalidusername*********/n
/Users/shreyas/TDD/TDDFramework
&amp#27;[35m[HTTP]&amp#27;[39m &amp#27;[37m-->&amp#27;[39m &amp#27;[37mGET&amp#27;[39m &amp#27;[37m/wd/hub/session/939183a9-a922-4fee-90ba-5de5847d3974/context&amp#27;[39m
&amp#27;[35m[HTTP]&amp#27;[39m &amp#27;[90m{}&amp#27;[39m
[debug] &amp#27;[35m[W3C (939183a9)]&amp#27;[39m Calling AppiumDriver.getCurrentContext() with args: ["939183a9-a922-4fee-90ba-5de5847d3974"]
[debug] &amp#27;[35m[W3C (939183a9)]&amp#27;[39m Responding to client with driver.getCurrentContext() result: "NATIVE_APP"
&amp#27;[35m[HTTP]&amp#27;[39m &amp#27;[37m<-- GET /wd/hub/session/939183a9-a922-4fee-90ba-5de5847d3974/context &amp#27;[39m&amp#27;[32m200&amp#27;[39m &amp#27;[90m1 ms - 22&amp#27;[39m
&amp#27;[35m[HTTP]&amp#27;[39m &amp#27;[90m&amp#27;[39m
&amp#27;[35m[HTTP]&amp#27;[39m &amp#27;[37m-->&amp#27;[39m &amp#27;[37mPOST&amp#27;[39m &amp#27;[37m/wd/hub/session/939183a9-a922-4fee-90ba-5de5847d3974/element&amp#27;[39m
&amp#27;[35m[HTTP]&amp#27;[39m &amp#27;[90m{"using":"accessibility id","value":"test-Username"}&amp#27;[39m
[debug] &amp#27;[35m[W3C (939183a9)]&amp#27;[39m Calling AppiumDriver.findElement() with args: ["accessibility id","test-Username","939183a9-a922-4fee-90ba-5de5847d3974"]
[debug] &amp#27;[35m[BaseDriver]&amp#27;[39m Valid locator strategies for this request: xpath, id, class name, accessibility id, -android uiautomator
[debug] &amp#27;[35m[BaseDriver]&amp#27;[39m Waiting up to 0 ms for condition
[debug] &amp#27;[35m[WD Proxy]&amp#27;[39m Matched '/element' to command name 'findElement'
[debug] &amp#27;[35m[WD Proxy]&amp#27;[39m Proxying [POST /element] to [POST http://127.0.0.1:10000/wd/hub/session/dd58c3e8-5f89-4d1c-984c-13f9737734d9/element] with body: {"strategy":"accessibility id","selector":"test-Username","context":"","multiple":false}
[debug] &amp#27;[35m[WD Proxy]&amp#27;[39m Got response with status 200: {"sessionId":"dd58c3e8-5f89-4d1c-984c-13f9737734d9","value":{"ELEMENT":"d9a27dd9-235b-4ec6-89e4-9eec0f5f331d","element-6066-11e4-a52e-4f735466cecf":"d9a27dd9-235b-4ec6-89e4-9eec0f5f331d"}}
[debug] &amp#27;[35m[W3C (939183a9)]&amp#27;[39m Responding to client with driver.findElement() result: {"element-6066-11e4-a52e-4f735466cecf":"d9a27dd9-235b-4ec6-89e4-9eec0f5f331d","ELEMENT":"d9a27dd9-235b-4ec6-89e4-9eec0f5f331d"}
&amp#27;[35m[HTTP]&amp#27;[39m &amp#27;[37m<-- POST /wd/hub/session/939183a9-a922-4fee-90ba-5de5847d3974/element &amp#27;[39m&amp#27;[32m200&amp#27;[39m &amp#27;[90m432 ms - 137&amp#27;[39m
&amp#27;[35m[HTTP]&amp#27;[39m &amp#27;[90m&amp#27;[39m
&amp#27;[35m[HTTP]&amp#27;[39m &amp#27;[37m-->&amp#27;[39m &amp#27;[37mPOST&amp#27;[39m &amp#27;[37m/wd/hub/session/939183a9-a922-4fee-90ba-5de5847d3974/element/d9a27dd9-235b-4ec6-89e4-9eec0f5f331d/clear&amp#27;[39m
&amp#27;[35m[HTTP]&amp#27;[39m &amp#27;[90m{"id":"d9a27dd9-235b-4ec6-89e4-9eec0f5f331d"}&amp#27;[39m
[debug] &amp#27;[35m[W3C (939183a9)]&amp#27;[39m Calling AppiumDriver.clear() with args: ["d9a27dd9-235b-4ec6-89e4-9eec0f5f331d","939183a9-a922-4fee-90ba-5de5847d3974"]
[debug] &amp#27;[35m[WD Proxy]&amp#27;[39m Matched '/element/d9a27dd9-235b-4ec6-89e4-9eec0f5f331d/clear' to command name 'clear'
[debug] &amp#27;[35m[WD Proxy]&amp#27;[39m Proxying [POST /element/d9a27dd9-235b-4ec6-89e4-9eec0f5f331d/clear] to [POST http://127.0.0.1:10000/wd/hub/session/dd58c3e8-5f89-4d1c-984c-13f9737734d9/element/d9a27dd9-235b-4ec6-89e4-9eec0f5f331d/clear] with body: {"elementId":"d9a27dd9-235b-4ec6-89e4-9eec0f5f331d"}
[debug] &amp#27;[35m[WD Proxy]&amp#27;[39m Got response with status 200: {"sessionId":"dd58c3e8-5f89-4d1c-984c-13f9737734d9","value":null}
[debug] &amp#27;[35m[W3C (939183a9)]&amp#27;[39m Responding to client with driver.clear() result: null
&amp#27;[35m[HTTP]&amp#27;[39m &amp#27;[37m<-- POST /wd/hub/session/939183a9-a922-4fee-90ba-5de5847d3974/element/d9a27dd9-235b-4ec6-89e4-9eec0f5f331d/clear &amp#27;[39m&amp#27;[32m200&amp#27;[39m &amp#27;[90m16 ms - 14&amp#27;[39m
&amp#27;[35m[HTTP]&amp#27;[39m &amp#27;[90m&amp#27;[39m
&amp#27;[35m[HTTP]&amp#27;[39m &amp#27;[37m-->&amp#27;[39m &amp#27;[37mGET&amp#27;[39m &amp#27;[37m/wd/hub/session/939183a9-a922-4fee-90ba-5de5847d3974/context&amp#27;[39m
&amp#27;[35m[HTTP]&amp#27;[39m &amp#27;[90m{}&amp#27;[39m
[debug] &amp#27;[35m[W3C (939183a9)]&amp#27;[39m Calling AppiumDriver.getCurrentContext() with args: ["939183a9-a922-4fee-90ba-5de5847d3974"]
[debug] &amp#27;[35m[W3C (939183a9)]&amp#27;[39m Responding to client with driver.getCurrentContext() result: "NATIVE_APP"
&amp#27;[35m[HTTP]&amp#27;[39m &amp#27;[37m<-- GET /wd/hub/session/939183a9-a922-4fee-90ba-5de5847d3974/context &amp#27;[39m&amp#27;[32m200&amp#27;[39m &amp#27;[90m1 ms - 22&amp#27;[39m
&amp#27;[35m[HTTP]&amp#27;[39m &amp#27;[90m&amp#27;[39m
&amp#27;[35m[HTTP]&amp#27;[39m &amp#27;[37m-->&amp#27;[39m &amp#27;[37mPOST&amp#27;[39m &amp#27;[37m/wd/hub/session/939183a9-a922-4fee-90ba-5de5847d3974/element&amp#27;[39m
&amp#27;[35m[HTTP]&amp#27;[39m &amp#27;[90m{"using":"accessibility id","value":"test-Username"}&amp#27;[39m
[debug] &amp#27;[35m[W3C (939183a9)]&amp#27;[39m Calling AppiumDriver.findElement() with args: ["accessibility id","test-Username","939183a9-a922-4fee-90ba-5de5847d3974"]
[debug] &amp#27;[35m[BaseDriver]&amp#27;[39m Valid locator strategies for this request: xpath, id, class name, accessibility id, -android uiautomator
[debug] &amp#27;[35m[BaseDriver]&amp#27;[39m Waiting up to 0 ms for condition
[debug] &amp#27;[35m[WD Proxy]&amp#27;[39m Matched '/element' to command name 'findElement'
[debug] &amp#27;[35m[WD Proxy]&amp#27;[39m Proxying [POST /element] to [POST http://127.0.0.1:10000/wd/hub/session/dd58c3e8-5f89-4d1c-984c-13f9737734d9/element] with body: {"strategy":"accessibility id","selector":"test-Username","context":"","multiple":false}
[debug] &amp#27;[35m[WD Proxy]&amp#27;[39m Got response with status 200: {"sessionId":"dd58c3e8-5f89-4d1c-984c-13f9737734d9","value":{"ELEMENT":"33752eb2-9699-4771-9718-fdcc8c33139e","element-6066-11e4-a52e-4f735466cecf":"33752eb2-9699-4771-9718-fdcc8c33139e"}}
[debug] &amp#27;[35m[W3C (939183a9)]&amp#27;[39m Responding to client with driver.findElement() result: {"element-6066-11e4-a52e-4f735466cecf":"33752eb2-9699-4771-9718-fdcc8c33139e","ELEMENT":"33752eb2-9699-4771-9718-fdcc8c33139e"}
&amp#27;[35m[HTTP]&amp#27;[39m &amp#27;[37m<-- POST /wd/hub/session/939183a9-a922-4fee-90ba-5de5847d3974/element &amp#27;[39m&amp#27;[32m200&amp#27;[39m &amp#27;[90m606 ms - 137&amp#27;[39m
&amp#27;[35m[HTTP]&amp#27;[39m &amp#27;[90m&amp#27;[39m
&amp#27;[35m[HTTP]&amp#27;[39m &amp#27;[37m-->&amp#27;[39m &amp#27;[37mGET&amp#27;[39m &amp#27;[37m/wd/hub/session/939183a9-a922-4fee-90ba-5de5847d3974/element/33752eb2-9699-4771-9718-fdcc8c33139e/text&amp#27;[39m
&amp#27;[35m[HTTP]&amp#27;[39m &amp#27;[90m{}&amp#27;[39m
&amp#27;[35m[W3C (939183a9)]&amp#27;[39m Driver proxy active, passing request on via HTTP proxy
[debug] &amp#27;[35m[WD Proxy]&amp#27;[39m Matched '/wd/hub/session/939183a9-a922-4fee-90ba-5de5847d3974/element/33752eb2-9699-4771-9718-fdcc8c33139e/text' to command name 'getText'
[debug] &amp#27;[35m[WD Proxy]&amp#27;[39m Proxying [GET /wd/hub/session/939183a9-a922-4fee-90ba-5de5847d3974/element/33752eb2-9699-4771-9718-fdcc8c33139e/text] to [GET http://127.0.0.1:10000/wd/hub/session/dd58c3e8-5f89-4d1c-984c-13f9737734d9/element/33752eb2-9699-4771-9718-fdcc8c33139e/text] with no body
[debug] &amp#27;[35m[WD Proxy]&amp#27;[39m Got response with status 200: {"sessionId":"dd58c3e8-5f89-4d1c-984c-13f9737734d9","value":"Username"}
&amp#27;[35m[WD Proxy]&amp#27;[39m Replacing sessionId dd58c3e8-5f89-4d1c-984c-13f9737734d9 with 939183a9-a922-4fee-90ba-5de5847d3974
&amp#27;[35m[HTTP]&amp#27;[39m &amp#27;[37m<-- GET /wd/hub/session/939183a9-a922-4fee-90ba-5de5847d3974/element/33752eb2-9699-4771-9718-fdcc8c33139e/text &amp#27;[39m&amp#27;[32m200&amp#27;[39m &amp#27;[90m12 ms - 71&amp#27;[39m
&amp#27;[35m[HTTP]&amp#27;[39m &amp#27;[90m&amp#27;[39m
&amp#27;[35m[HTTP]&amp#27;[39m &amp#27;[37m-->&amp#27;[39m &amp#27;[37mGET&amp#27;[39m &amp#27;[37m/wd/hub/session/939183a9-a922-4fee-90ba-5de5847d3974/context&amp#27;[39m
&amp#27;[35m[HTTP]&amp#27;[39m &amp#27;[90m{}&amp#27;[39m
[debug] &amp#27;[35m[W3C (939183a9)]&amp#27;[39m Calling AppiumDriver.getCurrentContext() with args: ["939183a9-a922-4fee-90ba-5de5847d3974"]
[debug] &amp#27;[35m[W3C (939183a9)]&amp#27;[39m Responding to client with driver.getCurrentContext() result: "NATIVE_APP"
&amp#27;[35m[HTTP]&amp#27;[39m &amp#27;[37m<-- GET /wd/hub/session/939183a9-a922-4fee-90ba-5de5847d3974/context &amp#27;[39m&amp#27;[32m200&amp#27;[39m &amp#27;[90m1 ms - 22&amp#27;[39m
&amp#27;[35m[HTTP]&amp#27;[39m &amp#27;[90m&amp#27;[39m
&amp#27;[35m[HTTP]&amp#27;[39m &amp#27;[37m-->&amp#27;[39m &amp#27;[37mPOST&amp#27;[39m &amp#27;[37m/wd/hub/session/939183a9-a922-4fee-90ba-5de5847d3974/element&amp#27;[39m
&amp#27;[35m[HTTP]&amp#27;[39m &amp#27;[90m{"using":"accessibility id","value":"test-Username"}&amp#27;[39m
[debug] &amp#27;[35m[W3C (939183a9)]&amp#27;[39m Calling AppiumDriver.findElement() with args: ["accessibility id","test-Username","939183a9-a922-4fee-90ba-5de5847d3974"]
[debug] &amp#27;[35m[BaseDriver]&amp#27;[39m Valid locator strategies for this request: xpath, id, class name, accessibility id, -android uiautomator
[debug] &amp#27;[35m[BaseDriver]&amp#27;[39m Waiting up to 0 ms for condition
[debug] &amp#27;[35m[WD Proxy]&amp#27;[39m Matched '/element' to command name 'findElement'
[debug] &amp#27;[35m[WD Proxy]&amp#27;[39m Proxying [POST /element] to [POST http://127.0.0.1:10000/wd/hub/session/dd58c3e8-5f89-4d1c-984c-13f9737734d9/element] with body: {"strategy":"accessibility id","selector":"test-Username","context":"","multiple":false}
[debug] &amp#27;[35m[WD Proxy]&amp#27;[39m Got response with status 200: {"sessionId":"dd58c3e8-5f89-4d1c-984c-13f9737734d9","value":{"ELEMENT":"4b7c4352-795b-4e57-956e-675c7e70dfd5","element-6066-11e4-a52e-4f735466cecf":"4b7c4352-795b-4e57-956e-675c7e70dfd5"}}
[debug] &amp#27;[35m[W3C (939183a9)]&amp#27;[39m Responding to client with driver.findElement() result: {"element-6066-11e4-a52e-4f735466cecf":"4b7c4352-795b-4e57-956e-675c7e70dfd5","ELEMENT":"4b7c4352-795b-4e57-956e-675c7e70dfd5"}
&amp#27;[35m[HTTP]&amp#27;[39m &amp#27;[37m<-- POST /wd/hub/session/939183a9-a922-4fee-90ba-5de5847d3974/element &amp#27;[39m&amp#27;[32m200&amp#27;[39m &amp#27;[90m21 ms - 137&amp#27;[39m
&amp#27;[35m[HTTP]&amp#27;[39m &amp#27;[90m&amp#27;[39m
&amp#27;[35m[HTTP]&amp#27;[39m &amp#27;[37m-->&amp#27;[39m &amp#27;[37mGET&amp#27;[39m &amp#27;[37m/wd/hub/session/939183a9-a922-4fee-90ba-5de5847d3974/element/4b7c4352-795b-4e57-956e-675c7e70dfd5/displayed&amp#27;[39m
&amp#27;[35m[HTTP]&amp#27;[39m &amp#27;[90m{}&amp#27;[39m
[debug] &amp#27;[35m[W3C (939183a9)]&amp#27;[39m Calling AppiumDriver.elementDisplayed() with args: ["4b7c4352-795b-4e57-956e-675c7e70dfd5","939183a9-a922-4fee-90ba-5de5847d3974"]
[debug] &amp#27;[35m[WD Proxy]&amp#27;[39m Matched '/element/4b7c4352-795b-4e57-956e-675c7e70dfd5/attribute/displayed' to command name 'getAttribute'
[debug] &amp#27;[35m[WD Proxy]&amp#27;[39m Proxying [GET /element/4b7c4352-795b-4e57-956e-675c7e70dfd5/attribute/displayed] to [GET http://127.0.0.1:10000/wd/hub/session/dd58c3e8-5f89-4d1c-984c-13f9737734d9/element/4b7c4352-795b-4e57-956e-675c7e70dfd5/attribute/displayed] with no body
[debug] &amp#27;[35m[WD Proxy]&amp#27;[39m Got response with status 200: {"sessionId":"dd58c3e8-5f89-4d1c-984c-13f9737734d9","value":"true"}
[debug] &amp#27;[35m[W3C (939183a9)]&amp#27;[39m Responding to client with driver.elementDisplayed() result: true
&amp#27;[35m[HTTP]&amp#27;[39m &amp#27;[37m<-- GET /wd/hub/session/939183a9-a922-4fee-90ba-5de5847d3974/element/4b7c4352-795b-4e57-956e-675c7e70dfd5/displayed &amp#27;[39m&amp#27;[32m200&amp#27;[39m &amp#27;[90m12 ms - 14&amp#27;[39m
&amp#27;[35m[HTTP]&amp#27;[39m &amp#27;[90m&amp#27;[39m
&amp#27;[35m[HTTP]&amp#27;[39m &amp#27;[37m-->&amp#27;[39m &amp#27;[37mGET&amp#27;[39m &amp#27;[37m/wd/hub/session/939183a9-a922-4fee-90ba-5de5847d3974/context&amp#27;[39m
&amp#27;[35m[HTTP]&amp#27;[39m &amp#27;[90m{}&amp#27;[39m
[debug] &amp#27;[35m[W3C (939183a9)]&amp#27;[39m Calling AppiumDriver.getCurrentContext() with args: ["939183a9-a922-4fee-90ba-5de5847d3974"]
[debug] &amp#27;[35m[W3C (939183a9)]&amp#27;[39m Responding to client with driver.getCurrentContext() result: "NATIVE_APP"
&amp#27;[35m[HTTP]&amp#27;[39m &amp#27;[37m<-- GET /wd/hub/session/939183a9-a922-4fee-90ba-5de5847d3974/context &amp#27;[39m&amp#27;[32m200&amp#27;[39m &amp#27;[90m1 ms - 22&amp#27;[39m
&amp#27;[35m[HTTP]&amp#27;[39m &amp#27;[90m&amp#27;[39m
&amp#27;[35m[HTTP]&amp#27;[39m &amp#27;[37m-->&amp#27;[39m &amp#27;[37mPOST&amp#27;[39m &amp#27;[37m/wd/hub/session/939183a9-a922-4fee-90ba-5de5847d3974/element&amp#27;[39m
&amp#27;[35m[HTTP]&amp#27;[39m &amp#27;[90m{"using":"accessibility id","value":"test-Username"}&amp#27;[39m
[debug] &amp#27;[35m[W3C (939183a9)]&amp#27;[39m Calling AppiumDriver.findElement() with args: ["accessibility id","test-Username","939183a9-a922-4fee-90ba-5de5847d3974"]
[debug] &amp#27;[35m[BaseDriver]&amp#27;[39m Valid locator strategies for this request: xpath, id, class name, accessibility id, -android uiautomator
[debug] &amp#27;[35m[BaseDriver]&amp#27;[39m Waiting up to 0 ms for condition
[debug] &amp#27;[35m[WD Proxy]&amp#27;[39m Matched '/element' to command name 'findElement'
[debug] &amp#27;[35m[WD Proxy]&amp#27;[39m Proxying [POST /element] to [POST http://127.0.0.1:10000/wd/hub/session/dd58c3e8-5f89-4d1c-984c-13f9737734d9/element] with body: {"strategy":"accessibility id","selector":"test-Username","context":"","multiple":false}
[debug] &amp#27;[35m[WD Proxy]&amp#27;[39m Got response with status 200: {"sessionId":"dd58c3e8-5f89-4d1c-984c-13f9737734d9","value":{"ELEMENT":"a7db4f25-9128-4b4d-ace5-5342050be78d","element-6066-11e4-a52e-4f735466cecf":"a7db4f25-9128-4b4d-ace5-5342050be78d"}}
[debug] &amp#27;[35m[W3C (939183a9)]&amp#27;[39m Responding to client with driver.findElement() result: {"element-6066-11e4-a52e-4f735466cecf":"a7db4f25-9128-4b4d-ace5-5342050be78d","ELEMENT":"a7db4f25-9128-4b4d-ace5-5342050be78d"}
&amp#27;[35m[HTTP]&amp#27;[39m &amp#27;[37m<-- POST /wd/hub/session/939183a9-a922-4fee-90ba-5de5847d3974/element &amp#27;[39m&amp#27;[32m200&amp#27;[39m &amp#27;[90m19 ms - 137&amp#27;[39m
&amp#27;[35m[HTTP]&amp#27;[39m &amp#27;[90m&amp#27;[39m
&amp#27;[35m[HTTP]&amp#27;[39m &amp#27;[37m-->&amp#27;[39m &amp#27;[37mGET&amp#27;[39m &amp#27;[37m/wd/hub/session/939183a9-a922-4fee-90ba-5de5847d3974/element/a7db4f25-9128-4b4d-ace5-5342050be78d/text&amp#27;[39m
&amp#27;[35m[HTTP]&amp#27;[39m &amp#27;[90m{}&amp#27;[39m
&amp#27;[35m[W3C (939183a9)]&amp#27;[39m Driver proxy active, passing request on via HTTP proxy
[debug] &amp#27;[35m[WD Proxy]&amp#27;[39m Matched '/wd/hub/session/939183a9-a922-4fee-90ba-5de5847d3974/element/a7db4f25-9128-4b4d-ace5-5342050be78d/text' to command name 'getText'
[debug] &amp#27;[35m[WD Proxy]&amp#27;[39m Proxying [GET /wd/hub/session/939183a9-a922-4fee-90ba-5de5847d3974/element/a7db4f25-9128-4b4d-ace5-5342050be78d/text] to [GET http://127.0.0.1:10000/wd/hub/session/dd58c3e8-5f89-4d1c-984c-13f9737734d9/element/a7db4f25-9128-4b4d-ace5-5342050be78d/text] with no body
[debug] &amp#27;[35m[WD Proxy]&amp#27;[39m Got response with status 200: {"sessionId":"dd58c3e8-5f89-4d1c-984c-13f9737734d9","value":"Username"}
&amp#27;[35m[WD Proxy]&amp#27;[39m Replacing sessionId dd58c3e8-5f89-4d1c-984c-13f9737734d9 with 939183a9-a922-4fee-90ba-5de5847d3974
&amp#27;[35m[HTTP]&amp#27;[39m &amp#27;[37m<-- GET /wd/hub/session/939183a9-a922-4fee-90ba-5de5847d3974/element/a7db4f25-9128-4b4d-ace5-5342050be78d/text &amp#27;[39m&amp#27;[32m200&amp#27;[39m &amp#27;[90m13 ms - 71&amp#27;[39m
&amp#27;[35m[HTTP]&amp#27;[39m &amp#27;[90m&amp#27;[39m
&amp#27;[35m[HTTP]&amp#27;[39m &amp#27;[37m-->&amp#27;[39m &amp#27;[37mGET&amp#27;[39m &amp#27;[37m/wd/hub/session/939183a9-a922-4fee-90ba-5de5847d3974/context&amp#27;[39m
&amp#27;[35m[HTTP]&amp#27;[39m &amp#27;[90m{}&amp#27;[39m
[debug] &amp#27;[35m[W3C (939183a9)]&amp#27;[39m Calling AppiumDriver.getCurrentContext() with args: ["939183a9-a922-4fee-90ba-5de5847d3974"]
[debug] &amp#27;[35m[W3C (939183a9)]&amp#27;[39m Responding to client with driver.getCurrentContext() result: "NATIVE_APP"
&amp#27;[35m[HTTP]&amp#27;[39m &amp#27;[37m<-- GET /wd/hub/session/939183a9-a922-4fee-90ba-5de5847d3974/context &amp#27;[39m&amp#27;[32m200&amp#27;[39m &amp#27;[90m1 ms - 22&amp#27;[39m
&amp#27;[35m[HTTP]&amp#27;[39m &amp#27;[90m&amp#27;[39m
&amp#27;[35m[HTTP]&amp#27;[39m &amp#27;[37m-->&amp#27;[39m &amp#27;[37mPOST&amp#27;[39m &amp#27;[37m/wd/hub/session/939183a9-a922-4fee-90ba-5de5847d3974/element&amp#27;[39m
&amp#27;[35m[HTTP]&amp#27;[39m &amp#27;[90m{"using":"accessibility id","value":"test-Username"}&amp#27;[39m
[debug] &amp#27;[35m[W3C (939183a9)]&amp#27;[39m Calling AppiumDriver.findElement() with args: ["accessibility id","test-Username","939183a9-a922-4fee-90ba-5de5847d3974"]
[debug] &amp#27;[35m[BaseDriver]&amp#27;[39m Valid locator strategies for this request: xpath, id, class name, accessibility id, -android uiautomator
[debug] &amp#27;[35m[BaseDriver]&amp#27;[39m Waiting up to 0 ms for condition
[debug] &amp#27;[35m[WD Proxy]&amp#27;[39m Matched '/element' to command name 'findElement'
[debug] &amp#27;[35m[WD Proxy]&amp#27;[39m Proxying [POST /element] to [POST http://127.0.0.1:10000/wd/hub/session/dd58c3e8-5f89-4d1c-984c-13f9737734d9/element] with body: {"strategy":"accessibility id","selector":"test-Username","context":"","multiple":false}
[debug] &amp#27;[35m[WD Proxy]&amp#27;[39m Got response with status 200: {"sessionId":"dd58c3e8-5f89-4d1c-984c-13f9737734d9","value":{"ELEMENT":"93d20575-5d53-49d9-aa5d-5d9fc896b978","element-6066-11e4-a52e-4f735466cecf":"93d20575-5d53-49d9-aa5d-5d9fc896b978"}}
[debug] &amp#27;[35m[W3C (939183a9)]&amp#27;[39m Responding to client with driver.findElement() result: {"element-6066-11e4-a52e-4f735466cecf":"93d20575-5d53-49d9-aa5d-5d9fc896b978","ELEMENT":"93d20575-5d53-49d9-aa5d-5d9fc896b978"}
&amp#27;[35m[HTTP]&amp#27;[39m &amp#27;[37m<-- POST /wd/hub/session/939183a9-a922-4fee-90ba-5de5847d3974/element &amp#27;[39m&amp#27;[32m200&amp#27;[39m &amp#27;[90m20 ms - 137&amp#27;[39m
&amp#27;[35m[HTTP]&amp#27;[39m &amp#27;[90m&amp#27;[39m
&amp#27;[35m[HTTP]&amp#27;[39m &amp#27;[37m-->&amp#27;[39m &amp#27;[37mPOST&amp#27;[39m &amp#27;[37m/wd/hub/session/939183a9-a922-4fee-90ba-5de5847d3974/element/93d20575-5d53-49d9-aa5d-5d9fc896b978/value&amp#27;[39m
&amp#27;[35m[HTTP]&amp#27;[39m &amp#27;[90m{"id":"93d20575-5d53-49d9-aa5d-5d9fc896b978","text":"invalidusername","value":["i","n","v","a","l","i","d","u","s","e","r","n","a","m","e"]}&amp#27;[39m
[debug] &amp#27;[35m[W3C (939183a9)]&amp#27;[39m Calling AppiumDriver.setValue() with args: [["i","n","v","a","l","i","d","u","s","e","r","n","a","m","e"],"93d20575-5d53-49d9-aa5d-5d9fc896b978","939183a9-a922-4fee-90ba-5de5847d3974"]
[debug] &amp#27;[35m[WD Proxy]&amp#27;[39m Matched '/element/93d20575-5d53-49d9-aa5d-5d9fc896b978/value' to command name 'setValue'
[debug] &amp#27;[35m[Protocol Converter]&amp#27;[39m Added 'value' property ["i","n","v","a","l","i","d","u","s","e","r","n","a","m","e"] to 'setValue' request body
[debug] &amp#27;[35m[WD Proxy]&amp#27;[39m Proxying [POST /element/93d20575-5d53-49d9-aa5d-5d9fc896b978/value] to [POST http://127.0.0.1:10000/wd/hub/session/dd58c3e8-5f89-4d1c-984c-13f9737734d9/element/93d20575-5d53-49d9-aa5d-5d9fc896b978/value] with body: {"elementId":"93d20575-5d53-49d9-aa5d-5d9fc896b978","text":"invalidusername","replace":false,"value":["i","n","v","a","l","i","d","u","s","e","r","n","a","m","e"]}
[debug] &amp#27;[35m[WD Proxy]&amp#27;[39m Got response with status 200: {"sessionId":"dd58c3e8-5f89-4d1c-984c-13f9737734d9","value":null}
[debug] &amp#27;[35m[W3C (939183a9)]&amp#27;[39m Responding to client with driver.setValue() result: null
&amp#27;[35m[HTTP]&amp#27;[39m &amp#27;[37m<-- POST /wd/hub/session/939183a9-a922-4fee-90ba-5de5847d3974/element/93d20575-5d53-49d9-aa5d-5d9fc896b978/value &amp#27;[39m&amp#27;[32m200&amp#27;[39m &amp#27;[90m530 ms - 14&amp#27;[39m
&amp#27;[35m[HTTP]&amp#27;[39m &amp#27;[90m&amp#27;[39m
&amp#27;[35m[HTTP]&amp#27;[39m &amp#27;[37m-->&amp#27;[39m &amp#27;[37mGET&amp#27;[39m &amp#27;[37m/wd/hub/session/939183a9-a922-4fee-90ba-5de5847d3974/context&amp#27;[39m
&amp#27;[35m[HTTP]&amp#27;[39m &amp#27;[90m{}&amp#27;[39m
[debug] &amp#27;[35m[W3C (939183a9)]&amp#27;[39m Calling AppiumDriver.getCurrentContext() with args: ["939183a9-a922-4fee-90ba-5de5847d3974"]
[debug] &amp#27;[35m[W3C (939183a9)]&amp#27;[39m Responding to client with driver.getCurrentContext() result: "NATIVE_APP"
&amp#27;[35m[HTTP]&amp#27;[39m &amp#27;[37m<-- GET /wd/hub/session/939183a9-a922-4fee-90ba-5de5847d3974/context &amp#27;[39m&amp#27;[32m200&amp#27;[39m &amp#27;[90m1 ms - 22&amp#27;[39m
&amp#27;[35m[HTTP]&amp#27;[39m &amp#27;[90m&amp#27;[39m
&amp#27;[35m[HTTP]&amp#27;[39m &amp#27;[37m-->&amp#27;[39m &amp#27;[37mPOST&amp#27;[39m &amp#27;[37m/wd/hub/session/939183a9-a922-4fee-90ba-5de5847d3974/element&amp#27;[39m
&amp#27;[35m[HTTP]&amp#27;[39m &amp#27;[90m{"using":"accessibility id","value":"test-Username"}&amp#27;[39m
[debug] &amp#27;[35m[W3C (939183a9)]&amp#27;[39m Calling AppiumDriver.findElement() with args: ["accessibility id","test-Username","939183a9-a922-4fee-90ba-5de5847d3974"]
[debug] &amp#27;[35m[BaseDriver]&amp#27;[39m Valid locator strategies for this request: xpath, id, class name, accessibility id, -android uiautomator
[debug] &amp#27;[35m[BaseDriver]&amp#27;[39m Waiting up to 0 ms for condition
[debug] &amp#27;[35m[WD Proxy]&amp#27;[39m Matched '/element' to command name 'findElement'
[debug] &amp#27;[35m[WD Proxy]&amp#27;[39m Proxying [POST /element] to [POST http://127.0.0.1:10000/wd/hub/session/dd58c3e8-5f89-4d1c-984c-13f9737734d9/element] with body: {"strategy":"accessibility id","selector":"test-Username","context":"","multiple":false}
[debug] &amp#27;[35m[WD Proxy]&amp#27;[39m Got response with status 200: {"sessionId":"dd58c3e8-5f89-4d1c-984c-13f9737734d9","value":{"ELEMENT":"3d4d8a7a-32b2-439f-bb85-f0c5b1e8680b","element-6066-11e4-a52e-4f735466cecf":"3d4d8a7a-32b2-439f-bb85-f0c5b1e8680b"}}
[debug] &amp#27;[35m[W3C (939183a9)]&amp#27;[39m Responding to client with driver.findElement() result: {"element-6066-11e4-a52e-4f735466cecf":"3d4d8a7a-32b2-439f-bb85-f0c5b1e8680b","ELEMENT":"3d4d8a7a-32b2-439f-bb85-f0c5b1e8680b"}
&amp#27;[35m[HTTP]&amp#27;[39m &amp#27;[37m<-- POST /wd/hub/session/939183a9-a922-4fee-90ba-5de5847d3974/element &amp#27;[39m&amp#27;[32m200&amp#27;[39m &amp#27;[90m505 ms - 137&amp#27;[39m
&amp#27;[35m[HTTP]&amp#27;[39m &amp#27;[90m&amp#27;[39m
&amp#27;[35m[HTTP]&amp#27;[39m &amp#27;[37m-->&amp#27;[39m &amp#27;[37mGET&amp#27;[39m &amp#27;[37m/wd/hub/session/939183a9-a922-4fee-90ba-5de5847d3974/element/3d4d8a7a-32b2-439f-bb85-f0c5b1e8680b/text&amp#27;[39m
&amp#27;[35m[HTTP]&amp#27;[39m &amp#27;[90m{}&amp#27;[39m
&amp#27;[35m[W3C (939183a9)]&amp#27;[39m Driver proxy active, passing request on via HTTP proxy
[debug] &amp#27;[35m[WD Proxy]&amp#27;[39m Matched '/wd/hub/session/939183a9-a922-4fee-90ba-5de5847d3974/element/3d4d8a7a-32b2-439f-bb85-f0c5b1e8680b/text' to command name 'getText'
[debug] &amp#27;[35m[WD Proxy]&amp#27;[39m Proxying [GET /wd/hub/session/939183a9-a922-4fee-90ba-5de5847d3974/element/3d4d8a7a-32b2-439f-bb85-f0c5b1e8680b/text] to [GET http://127.0.0.1:10000/wd/hub/session/dd58c3e8-5f89-4d1c-984c-13f9737734d9/element/3d4d8a7a-32b2-439f-bb85-f0c5b1e8680b/text] with no body
[debug] &amp#27;[35m[WD Proxy]&amp#27;[39m Got response with status 200: {"sessionId":"dd58c3e8-5f89-4d1c-984c-13f9737734d9","value":"invalidusername"}
&amp#27;[35m[WD Proxy]&amp#27;[39m Replacing sessionId dd58c3e8-5f89-4d1c-984c-13f9737734d9 with 939183a9-a922-4fee-90ba-5de5847d3974
&amp#27;[35m[HTTP]&amp#27;[39m &amp#27;[37m<-- GET /wd/hub/session/939183a9-a922-4fee-90ba-5de5847d3974/element/3d4d8a7a-32b2-439f-bb85-f0c5b1e8680b/text &amp#27;[39m&amp#27;[32m200&amp#27;[39m &amp#27;[90m10 ms - 78&amp#27;[39m
&amp#27;[35m[HTTP]&amp#27;[39m &amp#27;[90m&amp#27;[39m
&amp#27;[35m[HTTP]&amp#27;[39m &amp#27;[37m-->&amp#27;[39m &amp#27;[37mGET&amp#27;[39m &amp#27;[37m/wd/hub/session/939183a9-a922-4fee-90ba-5de5847d3974/context&amp#27;[39m
&amp#27;[35m[HTTP]&amp#27;[39m &amp#27;[90m{}&amp#27;[39m
[debug] &amp#27;[35m[W3C (939183a9)]&amp#27;[39m Calling AppiumDriver.getCurrentContext() with args: ["939183a9-a922-4fee-90ba-5de5847d3974"]
[debug] &amp#27;[35m[W3C (939183a9)]&amp#27;[39m Responding to client with driver.getCurrentContext() result: "NATIVE_APP"
&amp#27;[35m[HTTP]&amp#27;[39m &amp#27;[37m<-- GET /wd/hub/session/939183a9-a922-4fee-90ba-5de5847d3974/context &amp#27;[39m&amp#27;[32m200&amp#27;[39m &amp#27;[90m1 ms - 22&amp#27;[39m
&amp#27;[35m[HTTP]&amp#27;[39m &amp#27;[90m&amp#27;[39m
&amp#27;[35m[HTTP]&amp#27;[39m &amp#27;[37m-->&amp#27;[39m &amp#27;[37mPOST&amp#27;[39m &amp#27;[37m/wd/hub/session/939183a9-a922-4fee-90ba-5de5847d3974/element&amp#27;[39m
&amp#27;[35m[HTTP]&amp#27;[39m &amp#27;[90m{"using":"accessibility id","value":"test-Password"}&amp#27;[39m
[debug] &amp#27;[35m[W3C (939183a9)]&amp#27;[39m Calling AppiumDriver.findElement() with args: ["accessibility id","test-Password","939183a9-a922-4fee-90ba-5de5847d3974"]
[debug] &amp#27;[35m[BaseDriver]&amp#27;[39m Valid locator strategies for this request: xpath, id, class name, accessibility id, -android uiautomator
[debug] &amp#27;[35m[BaseDriver]&amp#27;[39m Waiting up to 0 ms for condition
[debug] &amp#27;[35m[WD Proxy]&amp#27;[39m Matched '/element' to command name 'findElement'
[debug] &amp#27;[35m[WD Proxy]&amp#27;[39m Proxying [POST /element] to [POST http://127.0.0.1:10000/wd/hub/session/dd58c3e8-5f89-4d1c-984c-13f9737734d9/element] with body: {"strategy":"accessibility id","selector":"test-Password","context":"","multiple":false}
[debug] &amp#27;[35m[WD Proxy]&amp#27;[39m Got response with status 200: {"sessionId":"dd58c3e8-5f89-4d1c-984c-13f9737734d9","value":{"ELEMENT":"27372417-b978-4ca2-9622-ee526d6df470","element-6066-11e4-a52e-4f735466cecf":"27372417-b978-4ca2-9622-ee526d6df470"}}
[debug] &amp#27;[35m[W3C (939183a9)]&amp#27;[39m Responding to client with driver.findElement() result: {"element-6066-11e4-a52e-4f735466cecf":"27372417-b978-4ca2-9622-ee526d6df470","ELEMENT":"27372417-b978-4ca2-9622-ee526d6df470"}
&amp#27;[35m[HTTP]&amp#27;[39m &amp#27;[37m<-- POST /wd/hub/session/939183a9-a922-4fee-90ba-5de5847d3974/element &amp#27;[39m&amp#27;[32m200&amp#27;[39m &amp#27;[90m20 ms - 137&amp#27;[39m
&amp#27;[35m[HTTP]&amp#27;[39m &amp#27;[90m&amp#27;[39m
&amp#27;[35m[HTTP]&amp#27;[39m &amp#27;[37m-->&amp#27;[39m &amp#27;[37mPOST&amp#27;[39m &amp#27;[37m/wd/hub/session/939183a9-a922-4fee-90ba-5de5847d3974/element/27372417-b978-4ca2-9622-ee526d6df470/clear&amp#27;[39m
&amp#27;[35m[HTTP]&amp#27;[39m &amp#27;[90m{"id":"27372417-b978-4ca2-9622-ee526d6df470"}&amp#27;[39m
[debug] &amp#27;[35m[W3C (939183a9)]&amp#27;[39m Calling AppiumDriver.clear() with args: ["27372417-b978-4ca2-9622-ee526d6df470","939183a9-a922-4fee-90ba-5de5847d3974"]
[debug] &amp#27;[35m[WD Proxy]&amp#27;[39m Matched '/element/27372417-b978-4ca2-9622-ee526d6df470/clear' to command name 'clear'
[debug] &amp#27;[35m[WD Proxy]&amp#27;[39m Proxying [POST /element/27372417-b978-4ca2-9622-ee526d6df470/clear] to [POST http://127.0.0.1:10000/wd/hub/session/dd58c3e8-5f89-4d1c-984c-13f9737734d9/element/27372417-b978-4ca2-9622-ee526d6df470/clear] with body: {"elementId":"27372417-b978-4ca2-9622-ee526d6df470"}
[debug] &amp#27;[35m[WD Proxy]&amp#27;[39m Got response with status 200: {"sessionId":"dd58c3e8-5f89-4d1c-984c-13f9737734d9","value":null}
[debug] &amp#27;[35m[W3C (939183a9)]&amp#27;[39m Responding to client with driver.clear() result: null
&amp#27;[35m[HTTP]&amp#27;[39m &amp#27;[37m<-- POST /wd/hub/session/939183a9-a922-4fee-90ba-5de5847d3974/element/27372417-b978-4ca2-9622-ee526d6df470/clear &amp#27;[39m&amp#27;[32m200&amp#27;[39m &amp#27;[90m16 ms - 14&amp#27;[39m
&amp#27;[35m[HTTP]&amp#27;[39m &amp#27;[90m&amp#27;[39m
&amp#27;[35m[HTTP]&amp#27;[39m &amp#27;[37m-->&amp#27;[39m &amp#27;[37mGET&amp#27;[39m &amp#27;[37m/wd/hub/session/939183a9-a922-4fee-90ba-5de5847d3974/context&amp#27;[39m
&amp#27;[35m[HTTP]&amp#27;[39m &amp#27;[90m{}&amp#27;[39m
[debug] &amp#27;[35m[W3C (939183a9)]&amp#27;[39m Calling AppiumDriver.getCurrentContext() with args: ["939183a9-a922-4fee-90ba-5de5847d3974"]
[debug] &amp#27;[35m[W3C (939183a9)]&amp#27;[39m Responding to client with driver.getCurrentContext() result: "NATIVE_APP"
&amp#27;[35m[HTTP]&amp#27;[39m &amp#27;[37m<-- GET /wd/hub/session/939183a9-a922-4fee-90ba-5de5847d3974/context &amp#27;[39m&amp#27;[32m200&amp#27;[39m &amp#27;[90m1 ms - 22&amp#27;[39m
&amp#27;[35m[HTTP]&amp#27;[39m &amp#27;[90m&amp#27;[39m
&amp#27;[35m[HTTP]&amp#27;[39m &amp#27;[37m-->&amp#27;[39m &amp#27;[37mPOST&amp#27;[39m &amp#27;[37m/wd/hub/session/939183a9-a922-4fee-90ba-5de5847d3974/element&amp#27;[39m
&amp#27;[35m[HTTP]&amp#27;[39m &amp#27;[90m{"using":"accessibility id","value":"test-Password"}&amp#27;[39m
[debug] &amp#27;[35m[W3C (939183a9)]&amp#27;[39m Calling AppiumDriver.findElement() with args: ["accessibility id","test-Password","939183a9-a922-4fee-90ba-5de5847d3974"]
[debug] &amp#27;[35m[BaseDriver]&amp#27;[39m Valid locator strategies for this request: xpath, id, class name, accessibility id, -android uiautomator
[debug] &amp#27;[35m[BaseDriver]&amp#27;[39m Waiting up to 0 ms for condition
[debug] &amp#27;[35m[WD Proxy]&amp#27;[39m Matched '/element' to command name 'findElement'
[debug] &amp#27;[35m[WD Proxy]&amp#27;[39m Proxying [POST /element] to [POST http://127.0.0.1:10000/wd/hub/session/dd58c3e8-5f89-4d1c-984c-13f9737734d9/element] with body: {"strategy":"accessibility id","selector":"test-Password","context":"","multiple":false}
[debug] &amp#27;[35m[WD Proxy]&amp#27;[39m Got response with status 200: {"sessionId":"dd58c3e8-5f89-4d1c-984c-13f9737734d9","value":{"ELEMENT":"5704d35b-9632-401a-9792-d40c5e7b6a5a","element-6066-11e4-a52e-4f735466cecf":"5704d35b-9632-401a-9792-d40c5e7b6a5a"}}
[debug] &amp#27;[35m[W3C (939183a9)]&amp#27;[39m Responding to client with driver.findElement() result: {"element-6066-11e4-a52e-4f735466cecf":"5704d35b-9632-401a-9792-d40c5e7b6a5a","ELEMENT":"5704d35b-9632-401a-9792-d40c5e7b6a5a"}
&amp#27;[35m[HTTP]&amp#27;[39m &amp#27;[37m<-- POST /wd/hub/session/939183a9-a922-4fee-90ba-5de5847d3974/element &amp#27;[39m&amp#27;[32m200&amp#27;[39m &amp#27;[90m27 ms - 137&amp#27;[39m
&amp#27;[35m[HTTP]&amp#27;[39m &amp#27;[90m&amp#27;[39m
&amp#27;[35m[HTTP]&amp#27;[39m &amp#27;[37m-->&amp#27;[39m &amp#27;[37mGET&amp#27;[39m &amp#27;[37m/wd/hub/session/939183a9-a922-4fee-90ba-5de5847d3974/element/5704d35b-9632-401a-9792-d40c5e7b6a5a/text&amp#27;[39m
&amp#27;[35m[HTTP]&amp#27;[39m &amp#27;[90m{}&amp#27;[39m
&amp#27;[35m[W3C (939183a9)]&amp#27;[39m Driver proxy active, passing request on via HTTP proxy
[debug] &amp#27;[35m[WD Proxy]&amp#27;[39m Matched '/wd/hub/session/939183a9-a922-4fee-90ba-5de5847d3974/element/5704d35b-9632-401a-9792-d40c5e7b6a5a/text' to command name 'getText'
[debug] &amp#27;[35m[WD Proxy]&amp#27;[39m Proxying [GET /wd/hub/session/939183a9-a922-4fee-90ba-5de5847d3974/element/5704d35b-9632-401a-9792-d40c5e7b6a5a/text] to [GET http://127.0.0.1:10000/wd/hub/session/dd58c3e8-5f89-4d1c-984c-13f9737734d9/element/5704d35b-9632-401a-9792-d40c5e7b6a5a/text] with no body
[debug] &amp#27;[35m[WD Proxy]&amp#27;[39m Got response with status 200: {"sessionId":"dd58c3e8-5f89-4d1c-984c-13f9737734d9","value":"Password"}
&amp#27;[35m[WD Proxy]&amp#27;[39m Replacing sessionId dd58c3e8-5f89-4d1c-984c-13f9737734d9 with 939183a9-a922-4fee-90ba-5de5847d3974
&amp#27;[35m[HTTP]&amp#27;[39m &amp#27;[37m<-- GET /wd/hub/session/939183a9-a922-4fee-90ba-5de5847d3974/element/5704d35b-9632-401a-9792-d40c5e7b6a5a/text &amp#27;[39m&amp#27;[32m200&amp#27;[39m &amp#27;[90m470 ms - 71&amp#27;[39m
&amp#27;[35m[HTTP]&amp#27;[39m &amp#27;[90m&amp#27;[39m
&amp#27;[35m[HTTP]&amp#27;[39m &amp#27;[37m-->&amp#27;[39m &amp#27;[37mGET&amp#27;[39m &amp#27;[37m/wd/hub/session/939183a9-a922-4fee-90ba-5de5847d3974/context&amp#27;[39m
&amp#27;[35m[HTTP]&amp#27;[39m &amp#27;[90m{}&amp#27;[39m
[debug] &amp#27;[35m[W3C (939183a9)]&amp#27;[39m Calling AppiumDriver.getCurrentContext() with args: ["939183a9-a922-4fee-90ba-5de5847d3974"]
[debug] &amp#27;[35m[W3C (939183a9)]&amp#27;[39m Responding to client with driver.getCurrentContext() result: "NATIVE_APP"
&amp#27;[35m[HTTP]&amp#27;[39m &amp#27;[37m<-- GET /wd/hub/session/939183a9-a922-4fee-90ba-5de5847d3974/context &amp#27;[39m&amp#27;[32m200&amp#27;[39m &amp#27;[90m1 ms - 22&amp#27;[39m
&amp#27;[35m[HTTP]&amp#27;[39m &amp#27;[90m&amp#27;[39m
&amp#27;[35m[HTTP]&amp#27;[39m &amp#27;[37m-->&amp#27;[39m &amp#27;[37mPOST&amp#27;[39m &amp#27;[37m/wd/hub/session/939183a9-a922-4fee-90ba-5de5847d3974/element&amp#27;[39m
&amp#27;[35m[HTTP]&amp#27;[39m &amp#27;[90m{"using":"accessibility id","value":"test-Password"}&amp#27;[39m
[debug] &amp#27;[35m[W3C (939183a9)]&amp#27;[39m Calling AppiumDriver.findElement() with args: ["accessibility id","test-Password","939183a9-a922-4fee-90ba-5de5847d3974"]
[debug] &amp#27;[35m[BaseDriver]&amp#27;[39m Valid locator strategies for this request: xpath, id, class name, accessibility id, -android uiautomator
[debug] &amp#27;[35m[BaseDriver]&amp#27;[39m Waiting up to 0 ms for condition
[debug] &amp#27;[35m[WD Proxy]&amp#27;[39m Matched '/element' to command name 'findElement'
[debug] &amp#27;[35m[WD Proxy]&amp#27;[39m Proxying [POST /element] to [POST http://127.0.0.1:10000/wd/hub/session/dd58c3e8-5f89-4d1c-984c-13f9737734d9/element] with body: {"strategy":"accessibility id","selector":"test-Password","context":"","multiple":false}
[debug] &amp#27;[35m[WD Proxy]&amp#27;[39m Got response with status 200: {"sessionId":"dd58c3e8-5f89-4d1c-984c-13f9737734d9","value":{"ELEMENT":"dd80acef-03c6-44b1-aec7-0fde5aa90440","element-6066-11e4-a52e-4f735466cecf":"dd80acef-03c6-44b1-aec7-0fde5aa90440"}}
[debug] &amp#27;[35m[W3C (939183a9)]&amp#27;[39m Responding to client with driver.findElement() result: {"element-6066-11e4-a52e-4f735466cecf":"dd80acef-03c6-44b1-aec7-0fde5aa90440","ELEMENT":"dd80acef-03c6-44b1-aec7-0fde5aa90440"}
&amp#27;[35m[HTTP]&amp#27;[39m &amp#27;[37m<-- POST /wd/hub/session/939183a9-a922-4fee-90ba-5de5847d3974/element &amp#27;[39m&amp#27;[32m200&amp#27;[39m &amp#27;[90m18 ms - 137&amp#27;[39m
&amp#27;[35m[HTTP]&amp#27;[39m &amp#27;[90m&amp#27;[39m
&amp#27;[35m[HTTP]&amp#27;[39m &amp#27;[37m-->&amp#27;[39m &amp#27;[37mGET&amp#27;[39m &amp#27;[37m/wd/hub/session/939183a9-a922-4fee-90ba-5de5847d3974/element/dd80acef-03c6-44b1-aec7-0fde5aa90440/displayed&amp#27;[39m
&amp#27;[35m[HTTP]&amp#27;[39m &amp#27;[90m{}&amp#27;[39m
[debug] &amp#27;[35m[W3C (939183a9)]&amp#27;[39m Calling AppiumDriver.elementDisplayed() with args: ["dd80acef-03c6-44b1-aec7-0fde5aa90440","939183a9-a922-4fee-90ba-5de5847d3974"]
[debug] &amp#27;[35m[WD Proxy]&amp#27;[39m Matched '/element/dd80acef-03c6-44b1-aec7-0fde5aa90440/attribute/displayed' to command name 'getAttribute'
[debug] &amp#27;[35m[WD Proxy]&amp#27;[39m Proxying [GET /element/dd80acef-03c6-44b1-aec7-0fde5aa90440/attribute/displayed] to [GET http://127.0.0.1:10000/wd/hub/session/dd58c3e8-5f89-4d1c-984c-13f9737734d9/element/dd80acef-03c6-44b1-aec7-0fde5aa90440/attribute/displayed] with no body
[debug] &amp#27;[35m[WD Proxy]&amp#27;[39m Got response with status 200: {"sessionId":"dd58c3e8-5f89-4d1c-984c-13f9737734d9","value":"true"}
[debug] &amp#27;[35m[W3C (939183a9)]&amp#27;[39m Responding to client with driver.elementDisplayed() result: true
&amp#27;[35m[HTTP]&amp#27;[39m &amp#27;[37m<-- GET /wd/hub/session/939183a9-a922-4fee-90ba-5de5847d3974/element/dd80acef-03c6-44b1-aec7-0fde5aa90440/displayed &amp#27;[39m&amp#27;[32m200&amp#27;[39m &amp#27;[90m13 ms - 14&amp#27;[39m
&amp#27;[35m[HTTP]&amp#27;[39m &amp#27;[90m&amp#27;[39m
&amp#27;[35m[HTTP]&amp#27;[39m &amp#27;[37m-->&amp#27;[39m &amp#27;[37mGET&amp#27;[39m &amp#27;[37m/wd/hub/session/939183a9-a922-4fee-90ba-5de5847d3974/context&amp#27;[39m
&amp#27;[35m[HTTP]&amp#27;[39m &amp#27;[90m{}&amp#27;[39m
[debug] &amp#27;[35m[W3C (939183a9)]&amp#27;[39m Calling AppiumDriver.getCurrentContext() with args: ["939183a9-a922-4fee-90ba-5de5847d3974"]
[debug] &amp#27;[35m[W3C (939183a9)]&amp#27;[39m Responding to client with driver.getCurrentContext() result: "NATIVE_APP"
&amp#27;[35m[HTTP]&amp#27;[39m &amp#27;[37m<-- GET /wd/hub/session/939183a9-a922-4fee-90ba-5de5847d3974/context &amp#27;[39m&amp#27;[32m200&amp#27;[39m &amp#27;[90m1 ms - 22&amp#27;[39m
&amp#27;[35m[HTTP]&amp#27;[39m &amp#27;[90m&amp#27;[39m
&amp#27;[35m[HTTP]&amp#27;[39m &amp#27;[37m-->&amp#27;[39m &amp#27;[37mPOST&amp#27;[39m &amp#27;[37m/wd/hub/session/939183a9-a922-4fee-90ba-5de5847d3974/element&amp#27;[39m
&amp#27;[35m[HTTP]&amp#27;[39m &amp#27;[90m{"using":"accessibility id","value":"test-Password"}&amp#27;[39m
[debug] &amp#27;[35m[W3C (939183a9)]&amp#27;[39m Calling AppiumDriver.findElement() with args: ["accessibility id","test-Password","939183a9-a922-4fee-90ba-5de5847d3974"]
[debug] &amp#27;[35m[BaseDriver]&amp#27;[39m Valid locator strategies for this request: xpath, id, class name, accessibility id, -android uiautomator
[debug] &amp#27;[35m[BaseDriver]&amp#27;[39m Waiting up to 0 ms for condition
[debug] &amp#27;[35m[WD Proxy]&amp#27;[39m Matched '/element' to command name 'findElement'
[debug] &amp#27;[35m[WD Proxy]&amp#27;[39m Proxying [POST /element] to [POST http://127.0.0.1:10000/wd/hub/session/dd58c3e8-5f89-4d1c-984c-13f9737734d9/element] with body: {"strategy":"accessibility id","selector":"test-Password","context":"","multiple":false}
[debug] &amp#27;[35m[WD Proxy]&amp#27;[39m Got response with status 200: {"sessionId":"dd58c3e8-5f89-4d1c-984c-13f9737734d9","value":{"ELEMENT":"084f5c85-9d45-4e11-94e6-ead3649b8bd4","element-6066-11e4-a52e-4f735466cecf":"084f5c85-9d45-4e11-94e6-ead3649b8bd4"}}
[debug] &amp#27;[35m[W3C (939183a9)]&amp#27;[39m Responding to client with driver.findElement() result: {"element-6066-11e4-a52e-4f735466cecf":"084f5c85-9d45-4e11-94e6-ead3649b8bd4","ELEMENT":"084f5c85-9d45-4e11-94e6-ead3649b8bd4"}
&amp#27;[35m[HTTP]&amp#27;[39m &amp#27;[37m<-- POST /wd/hub/session/939183a9-a922-4fee-90ba-5de5847d3974/element &amp#27;[39m&amp#27;[32m200&amp#27;[39m &amp#27;[90m22 ms - 137&amp#27;[39m
&amp#27;[35m[HTTP]&amp#27;[39m &amp#27;[90m&amp#27;[39m
&amp#27;[35m[HTTP]&amp#27;[39m &amp#27;[37m-->&amp#27;[39m &amp#27;[37mGET&amp#27;[39m &amp#27;[37m/wd/hub/session/939183a9-a922-4fee-90ba-5de5847d3974/element/084f5c85-9d45-4e11-94e6-ead3649b8bd4/text&amp#27;[39m
&amp#27;[35m[HTTP]&amp#27;[39m &amp#27;[90m{}&amp#27;[39m
&amp#27;[35m[W3C (939183a9)]&amp#27;[39m Driver proxy active, passing request on via HTTP proxy
[debug] &amp#27;[35m[WD Proxy]&amp#27;[39m Matched '/wd/hub/session/939183a9-a922-4fee-90ba-5de5847d3974/element/084f5c85-9d45-4e11-94e6-ead3649b8bd4/text' to command name 'getText'
[debug] &amp#27;[35m[WD Proxy]&amp#27;[39m Proxying [GET /wd/hub/session/939183a9-a922-4fee-90ba-5de5847d3974/element/084f5c85-9d45-4e11-94e6-ead3649b8bd4/text] to [GET http://127.0.0.1:10000/wd/hub/session/dd58c3e8-5f89-4d1c-984c-13f9737734d9/element/084f5c85-9d45-4e11-94e6-ead3649b8bd4/text] with no body
[debug] &amp#27;[35m[WD Proxy]&amp#27;[39m Got response with status 200: {"sessionId":"dd58c3e8-5f89-4d1c-984c-13f9737734d9","value":"Password"}
&amp#27;[35m[WD Proxy]&amp#27;[39m Replacing sessionId dd58c3e8-5f89-4d1c-984c-13f9737734d9 with 939183a9-a922-4fee-90ba-5de5847d3974
&amp#27;[35m[HTTP]&amp#27;[39m &amp#27;[37m<-- GET /wd/hub/session/939183a9-a922-4fee-90ba-5de5847d3974/element/084f5c85-9d45-4e11-94e6-ead3649b8bd4/text &amp#27;[39m&amp#27;[32m200&amp#27;[39m &amp#27;[90m13 ms - 71&amp#27;[39m
&amp#27;[35m[HTTP]&amp#27;[39m &amp#27;[90m&amp#27;[39m
&amp#27;[35m[HTTP]&amp#27;[39m &amp#27;[37m-->&amp#27;[39m &amp#27;[37mGET&amp#27;[39m &amp#27;[37m/wd/hub/session/939183a9-a922-4fee-90ba-5de5847d3974/context&amp#27;[39m
&amp#27;[35m[HTTP]&amp#27;[39m &amp#27;[90m{}&amp#27;[39m
[debug] &amp#27;[35m[W3C (939183a9)]&amp#27;[39m Calling AppiumDriver.getCurrentContext() with args: ["939183a9-a922-4fee-90ba-5de5847d3974"]
[debug] &amp#27;[35m[W3C (939183a9)]&amp#27;[39m Responding to client with driver.getCurrentContext() result: "NATIVE_APP"
&amp#27;[35m[HTTP]&amp#27;[39m &amp#27;[37m<-- GET /wd/hub/session/939183a9-a922-4fee-90ba-5de5847d3974/context &amp#27;[39m&amp#27;[32m200&amp#27;[39m &amp#27;[90m1 ms - 22&amp#27;[39m
&amp#27;[35m[HTTP]&amp#27;[39m &amp#27;[90m&amp#27;[39m
&amp#27;[35m[HTTP]&amp#27;[39m &amp#27;[37m-->&amp#27;[39m &amp#27;[37mPOST&amp#27;[39m &amp#27;[37m/wd/hub/session/939183a9-a922-4fee-90ba-5de5847d3974/element&amp#27;[39m
&amp#27;[35m[HTTP]&amp#27;[39m &amp#27;[90m{"using":"accessibility id","value":"test-Password"}&amp#27;[39m
[debug] &amp#27;[35m[W3C (939183a9)]&amp#27;[39m Calling AppiumDriver.findElement() with args: ["accessibility id","test-Password","939183a9-a922-4fee-90ba-5de5847d3974"]
[debug] &amp#27;[35m[BaseDriver]&amp#27;[39m Valid locator strategies for this request: xpath, id, class name, accessibility id, -android uiautomator
[debug] &amp#27;[35m[BaseDriver]&amp#27;[39m Waiting up to 0 ms for condition
[debug] &amp#27;[35m[WD Proxy]&amp#27;[39m Matched '/element' to command name 'findElement'
[debug] &amp#27;[35m[WD Proxy]&amp#27;[39m Proxying [POST /element] to [POST http://127.0.0.1:10000/wd/hub/session/dd58c3e8-5f89-4d1c-984c-13f9737734d9/element] with body: {"strategy":"accessibility id","selector":"test-Password","context":"","multiple":false}
[debug] &amp#27;[35m[WD Proxy]&amp#27;[39m Got response with status 200: {"sessionId":"dd58c3e8-5f89-4d1c-984c-13f9737734d9","value":{"ELEMENT":"8c93adbf-7020-4742-8c36-f62f750208df","element-6066-11e4-a52e-4f735466cecf":"8c93adbf-7020-4742-8c36-f62f750208df"}}
[debug] &amp#27;[35m[W3C (939183a9)]&amp#27;[39m Responding to client with driver.findElement() result: {"element-6066-11e4-a52e-4f735466cecf":"8c93adbf-7020-4742-8c36-f62f750208df","ELEMENT":"8c93adbf-7020-4742-8c36-f62f750208df"}
&amp#27;[35m[HTTP]&amp#27;[39m &amp#27;[37m<-- POST /wd/hub/session/939183a9-a922-4fee-90ba-5de5847d3974/element &amp#27;[39m&amp#27;[32m200&amp#27;[39m &amp#27;[90m20 ms - 137&amp#27;[39m
&amp#27;[35m[HTTP]&amp#27;[39m &amp#27;[90m&amp#27;[39m
&amp#27;[35m[HTTP]&amp#27;[39m &amp#27;[37m-->&amp#27;[39m &amp#27;[37mPOST&amp#27;[39m &amp#27;[37m/wd/hub/session/939183a9-a922-4fee-90ba-5de5847d3974/element/8c93adbf-7020-4742-8c36-f62f750208df/value&amp#27;[39m
&amp#27;[35m[HTTP]&amp#27;[39m &amp#27;[90m{"id":"8c93adbf-7020-4742-8c36-f62f750208df","text":"secret_sauce","value":["s","e","c","r","e","t","_","s","a","u","c","e"]}&amp#27;[39m
[debug] &amp#27;[35m[W3C (939183a9)]&amp#27;[39m Calling AppiumDriver.setValue() with args: [["s","e","c","r","e","t","_","s","a","u","c","e"],"8c93adbf-7020-4742-8c36-f62f750208df","939183a9-a922-4fee-90ba-5de5847d3974"]
[debug] &amp#27;[35m[WD Proxy]&amp#27;[39m Matched '/element/8c93adbf-7020-4742-8c36-f62f750208df/value' to command name 'setValue'
[debug] &amp#27;[35m[Protocol Converter]&amp#27;[39m Added 'value' property ["s","e","c","r","e","t","_","s","a","u","c","e"] to 'setValue' request body
[debug] &amp#27;[35m[WD Proxy]&amp#27;[39m Proxying [POST /element/8c93adbf-7020-4742-8c36-f62f750208df/value] to [POST http://127.0.0.1:10000/wd/hub/session/dd58c3e8-5f89-4d1c-984c-13f9737734d9/element/8c93adbf-7020-4742-8c36-f62f750208df/value] with body: {"elementId":"8c93adbf-7020-4742-8c36-f62f750208df","text":"secret_sauce","replace":false,"value":["s","e","c","r","e","t","_","s","a","u","c","e"]}
[debug] &amp#27;[35m[WD Proxy]&amp#27;[39m Got response with status 200: {"sessionId":"dd58c3e8-5f89-4d1c-984c-13f9737734d9","value":null}
[debug] &amp#27;[35m[W3C (939183a9)]&amp#27;[39m Responding to client with driver.setValue() result: null
&amp#27;[35m[HTTP]&amp#27;[39m &amp#27;[37m<-- POST /wd/hub/session/939183a9-a922-4fee-90ba-5de5847d3974/element/8c93adbf-7020-4742-8c36-f62f750208df/value &amp#27;[39m&amp#27;[32m200&amp#27;[39m &amp#27;[90m525 ms - 14&amp#27;[39m
&amp#27;[35m[HTTP]&amp#27;[39m &amp#27;[90m&amp#27;[39m
&amp#27;[35m[HTTP]&amp#27;[39m &amp#27;[37m-->&amp#27;[39m &amp#27;[37mGET&amp#27;[39m &amp#27;[37m/wd/hub/session/939183a9-a922-4fee-90ba-5de5847d3974/context&amp#27;[39m
&amp#27;[35m[HTTP]&amp#27;[39m &amp#27;[90m{}&amp#27;[39m
[debug] &amp#27;[35m[W3C (939183a9)]&amp#27;[39m Calling AppiumDriver.getCurrentContext() with args: ["939183a9-a922-4fee-90ba-5de5847d3974"]
[debug] &amp#27;[35m[W3C (939183a9)]&amp#27;[39m Responding to client with driver.getCurrentContext() result: "NATIVE_APP"
&amp#27;[35m[HTTP]&amp#27;[39m &amp#27;[37m<-- GET /wd/hub/session/939183a9-a922-4fee-90ba-5de5847d3974/context &amp#27;[39m&amp#27;[32m200&amp#27;[39m &amp#27;[90m2 ms - 22&amp#27;[39m
&amp#27;[35m[HTTP]&amp#27;[39m &amp#27;[90m&amp#27;[39m
&amp#27;[35m[HTTP]&amp#27;[39m &amp#27;[37m-->&amp#27;[39m &amp#27;[37mPOST&amp#27;[39m &amp#27;[37m/wd/hub/session/939183a9-a922-4fee-90ba-5de5847d3974/element&amp#27;[39m
&amp#27;[35m[HTTP]&amp#27;[39m &amp#27;[90m{"using":"accessibility id","value":"test-Password"}&amp#27;[39m
[debug] &amp#27;[35m[W3C (939183a9)]&amp#27;[39m Calling AppiumDriver.findElement() with args: ["accessibility id","test-Password","939183a9-a922-4fee-90ba-5de5847d3974"]
[debug] &amp#27;[35m[BaseDriver]&amp#27;[39m Valid locator strategies for this request: xpath, id, class name, accessibility id, -android uiautomator
[debug] &amp#27;[35m[BaseDriver]&amp#27;[39m Waiting up to 0 ms for condition
[debug] &amp#27;[35m[WD Proxy]&amp#27;[39m Matched '/element' to command name 'findElement'
[debug] &amp#27;[35m[WD Proxy]&amp#27;[39m Proxying [POST /element] to [POST http://127.0.0.1:10000/wd/hub/session/dd58c3e8-5f89-4d1c-984c-13f9737734d9/element] with body: {"strategy":"accessibility id","selector":"test-Password","context":"","multiple":false}
[debug] &amp#27;[35m[WD Proxy]&amp#27;[39m Got response with status 200: {"sessionId":"dd58c3e8-5f89-4d1c-984c-13f9737734d9","value":{"ELEMENT":"e30d8023-a553-4c51-9e88-f4ca829d33be","element-6066-11e4-a52e-4f735466cecf":"e30d8023-a553-4c51-9e88-f4ca829d33be"}}
[debug] &amp#27;[35m[W3C (939183a9)]&amp#27;[39m Responding to client with driver.findElement() result: {"element-6066-11e4-a52e-4f735466cecf":"e30d8023-a553-4c51-9e88-f4ca829d33be","ELEMENT":"e30d8023-a553-4c51-9e88-f4ca829d33be"}
&amp#27;[35m[HTTP]&amp#27;[39m &amp#27;[37m<-- POST /wd/hub/session/939183a9-a922-4fee-90ba-5de5847d3974/element &amp#27;[39m&amp#27;[32m200&amp#27;[39m &amp#27;[90m506 ms - 137&amp#27;[39m
&amp#27;[35m[HTTP]&amp#27;[39m &amp#27;[90m&amp#27;[39m
&amp#27;[35m[HTTP]&amp#27;[39m &amp#27;[37m-->&amp#27;[39m &amp#27;[37mGET&amp#27;[39m &amp#27;[37m/wd/hub/session/939183a9-a922-4fee-90ba-5de5847d3974/element/e30d8023-a553-4c51-9e88-f4ca829d33be/text&amp#27;[39m
&amp#27;[35m[HTTP]&amp#27;[39m &amp#27;[90m{}&amp#27;[39m
&amp#27;[35m[W3C (939183a9)]&amp#27;[39m Driver proxy active, passing request on via HTTP proxy
[debug] &amp#27;[35m[WD Proxy]&amp#27;[39m Matched '/wd/hub/session/939183a9-a922-4fee-90ba-5de5847d3974/element/e30d8023-a553-4c51-9e88-f4ca829d33be/text' to command name 'getText'
[debug] &amp#27;[35m[WD Proxy]&amp#27;[39m Proxying [GET /wd/hub/session/939183a9-a922-4fee-90ba-5de5847d3974/element/e30d8023-a553-4c51-9e88-f4ca829d33be/text] to [GET http://127.0.0.1:10000/wd/hub/session/dd58c3e8-5f89-4d1c-984c-13f9737734d9/element/e30d8023-a553-4c51-9e88-f4ca829d33be/text] with no body
[debug] &amp#27;[35m[WD Proxy]&amp#27;[39m Got response with status 200: {"sessionId":"dd58c3e8-5f89-4d1c-984c-13f9737734d9","value":"������������������������������������"}
&amp#27;[35m[WD Proxy]&amp#27;[39m Replacing sessionId dd58c3e8-5f89-4d1c-984c-13f9737734d9 with 939183a9-a922-4fee-90ba-5de5847d3974
&amp#27;[35m[HTTP]&amp#27;[39m &amp#27;[37m<-- GET /wd/hub/session/939183a9-a922-4fee-90ba-5de5847d3974/element/e30d8023-a553-4c51-9e88-f4ca829d33be/text &amp#27;[39m&amp#27;[32m200&amp#27;[39m &amp#27;[90m11 ms - 99&amp#27;[39m
&amp#27;[35m[HTTP]&amp#27;[39m &amp#27;[90m&amp#27;[39m
&amp#27;[35m[HTTP]&amp#27;[39m &amp#27;[37m-->&amp#27;[39m &amp#27;[37mGET&amp#27;[39m &amp#27;[37m/wd/hub/session/939183a9-a922-4fee-90ba-5de5847d3974/context&amp#27;[39m
&amp#27;[35m[HTTP]&amp#27;[39m &amp#27;[90m{}&amp#27;[39m
[debug] &amp#27;[35m[W3C (939183a9)]&amp#27;[39m Calling AppiumDriver.getCurrentContext() with args: ["939183a9-a922-4fee-90ba-5de5847d3974"]
[debug] &amp#27;[35m[W3C (939183a9)]&amp#27;[39m Responding to client with driver.getCurrentContext() result: "NATIVE_APP"
&amp#27;[35m[HTTP]&amp#27;[39m &amp#27;[37m<-- GET /wd/hub/session/939183a9-a922-4fee-90ba-5de5847d3974/context &amp#27;[39m&amp#27;[32m200&amp#27;[39m &amp#27;[90m1 ms - 22&amp#27;[39m
&amp#27;[35m[HTTP]&amp#27;[39m &amp#27;[90m&amp#27;[39m
&amp#27;[35m[HTTP]&amp#27;[39m &amp#27;[37m-->&amp#27;[39m &amp#27;[37mPOST&amp#27;[39m &amp#27;[37m/wd/hub/session/939183a9-a922-4fee-90ba-5de5847d3974/element&amp#27;[39m
&amp#27;[35m[HTTP]&amp#27;[39m &amp#27;[90m{"using":"accessibility id","value":"test-LOGIN"}&amp#27;[39m
[debug] &amp#27;[35m[W3C (939183a9)]&amp#27;[39m Calling AppiumDriver.findElement() with args: ["accessibility id","test-LOGIN","939183a9-a922-4fee-90ba-5de5847d3974"]
[debug] &amp#27;[35m[BaseDriver]&amp#27;[39m Valid locator strategies for this request: xpath, id, class name, accessibility id, -android uiautomator
[debug] &amp#27;[35m[BaseDriver]&amp#27;[39m Waiting up to 0 ms for condition
[debug] &amp#27;[35m[WD Proxy]&amp#27;[39m Matched '/element' to command name 'findElement'
[debug] &amp#27;[35m[WD Proxy]&amp#27;[39m Proxying [POST /element] to [POST http://127.0.0.1:10000/wd/hub/session/dd58c3e8-5f89-4d1c-984c-13f9737734d9/element] with body: {"strategy":"accessibility id","selector":"test-LOGIN","context":"","multiple":false}
[debug] &amp#27;[35m[WD Proxy]&amp#27;[39m Got response with status 200: {"sessionId":"dd58c3e8-5f89-4d1c-984c-13f9737734d9","value":{"ELEMENT":"16dd52c3-c209-4582-b287-b501a7b042bf","element-6066-11e4-a52e-4f735466cecf":"16dd52c3-c209-4582-b287-b501a7b042bf"}}
[debug] &amp#27;[35m[W3C (939183a9)]&amp#27;[39m Responding to client with driver.findElement() result: {"element-6066-11e4-a52e-4f735466cecf":"16dd52c3-c209-4582-b287-b501a7b042bf","ELEMENT":"16dd52c3-c209-4582-b287-b501a7b042bf"}
&amp#27;[35m[HTTP]&amp#27;[39m &amp#27;[37m<-- POST /wd/hub/session/939183a9-a922-4fee-90ba-5de5847d3974/element &amp#27;[39m&amp#27;[32m200&amp#27;[39m &amp#27;[90m17 ms - 137&amp#27;[39m
&amp#27;[35m[HTTP]&amp#27;[39m &amp#27;[90m&amp#27;[39m
&amp#27;[35m[HTTP]&amp#27;[39m &amp#27;[37m-->&amp#27;[39m &amp#27;[37mGET&amp#27;[39m &amp#27;[37m/wd/hub/session/939183a9-a922-4fee-90ba-5de5847d3974/element/16dd52c3-c209-4582-b287-b501a7b042bf/displayed&amp#27;[39m
&amp#27;[35m[HTTP]&amp#27;[39m &amp#27;[90m{}&amp#27;[39m
[debug] &amp#27;[35m[W3C (939183a9)]&amp#27;[39m Calling AppiumDriver.elementDisplayed() with args: ["16dd52c3-c209-4582-b287-b501a7b042bf","939183a9-a922-4fee-90ba-5de5847d3974"]
[debug] &amp#27;[35m[WD Proxy]&amp#27;[39m Matched '/element/16dd52c3-c209-4582-b287-b501a7b042bf/attribute/displayed' to command name 'getAttribute'
[debug] &amp#27;[35m[WD Proxy]&amp#27;[39m Proxying [GET /element/16dd52c3-c209-4582-b287-b501a7b042bf/attribute/displayed] to [GET http://127.0.0.1:10000/wd/hub/session/dd58c3e8-5f89-4d1c-984c-13f9737734d9/element/16dd52c3-c209-4582-b287-b501a7b042bf/attribute/displayed] with no body
[debug] &amp#27;[35m[WD Proxy]&amp#27;[39m Got response with status 200: {"sessionId":"dd58c3e8-5f89-4d1c-984c-13f9737734d9","value":"true"}
[debug] &amp#27;[35m[W3C (939183a9)]&amp#27;[39m Responding to client with driver.elementDisplayed() result: true
&amp#27;[35m[HTTP]&amp#27;[39m &amp#27;[37m<-- GET /wd/hub/session/939183a9-a922-4fee-90ba-5de5847d3974/element/16dd52c3-c209-4582-b287-b501a7b042bf/displayed &amp#27;[39m&amp#27;[32m200&amp#27;[39m &amp#27;[90m10 ms - 14&amp#27;[39m
&amp#27;[35m[HTTP]&amp#27;[39m &amp#27;[90m&amp#27;[39m
&amp#27;[35m[HTTP]&amp#27;[39m &amp#27;[37m-->&amp#27;[39m &amp#27;[37mGET&amp#27;[39m &amp#27;[37m/wd/hub/session/939183a9-a922-4fee-90ba-5de5847d3974/context&amp#27;[39m
&amp#27;[35m[HTTP]&amp#27;[39m &amp#27;[90m{}&amp#27;[39m
[debug] &amp#27;[35m[W3C (939183a9)]&amp#27;[39m Calling AppiumDriver.getCurrentContext() with args: ["939183a9-a922-4fee-90ba-5de5847d3974"]
[debug] &amp#27;[35m[W3C (939183a9)]&amp#27;[39m Responding to client with driver.getCurrentContext() result: "NATIVE_APP"
&amp#27;[35m[HTTP]&amp#27;[39m &amp#27;[37m<-- GET /wd/hub/session/939183a9-a922-4fee-90ba-5de5847d3974/context &amp#27;[39m&amp#27;[32m200&amp#27;[39m &amp#27;[90m1 ms - 22&amp#27;[39m
&amp#27;[35m[HTTP]&amp#27;[39m &amp#27;[90m&amp#27;[39m
&amp#27;[35m[HTTP]&amp#27;[39m &amp#27;[37m-->&amp#27;[39m &amp#27;[37mPOST&amp#27;[39m &amp#27;[37m/wd/hub/session/939183a9-a922-4fee-90ba-5de5847d3974/element&amp#27;[39m
&amp#27;[35m[HTTP]&amp#27;[39m &amp#27;[90m{"using":"accessibility id","value":"test-LOGIN"}&amp#27;[39m
[debug] &amp#27;[35m[W3C (939183a9)]&amp#27;[39m Calling AppiumDriver.findElement() with args: ["accessibility id","test-LOGIN","939183a9-a922-4fee-90ba-5de5847d3974"]
[debug] &amp#27;[35m[BaseDriver]&amp#27;[39m Valid locator strategies for this request: xpath, id, class name, accessibility id, -android uiautomator
[debug] &amp#27;[35m[BaseDriver]&amp#27;[39m Waiting up to 0 ms for condition
[debug] &amp#27;[35m[WD Proxy]&amp#27;[39m Matched '/element' to command name 'findElement'
[debug] &amp#27;[35m[WD Proxy]&amp#27;[39m Proxying [POST /element] to [POST http://127.0.0.1:10000/wd/hub/session/dd58c3e8-5f89-4d1c-984c-13f9737734d9/element] with body: {"strategy":"accessibility id","selector":"test-LOGIN","context":"","multiple":false}
[debug] &amp#27;[35m[WD Proxy]&amp#27;[39m Got response with status 200: {"sessionId":"dd58c3e8-5f89-4d1c-984c-13f9737734d9","value":{"ELEMENT":"33afecee-10ce-46b3-a03a-dce0689227dc","element-6066-11e4-a52e-4f735466cecf":"33afecee-10ce-46b3-a03a-dce0689227dc"}}
[debug] &amp#27;[35m[W3C (939183a9)]&amp#27;[39m Responding to client with driver.findElement() result: {"element-6066-11e4-a52e-4f735466cecf":"33afecee-10ce-46b3-a03a-dce0689227dc","ELEMENT":"33afecee-10ce-46b3-a03a-dce0689227dc"}
&amp#27;[35m[HTTP]&amp#27;[39m &amp#27;[37m<-- POST /wd/hub/session/939183a9-a922-4fee-90ba-5de5847d3974/element &amp#27;[39m&amp#27;[32m200&amp#27;[39m &amp#27;[90m20 ms - 137&amp#27;[39m
&amp#27;[35m[HTTP]&amp#27;[39m &amp#27;[90m&amp#27;[39m
&amp#27;[35m[HTTP]&amp#27;[39m &amp#27;[37m-->&amp#27;[39m &amp#27;[37mGET&amp#27;[39m &amp#27;[37m/wd/hub/session/939183a9-a922-4fee-90ba-5de5847d3974/element/33afecee-10ce-46b3-a03a-dce0689227dc/text&amp#27;[39m
&amp#27;[35m[HTTP]&amp#27;[39m &amp#27;[90m{}&amp#27;[39m
&amp#27;[35m[W3C (939183a9)]&amp#27;[39m Driver proxy active, passing request on via HTTP proxy
[debug] &amp#27;[35m[WD Proxy]&amp#27;[39m Matched '/wd/hub/session/939183a9-a922-4fee-90ba-5de5847d3974/element/33afecee-10ce-46b3-a03a-dce0689227dc/text' to command name 'getText'
[debug] &amp#27;[35m[WD Proxy]&amp#27;[39m Proxying [GET /wd/hub/session/939183a9-a922-4fee-90ba-5de5847d3974/element/33afecee-10ce-46b3-a03a-dce0689227dc/text] to [GET http://127.0.0.1:10000/wd/hub/session/dd58c3e8-5f89-4d1c-984c-13f9737734d9/element/33afecee-10ce-46b3-a03a-dce0689227dc/text] with no body
[debug] &amp#27;[35m[WD Proxy]&amp#27;[39m Got response with status 200: {"sessionId":"dd58c3e8-5f89-4d1c-984c-13f9737734d9","value":""}
&amp#27;[35m[WD Proxy]&amp#27;[39m Replacing sessionId dd58c3e8-5f89-4d1c-984c-13f9737734d9 with 939183a9-a922-4fee-90ba-5de5847d3974
&amp#27;[35m[HTTP]&amp#27;[39m &amp#27;[37m<-- GET /wd/hub/session/939183a9-a922-4fee-90ba-5de5847d3974/element/33afecee-10ce-46b3-a03a-dce0689227dc/text &amp#27;[39m&amp#27;[32m200&amp#27;[39m &amp#27;[90m11 ms - 63&amp#27;[39m
&amp#27;[35m[HTTP]&amp#27;[39m &amp#27;[90m&amp#27;[39m
&amp#27;[35m[HTTP]&amp#27;[39m &amp#27;[37m-->&amp#27;[39m &amp#27;[37mGET&amp#27;[39m &amp#27;[37m/wd/hub/session/939183a9-a922-4fee-90ba-5de5847d3974/context&amp#27;[39m
&amp#27;[35m[HTTP]&amp#27;[39m &amp#27;[90m{}&amp#27;[39m
[debug] &amp#27;[35m[W3C (939183a9)]&amp#27;[39m Calling AppiumDriver.getCurrentContext() with args: ["939183a9-a922-4fee-90ba-5de5847d3974"]
[debug] &amp#27;[35m[W3C (939183a9)]&amp#27;[39m Responding to client with driver.getCurrentContext() result: "NATIVE_APP"
&amp#27;[35m[HTTP]&amp#27;[39m &amp#27;[37m<-- GET /wd/hub/session/939183a9-a922-4fee-90ba-5de5847d3974/context &amp#27;[39m&amp#27;[32m200&amp#27;[39m &amp#27;[90m1 ms - 22&amp#27;[39m
&amp#27;[35m[HTTP]&amp#27;[39m &amp#27;[90m&amp#27;[39m
&amp#27;[35m[HTTP]&amp#27;[39m &amp#27;[37m-->&amp#27;[39m &amp#27;[37mPOST&amp#27;[39m &amp#27;[37m/wd/hub/session/939183a9-a922-4fee-90ba-5de5847d3974/element&amp#27;[39m
&amp#27;[35m[HTTP]&amp#27;[39m &amp#27;[90m{"using":"accessibility id","value":"test-LOGIN"}&amp#27;[39m
[debug] &amp#27;[35m[W3C (939183a9)]&amp#27;[39m Calling AppiumDriver.findElement() with args: ["accessibility id","test-LOGIN","939183a9-a922-4fee-90ba-5de5847d3974"]
[debug] &amp#27;[35m[BaseDriver]&amp#27;[39m Valid locator strategies for this request: xpath, id, class name, accessibility id, -android uiautomator
[debug] &amp#27;[35m[BaseDriver]&amp#27;[39m Waiting up to 0 ms for condition
[debug] &amp#27;[35m[WD Proxy]&amp#27;[39m Matched '/element' to command name 'findElement'
[debug] &amp#27;[35m[WD Proxy]&amp#27;[39m Proxying [POST /element] to [POST http://127.0.0.1:10000/wd/hub/session/dd58c3e8-5f89-4d1c-984c-13f9737734d9/element] with body: {"strategy":"accessibility id","selector":"test-LOGIN","context":"","multiple":false}
[debug] &amp#27;[35m[WD Proxy]&amp#27;[39m Got response with status 200: {"sessionId":"dd58c3e8-5f89-4d1c-984c-13f9737734d9","value":{"ELEMENT":"932b0fb7-f23f-41f1-a6f5-9170e39450a2","element-6066-11e4-a52e-4f735466cecf":"932b0fb7-f23f-41f1-a6f5-9170e39450a2"}}
[debug] &amp#27;[35m[W3C (939183a9)]&amp#27;[39m Responding to client with driver.findElement() result: {"element-6066-11e4-a52e-4f735466cecf":"932b0fb7-f23f-41f1-a6f5-9170e39450a2","ELEMENT":"932b0fb7-f23f-41f1-a6f5-9170e39450a2"}
&amp#27;[35m[HTTP]&amp#27;[39m &amp#27;[37m<-- POST /wd/hub/session/939183a9-a922-4fee-90ba-5de5847d3974/element &amp#27;[39m&amp#27;[32m200&amp#27;[39m &amp#27;[90m19 ms - 137&amp#27;[39m
&amp#27;[35m[HTTP]&amp#27;[39m &amp#27;[90m&amp#27;[39m
&amp#27;[35m[HTTP]&amp#27;[39m &amp#27;[37m-->&amp#27;[39m &amp#27;[37mPOST&amp#27;[39m &amp#27;[37m/wd/hub/session/939183a9-a922-4fee-90ba-5de5847d3974/element/932b0fb7-f23f-41f1-a6f5-9170e39450a2/click&amp#27;[39m
&amp#27;[35m[HTTP]&amp#27;[39m &amp#27;[90m{"id":"932b0fb7-f23f-41f1-a6f5-9170e39450a2"}&amp#27;[39m
[debug] &amp#27;[35m[W3C (939183a9)]&amp#27;[39m Calling AppiumDriver.click() with args: ["932b0fb7-f23f-41f1-a6f5-9170e39450a2","939183a9-a922-4fee-90ba-5de5847d3974"]
[debug] &amp#27;[35m[WD Proxy]&amp#27;[39m Matched '/element/932b0fb7-f23f-41f1-a6f5-9170e39450a2/click' to command name 'click'
[debug] &amp#27;[35m[WD Proxy]&amp#27;[39m Proxying [POST /element/932b0fb7-f23f-41f1-a6f5-9170e39450a2/click] to [POST http://127.0.0.1:10000/wd/hub/session/dd58c3e8-5f89-4d1c-984c-13f9737734d9/element/932b0fb7-f23f-41f1-a6f5-9170e39450a2/click] with body: {"element":"932b0fb7-f23f-41f1-a6f5-9170e39450a2"}
[debug] &amp#27;[35m[WD Proxy]&amp#27;[39m Got response with status 200: {"sessionId":"dd58c3e8-5f89-4d1c-984c-13f9737734d9","value":null}
[debug] &amp#27;[35m[W3C (939183a9)]&amp#27;[39m Responding to client with driver.click() result: null
&amp#27;[35m[HTTP]&amp#27;[39m &amp#27;[37m<-- POST /wd/hub/session/939183a9-a922-4fee-90ba-5de5847d3974/element/932b0fb7-f23f-41f1-a6f5-9170e39450a2/click &amp#27;[39m&amp#27;[32m200&amp#27;[39m &amp#27;[90m40 ms - 14&amp#27;[39m
&amp#27;[35m[HTTP]&amp#27;[39m &amp#27;[90m&amp#27;[39m
&amp#27;[35m[HTTP]&amp#27;[39m &amp#27;[37m-->&amp#27;[39m &amp#27;[37mGET&amp#27;[39m &amp#27;[37m/wd/hub/session/939183a9-a922-4fee-90ba-5de5847d3974/context&amp#27;[39m
&amp#27;[35m[HTTP]&amp#27;[39m &amp#27;[90m{}&amp#27;[39m
[debug] &amp#27;[35m[W3C (939183a9)]&amp#27;[39m Calling AppiumDriver.getCurrentContext() with args: ["939183a9-a922-4fee-90ba-5de5847d3974"]
[debug] &amp#27;[35m[W3C (939183a9)]&amp#27;[39m Responding to client with driver.getCurrentContext() result: "NATIVE_APP"
&amp#27;[35m[HTTP]&amp#27;[39m &amp#27;[37m<-- GET /wd/hub/session/939183a9-a922-4fee-90ba-5de5847d3974/context &amp#27;[39m&amp#27;[32m200&amp#27;[39m &amp#27;[90m2 ms - 22&amp#27;[39m
&amp#27;[35m[HTTP]&amp#27;[39m &amp#27;[90m&amp#27;[39m
&amp#27;[35m[HTTP]&amp#27;[39m &amp#27;[37m-->&amp#27;[39m &amp#27;[37mPOST&amp#27;[39m &amp#27;[37m/wd/hub/session/939183a9-a922-4fee-90ba-5de5847d3974/element&amp#27;[39m
&amp#27;[35m[HTTP]&amp#27;[39m &amp#27;[90m{"using":"accessibility id","value":"test-LOGIN"}&amp#27;[39m
[debug] &amp#27;[35m[W3C (939183a9)]&amp#27;[39m Calling AppiumDriver.findElement() with args: ["accessibility id","test-LOGIN","939183a9-a922-4fee-90ba-5de5847d3974"]
[debug] &amp#27;[35m[BaseDriver]&amp#27;[39m Valid locator strategies for this request: xpath, id, class name, accessibility id, -android uiautomator
[debug] &amp#27;[35m[BaseDriver]&amp#27;[39m Waiting up to 0 ms for condition
[debug] &amp#27;[35m[WD Proxy]&amp#27;[39m Matched '/element' to command name 'findElement'
[debug] &amp#27;[35m[WD Proxy]&amp#27;[39m Proxying [POST /element] to [POST http://127.0.0.1:10000/wd/hub/session/dd58c3e8-5f89-4d1c-984c-13f9737734d9/element] with body: {"strategy":"accessibility id","selector":"test-LOGIN","context":"","multiple":false}
[debug] &amp#27;[35m[WD Proxy]&amp#27;[39m Got response with status 200: {"sessionId":"dd58c3e8-5f89-4d1c-984c-13f9737734d9","value":{"ELEMENT":"e61c37c7-bb51-4ba6-9af0-cd7be0910b00","element-6066-11e4-a52e-4f735466cecf":"e61c37c7-bb51-4ba6-9af0-cd7be0910b00"}}
[debug] &amp#27;[35m[W3C (939183a9)]&amp#27;[39m Responding to client with driver.findElement() result: {"element-6066-11e4-a52e-4f735466cecf":"e61c37c7-bb51-4ba6-9af0-cd7be0910b00","ELEMENT":"e61c37c7-bb51-4ba6-9af0-cd7be0910b00"}
&amp#27;[35m[HTTP]&amp#27;[39m &amp#27;[37m<-- POST /wd/hub/session/939183a9-a922-4fee-90ba-5de5847d3974/element &amp#27;[39m&amp#27;[32m200&amp#27;[39m &amp#27;[90m32 ms - 137&amp#27;[39m
&amp#27;[35m[HTTP]&amp#27;[39m &amp#27;[90m&amp#27;[39m
&amp#27;[35m[HTTP]&amp#27;[39m &amp#27;[37m-->&amp#27;[39m &amp#27;[37mGET&amp#27;[39m &amp#27;[37m/wd/hub/session/939183a9-a922-4fee-90ba-5de5847d3974/element/e61c37c7-bb51-4ba6-9af0-cd7be0910b00/text&amp#27;[39m
&amp#27;[35m[HTTP]&amp#27;[39m &amp#27;[90m{}&amp#27;[39m
&amp#27;[35m[W3C (939183a9)]&amp#27;[39m Driver proxy active, passing request on via HTTP proxy
[debug] &amp#27;[35m[WD Proxy]&amp#27;[39m Matched '/wd/hub/session/939183a9-a922-4fee-90ba-5de5847d3974/element/e61c37c7-bb51-4ba6-9af0-cd7be0910b00/text' to command name 'getText'
[debug] &amp#27;[35m[WD Proxy]&amp#27;[39m Proxying [GET /wd/hub/session/939183a9-a922-4fee-90ba-5de5847d3974/element/e61c37c7-bb51-4ba6-9af0-cd7be0910b00/text] to [GET http://127.0.0.1:10000/wd/hub/session/dd58c3e8-5f89-4d1c-984c-13f9737734d9/element/e61c37c7-bb51-4ba6-9af0-cd7be0910b00/text] with no body
[debug] &amp#27;[35m[WD Proxy]&amp#27;[39m Got response with status 200: {"sessionId":"dd58c3e8-5f89-4d1c-984c-13f9737734d9","value":""}
&amp#27;[35m[WD Proxy]&amp#27;[39m Replacing sessionId dd58c3e8-5f89-4d1c-984c-13f9737734d9 with 939183a9-a922-4fee-90ba-5de5847d3974
&amp#27;[35m[HTTP]&amp#27;[39m &amp#27;[37m<-- GET /wd/hub/session/939183a9-a922-4fee-90ba-5de5847d3974/element/e61c37c7-bb51-4ba6-9af0-cd7be0910b00/text &amp#27;[39m&amp#27;[32m200&amp#27;[39m &amp#27;[90m12 ms - 63&amp#27;[39m
&amp#27;[35m[HTTP]&amp#27;[39m &amp#27;[90m&amp#27;[39m
&amp#27;[35m[HTTP]&amp#27;[39m &amp#27;[37m-->&amp#27;[39m &amp#27;[37mGET&amp#27;[39m &amp#27;[37m/wd/hub/session/939183a9-a922-4fee-90ba-5de5847d3974/context&amp#27;[39m
&amp#27;[35m[HTTP]&amp#27;[39m &amp#27;[90m{}&amp#27;[39m
[debug] &amp#27;[35m[W3C (939183a9)]&amp#27;[39m Calling AppiumDriver.getCurrentContext() with args: ["939183a9-a922-4fee-90ba-5de5847d3974"]
[debug] &amp#27;[35m[W3C (939183a9)]&amp#27;[39m Responding to client with driver.getCurrentContext() result: "NATIVE_APP"
&amp#27;[35m[HTTP]&amp#27;[39m &amp#27;[37m<-- GET /wd/hub/session/939183a9-a922-4fee-90ba-5de5847d3974/context &amp#27;[39m&amp#27;[32m200&amp#27;[39m &amp#27;[90m1 ms - 22&amp#27;[39m
&amp#27;[35m[HTTP]&amp#27;[39m &amp#27;[90m&amp#27;[39m
&amp#27;[35m[HTTP]&amp#27;[39m &amp#27;[37m-->&amp#27;[39m &amp#27;[37mPOST&amp#27;[39m &amp#27;[37m/wd/hub/session/939183a9-a922-4fee-90ba-5de5847d3974/element&amp#27;[39m
&amp#27;[35m[HTTP]&amp#27;[39m &amp#27;[90m{"using":"xpath","value":"//android.view.ViewGroup[@content-desc='test-Error message']/android.widget.TextView"}&amp#27;[39m
[debug] &amp#27;[35m[W3C (939183a9)]&amp#27;[39m Calling AppiumDriver.findElement() with args: ["xpath","//android.view.ViewGroup[@content-desc='test-Error message']/android.widget.TextView","939183a9-a922-4fee-90ba-5de5847d3974"]
[debug] &amp#27;[35m[BaseDriver]&amp#27;[39m Valid locator strategies for this request: xpath, id, class name, accessibility id, -android uiautomator
[debug] &amp#27;[35m[BaseDriver]&amp#27;[39m Waiting up to 0 ms for condition
[debug] &amp#27;[35m[WD Proxy]&amp#27;[39m Matched '/element' to command name 'findElement'
[debug] &amp#27;[35m[WD Proxy]&amp#27;[39m Proxying [POST /element] to [POST http://127.0.0.1:10000/wd/hub/session/dd58c3e8-5f89-4d1c-984c-13f9737734d9/element] with body: {"strategy":"xpath","selector":"//android.view.ViewGroup[@content-desc='test-Error message']/android.widget.TextView","context":"","multiple":false}
[debug] &amp#27;[35m[WD Proxy]&amp#27;[39m Got response with status 200: {"sessionId":"dd58c3e8-5f89-4d1c-984c-13f9737734d9","value":{"ELEMENT":"1dd81ecf-1e5c-4aba-be0c-b51fb0442646","element-6066-11e4-a52e-4f735466cecf":"1dd81ecf-1e5c-4aba-be0c-b51fb0442646"}}
[debug] &amp#27;[35m[W3C (939183a9)]&amp#27;[39m Responding to client with driver.findElement() result: {"element-6066-11e4-a52e-4f735466cecf":"1dd81ecf-1e5c-4aba-be0c-b51fb0442646","ELEMENT":"1dd81ecf-1e5c-4aba-be0c-b51fb0442646"}
&amp#27;[35m[HTTP]&amp#27;[39m &amp#27;[37m<-- POST /wd/hub/session/939183a9-a922-4fee-90ba-5de5847d3974/element &amp#27;[39m&amp#27;[32m200&amp#27;[39m &amp#27;[90m90 ms - 137&amp#27;[39m
&amp#27;[35m[HTTP]&amp#27;[39m &amp#27;[90m&amp#27;[39m
&amp#27;[35m[HTTP]&amp#27;[39m &amp#27;[37m-->&amp#27;[39m &amp#27;[37mGET&amp#27;[39m &amp#27;[37m/wd/hub/session/939183a9-a922-4fee-90ba-5de5847d3974/element/1dd81ecf-1e5c-4aba-be0c-b51fb0442646/displayed&amp#27;[39m
&amp#27;[35m[HTTP]&amp#27;[39m &amp#27;[90m{}&amp#27;[39m
[debug] &amp#27;[35m[W3C (939183a9)]&amp#27;[39m Calling AppiumDriver.elementDisplayed() with args: ["1dd81ecf-1e5c-4aba-be0c-b51fb0442646","939183a9-a922-4fee-90ba-5de5847d3974"]
[debug] &amp#27;[35m[WD Proxy]&amp#27;[39m Matched '/element/1dd81ecf-1e5c-4aba-be0c-b51fb0442646/attribute/displayed' to command name 'getAttribute'
[debug] &amp#27;[35m[WD Proxy]&amp#27;[39m Proxying [GET /element/1dd81ecf-1e5c-4aba-be0c-b51fb0442646/attribute/displayed] to [GET http://127.0.0.1:10000/wd/hub/session/dd58c3e8-5f89-4d1c-984c-13f9737734d9/element/1dd81ecf-1e5c-4aba-be0c-b51fb0442646/attribute/displayed] with no body
[debug] &amp#27;[35m[WD Proxy]&amp#27;[39m Got response with status 200: {"sessionId":"dd58c3e8-5f89-4d1c-984c-13f9737734d9","value":"true"}
[debug] &amp#27;[35m[W3C (939183a9)]&amp#27;[39m Responding to client with driver.elementDisplayed() result: true
&amp#27;[35m[HTTP]&amp#27;[39m &amp#27;[37m<-- GET /wd/hub/session/939183a9-a922-4fee-90ba-5de5847d3974/element/1dd81ecf-1e5c-4aba-be0c-b51fb0442646/displayed &amp#27;[39m&amp#27;[32m200&amp#27;[39m &amp#27;[90m14 ms - 14&amp#27;[39m
&amp#27;[35m[HTTP]&amp#27;[39m &amp#27;[90m&amp#27;[39m
&amp#27;[35m[HTTP]&amp#27;[39m &amp#27;[37m-->&amp#27;[39m &amp#27;[37mGET&amp#27;[39m &amp#27;[37m/wd/hub/session/939183a9-a922-4fee-90ba-5de5847d3974/context&amp#27;[39m
&amp#27;[35m[HTTP]&amp#27;[39m &amp#27;[90m{}&amp#27;[39m
[debug] &amp#27;[35m[W3C (939183a9)]&amp#27;[39m Calling AppiumDriver.getCurrentContext() with args: ["939183a9-a922-4fee-90ba-5de5847d3974"]
[debug] &amp#27;[35m[W3C (939183a9)]&amp#27;[39m Responding to client with driver.getCurrentContext() result: "NATIVE_APP"
&amp#27;[35m[HTTP]&amp#27;[39m &amp#27;[37m<-- GET /wd/hub/session/939183a9-a922-4fee-90ba-5de5847d3974/context &amp#27;[39m&amp#27;[32m200&amp#27;[39m &amp#27;[90m1 ms - 22&amp#27;[39m
&amp#27;[35m[HTTP]&amp#27;[39m &amp#27;[90m&amp#27;[39m
&amp#27;[35m[HTTP]&amp#27;[39m &amp#27;[37m-->&amp#27;[39m &amp#27;[37mPOST&amp#27;[39m &amp#27;[37m/wd/hub/session/939183a9-a922-4fee-90ba-5de5847d3974/element&amp#27;[39m
&amp#27;[35m[HTTP]&amp#27;[39m &amp#27;[90m{"using":"xpath","value":"//android.view.ViewGroup[@content-desc='test-Error message']/android.widget.TextView"}&amp#27;[39m
[debug] &amp#27;[35m[W3C (939183a9)]&amp#27;[39m Calling AppiumDriver.findElement() with args: ["xpath","//android.view.ViewGroup[@content-desc='test-Error message']/android.widget.TextView","939183a9-a922-4fee-90ba-5de5847d3974"]
[debug] &amp#27;[35m[BaseDriver]&amp#27;[39m Valid locator strategies for this request: xpath, id, class name, accessibility id, -android uiautomator
[debug] &amp#27;[35m[BaseDriver]&amp#27;[39m Waiting up to 0 ms for condition
[debug] &amp#27;[35m[WD Proxy]&amp#27;[39m Matched '/element' to command name 'findElement'
[debug] &amp#27;[35m[WD Proxy]&amp#27;[39m Proxying [POST /element] to [POST http://127.0.0.1:10000/wd/hub/session/dd58c3e8-5f89-4d1c-984c-13f9737734d9/element] with body: {"strategy":"xpath","selector":"//android.view.ViewGroup[@content-desc='test-Error message']/android.widget.TextView","context":"","multiple":false}
[debug] &amp#27;[35m[WD Proxy]&amp#27;[39m Got response with status 200: {"sessionId":"dd58c3e8-5f89-4d1c-984c-13f9737734d9","value":{"ELEMENT":"b98e2a27-d944-49bc-9518-18bc31a1ba6a","element-6066-11e4-a52e-4f735466cecf":"b98e2a27-d944-49bc-9518-18bc31a1ba6a"}}
[debug] &amp#27;[35m[W3C (939183a9)]&amp#27;[39m Responding to client with driver.findElement() result: {"element-6066-11e4-a52e-4f735466cecf":"b98e2a27-d944-49bc-9518-18bc31a1ba6a","ELEMENT":"b98e2a27-d944-49bc-9518-18bc31a1ba6a"}
&amp#27;[35m[HTTP]&amp#27;[39m &amp#27;[37m<-- POST /wd/hub/session/939183a9-a922-4fee-90ba-5de5847d3974/element &amp#27;[39m&amp#27;[32m200&amp#27;[39m &amp#27;[90m84 ms - 137&amp#27;[39m
&amp#27;[35m[HTTP]&amp#27;[39m &amp#27;[90m&amp#27;[39m
&amp#27;[35m[HTTP]&amp#27;[39m &amp#27;[37m-->&amp#27;[39m &amp#27;[37mGET&amp#27;[39m &amp#27;[37m/wd/hub/session/939183a9-a922-4fee-90ba-5de5847d3974/element/b98e2a27-d944-49bc-9518-18bc31a1ba6a/text&amp#27;[39m
&amp#27;[35m[HTTP]&amp#27;[39m &amp#27;[90m{}&amp#27;[39m
&amp#27;[35m[W3C (939183a9)]&amp#27;[39m Driver proxy active, passing request on via HTTP proxy
[debug] &amp#27;[35m[WD Proxy]&amp#27;[39m Matched '/wd/hub/session/939183a9-a922-4fee-90ba-5de5847d3974/element/b98e2a27-d944-49bc-9518-18bc31a1ba6a/text' to command name 'getText'
[debug] &amp#27;[35m[WD Proxy]&amp#27;[39m Proxying [GET /wd/hub/session/939183a9-a922-4fee-90ba-5de5847d3974/element/b98e2a27-d944-49bc-9518-18bc31a1ba6a/text] to [GET http://127.0.0.1:10000/wd/hub/session/dd58c3e8-5f89-4d1c-984c-13f9737734d9/element/b98e2a27-d944-49bc-9518-18bc31a1ba6a/text] with no body
[debug] &amp#27;[35m[WD Proxy]&amp#27;[39m Got response with status 200: {"sessionId":"dd58c3e8-5f89-4d1c-984c-13f9737734d9","value":"Username and password do not match any user in this service."}
&amp#27;[35m[WD Proxy]&amp#27;[39m Replacing sessionId dd58c3e8-5f89-4d1c-984c-13f9737734d9 with 939183a9-a922-4fee-90ba-5de5847d3974
&amp#27;[35m[HTTP]&amp#27;[39m &amp#27;[37m<-- GET /wd/hub/session/939183a9-a922-4fee-90ba-5de5847d3974/element/b98e2a27-d944-49bc-9518-18bc31a1ba6a/text &amp#27;[39m&amp#27;[32m200&amp#27;[39m &amp#27;[90m16 ms - 123&amp#27;[39m
&amp#27;[35m[HTTP]&amp#27;[39m &amp#27;[90m&amp#27;[39m
&amp#27;[35m[HTTP]&amp#27;[39m &amp#27;[37m-->&amp#27;[39m &amp#27;[37mGET&amp#27;[39m &amp#27;[37m/wd/hub/session/939183a9-a922-4fee-90ba-5de5847d3974/context&amp#27;[39m
&amp#27;[35m[HTTP]&amp#27;[39m &amp#27;[90m{}&amp#27;[39m
[debug] &amp#27;[35m[W3C (939183a9)]&amp#27;[39m Calling AppiumDriver.getCurrentContext() with args: ["939183a9-a922-4fee-90ba-5de5847d3974"]
[debug] &amp#27;[35m[W3C (939183a9)]&amp#27;[39m Responding to client with driver.getCurrentContext() result: "NATIVE_APP"
&amp#27;[35m[HTTP]&amp#27;[39m &amp#27;[37m<-- GET /wd/hub/session/939183a9-a922-4fee-90ba-5de5847d3974/context &amp#27;[39m&amp#27;[32m200&amp#27;[39m &amp#27;[90m2 ms - 22&amp#27;[39m
&amp#27;[35m[HTTP]&amp#27;[39m &amp#27;[90m&amp#27;[39m
&amp#27;[35m[HTTP]&amp#27;[39m &amp#27;[37m-->&amp#27;[39m &amp#27;[37mPOST&amp#27;[39m &amp#27;[37m/wd/hub/session/939183a9-a922-4fee-90ba-5de5847d3974/element&amp#27;[39m
&amp#27;[35m[HTTP]&amp#27;[39m &amp#27;[90m{"using":"xpath","value":"//android.view.ViewGroup[@content-desc='test-Error message']/android.widget.TextView"}&amp#27;[39m
[debug] &amp#27;[35m[W3C (939183a9)]&amp#27;[39m Calling AppiumDriver.findElement() with args: ["xpath","//android.view.ViewGroup[@content-desc='test-Error message']/android.widget.TextView","939183a9-a922-4fee-90ba-5de5847d3974"]
[debug] &amp#27;[35m[BaseDriver]&amp#27;[39m Valid locator strategies for this request: xpath, id, class name, accessibility id, -android uiautomator
[debug] &amp#27;[35m[BaseDriver]&amp#27;[39m Waiting up to 0 ms for condition
[debug] &amp#27;[35m[WD Proxy]&amp#27;[39m Matched '/element' to command name 'findElement'
[debug] &amp#27;[35m[WD Proxy]&amp#27;[39m Proxying [POST /element] to [POST http://127.0.0.1:10000/wd/hub/session/dd58c3e8-5f89-4d1c-984c-13f9737734d9/element] with body: {"strategy":"xpath","selector":"//android.view.ViewGroup[@content-desc='test-Error message']/android.widget.TextView","context":"","multiple":false}
[debug] &amp#27;[35m[WD Proxy]&amp#27;[39m Got response with status 200: {"sessionId":"dd58c3e8-5f89-4d1c-984c-13f9737734d9","value":{"ELEMENT":"df5a1371-f1fb-4a02-a127-ff02a47e2b5d","element-6066-11e4-a52e-4f735466cecf":"df5a1371-f1fb-4a02-a127-ff02a47e2b5d"}}
[debug] &amp#27;[35m[W3C (939183a9)]&amp#27;[39m Responding to client with driver.findElement() result: {"element-6066-11e4-a52e-4f735466cecf":"df5a1371-f1fb-4a02-a127-ff02a47e2b5d","ELEMENT":"df5a1371-f1fb-4a02-a127-ff02a47e2b5d"}
&amp#27;[35m[HTTP]&amp#27;[39m &amp#27;[37m<-- POST /wd/hub/session/939183a9-a922-4fee-90ba-5de5847d3974/element &amp#27;[39m&amp#27;[32m200&amp#27;[39m &amp#27;[90m75 ms - 137&amp#27;[39m
&amp#27;[35m[HTTP]&amp#27;[39m &amp#27;[90m&amp#27;[39m
&amp#27;[35m[HTTP]&amp#27;[39m &amp#27;[37m-->&amp#27;[39m &amp#27;[37mGET&amp#27;[39m &amp#27;[37m/wd/hub/session/939183a9-a922-4fee-90ba-5de5847d3974/element/df5a1371-f1fb-4a02-a127-ff02a47e2b5d/attribute/text&amp#27;[39m
&amp#27;[35m[HTTP]&amp#27;[39m &amp#27;[90m{}&amp#27;[39m
[debug] &amp#27;[35m[W3C (939183a9)]&amp#27;[39m Calling AppiumDriver.getAttribute() with args: ["text","df5a1371-f1fb-4a02-a127-ff02a47e2b5d","939183a9-a922-4fee-90ba-5de5847d3974"]
[debug] &amp#27;[35m[WD Proxy]&amp#27;[39m Matched '/element/df5a1371-f1fb-4a02-a127-ff02a47e2b5d/attribute/text' to command name 'getAttribute'
[debug] &amp#27;[35m[WD Proxy]&amp#27;[39m Proxying [GET /element/df5a1371-f1fb-4a02-a127-ff02a47e2b5d/attribute/text] to [GET http://127.0.0.1:10000/wd/hub/session/dd58c3e8-5f89-4d1c-984c-13f9737734d9/element/df5a1371-f1fb-4a02-a127-ff02a47e2b5d/attribute/text] with no body
[debug] &amp#27;[35m[WD Proxy]&amp#27;[39m Got response with status 200: {"sessionId":"dd58c3e8-5f89-4d1c-984c-13f9737734d9","value":"Username and password do not match any user in this service."}
[debug] &amp#27;[35m[W3C (939183a9)]&amp#27;[39m Responding to client with driver.getAttribute() result: "Username and password do not match any user in this service."
&amp#27;[35m[HTTP]&amp#27;[39m &amp#27;[37m<-- GET /wd/hub/session/939183a9-a922-4fee-90ba-5de5847d3974/element/df5a1371-f1fb-4a02-a127-ff02a47e2b5d/attribute/text &amp#27;[39m&amp#27;[32m200&amp#27;[39m &amp#27;[90m13 ms - 72&amp#27;[39m
&amp#27;[35m[HTTP]&amp#27;[39m &amp#27;[90m&amp#27;[39m
Actual text is : Username and password do not match any user in this service.
Expected error text is : Username and password do not match any user in this service.
]]></system-out>
  </testcase>
  <testcase name="successLogin" classname="com.qa.tests.LoginTests" time="4.183">
    <system-out><![CDATA[
************ Ending test : invalidusername*********/n

************ Starting test : successLogin*********/n
/Users/shreyas/TDD/TDDFramework
&amp#27;[35m[HTTP]&amp#27;[39m &amp#27;[37m-->&amp#27;[39m &amp#27;[37mGET&amp#27;[39m &amp#27;[37m/wd/hub/session/939183a9-a922-4fee-90ba-5de5847d3974/context&amp#27;[39m
&amp#27;[35m[HTTP]&amp#27;[39m &amp#27;[90m{}&amp#27;[39m
[debug] &amp#27;[35m[W3C (939183a9)]&amp#27;[39m Calling AppiumDriver.getCurrentContext() with args: ["939183a9-a922-4fee-90ba-5de5847d3974"]
[debug] &amp#27;[35m[W3C (939183a9)]&amp#27;[39m Responding to client with driver.getCurrentContext() result: "NATIVE_APP"
&amp#27;[35m[HTTP]&amp#27;[39m &amp#27;[37m<-- GET /wd/hub/session/939183a9-a922-4fee-90ba-5de5847d3974/context &amp#27;[39m&amp#27;[32m200&amp#27;[39m &amp#27;[90m1 ms - 22&amp#27;[39m
&amp#27;[35m[HTTP]&amp#27;[39m &amp#27;[90m&amp#27;[39m
&amp#27;[35m[HTTP]&amp#27;[39m &amp#27;[37m-->&amp#27;[39m &amp#27;[37mPOST&amp#27;[39m &amp#27;[37m/wd/hub/session/939183a9-a922-4fee-90ba-5de5847d3974/element&amp#27;[39m
&amp#27;[35m[HTTP]&amp#27;[39m &amp#27;[90m{"using":"accessibility id","value":"test-Username"}&amp#27;[39m
[debug] &amp#27;[35m[W3C (939183a9)]&amp#27;[39m Calling AppiumDriver.findElement() with args: ["accessibility id","test-Username","939183a9-a922-4fee-90ba-5de5847d3974"]
[debug] &amp#27;[35m[BaseDriver]&amp#27;[39m Valid locator strategies for this request: xpath, id, class name, accessibility id, -android uiautomator
[debug] &amp#27;[35m[BaseDriver]&amp#27;[39m Waiting up to 0 ms for condition
[debug] &amp#27;[35m[WD Proxy]&amp#27;[39m Matched '/element' to command name 'findElement'
[debug] &amp#27;[35m[WD Proxy]&amp#27;[39m Proxying [POST /element] to [POST http://127.0.0.1:10000/wd/hub/session/dd58c3e8-5f89-4d1c-984c-13f9737734d9/element] with body: {"strategy":"accessibility id","selector":"test-Username","context":"","multiple":false}
[debug] &amp#27;[35m[WD Proxy]&amp#27;[39m Got response with status 200: {"sessionId":"dd58c3e8-5f89-4d1c-984c-13f9737734d9","value":{"ELEMENT":"eab606ca-ce16-4344-a98c-e346f146308a","element-6066-11e4-a52e-4f735466cecf":"eab606ca-ce16-4344-a98c-e346f146308a"}}
[debug] &amp#27;[35m[W3C (939183a9)]&amp#27;[39m Responding to client with driver.findElement() result: {"element-6066-11e4-a52e-4f735466cecf":"eab606ca-ce16-4344-a98c-e346f146308a","ELEMENT":"eab606ca-ce16-4344-a98c-e346f146308a"}
&amp#27;[35m[HTTP]&amp#27;[39m &amp#27;[37m<-- POST /wd/hub/session/939183a9-a922-4fee-90ba-5de5847d3974/element &amp#27;[39m&amp#27;[32m200&amp#27;[39m &amp#27;[90m20 ms - 137&amp#27;[39m
&amp#27;[35m[HTTP]&amp#27;[39m &amp#27;[90m&amp#27;[39m
&amp#27;[35m[HTTP]&amp#27;[39m &amp#27;[37m-->&amp#27;[39m &amp#27;[37mPOST&amp#27;[39m &amp#27;[37m/wd/hub/session/939183a9-a922-4fee-90ba-5de5847d3974/element/eab606ca-ce16-4344-a98c-e346f146308a/clear&amp#27;[39m
&amp#27;[35m[HTTP]&amp#27;[39m &amp#27;[90m{"id":"eab606ca-ce16-4344-a98c-e346f146308a"}&amp#27;[39m
[debug] &amp#27;[35m[W3C (939183a9)]&amp#27;[39m Calling AppiumDriver.clear() with args: ["eab606ca-ce16-4344-a98c-e346f146308a","939183a9-a922-4fee-90ba-5de5847d3974"]
[debug] &amp#27;[35m[WD Proxy]&amp#27;[39m Matched '/element/eab606ca-ce16-4344-a98c-e346f146308a/clear' to command name 'clear'
[debug] &amp#27;[35m[WD Proxy]&amp#27;[39m Proxying [POST /element/eab606ca-ce16-4344-a98c-e346f146308a/clear] to [POST http://127.0.0.1:10000/wd/hub/session/dd58c3e8-5f89-4d1c-984c-13f9737734d9/element/eab606ca-ce16-4344-a98c-e346f146308a/clear] with body: {"elementId":"eab606ca-ce16-4344-a98c-e346f146308a"}
[debug] &amp#27;[35m[WD Proxy]&amp#27;[39m Got response with status 200: {"sessionId":"dd58c3e8-5f89-4d1c-984c-13f9737734d9","value":null}
[debug] &amp#27;[35m[W3C (939183a9)]&amp#27;[39m Responding to client with driver.clear() result: null
&amp#27;[35m[HTTP]&amp#27;[39m &amp#27;[37m<-- POST /wd/hub/session/939183a9-a922-4fee-90ba-5de5847d3974/element/eab606ca-ce16-4344-a98c-e346f146308a/clear &amp#27;[39m&amp#27;[32m200&amp#27;[39m &amp#27;[90m11 ms - 14&amp#27;[39m
&amp#27;[35m[HTTP]&amp#27;[39m &amp#27;[90m&amp#27;[39m
&amp#27;[35m[HTTP]&amp#27;[39m &amp#27;[37m-->&amp#27;[39m &amp#27;[37mGET&amp#27;[39m &amp#27;[37m/wd/hub/session/939183a9-a922-4fee-90ba-5de5847d3974/context&amp#27;[39m
&amp#27;[35m[HTTP]&amp#27;[39m &amp#27;[90m{}&amp#27;[39m
[debug] &amp#27;[35m[W3C (939183a9)]&amp#27;[39m Calling AppiumDriver.getCurrentContext() with args: ["939183a9-a922-4fee-90ba-5de5847d3974"]
[debug] &amp#27;[35m[W3C (939183a9)]&amp#27;[39m Responding to client with driver.getCurrentContext() result: "NATIVE_APP"
&amp#27;[35m[HTTP]&amp#27;[39m &amp#27;[37m<-- GET /wd/hub/session/939183a9-a922-4fee-90ba-5de5847d3974/context &amp#27;[39m&amp#27;[32m200&amp#27;[39m &amp#27;[90m1 ms - 22&amp#27;[39m
&amp#27;[35m[HTTP]&amp#27;[39m &amp#27;[90m&amp#27;[39m
&amp#27;[35m[HTTP]&amp#27;[39m &amp#27;[37m-->&amp#27;[39m &amp#27;[37mPOST&amp#27;[39m &amp#27;[37m/wd/hub/session/939183a9-a922-4fee-90ba-5de5847d3974/element&amp#27;[39m
&amp#27;[35m[HTTP]&amp#27;[39m &amp#27;[90m{"using":"accessibility id","value":"test-Username"}&amp#27;[39m
[debug] &amp#27;[35m[W3C (939183a9)]&amp#27;[39m Calling AppiumDriver.findElement() with args: ["accessibility id","test-Username","939183a9-a922-4fee-90ba-5de5847d3974"]
[debug] &amp#27;[35m[BaseDriver]&amp#27;[39m Valid locator strategies for this request: xpath, id, class name, accessibility id, -android uiautomator
[debug] &amp#27;[35m[BaseDriver]&amp#27;[39m Waiting up to 0 ms for condition
[debug] &amp#27;[35m[WD Proxy]&amp#27;[39m Matched '/element' to command name 'findElement'
[debug] &amp#27;[35m[WD Proxy]&amp#27;[39m Proxying [POST /element] to [POST http://127.0.0.1:10000/wd/hub/session/dd58c3e8-5f89-4d1c-984c-13f9737734d9/element] with body: {"strategy":"accessibility id","selector":"test-Username","context":"","multiple":false}
[debug] &amp#27;[35m[WD Proxy]&amp#27;[39m Got response with status 200: {"sessionId":"dd58c3e8-5f89-4d1c-984c-13f9737734d9","value":{"ELEMENT":"e19b1bdf-3c9f-4a7d-8676-12930f949007","element-6066-11e4-a52e-4f735466cecf":"e19b1bdf-3c9f-4a7d-8676-12930f949007"}}
[debug] &amp#27;[35m[W3C (939183a9)]&amp#27;[39m Responding to client with driver.findElement() result: {"element-6066-11e4-a52e-4f735466cecf":"e19b1bdf-3c9f-4a7d-8676-12930f949007","ELEMENT":"e19b1bdf-3c9f-4a7d-8676-12930f949007"}
&amp#27;[35m[HTTP]&amp#27;[39m &amp#27;[37m<-- POST /wd/hub/session/939183a9-a922-4fee-90ba-5de5847d3974/element &amp#27;[39m&amp#27;[32m200&amp#27;[39m &amp#27;[90m25 ms - 137&amp#27;[39m
&amp#27;[35m[HTTP]&amp#27;[39m &amp#27;[90m&amp#27;[39m
&amp#27;[35m[HTTP]&amp#27;[39m &amp#27;[37m-->&amp#27;[39m &amp#27;[37mGET&amp#27;[39m &amp#27;[37m/wd/hub/session/939183a9-a922-4fee-90ba-5de5847d3974/element/e19b1bdf-3c9f-4a7d-8676-12930f949007/text&amp#27;[39m
&amp#27;[35m[HTTP]&amp#27;[39m &amp#27;[90m{}&amp#27;[39m
&amp#27;[35m[W3C (939183a9)]&amp#27;[39m Driver proxy active, passing request on via HTTP proxy
[debug] &amp#27;[35m[WD Proxy]&amp#27;[39m Matched '/wd/hub/session/939183a9-a922-4fee-90ba-5de5847d3974/element/e19b1bdf-3c9f-4a7d-8676-12930f949007/text' to command name 'getText'
[debug] &amp#27;[35m[WD Proxy]&amp#27;[39m Proxying [GET /wd/hub/session/939183a9-a922-4fee-90ba-5de5847d3974/element/e19b1bdf-3c9f-4a7d-8676-12930f949007/text] to [GET http://127.0.0.1:10000/wd/hub/session/dd58c3e8-5f89-4d1c-984c-13f9737734d9/element/e19b1bdf-3c9f-4a7d-8676-12930f949007/text] with no body
[debug] &amp#27;[35m[WD Proxy]&amp#27;[39m Got response with status 200: {"sessionId":"dd58c3e8-5f89-4d1c-984c-13f9737734d9","value":"Username"}
&amp#27;[35m[WD Proxy]&amp#27;[39m Replacing sessionId dd58c3e8-5f89-4d1c-984c-13f9737734d9 with 939183a9-a922-4fee-90ba-5de5847d3974
&amp#27;[35m[HTTP]&amp#27;[39m &amp#27;[37m<-- GET /wd/hub/session/939183a9-a922-4fee-90ba-5de5847d3974/element/e19b1bdf-3c9f-4a7d-8676-12930f949007/text &amp#27;[39m&amp#27;[32m200&amp#27;[39m &amp#27;[90m576 ms - 71&amp#27;[39m
&amp#27;[35m[HTTP]&amp#27;[39m &amp#27;[90m&amp#27;[39m
&amp#27;[35m[HTTP]&amp#27;[39m &amp#27;[37m-->&amp#27;[39m &amp#27;[37mGET&amp#27;[39m &amp#27;[37m/wd/hub/session/939183a9-a922-4fee-90ba-5de5847d3974/context&amp#27;[39m
&amp#27;[35m[HTTP]&amp#27;[39m &amp#27;[90m{}&amp#27;[39m
[debug] &amp#27;[35m[W3C (939183a9)]&amp#27;[39m Calling AppiumDriver.getCurrentContext() with args: ["939183a9-a922-4fee-90ba-5de5847d3974"]
[debug] &amp#27;[35m[W3C (939183a9)]&amp#27;[39m Responding to client with driver.getCurrentContext() result: "NATIVE_APP"
&amp#27;[35m[HTTP]&amp#27;[39m &amp#27;[37m<-- GET /wd/hub/session/939183a9-a922-4fee-90ba-5de5847d3974/context &amp#27;[39m&amp#27;[32m200&amp#27;[39m &amp#27;[90m2 ms - 22&amp#27;[39m
&amp#27;[35m[HTTP]&amp#27;[39m &amp#27;[90m&amp#27;[39m
&amp#27;[35m[HTTP]&amp#27;[39m &amp#27;[37m-->&amp#27;[39m &amp#27;[37mPOST&amp#27;[39m &amp#27;[37m/wd/hub/session/939183a9-a922-4fee-90ba-5de5847d3974/element&amp#27;[39m
&amp#27;[35m[HTTP]&amp#27;[39m &amp#27;[90m{"using":"accessibility id","value":"test-Username"}&amp#27;[39m
[debug] &amp#27;[35m[W3C (939183a9)]&amp#27;[39m Calling AppiumDriver.findElement() with args: ["accessibility id","test-Username","939183a9-a922-4fee-90ba-5de5847d3974"]
[debug] &amp#27;[35m[BaseDriver]&amp#27;[39m Valid locator strategies for this request: xpath, id, class name, accessibility id, -android uiautomator
[debug] &amp#27;[35m[BaseDriver]&amp#27;[39m Waiting up to 0 ms for condition
[debug] &amp#27;[35m[WD Proxy]&amp#27;[39m Matched '/element' to command name 'findElement'
[debug] &amp#27;[35m[WD Proxy]&amp#27;[39m Proxying [POST /element] to [POST http://127.0.0.1:10000/wd/hub/session/dd58c3e8-5f89-4d1c-984c-13f9737734d9/element] with body: {"strategy":"accessibility id","selector":"test-Username","context":"","multiple":false}
[debug] &amp#27;[35m[WD Proxy]&amp#27;[39m Got response with status 200: {"sessionId":"dd58c3e8-5f89-4d1c-984c-13f9737734d9","value":{"ELEMENT":"c0c1d271-62fb-4a2c-a0e7-38c17c7d0a7a","element-6066-11e4-a52e-4f735466cecf":"c0c1d271-62fb-4a2c-a0e7-38c17c7d0a7a"}}
[debug] &amp#27;[35m[W3C (939183a9)]&amp#27;[39m Responding to client with driver.findElement() result: {"element-6066-11e4-a52e-4f735466cecf":"c0c1d271-62fb-4a2c-a0e7-38c17c7d0a7a","ELEMENT":"c0c1d271-62fb-4a2c-a0e7-38c17c7d0a7a"}
&amp#27;[35m[HTTP]&amp#27;[39m &amp#27;[37m<-- POST /wd/hub/session/939183a9-a922-4fee-90ba-5de5847d3974/element &amp#27;[39m&amp#27;[32m200&amp#27;[39m &amp#27;[90m21 ms - 137&amp#27;[39m
&amp#27;[35m[HTTP]&amp#27;[39m &amp#27;[90m&amp#27;[39m
&amp#27;[35m[HTTP]&amp#27;[39m &amp#27;[37m-->&amp#27;[39m &amp#27;[37mGET&amp#27;[39m &amp#27;[37m/wd/hub/session/939183a9-a922-4fee-90ba-5de5847d3974/element/c0c1d271-62fb-4a2c-a0e7-38c17c7d0a7a/displayed&amp#27;[39m
&amp#27;[35m[HTTP]&amp#27;[39m &amp#27;[90m{}&amp#27;[39m
[debug] &amp#27;[35m[W3C (939183a9)]&amp#27;[39m Calling AppiumDriver.elementDisplayed() with args: ["c0c1d271-62fb-4a2c-a0e7-38c17c7d0a7a","939183a9-a922-4fee-90ba-5de5847d3974"]
[debug] &amp#27;[35m[WD Proxy]&amp#27;[39m Matched '/element/c0c1d271-62fb-4a2c-a0e7-38c17c7d0a7a/attribute/displayed' to command name 'getAttribute'
[debug] &amp#27;[35m[WD Proxy]&amp#27;[39m Proxying [GET /element/c0c1d271-62fb-4a2c-a0e7-38c17c7d0a7a/attribute/displayed] to [GET http://127.0.0.1:10000/wd/hub/session/dd58c3e8-5f89-4d1c-984c-13f9737734d9/element/c0c1d271-62fb-4a2c-a0e7-38c17c7d0a7a/attribute/displayed] with no body
[debug] &amp#27;[35m[WD Proxy]&amp#27;[39m Got response with status 200: {"sessionId":"dd58c3e8-5f89-4d1c-984c-13f9737734d9","value":"true"}
[debug] &amp#27;[35m[W3C (939183a9)]&amp#27;[39m Responding to client with driver.elementDisplayed() result: true
&amp#27;[35m[HTTP]&amp#27;[39m &amp#27;[37m<-- GET /wd/hub/session/939183a9-a922-4fee-90ba-5de5847d3974/element/c0c1d271-62fb-4a2c-a0e7-38c17c7d0a7a/displayed &amp#27;[39m&amp#27;[32m200&amp#27;[39m &amp#27;[90m12 ms - 14&amp#27;[39m
&amp#27;[35m[HTTP]&amp#27;[39m &amp#27;[90m&amp#27;[39m
&amp#27;[35m[HTTP]&amp#27;[39m &amp#27;[37m-->&amp#27;[39m &amp#27;[37mGET&amp#27;[39m &amp#27;[37m/wd/hub/session/939183a9-a922-4fee-90ba-5de5847d3974/context&amp#27;[39m
&amp#27;[35m[HTTP]&amp#27;[39m &amp#27;[90m{}&amp#27;[39m
[debug] &amp#27;[35m[W3C (939183a9)]&amp#27;[39m Calling AppiumDriver.getCurrentContext() with args: ["939183a9-a922-4fee-90ba-5de5847d3974"]
[debug] &amp#27;[35m[W3C (939183a9)]&amp#27;[39m Responding to client with driver.getCurrentContext() result: "NATIVE_APP"
&amp#27;[35m[HTTP]&amp#27;[39m &amp#27;[37m<-- GET /wd/hub/session/939183a9-a922-4fee-90ba-5de5847d3974/context &amp#27;[39m&amp#27;[32m200&amp#27;[39m &amp#27;[90m1 ms - 22&amp#27;[39m
&amp#27;[35m[HTTP]&amp#27;[39m &amp#27;[90m&amp#27;[39m
&amp#27;[35m[HTTP]&amp#27;[39m &amp#27;[37m-->&amp#27;[39m &amp#27;[37mPOST&amp#27;[39m &amp#27;[37m/wd/hub/session/939183a9-a922-4fee-90ba-5de5847d3974/element&amp#27;[39m
&amp#27;[35m[HTTP]&amp#27;[39m &amp#27;[90m{"using":"accessibility id","value":"test-Username"}&amp#27;[39m
[debug] &amp#27;[35m[W3C (939183a9)]&amp#27;[39m Calling AppiumDriver.findElement() with args: ["accessibility id","test-Username","939183a9-a922-4fee-90ba-5de5847d3974"]
[debug] &amp#27;[35m[BaseDriver]&amp#27;[39m Valid locator strategies for this request: xpath, id, class name, accessibility id, -android uiautomator
[debug] &amp#27;[35m[BaseDriver]&amp#27;[39m Waiting up to 0 ms for condition
[debug] &amp#27;[35m[WD Proxy]&amp#27;[39m Matched '/element' to command name 'findElement'
[debug] &amp#27;[35m[WD Proxy]&amp#27;[39m Proxying [POST /element] to [POST http://127.0.0.1:10000/wd/hub/session/dd58c3e8-5f89-4d1c-984c-13f9737734d9/element] with body: {"strategy":"accessibility id","selector":"test-Username","context":"","multiple":false}
[debug] &amp#27;[35m[WD Proxy]&amp#27;[39m Got response with status 200: {"sessionId":"dd58c3e8-5f89-4d1c-984c-13f9737734d9","value":{"ELEMENT":"7816c0e8-e569-4422-bf85-e72799f96c50","element-6066-11e4-a52e-4f735466cecf":"7816c0e8-e569-4422-bf85-e72799f96c50"}}
[debug] &amp#27;[35m[W3C (939183a9)]&amp#27;[39m Responding to client with driver.findElement() result: {"element-6066-11e4-a52e-4f735466cecf":"7816c0e8-e569-4422-bf85-e72799f96c50","ELEMENT":"7816c0e8-e569-4422-bf85-e72799f96c50"}
&amp#27;[35m[HTTP]&amp#27;[39m &amp#27;[37m<-- POST /wd/hub/session/939183a9-a922-4fee-90ba-5de5847d3974/element &amp#27;[39m&amp#27;[32m200&amp#27;[39m &amp#27;[90m19 ms - 137&amp#27;[39m
&amp#27;[35m[HTTP]&amp#27;[39m &amp#27;[90m&amp#27;[39m
&amp#27;[35m[HTTP]&amp#27;[39m &amp#27;[37m-->&amp#27;[39m &amp#27;[37mGET&amp#27;[39m &amp#27;[37m/wd/hub/session/939183a9-a922-4fee-90ba-5de5847d3974/element/7816c0e8-e569-4422-bf85-e72799f96c50/text&amp#27;[39m
&amp#27;[35m[HTTP]&amp#27;[39m &amp#27;[90m{}&amp#27;[39m
&amp#27;[35m[W3C (939183a9)]&amp#27;[39m Driver proxy active, passing request on via HTTP proxy
[debug] &amp#27;[35m[WD Proxy]&amp#27;[39m Matched '/wd/hub/session/939183a9-a922-4fee-90ba-5de5847d3974/element/7816c0e8-e569-4422-bf85-e72799f96c50/text' to command name 'getText'
[debug] &amp#27;[35m[WD Proxy]&amp#27;[39m Proxying [GET /wd/hub/session/939183a9-a922-4fee-90ba-5de5847d3974/element/7816c0e8-e569-4422-bf85-e72799f96c50/text] to [GET http://127.0.0.1:10000/wd/hub/session/dd58c3e8-5f89-4d1c-984c-13f9737734d9/element/7816c0e8-e569-4422-bf85-e72799f96c50/text] with no body
[debug] &amp#27;[35m[WD Proxy]&amp#27;[39m Got response with status 200: {"sessionId":"dd58c3e8-5f89-4d1c-984c-13f9737734d9","value":"Username"}
&amp#27;[35m[WD Proxy]&amp#27;[39m Replacing sessionId dd58c3e8-5f89-4d1c-984c-13f9737734d9 with 939183a9-a922-4fee-90ba-5de5847d3974
&amp#27;[35m[HTTP]&amp#27;[39m &amp#27;[37m<-- GET /wd/hub/session/939183a9-a922-4fee-90ba-5de5847d3974/element/7816c0e8-e569-4422-bf85-e72799f96c50/text &amp#27;[39m&amp#27;[32m200&amp#27;[39m &amp#27;[90m10 ms - 71&amp#27;[39m
&amp#27;[35m[HTTP]&amp#27;[39m &amp#27;[90m&amp#27;[39m
&amp#27;[35m[HTTP]&amp#27;[39m &amp#27;[37m-->&amp#27;[39m &amp#27;[37mGET&amp#27;[39m &amp#27;[37m/wd/hub/session/939183a9-a922-4fee-90ba-5de5847d3974/context&amp#27;[39m
&amp#27;[35m[HTTP]&amp#27;[39m &amp#27;[90m{}&amp#27;[39m
[debug] &amp#27;[35m[W3C (939183a9)]&amp#27;[39m Calling AppiumDriver.getCurrentContext() with args: ["939183a9-a922-4fee-90ba-5de5847d3974"]
[debug] &amp#27;[35m[W3C (939183a9)]&amp#27;[39m Responding to client with driver.getCurrentContext() result: "NATIVE_APP"
&amp#27;[35m[HTTP]&amp#27;[39m &amp#27;[37m<-- GET /wd/hub/session/939183a9-a922-4fee-90ba-5de5847d3974/context &amp#27;[39m&amp#27;[32m200&amp#27;[39m &amp#27;[90m1 ms - 22&amp#27;[39m
&amp#27;[35m[HTTP]&amp#27;[39m &amp#27;[90m&amp#27;[39m
&amp#27;[35m[HTTP]&amp#27;[39m &amp#27;[37m-->&amp#27;[39m &amp#27;[37mPOST&amp#27;[39m &amp#27;[37m/wd/hub/session/939183a9-a922-4fee-90ba-5de5847d3974/element&amp#27;[39m
&amp#27;[35m[HTTP]&amp#27;[39m &amp#27;[90m{"using":"accessibility id","value":"test-Username"}&amp#27;[39m
[debug] &amp#27;[35m[W3C (939183a9)]&amp#27;[39m Calling AppiumDriver.findElement() with args: ["accessibility id","test-Username","939183a9-a922-4fee-90ba-5de5847d3974"]
[debug] &amp#27;[35m[BaseDriver]&amp#27;[39m Valid locator strategies for this request: xpath, id, class name, accessibility id, -android uiautomator
[debug] &amp#27;[35m[BaseDriver]&amp#27;[39m Waiting up to 0 ms for condition
[debug] &amp#27;[35m[WD Proxy]&amp#27;[39m Matched '/element' to command name 'findElement'
[debug] &amp#27;[35m[WD Proxy]&amp#27;[39m Proxying [POST /element] to [POST http://127.0.0.1:10000/wd/hub/session/dd58c3e8-5f89-4d1c-984c-13f9737734d9/element] with body: {"strategy":"accessibility id","selector":"test-Username","context":"","multiple":false}
[debug] &amp#27;[35m[WD Proxy]&amp#27;[39m Got response with status 200: {"sessionId":"dd58c3e8-5f89-4d1c-984c-13f9737734d9","value":{"ELEMENT":"814ebe13-a0d8-447d-b927-ae008f319bc1","element-6066-11e4-a52e-4f735466cecf":"814ebe13-a0d8-447d-b927-ae008f319bc1"}}
[debug] &amp#27;[35m[W3C (939183a9)]&amp#27;[39m Responding to client with driver.findElement() result: {"element-6066-11e4-a52e-4f735466cecf":"814ebe13-a0d8-447d-b927-ae008f319bc1","ELEMENT":"814ebe13-a0d8-447d-b927-ae008f319bc1"}
&amp#27;[35m[HTTP]&amp#27;[39m &amp#27;[37m<-- POST /wd/hub/session/939183a9-a922-4fee-90ba-5de5847d3974/element &amp#27;[39m&amp#27;[32m200&amp#27;[39m &amp#27;[90m16 ms - 137&amp#27;[39m
&amp#27;[35m[HTTP]&amp#27;[39m &amp#27;[90m&amp#27;[39m
&amp#27;[35m[HTTP]&amp#27;[39m &amp#27;[37m-->&amp#27;[39m &amp#27;[37mPOST&amp#27;[39m &amp#27;[37m/wd/hub/session/939183a9-a922-4fee-90ba-5de5847d3974/element/814ebe13-a0d8-447d-b927-ae008f319bc1/value&amp#27;[39m
&amp#27;[35m[HTTP]&amp#27;[39m &amp#27;[90m{"id":"814ebe13-a0d8-447d-b927-ae008f319bc1","text":"standard_user","value":["s","t","a","n","d","a","r","d","_","u","s","e","r"]}&amp#27;[39m
[debug] &amp#27;[35m[W3C (939183a9)]&amp#27;[39m Calling AppiumDriver.setValue() with args: [["s","t","a","n","d","a","r","d","_","u","s","e","r"],"814ebe13-a0d8-447d-b927-ae008f319bc1","939183a9-a922-4fee-90ba-5de5847d3974"]
[debug] &amp#27;[35m[WD Proxy]&amp#27;[39m Matched '/element/814ebe13-a0d8-447d-b927-ae008f319bc1/value' to command name 'setValue'
[debug] &amp#27;[35m[Protocol Converter]&amp#27;[39m Added 'value' property ["s","t","a","n","d","a","r","d","_","u","s","e","r"] to 'setValue' request body
[debug] &amp#27;[35m[WD Proxy]&amp#27;[39m Proxying [POST /element/814ebe13-a0d8-447d-b927-ae008f319bc1/value] to [POST http://127.0.0.1:10000/wd/hub/session/dd58c3e8-5f89-4d1c-984c-13f9737734d9/element/814ebe13-a0d8-447d-b927-ae008f319bc1/value] with body: {"elementId":"814ebe13-a0d8-447d-b927-ae008f319bc1","text":"standard_user","replace":false,"value":["s","t","a","n","d","a","r","d","_","u","s","e","r"]}
[debug] &amp#27;[35m[WD Proxy]&amp#27;[39m Got response with status 200: {"sessionId":"dd58c3e8-5f89-4d1c-984c-13f9737734d9","value":null}
[debug] &amp#27;[35m[W3C (939183a9)]&amp#27;[39m Responding to client with driver.setValue() result: null
&amp#27;[35m[HTTP]&amp#27;[39m &amp#27;[37m<-- POST /wd/hub/session/939183a9-a922-4fee-90ba-5de5847d3974/element/814ebe13-a0d8-447d-b927-ae008f319bc1/value &amp#27;[39m&amp#27;[32m200&amp#27;[39m &amp#27;[90m37 ms - 14&amp#27;[39m
&amp#27;[35m[HTTP]&amp#27;[39m &amp#27;[90m&amp#27;[39m
&amp#27;[35m[HTTP]&amp#27;[39m &amp#27;[37m-->&amp#27;[39m &amp#27;[37mGET&amp#27;[39m &amp#27;[37m/wd/hub/session/939183a9-a922-4fee-90ba-5de5847d3974/context&amp#27;[39m
&amp#27;[35m[HTTP]&amp#27;[39m &amp#27;[90m{}&amp#27;[39m
[debug] &amp#27;[35m[W3C (939183a9)]&amp#27;[39m Calling AppiumDriver.getCurrentContext() with args: ["939183a9-a922-4fee-90ba-5de5847d3974"]
[debug] &amp#27;[35m[W3C (939183a9)]&amp#27;[39m Responding to client with driver.getCurrentContext() result: "NATIVE_APP"
&amp#27;[35m[HTTP]&amp#27;[39m &amp#27;[37m<-- GET /wd/hub/session/939183a9-a922-4fee-90ba-5de5847d3974/context &amp#27;[39m&amp#27;[32m200&amp#27;[39m &amp#27;[90m1 ms - 22&amp#27;[39m
&amp#27;[35m[HTTP]&amp#27;[39m &amp#27;[90m&amp#27;[39m
&amp#27;[35m[HTTP]&amp#27;[39m &amp#27;[37m-->&amp#27;[39m &amp#27;[37mPOST&amp#27;[39m &amp#27;[37m/wd/hub/session/939183a9-a922-4fee-90ba-5de5847d3974/element&amp#27;[39m
&amp#27;[35m[HTTP]&amp#27;[39m &amp#27;[90m{"using":"accessibility id","value":"test-Username"}&amp#27;[39m
[debug] &amp#27;[35m[W3C (939183a9)]&amp#27;[39m Calling AppiumDriver.findElement() with args: ["accessibility id","test-Username","939183a9-a922-4fee-90ba-5de5847d3974"]
[debug] &amp#27;[35m[BaseDriver]&amp#27;[39m Valid locator strategies for this request: xpath, id, class name, accessibility id, -android uiautomator
[debug] &amp#27;[35m[BaseDriver]&amp#27;[39m Waiting up to 0 ms for condition
[debug] &amp#27;[35m[WD Proxy]&amp#27;[39m Matched '/element' to command name 'findElement'
[debug] &amp#27;[35m[WD Proxy]&amp#27;[39m Proxying [POST /element] to [POST http://127.0.0.1:10000/wd/hub/session/dd58c3e8-5f89-4d1c-984c-13f9737734d9/element] with body: {"strategy":"accessibility id","selector":"test-Username","context":"","multiple":false}
[debug] &amp#27;[35m[WD Proxy]&amp#27;[39m Got response with status 200: {"sessionId":"dd58c3e8-5f89-4d1c-984c-13f9737734d9","value":{"ELEMENT":"e6e47571-e64b-4972-bf7c-e9a04534598f","element-6066-11e4-a52e-4f735466cecf":"e6e47571-e64b-4972-bf7c-e9a04534598f"}}
[debug] &amp#27;[35m[W3C (939183a9)]&amp#27;[39m Responding to client with driver.findElement() result: {"element-6066-11e4-a52e-4f735466cecf":"e6e47571-e64b-4972-bf7c-e9a04534598f","ELEMENT":"e6e47571-e64b-4972-bf7c-e9a04534598f"}
&amp#27;[35m[HTTP]&amp#27;[39m &amp#27;[37m<-- POST /wd/hub/session/939183a9-a922-4fee-90ba-5de5847d3974/element &amp#27;[39m&amp#27;[32m200&amp#27;[39m &amp#27;[90m504 ms - 137&amp#27;[39m
&amp#27;[35m[HTTP]&amp#27;[39m &amp#27;[90m&amp#27;[39m
&amp#27;[35m[HTTP]&amp#27;[39m &amp#27;[37m-->&amp#27;[39m &amp#27;[37mGET&amp#27;[39m &amp#27;[37m/wd/hub/session/939183a9-a922-4fee-90ba-5de5847d3974/element/e6e47571-e64b-4972-bf7c-e9a04534598f/text&amp#27;[39m
&amp#27;[35m[HTTP]&amp#27;[39m &amp#27;[90m{}&amp#27;[39m
&amp#27;[35m[W3C (939183a9)]&amp#27;[39m Driver proxy active, passing request on via HTTP proxy
[debug] &amp#27;[35m[WD Proxy]&amp#27;[39m Matched '/wd/hub/session/939183a9-a922-4fee-90ba-5de5847d3974/element/e6e47571-e64b-4972-bf7c-e9a04534598f/text' to command name 'getText'
[debug] &amp#27;[35m[WD Proxy]&amp#27;[39m Proxying [GET /wd/hub/session/939183a9-a922-4fee-90ba-5de5847d3974/element/e6e47571-e64b-4972-bf7c-e9a04534598f/text] to [GET http://127.0.0.1:10000/wd/hub/session/dd58c3e8-5f89-4d1c-984c-13f9737734d9/element/e6e47571-e64b-4972-bf7c-e9a04534598f/text] with no body
[debug] &amp#27;[35m[WD Proxy]&amp#27;[39m Got response with status 200: {"sessionId":"dd58c3e8-5f89-4d1c-984c-13f9737734d9","value":"standard_user"}
&amp#27;[35m[WD Proxy]&amp#27;[39m Replacing sessionId dd58c3e8-5f89-4d1c-984c-13f9737734d9 with 939183a9-a922-4fee-90ba-5de5847d3974
&amp#27;[35m[HTTP]&amp#27;[39m &amp#27;[37m<-- GET /wd/hub/session/939183a9-a922-4fee-90ba-5de5847d3974/element/e6e47571-e64b-4972-bf7c-e9a04534598f/text &amp#27;[39m&amp#27;[32m200&amp#27;[39m &amp#27;[90m15 ms - 76&amp#27;[39m
&amp#27;[35m[HTTP]&amp#27;[39m &amp#27;[90m&amp#27;[39m
&amp#27;[35m[HTTP]&amp#27;[39m &amp#27;[37m-->&amp#27;[39m &amp#27;[37mGET&amp#27;[39m &amp#27;[37m/wd/hub/session/939183a9-a922-4fee-90ba-5de5847d3974/context&amp#27;[39m
&amp#27;[35m[HTTP]&amp#27;[39m &amp#27;[90m{}&amp#27;[39m
[debug] &amp#27;[35m[W3C (939183a9)]&amp#27;[39m Calling AppiumDriver.getCurrentContext() with args: ["939183a9-a922-4fee-90ba-5de5847d3974"]
[debug] &amp#27;[35m[W3C (939183a9)]&amp#27;[39m Responding to client with driver.getCurrentContext() result: "NATIVE_APP"
&amp#27;[35m[HTTP]&amp#27;[39m &amp#27;[37m<-- GET /wd/hub/session/939183a9-a922-4fee-90ba-5de5847d3974/context &amp#27;[39m&amp#27;[32m200&amp#27;[39m &amp#27;[90m2 ms - 22&amp#27;[39m
&amp#27;[35m[HTTP]&amp#27;[39m &amp#27;[90m&amp#27;[39m
&amp#27;[35m[HTTP]&amp#27;[39m &amp#27;[37m-->&amp#27;[39m &amp#27;[37mPOST&amp#27;[39m &amp#27;[37m/wd/hub/session/939183a9-a922-4fee-90ba-5de5847d3974/element&amp#27;[39m
&amp#27;[35m[HTTP]&amp#27;[39m &amp#27;[90m{"using":"accessibility id","value":"test-Password"}&amp#27;[39m
[debug] &amp#27;[35m[W3C (939183a9)]&amp#27;[39m Calling AppiumDriver.findElement() with args: ["accessibility id","test-Password","939183a9-a922-4fee-90ba-5de5847d3974"]
[debug] &amp#27;[35m[BaseDriver]&amp#27;[39m Valid locator strategies for this request: xpath, id, class name, accessibility id, -android uiautomator
[debug] &amp#27;[35m[BaseDriver]&amp#27;[39m Waiting up to 0 ms for condition
[debug] &amp#27;[35m[WD Proxy]&amp#27;[39m Matched '/element' to command name 'findElement'
[debug] &amp#27;[35m[WD Proxy]&amp#27;[39m Proxying [POST /element] to [POST http://127.0.0.1:10000/wd/hub/session/dd58c3e8-5f89-4d1c-984c-13f9737734d9/element] with body: {"strategy":"accessibility id","selector":"test-Password","context":"","multiple":false}
[debug] &amp#27;[35m[WD Proxy]&amp#27;[39m Got response with status 200: {"sessionId":"dd58c3e8-5f89-4d1c-984c-13f9737734d9","value":{"ELEMENT":"90599c24-d6a9-4c41-b816-db2fa84e42b7","element-6066-11e4-a52e-4f735466cecf":"90599c24-d6a9-4c41-b816-db2fa84e42b7"}}
[debug] &amp#27;[35m[W3C (939183a9)]&amp#27;[39m Responding to client with driver.findElement() result: {"element-6066-11e4-a52e-4f735466cecf":"90599c24-d6a9-4c41-b816-db2fa84e42b7","ELEMENT":"90599c24-d6a9-4c41-b816-db2fa84e42b7"}
&amp#27;[35m[HTTP]&amp#27;[39m &amp#27;[37m<-- POST /wd/hub/session/939183a9-a922-4fee-90ba-5de5847d3974/element &amp#27;[39m&amp#27;[32m200&amp#27;[39m &amp#27;[90m18 ms - 137&amp#27;[39m
&amp#27;[35m[HTTP]&amp#27;[39m &amp#27;[90m&amp#27;[39m
&amp#27;[35m[HTTP]&amp#27;[39m &amp#27;[37m-->&amp#27;[39m &amp#27;[37mPOST&amp#27;[39m &amp#27;[37m/wd/hub/session/939183a9-a922-4fee-90ba-5de5847d3974/element/90599c24-d6a9-4c41-b816-db2fa84e42b7/clear&amp#27;[39m
&amp#27;[35m[HTTP]&amp#27;[39m &amp#27;[90m{"id":"90599c24-d6a9-4c41-b816-db2fa84e42b7"}&amp#27;[39m
[debug] &amp#27;[35m[W3C (939183a9)]&amp#27;[39m Calling AppiumDriver.clear() with args: ["90599c24-d6a9-4c41-b816-db2fa84e42b7","939183a9-a922-4fee-90ba-5de5847d3974"]
[debug] &amp#27;[35m[WD Proxy]&amp#27;[39m Matched '/element/90599c24-d6a9-4c41-b816-db2fa84e42b7/clear' to command name 'clear'
[debug] &amp#27;[35m[WD Proxy]&amp#27;[39m Proxying [POST /element/90599c24-d6a9-4c41-b816-db2fa84e42b7/clear] to [POST http://127.0.0.1:10000/wd/hub/session/dd58c3e8-5f89-4d1c-984c-13f9737734d9/element/90599c24-d6a9-4c41-b816-db2fa84e42b7/clear] with body: {"elementId":"90599c24-d6a9-4c41-b816-db2fa84e42b7"}
[debug] &amp#27;[35m[WD Proxy]&amp#27;[39m Got response with status 200: {"sessionId":"dd58c3e8-5f89-4d1c-984c-13f9737734d9","value":null}
[debug] &amp#27;[35m[W3C (939183a9)]&amp#27;[39m Responding to client with driver.clear() result: null
&amp#27;[35m[HTTP]&amp#27;[39m &amp#27;[37m<-- POST /wd/hub/session/939183a9-a922-4fee-90ba-5de5847d3974/element/90599c24-d6a9-4c41-b816-db2fa84e42b7/clear &amp#27;[39m&amp#27;[32m200&amp#27;[39m &amp#27;[90m14 ms - 14&amp#27;[39m
&amp#27;[35m[HTTP]&amp#27;[39m &amp#27;[90m&amp#27;[39m
&amp#27;[35m[HTTP]&amp#27;[39m &amp#27;[37m-->&amp#27;[39m &amp#27;[37mGET&amp#27;[39m &amp#27;[37m/wd/hub/session/939183a9-a922-4fee-90ba-5de5847d3974/context&amp#27;[39m
&amp#27;[35m[HTTP]&amp#27;[39m &amp#27;[90m{}&amp#27;[39m
[debug] &amp#27;[35m[W3C (939183a9)]&amp#27;[39m Calling AppiumDriver.getCurrentContext() with args: ["939183a9-a922-4fee-90ba-5de5847d3974"]
[debug] &amp#27;[35m[W3C (939183a9)]&amp#27;[39m Responding to client with driver.getCurrentContext() result: "NATIVE_APP"
&amp#27;[35m[HTTP]&amp#27;[39m &amp#27;[37m<-- GET /wd/hub/session/939183a9-a922-4fee-90ba-5de5847d3974/context &amp#27;[39m&amp#27;[32m200&amp#27;[39m &amp#27;[90m1 ms - 22&amp#27;[39m
&amp#27;[35m[HTTP]&amp#27;[39m &amp#27;[90m&amp#27;[39m
&amp#27;[35m[HTTP]&amp#27;[39m &amp#27;[37m-->&amp#27;[39m &amp#27;[37mPOST&amp#27;[39m &amp#27;[37m/wd/hub/session/939183a9-a922-4fee-90ba-5de5847d3974/element&amp#27;[39m
&amp#27;[35m[HTTP]&amp#27;[39m &amp#27;[90m{"using":"accessibility id","value":"test-Password"}&amp#27;[39m
[debug] &amp#27;[35m[W3C (939183a9)]&amp#27;[39m Calling AppiumDriver.findElement() with args: ["accessibility id","test-Password","939183a9-a922-4fee-90ba-5de5847d3974"]
[debug] &amp#27;[35m[BaseDriver]&amp#27;[39m Valid locator strategies for this request: xpath, id, class name, accessibility id, -android uiautomator
[debug] &amp#27;[35m[BaseDriver]&amp#27;[39m Waiting up to 0 ms for condition
[debug] &amp#27;[35m[WD Proxy]&amp#27;[39m Matched '/element' to command name 'findElement'
[debug] &amp#27;[35m[WD Proxy]&amp#27;[39m Proxying [POST /element] to [POST http://127.0.0.1:10000/wd/hub/session/dd58c3e8-5f89-4d1c-984c-13f9737734d9/element] with body: {"strategy":"accessibility id","selector":"test-Password","context":"","multiple":false}
[debug] &amp#27;[35m[WD Proxy]&amp#27;[39m Got response with status 200: {"sessionId":"dd58c3e8-5f89-4d1c-984c-13f9737734d9","value":{"ELEMENT":"9d251f6c-93f4-4ad2-a86e-34fef0a1d3dc","element-6066-11e4-a52e-4f735466cecf":"9d251f6c-93f4-4ad2-a86e-34fef0a1d3dc"}}
[debug] &amp#27;[35m[W3C (939183a9)]&amp#27;[39m Responding to client with driver.findElement() result: {"element-6066-11e4-a52e-4f735466cecf":"9d251f6c-93f4-4ad2-a86e-34fef0a1d3dc","ELEMENT":"9d251f6c-93f4-4ad2-a86e-34fef0a1d3dc"}
&amp#27;[35m[HTTP]&amp#27;[39m &amp#27;[37m<-- POST /wd/hub/session/939183a9-a922-4fee-90ba-5de5847d3974/element &amp#27;[39m&amp#27;[32m200&amp#27;[39m &amp#27;[90m504 ms - 137&amp#27;[39m
&amp#27;[35m[HTTP]&amp#27;[39m &amp#27;[90m&amp#27;[39m
&amp#27;[35m[HTTP]&amp#27;[39m &amp#27;[37m-->&amp#27;[39m &amp#27;[37mGET&amp#27;[39m &amp#27;[37m/wd/hub/session/939183a9-a922-4fee-90ba-5de5847d3974/element/9d251f6c-93f4-4ad2-a86e-34fef0a1d3dc/text&amp#27;[39m
&amp#27;[35m[HTTP]&amp#27;[39m &amp#27;[90m{}&amp#27;[39m
&amp#27;[35m[W3C (939183a9)]&amp#27;[39m Driver proxy active, passing request on via HTTP proxy
[debug] &amp#27;[35m[WD Proxy]&amp#27;[39m Matched '/wd/hub/session/939183a9-a922-4fee-90ba-5de5847d3974/element/9d251f6c-93f4-4ad2-a86e-34fef0a1d3dc/text' to command name 'getText'
[debug] &amp#27;[35m[WD Proxy]&amp#27;[39m Proxying [GET /wd/hub/session/939183a9-a922-4fee-90ba-5de5847d3974/element/9d251f6c-93f4-4ad2-a86e-34fef0a1d3dc/text] to [GET http://127.0.0.1:10000/wd/hub/session/dd58c3e8-5f89-4d1c-984c-13f9737734d9/element/9d251f6c-93f4-4ad2-a86e-34fef0a1d3dc/text] with no body
[debug] &amp#27;[35m[WD Proxy]&amp#27;[39m Got response with status 200: {"sessionId":"dd58c3e8-5f89-4d1c-984c-13f9737734d9","value":"Password"}
&amp#27;[35m[WD Proxy]&amp#27;[39m Replacing sessionId dd58c3e8-5f89-4d1c-984c-13f9737734d9 with 939183a9-a922-4fee-90ba-5de5847d3974
&amp#27;[35m[HTTP]&amp#27;[39m &amp#27;[37m<-- GET /wd/hub/session/939183a9-a922-4fee-90ba-5de5847d3974/element/9d251f6c-93f4-4ad2-a86e-34fef0a1d3dc/text &amp#27;[39m&amp#27;[32m200&amp#27;[39m &amp#27;[90m10 ms - 71&amp#27;[39m
&amp#27;[35m[HTTP]&amp#27;[39m &amp#27;[90m&amp#27;[39m
&amp#27;[35m[HTTP]&amp#27;[39m &amp#27;[37m-->&amp#27;[39m &amp#27;[37mGET&amp#27;[39m &amp#27;[37m/wd/hub/session/939183a9-a922-4fee-90ba-5de5847d3974/context&amp#27;[39m
&amp#27;[35m[HTTP]&amp#27;[39m &amp#27;[90m{}&amp#27;[39m
[debug] &amp#27;[35m[W3C (939183a9)]&amp#27;[39m Calling AppiumDriver.getCurrentContext() with args: ["939183a9-a922-4fee-90ba-5de5847d3974"]
[debug] &amp#27;[35m[W3C (939183a9)]&amp#27;[39m Responding to client with driver.getCurrentContext() result: "NATIVE_APP"
&amp#27;[35m[HTTP]&amp#27;[39m &amp#27;[37m<-- GET /wd/hub/session/939183a9-a922-4fee-90ba-5de5847d3974/context &amp#27;[39m&amp#27;[32m200&amp#27;[39m &amp#27;[90m1 ms - 22&amp#27;[39m
&amp#27;[35m[HTTP]&amp#27;[39m &amp#27;[90m&amp#27;[39m
&amp#27;[35m[HTTP]&amp#27;[39m &amp#27;[37m-->&amp#27;[39m &amp#27;[37mPOST&amp#27;[39m &amp#27;[37m/wd/hub/session/939183a9-a922-4fee-90ba-5de5847d3974/element&amp#27;[39m
&amp#27;[35m[HTTP]&amp#27;[39m &amp#27;[90m{"using":"accessibility id","value":"test-Password"}&amp#27;[39m
[debug] &amp#27;[35m[W3C (939183a9)]&amp#27;[39m Calling AppiumDriver.findElement() with args: ["accessibility id","test-Password","939183a9-a922-4fee-90ba-5de5847d3974"]
[debug] &amp#27;[35m[BaseDriver]&amp#27;[39m Valid locator strategies for this request: xpath, id, class name, accessibility id, -android uiautomator
[debug] &amp#27;[35m[BaseDriver]&amp#27;[39m Waiting up to 0 ms for condition
[debug] &amp#27;[35m[WD Proxy]&amp#27;[39m Matched '/element' to command name 'findElement'
[debug] &amp#27;[35m[WD Proxy]&amp#27;[39m Proxying [POST /element] to [POST http://127.0.0.1:10000/wd/hub/session/dd58c3e8-5f89-4d1c-984c-13f9737734d9/element] with body: {"strategy":"accessibility id","selector":"test-Password","context":"","multiple":false}
[debug] &amp#27;[35m[WD Proxy]&amp#27;[39m Got response with status 200: {"sessionId":"dd58c3e8-5f89-4d1c-984c-13f9737734d9","value":{"ELEMENT":"fca1a1a9-1e2d-4d0c-aac8-a494715ab888","element-6066-11e4-a52e-4f735466cecf":"fca1a1a9-1e2d-4d0c-aac8-a494715ab888"}}
[debug] &amp#27;[35m[W3C (939183a9)]&amp#27;[39m Responding to client with driver.findElement() result: {"element-6066-11e4-a52e-4f735466cecf":"fca1a1a9-1e2d-4d0c-aac8-a494715ab888","ELEMENT":"fca1a1a9-1e2d-4d0c-aac8-a494715ab888"}
&amp#27;[35m[HTTP]&amp#27;[39m &amp#27;[37m<-- POST /wd/hub/session/939183a9-a922-4fee-90ba-5de5847d3974/element &amp#27;[39m&amp#27;[32m200&amp#27;[39m &amp#27;[90m16 ms - 137&amp#27;[39m
&amp#27;[35m[HTTP]&amp#27;[39m &amp#27;[90m&amp#27;[39m
&amp#27;[35m[HTTP]&amp#27;[39m &amp#27;[37m-->&amp#27;[39m &amp#27;[37mGET&amp#27;[39m &amp#27;[37m/wd/hub/session/939183a9-a922-4fee-90ba-5de5847d3974/element/fca1a1a9-1e2d-4d0c-aac8-a494715ab888/displayed&amp#27;[39m
&amp#27;[35m[HTTP]&amp#27;[39m &amp#27;[90m{}&amp#27;[39m
[debug] &amp#27;[35m[W3C (939183a9)]&amp#27;[39m Calling AppiumDriver.elementDisplayed() with args: ["fca1a1a9-1e2d-4d0c-aac8-a494715ab888","939183a9-a922-4fee-90ba-5de5847d3974"]
[debug] &amp#27;[35m[WD Proxy]&amp#27;[39m Matched '/element/fca1a1a9-1e2d-4d0c-aac8-a494715ab888/attribute/displayed' to command name 'getAttribute'
[debug] &amp#27;[35m[WD Proxy]&amp#27;[39m Proxying [GET /element/fca1a1a9-1e2d-4d0c-aac8-a494715ab888/attribute/displayed] to [GET http://127.0.0.1:10000/wd/hub/session/dd58c3e8-5f89-4d1c-984c-13f9737734d9/element/fca1a1a9-1e2d-4d0c-aac8-a494715ab888/attribute/displayed] with no body
[debug] &amp#27;[35m[WD Proxy]&amp#27;[39m Got response with status 200: {"sessionId":"dd58c3e8-5f89-4d1c-984c-13f9737734d9","value":"true"}
[debug] &amp#27;[35m[W3C (939183a9)]&amp#27;[39m Responding to client with driver.elementDisplayed() result: true
&amp#27;[35m[HTTP]&amp#27;[39m &amp#27;[37m<-- GET /wd/hub/session/939183a9-a922-4fee-90ba-5de5847d3974/element/fca1a1a9-1e2d-4d0c-aac8-a494715ab888/displayed &amp#27;[39m&amp#27;[32m200&amp#27;[39m &amp#27;[90m10 ms - 14&amp#27;[39m
&amp#27;[35m[HTTP]&amp#27;[39m &amp#27;[90m&amp#27;[39m
&amp#27;[35m[HTTP]&amp#27;[39m &amp#27;[37m-->&amp#27;[39m &amp#27;[37mGET&amp#27;[39m &amp#27;[37m/wd/hub/session/939183a9-a922-4fee-90ba-5de5847d3974/context&amp#27;[39m
&amp#27;[35m[HTTP]&amp#27;[39m &amp#27;[90m{}&amp#27;[39m
[debug] &amp#27;[35m[W3C (939183a9)]&amp#27;[39m Calling AppiumDriver.getCurrentContext() with args: ["939183a9-a922-4fee-90ba-5de5847d3974"]
[debug] &amp#27;[35m[W3C (939183a9)]&amp#27;[39m Responding to client with driver.getCurrentContext() result: "NATIVE_APP"
&amp#27;[35m[HTTP]&amp#27;[39m &amp#27;[37m<-- GET /wd/hub/session/939183a9-a922-4fee-90ba-5de5847d3974/context &amp#27;[39m&amp#27;[32m200&amp#27;[39m &amp#27;[90m1 ms - 22&amp#27;[39m
&amp#27;[35m[HTTP]&amp#27;[39m &amp#27;[90m&amp#27;[39m
&amp#27;[35m[HTTP]&amp#27;[39m &amp#27;[37m-->&amp#27;[39m &amp#27;[37mPOST&amp#27;[39m &amp#27;[37m/wd/hub/session/939183a9-a922-4fee-90ba-5de5847d3974/element&amp#27;[39m
&amp#27;[35m[HTTP]&amp#27;[39m &amp#27;[90m{"using":"accessibility id","value":"test-Password"}&amp#27;[39m
[debug] &amp#27;[35m[W3C (939183a9)]&amp#27;[39m Calling AppiumDriver.findElement() with args: ["accessibility id","test-Password","939183a9-a922-4fee-90ba-5de5847d3974"]
[debug] &amp#27;[35m[BaseDriver]&amp#27;[39m Valid locator strategies for this request: xpath, id, class name, accessibility id, -android uiautomator
[debug] &amp#27;[35m[BaseDriver]&amp#27;[39m Waiting up to 0 ms for condition
[debug] &amp#27;[35m[WD Proxy]&amp#27;[39m Matched '/element' to command name 'findElement'
[debug] &amp#27;[35m[WD Proxy]&amp#27;[39m Proxying [POST /element] to [POST http://127.0.0.1:10000/wd/hub/session/dd58c3e8-5f89-4d1c-984c-13f9737734d9/element] with body: {"strategy":"accessibility id","selector":"test-Password","context":"","multiple":false}
[debug] &amp#27;[35m[WD Proxy]&amp#27;[39m Got response with status 200: {"sessionId":"dd58c3e8-5f89-4d1c-984c-13f9737734d9","value":{"ELEMENT":"1a76d90c-2e5a-47b4-b632-24d619183c2e","element-6066-11e4-a52e-4f735466cecf":"1a76d90c-2e5a-47b4-b632-24d619183c2e"}}
[debug] &amp#27;[35m[W3C (939183a9)]&amp#27;[39m Responding to client with driver.findElement() result: {"element-6066-11e4-a52e-4f735466cecf":"1a76d90c-2e5a-47b4-b632-24d619183c2e","ELEMENT":"1a76d90c-2e5a-47b4-b632-24d619183c2e"}
&amp#27;[35m[HTTP]&amp#27;[39m &amp#27;[37m<-- POST /wd/hub/session/939183a9-a922-4fee-90ba-5de5847d3974/element &amp#27;[39m&amp#27;[32m200&amp#27;[39m &amp#27;[90m19 ms - 137&amp#27;[39m
&amp#27;[35m[HTTP]&amp#27;[39m &amp#27;[90m&amp#27;[39m
&amp#27;[35m[HTTP]&amp#27;[39m &amp#27;[37m-->&amp#27;[39m &amp#27;[37mGET&amp#27;[39m &amp#27;[37m/wd/hub/session/939183a9-a922-4fee-90ba-5de5847d3974/element/1a76d90c-2e5a-47b4-b632-24d619183c2e/text&amp#27;[39m
&amp#27;[35m[HTTP]&amp#27;[39m &amp#27;[90m{}&amp#27;[39m
&amp#27;[35m[W3C (939183a9)]&amp#27;[39m Driver proxy active, passing request on via HTTP proxy
[debug] &amp#27;[35m[WD Proxy]&amp#27;[39m Matched '/wd/hub/session/939183a9-a922-4fee-90ba-5de5847d3974/element/1a76d90c-2e5a-47b4-b632-24d619183c2e/text' to command name 'getText'
[debug] &amp#27;[35m[WD Proxy]&amp#27;[39m Proxying [GET /wd/hub/session/939183a9-a922-4fee-90ba-5de5847d3974/element/1a76d90c-2e5a-47b4-b632-24d619183c2e/text] to [GET http://127.0.0.1:10000/wd/hub/session/dd58c3e8-5f89-4d1c-984c-13f9737734d9/element/1a76d90c-2e5a-47b4-b632-24d619183c2e/text] with no body
[debug] &amp#27;[35m[WD Proxy]&amp#27;[39m Got response with status 200: {"sessionId":"dd58c3e8-5f89-4d1c-984c-13f9737734d9","value":"Password"}
&amp#27;[35m[WD Proxy]&amp#27;[39m Replacing sessionId dd58c3e8-5f89-4d1c-984c-13f9737734d9 with 939183a9-a922-4fee-90ba-5de5847d3974
&amp#27;[35m[HTTP]&amp#27;[39m &amp#27;[37m<-- GET /wd/hub/session/939183a9-a922-4fee-90ba-5de5847d3974/element/1a76d90c-2e5a-47b4-b632-24d619183c2e/text &amp#27;[39m&amp#27;[32m200&amp#27;[39m &amp#27;[90m12 ms - 71&amp#27;[39m
&amp#27;[35m[HTTP]&amp#27;[39m &amp#27;[90m&amp#27;[39m
&amp#27;[35m[HTTP]&amp#27;[39m &amp#27;[37m-->&amp#27;[39m &amp#27;[37mGET&amp#27;[39m &amp#27;[37m/wd/hub/session/939183a9-a922-4fee-90ba-5de5847d3974/context&amp#27;[39m
&amp#27;[35m[HTTP]&amp#27;[39m &amp#27;[90m{}&amp#27;[39m
[debug] &amp#27;[35m[W3C (939183a9)]&amp#27;[39m Calling AppiumDriver.getCurrentContext() with args: ["939183a9-a922-4fee-90ba-5de5847d3974"]
[debug] &amp#27;[35m[W3C (939183a9)]&amp#27;[39m Responding to client with driver.getCurrentContext() result: "NATIVE_APP"
&amp#27;[35m[HTTP]&amp#27;[39m &amp#27;[37m<-- GET /wd/hub/session/939183a9-a922-4fee-90ba-5de5847d3974/context &amp#27;[39m&amp#27;[32m200&amp#27;[39m &amp#27;[90m2 ms - 22&amp#27;[39m
&amp#27;[35m[HTTP]&amp#27;[39m &amp#27;[90m&amp#27;[39m
&amp#27;[35m[HTTP]&amp#27;[39m &amp#27;[37m-->&amp#27;[39m &amp#27;[37mPOST&amp#27;[39m &amp#27;[37m/wd/hub/session/939183a9-a922-4fee-90ba-5de5847d3974/element&amp#27;[39m
&amp#27;[35m[HTTP]&amp#27;[39m &amp#27;[90m{"using":"accessibility id","value":"test-Password"}&amp#27;[39m
[debug] &amp#27;[35m[W3C (939183a9)]&amp#27;[39m Calling AppiumDriver.findElement() with args: ["accessibility id","test-Password","939183a9-a922-4fee-90ba-5de5847d3974"]
[debug] &amp#27;[35m[BaseDriver]&amp#27;[39m Valid locator strategies for this request: xpath, id, class name, accessibility id, -android uiautomator
[debug] &amp#27;[35m[BaseDriver]&amp#27;[39m Waiting up to 0 ms for condition
[debug] &amp#27;[35m[WD Proxy]&amp#27;[39m Matched '/element' to command name 'findElement'
[debug] &amp#27;[35m[WD Proxy]&amp#27;[39m Proxying [POST /element] to [POST http://127.0.0.1:10000/wd/hub/session/dd58c3e8-5f89-4d1c-984c-13f9737734d9/element] with body: {"strategy":"accessibility id","selector":"test-Password","context":"","multiple":false}
[debug] &amp#27;[35m[WD Proxy]&amp#27;[39m Got response with status 200: {"sessionId":"dd58c3e8-5f89-4d1c-984c-13f9737734d9","value":{"ELEMENT":"7593298a-9587-49b6-ae11-e155ccb57180","element-6066-11e4-a52e-4f735466cecf":"7593298a-9587-49b6-ae11-e155ccb57180"}}
[debug] &amp#27;[35m[W3C (939183a9)]&amp#27;[39m Responding to client with driver.findElement() result: {"element-6066-11e4-a52e-4f735466cecf":"7593298a-9587-49b6-ae11-e155ccb57180","ELEMENT":"7593298a-9587-49b6-ae11-e155ccb57180"}
&amp#27;[35m[HTTP]&amp#27;[39m &amp#27;[37m<-- POST /wd/hub/session/939183a9-a922-4fee-90ba-5de5847d3974/element &amp#27;[39m&amp#27;[32m200&amp#27;[39m &amp#27;[90m18 ms - 137&amp#27;[39m
&amp#27;[35m[HTTP]&amp#27;[39m &amp#27;[90m&amp#27;[39m
&amp#27;[35m[HTTP]&amp#27;[39m &amp#27;[37m-->&amp#27;[39m &amp#27;[37mPOST&amp#27;[39m &amp#27;[37m/wd/hub/session/939183a9-a922-4fee-90ba-5de5847d3974/element/7593298a-9587-49b6-ae11-e155ccb57180/value&amp#27;[39m
&amp#27;[35m[HTTP]&amp#27;[39m &amp#27;[90m{"id":"7593298a-9587-49b6-ae11-e155ccb57180","text":"secret_sauce","value":["s","e","c","r","e","t","_","s","a","u","c","e"]}&amp#27;[39m
[debug] &amp#27;[35m[W3C (939183a9)]&amp#27;[39m Calling AppiumDriver.setValue() with args: [["s","e","c","r","e","t","_","s","a","u","c","e"],"7593298a-9587-49b6-ae11-e155ccb57180","939183a9-a922-4fee-90ba-5de5847d3974"]
[debug] &amp#27;[35m[WD Proxy]&amp#27;[39m Matched '/element/7593298a-9587-49b6-ae11-e155ccb57180/value' to command name 'setValue'
[debug] &amp#27;[35m[Protocol Converter]&amp#27;[39m Added 'value' property ["s","e","c","r","e","t","_","s","a","u","c","e"] to 'setValue' request body
[debug] &amp#27;[35m[WD Proxy]&amp#27;[39m Proxying [POST /element/7593298a-9587-49b6-ae11-e155ccb57180/value] to [POST http://127.0.0.1:10000/wd/hub/session/dd58c3e8-5f89-4d1c-984c-13f9737734d9/element/7593298a-9587-49b6-ae11-e155ccb57180/value] with body: {"elementId":"7593298a-9587-49b6-ae11-e155ccb57180","text":"secret_sauce","replace":false,"value":["s","e","c","r","e","t","_","s","a","u","c","e"]}
[debug] &amp#27;[35m[WD Proxy]&amp#27;[39m Got response with status 200: {"sessionId":"dd58c3e8-5f89-4d1c-984c-13f9737734d9","value":null}
[debug] &amp#27;[35m[W3C (939183a9)]&amp#27;[39m Responding to client with driver.setValue() result: null
&amp#27;[35m[HTTP]&amp#27;[39m &amp#27;[37m<-- POST /wd/hub/session/939183a9-a922-4fee-90ba-5de5847d3974/element/7593298a-9587-49b6-ae11-e155ccb57180/value &amp#27;[39m&amp#27;[32m200&amp#27;[39m &amp#27;[90m31 ms - 14&amp#27;[39m
&amp#27;[35m[HTTP]&amp#27;[39m &amp#27;[90m&amp#27;[39m
&amp#27;[35m[HTTP]&amp#27;[39m &amp#27;[37m-->&amp#27;[39m &amp#27;[37mGET&amp#27;[39m &amp#27;[37m/wd/hub/session/939183a9-a922-4fee-90ba-5de5847d3974/context&amp#27;[39m
&amp#27;[35m[HTTP]&amp#27;[39m &amp#27;[90m{}&amp#27;[39m
[debug] &amp#27;[35m[W3C (939183a9)]&amp#27;[39m Calling AppiumDriver.getCurrentContext() with args: ["939183a9-a922-4fee-90ba-5de5847d3974"]
[debug] &amp#27;[35m[W3C (939183a9)]&amp#27;[39m Responding to client with driver.getCurrentContext() result: "NATIVE_APP"
&amp#27;[35m[HTTP]&amp#27;[39m &amp#27;[37m<-- GET /wd/hub/session/939183a9-a922-4fee-90ba-5de5847d3974/context &amp#27;[39m&amp#27;[32m200&amp#27;[39m &amp#27;[90m1 ms - 22&amp#27;[39m
&amp#27;[35m[HTTP]&amp#27;[39m &amp#27;[90m&amp#27;[39m
&amp#27;[35m[HTTP]&amp#27;[39m &amp#27;[37m-->&amp#27;[39m &amp#27;[37mPOST&amp#27;[39m &amp#27;[37m/wd/hub/session/939183a9-a922-4fee-90ba-5de5847d3974/element&amp#27;[39m
&amp#27;[35m[HTTP]&amp#27;[39m &amp#27;[90m{"using":"accessibility id","value":"test-Password"}&amp#27;[39m
[debug] &amp#27;[35m[W3C (939183a9)]&amp#27;[39m Calling AppiumDriver.findElement() with args: ["accessibility id","test-Password","939183a9-a922-4fee-90ba-5de5847d3974"]
[debug] &amp#27;[35m[BaseDriver]&amp#27;[39m Valid locator strategies for this request: xpath, id, class name, accessibility id, -android uiautomator
[debug] &amp#27;[35m[BaseDriver]&amp#27;[39m Waiting up to 0 ms for condition
[debug] &amp#27;[35m[WD Proxy]&amp#27;[39m Matched '/element' to command name 'findElement'
[debug] &amp#27;[35m[WD Proxy]&amp#27;[39m Proxying [POST /element] to [POST http://127.0.0.1:10000/wd/hub/session/dd58c3e8-5f89-4d1c-984c-13f9737734d9/element] with body: {"strategy":"accessibility id","selector":"test-Password","context":"","multiple":false}
[debug] &amp#27;[35m[WD Proxy]&amp#27;[39m Got response with status 200: {"sessionId":"dd58c3e8-5f89-4d1c-984c-13f9737734d9","value":{"ELEMENT":"526da18f-a0db-4ca2-a244-4f016ae9750f","element-6066-11e4-a52e-4f735466cecf":"526da18f-a0db-4ca2-a244-4f016ae9750f"}}
[debug] &amp#27;[35m[W3C (939183a9)]&amp#27;[39m Responding to client with driver.findElement() result: {"element-6066-11e4-a52e-4f735466cecf":"526da18f-a0db-4ca2-a244-4f016ae9750f","ELEMENT":"526da18f-a0db-4ca2-a244-4f016ae9750f"}
&amp#27;[35m[HTTP]&amp#27;[39m &amp#27;[37m<-- POST /wd/hub/session/939183a9-a922-4fee-90ba-5de5847d3974/element &amp#27;[39m&amp#27;[32m200&amp#27;[39m &amp#27;[90m506 ms - 137&amp#27;[39m
&amp#27;[35m[HTTP]&amp#27;[39m &amp#27;[90m&amp#27;[39m
&amp#27;[35m[HTTP]&amp#27;[39m &amp#27;[37m-->&amp#27;[39m &amp#27;[37mGET&amp#27;[39m &amp#27;[37m/wd/hub/session/939183a9-a922-4fee-90ba-5de5847d3974/element/526da18f-a0db-4ca2-a244-4f016ae9750f/text&amp#27;[39m
&amp#27;[35m[HTTP]&amp#27;[39m &amp#27;[90m{}&amp#27;[39m
&amp#27;[35m[W3C (939183a9)]&amp#27;[39m Driver proxy active, passing request on via HTTP proxy
[debug] &amp#27;[35m[WD Proxy]&amp#27;[39m Matched '/wd/hub/session/939183a9-a922-4fee-90ba-5de5847d3974/element/526da18f-a0db-4ca2-a244-4f016ae9750f/text' to command name 'getText'
[debug] &amp#27;[35m[WD Proxy]&amp#27;[39m Proxying [GET /wd/hub/session/939183a9-a922-4fee-90ba-5de5847d3974/element/526da18f-a0db-4ca2-a244-4f016ae9750f/text] to [GET http://127.0.0.1:10000/wd/hub/session/dd58c3e8-5f89-4d1c-984c-13f9737734d9/element/526da18f-a0db-4ca2-a244-4f016ae9750f/text] with no body
[debug] &amp#27;[35m[WD Proxy]&amp#27;[39m Got response with status 200: {"sessionId":"dd58c3e8-5f89-4d1c-984c-13f9737734d9","value":"������������������������������������"}
&amp#27;[35m[WD Proxy]&amp#27;[39m Replacing sessionId dd58c3e8-5f89-4d1c-984c-13f9737734d9 with 939183a9-a922-4fee-90ba-5de5847d3974
&amp#27;[35m[HTTP]&amp#27;[39m &amp#27;[37m<-- GET /wd/hub/session/939183a9-a922-4fee-90ba-5de5847d3974/element/526da18f-a0db-4ca2-a244-4f016ae9750f/text &amp#27;[39m&amp#27;[32m200&amp#27;[39m &amp#27;[90m12 ms - 99&amp#27;[39m
&amp#27;[35m[HTTP]&amp#27;[39m &amp#27;[90m&amp#27;[39m
&amp#27;[35m[HTTP]&amp#27;[39m &amp#27;[37m-->&amp#27;[39m &amp#27;[37mGET&amp#27;[39m &amp#27;[37m/wd/hub/session/939183a9-a922-4fee-90ba-5de5847d3974/context&amp#27;[39m
&amp#27;[35m[HTTP]&amp#27;[39m &amp#27;[90m{}&amp#27;[39m
[debug] &amp#27;[35m[W3C (939183a9)]&amp#27;[39m Calling AppiumDriver.getCurrentContext() with args: ["939183a9-a922-4fee-90ba-5de5847d3974"]
[debug] &amp#27;[35m[W3C (939183a9)]&amp#27;[39m Responding to client with driver.getCurrentContext() result: "NATIVE_APP"
&amp#27;[35m[HTTP]&amp#27;[39m &amp#27;[37m<-- GET /wd/hub/session/939183a9-a922-4fee-90ba-5de5847d3974/context &amp#27;[39m&amp#27;[32m200&amp#27;[39m &amp#27;[90m1 ms - 22&amp#27;[39m
&amp#27;[35m[HTTP]&amp#27;[39m &amp#27;[90m&amp#27;[39m
&amp#27;[35m[HTTP]&amp#27;[39m &amp#27;[37m-->&amp#27;[39m &amp#27;[37mPOST&amp#27;[39m &amp#27;[37m/wd/hub/session/939183a9-a922-4fee-90ba-5de5847d3974/element&amp#27;[39m
&amp#27;[35m[HTTP]&amp#27;[39m &amp#27;[90m{"using":"accessibility id","value":"test-LOGIN"}&amp#27;[39m
[debug] &amp#27;[35m[W3C (939183a9)]&amp#27;[39m Calling AppiumDriver.findElement() with args: ["accessibility id","test-LOGIN","939183a9-a922-4fee-90ba-5de5847d3974"]
[debug] &amp#27;[35m[BaseDriver]&amp#27;[39m Valid locator strategies for this request: xpath, id, class name, accessibility id, -android uiautomator
[debug] &amp#27;[35m[BaseDriver]&amp#27;[39m Waiting up to 0 ms for condition
[debug] &amp#27;[35m[WD Proxy]&amp#27;[39m Matched '/element' to command name 'findElement'
[debug] &amp#27;[35m[WD Proxy]&amp#27;[39m Proxying [POST /element] to [POST http://127.0.0.1:10000/wd/hub/session/dd58c3e8-5f89-4d1c-984c-13f9737734d9/element] with body: {"strategy":"accessibility id","selector":"test-LOGIN","context":"","multiple":false}
[debug] &amp#27;[35m[WD Proxy]&amp#27;[39m Got response with status 200: {"sessionId":"dd58c3e8-5f89-4d1c-984c-13f9737734d9","value":{"ELEMENT":"28f09adc-cfde-4cfa-8a6b-62b6a8bc3021","element-6066-11e4-a52e-4f735466cecf":"28f09adc-cfde-4cfa-8a6b-62b6a8bc3021"}}
[debug] &amp#27;[35m[W3C (939183a9)]&amp#27;[39m Responding to client with driver.findElement() result: {"element-6066-11e4-a52e-4f735466cecf":"28f09adc-cfde-4cfa-8a6b-62b6a8bc3021","ELEMENT":"28f09adc-cfde-4cfa-8a6b-62b6a8bc3021"}
&amp#27;[35m[HTTP]&amp#27;[39m &amp#27;[37m<-- POST /wd/hub/session/939183a9-a922-4fee-90ba-5de5847d3974/element &amp#27;[39m&amp#27;[32m200&amp#27;[39m &amp#27;[90m15 ms - 137&amp#27;[39m
&amp#27;[35m[HTTP]&amp#27;[39m &amp#27;[90m&amp#27;[39m
&amp#27;[35m[HTTP]&amp#27;[39m &amp#27;[37m-->&amp#27;[39m &amp#27;[37mGET&amp#27;[39m &amp#27;[37m/wd/hub/session/939183a9-a922-4fee-90ba-5de5847d3974/element/28f09adc-cfde-4cfa-8a6b-62b6a8bc3021/displayed&amp#27;[39m
&amp#27;[35m[HTTP]&amp#27;[39m &amp#27;[90m{}&amp#27;[39m
[debug] &amp#27;[35m[W3C (939183a9)]&amp#27;[39m Calling AppiumDriver.elementDisplayed() with args: ["28f09adc-cfde-4cfa-8a6b-62b6a8bc3021","939183a9-a922-4fee-90ba-5de5847d3974"]
[debug] &amp#27;[35m[WD Proxy]&amp#27;[39m Matched '/element/28f09adc-cfde-4cfa-8a6b-62b6a8bc3021/attribute/displayed' to command name 'getAttribute'
[debug] &amp#27;[35m[WD Proxy]&amp#27;[39m Proxying [GET /element/28f09adc-cfde-4cfa-8a6b-62b6a8bc3021/attribute/displayed] to [GET http://127.0.0.1:10000/wd/hub/session/dd58c3e8-5f89-4d1c-984c-13f9737734d9/element/28f09adc-cfde-4cfa-8a6b-62b6a8bc3021/attribute/displayed] with no body
[debug] &amp#27;[35m[WD Proxy]&amp#27;[39m Got response with status 200: {"sessionId":"dd58c3e8-5f89-4d1c-984c-13f9737734d9","value":"true"}
[debug] &amp#27;[35m[W3C (939183a9)]&amp#27;[39m Responding to client with driver.elementDisplayed() result: true
&amp#27;[35m[HTTP]&amp#27;[39m &amp#27;[37m<-- GET /wd/hub/session/939183a9-a922-4fee-90ba-5de5847d3974/element/28f09adc-cfde-4cfa-8a6b-62b6a8bc3021/displayed &amp#27;[39m&amp#27;[32m200&amp#27;[39m &amp#27;[90m10 ms - 14&amp#27;[39m
&amp#27;[35m[HTTP]&amp#27;[39m &amp#27;[90m&amp#27;[39m
&amp#27;[35m[HTTP]&amp#27;[39m &amp#27;[37m-->&amp#27;[39m &amp#27;[37mGET&amp#27;[39m &amp#27;[37m/wd/hub/session/939183a9-a922-4fee-90ba-5de5847d3974/context&amp#27;[39m
&amp#27;[35m[HTTP]&amp#27;[39m &amp#27;[90m{}&amp#27;[39m
[debug] &amp#27;[35m[W3C (939183a9)]&amp#27;[39m Calling AppiumDriver.getCurrentContext() with args: ["939183a9-a922-4fee-90ba-5de5847d3974"]
[debug] &amp#27;[35m[W3C (939183a9)]&amp#27;[39m Responding to client with driver.getCurrentContext() result: "NATIVE_APP"
&amp#27;[35m[HTTP]&amp#27;[39m &amp#27;[37m<-- GET /wd/hub/session/939183a9-a922-4fee-90ba-5de5847d3974/context &amp#27;[39m&amp#27;[32m200&amp#27;[39m &amp#27;[90m3 ms - 22&amp#27;[39m
&amp#27;[35m[HTTP]&amp#27;[39m &amp#27;[90m&amp#27;[39m
&amp#27;[35m[HTTP]&amp#27;[39m &amp#27;[37m-->&amp#27;[39m &amp#27;[37mPOST&amp#27;[39m &amp#27;[37m/wd/hub/session/939183a9-a922-4fee-90ba-5de5847d3974/element&amp#27;[39m
&amp#27;[35m[HTTP]&amp#27;[39m &amp#27;[90m{"using":"accessibility id","value":"test-LOGIN"}&amp#27;[39m
[debug] &amp#27;[35m[W3C (939183a9)]&amp#27;[39m Calling AppiumDriver.findElement() with args: ["accessibility id","test-LOGIN","939183a9-a922-4fee-90ba-5de5847d3974"]
[debug] &amp#27;[35m[BaseDriver]&amp#27;[39m Valid locator strategies for this request: xpath, id, class name, accessibility id, -android uiautomator
[debug] &amp#27;[35m[BaseDriver]&amp#27;[39m Waiting up to 0 ms for condition
[debug] &amp#27;[35m[WD Proxy]&amp#27;[39m Matched '/element' to command name 'findElement'
[debug] &amp#27;[35m[WD Proxy]&amp#27;[39m Proxying [POST /element] to [POST http://127.0.0.1:10000/wd/hub/session/dd58c3e8-5f89-4d1c-984c-13f9737734d9/element] with body: {"strategy":"accessibility id","selector":"test-LOGIN","context":"","multiple":false}
[debug] &amp#27;[35m[WD Proxy]&amp#27;[39m Got response with status 200: {"sessionId":"dd58c3e8-5f89-4d1c-984c-13f9737734d9","value":{"ELEMENT":"507c170d-b776-4b2b-be0a-5db56dca3144","element-6066-11e4-a52e-4f735466cecf":"507c170d-b776-4b2b-be0a-5db56dca3144"}}
[debug] &amp#27;[35m[W3C (939183a9)]&amp#27;[39m Responding to client with driver.findElement() result: {"element-6066-11e4-a52e-4f735466cecf":"507c170d-b776-4b2b-be0a-5db56dca3144","ELEMENT":"507c170d-b776-4b2b-be0a-5db56dca3144"}
&amp#27;[35m[HTTP]&amp#27;[39m &amp#27;[37m<-- POST /wd/hub/session/939183a9-a922-4fee-90ba-5de5847d3974/element &amp#27;[39m&amp#27;[32m200&amp#27;[39m &amp#27;[90m17 ms - 137&amp#27;[39m
&amp#27;[35m[HTTP]&amp#27;[39m &amp#27;[90m&amp#27;[39m
&amp#27;[35m[HTTP]&amp#27;[39m &amp#27;[37m-->&amp#27;[39m &amp#27;[37mGET&amp#27;[39m &amp#27;[37m/wd/hub/session/939183a9-a922-4fee-90ba-5de5847d3974/element/507c170d-b776-4b2b-be0a-5db56dca3144/text&amp#27;[39m
&amp#27;[35m[HTTP]&amp#27;[39m &amp#27;[90m{}&amp#27;[39m
&amp#27;[35m[W3C (939183a9)]&amp#27;[39m Driver proxy active, passing request on via HTTP proxy
[debug] &amp#27;[35m[WD Proxy]&amp#27;[39m Matched '/wd/hub/session/939183a9-a922-4fee-90ba-5de5847d3974/element/507c170d-b776-4b2b-be0a-5db56dca3144/text' to command name 'getText'
[debug] &amp#27;[35m[WD Proxy]&amp#27;[39m Proxying [GET /wd/hub/session/939183a9-a922-4fee-90ba-5de5847d3974/element/507c170d-b776-4b2b-be0a-5db56dca3144/text] to [GET http://127.0.0.1:10000/wd/hub/session/dd58c3e8-5f89-4d1c-984c-13f9737734d9/element/507c170d-b776-4b2b-be0a-5db56dca3144/text] with no body
[debug] &amp#27;[35m[WD Proxy]&amp#27;[39m Got response with status 200: {"sessionId":"dd58c3e8-5f89-4d1c-984c-13f9737734d9","value":""}
&amp#27;[35m[WD Proxy]&amp#27;[39m Replacing sessionId dd58c3e8-5f89-4d1c-984c-13f9737734d9 with 939183a9-a922-4fee-90ba-5de5847d3974
&amp#27;[35m[HTTP]&amp#27;[39m &amp#27;[37m<-- GET /wd/hub/session/939183a9-a922-4fee-90ba-5de5847d3974/element/507c170d-b776-4b2b-be0a-5db56dca3144/text &amp#27;[39m&amp#27;[32m200&amp#27;[39m &amp#27;[90m10 ms - 63&amp#27;[39m
&amp#27;[35m[HTTP]&amp#27;[39m &amp#27;[90m&amp#27;[39m
&amp#27;[35m[HTTP]&amp#27;[39m &amp#27;[37m-->&amp#27;[39m &amp#27;[37mGET&amp#27;[39m &amp#27;[37m/wd/hub/session/939183a9-a922-4fee-90ba-5de5847d3974/context&amp#27;[39m
&amp#27;[35m[HTTP]&amp#27;[39m &amp#27;[90m{}&amp#27;[39m
[debug] &amp#27;[35m[W3C (939183a9)]&amp#27;[39m Calling AppiumDriver.getCurrentContext() with args: ["939183a9-a922-4fee-90ba-5de5847d3974"]
[debug] &amp#27;[35m[W3C (939183a9)]&amp#27;[39m Responding to client with driver.getCurrentContext() result: "NATIVE_APP"
&amp#27;[35m[HTTP]&amp#27;[39m &amp#27;[37m<-- GET /wd/hub/session/939183a9-a922-4fee-90ba-5de5847d3974/context &amp#27;[39m&amp#27;[32m200&amp#27;[39m &amp#27;[90m1 ms - 22&amp#27;[39m
&amp#27;[35m[HTTP]&amp#27;[39m &amp#27;[90m&amp#27;[39m
&amp#27;[35m[HTTP]&amp#27;[39m &amp#27;[37m-->&amp#27;[39m &amp#27;[37mPOST&amp#27;[39m &amp#27;[37m/wd/hub/session/939183a9-a922-4fee-90ba-5de5847d3974/element&amp#27;[39m
&amp#27;[35m[HTTP]&amp#27;[39m &amp#27;[90m{"using":"accessibility id","value":"test-LOGIN"}&amp#27;[39m
[debug] &amp#27;[35m[W3C (939183a9)]&amp#27;[39m Calling AppiumDriver.findElement() with args: ["accessibility id","test-LOGIN","939183a9-a922-4fee-90ba-5de5847d3974"]
[debug] &amp#27;[35m[BaseDriver]&amp#27;[39m Valid locator strategies for this request: xpath, id, class name, accessibility id, -android uiautomator
[debug] &amp#27;[35m[BaseDriver]&amp#27;[39m Waiting up to 0 ms for condition
[debug] &amp#27;[35m[WD Proxy]&amp#27;[39m Matched '/element' to command name 'findElement'
[debug] &amp#27;[35m[WD Proxy]&amp#27;[39m Proxying [POST /element] to [POST http://127.0.0.1:10000/wd/hub/session/dd58c3e8-5f89-4d1c-984c-13f9737734d9/element] with body: {"strategy":"accessibility id","selector":"test-LOGIN","context":"","multiple":false}
[debug] &amp#27;[35m[WD Proxy]&amp#27;[39m Got response with status 200: {"sessionId":"dd58c3e8-5f89-4d1c-984c-13f9737734d9","value":{"ELEMENT":"d5f1619e-ca22-4746-b38f-e7f11fd2de9b","element-6066-11e4-a52e-4f735466cecf":"d5f1619e-ca22-4746-b38f-e7f11fd2de9b"}}
[debug] &amp#27;[35m[W3C (939183a9)]&amp#27;[39m Responding to client with driver.findElement() result: {"element-6066-11e4-a52e-4f735466cecf":"d5f1619e-ca22-4746-b38f-e7f11fd2de9b","ELEMENT":"d5f1619e-ca22-4746-b38f-e7f11fd2de9b"}
&amp#27;[35m[HTTP]&amp#27;[39m &amp#27;[37m<-- POST /wd/hub/session/939183a9-a922-4fee-90ba-5de5847d3974/element &amp#27;[39m&amp#27;[32m200&amp#27;[39m &amp#27;[90m16 ms - 137&amp#27;[39m
&amp#27;[35m[HTTP]&amp#27;[39m &amp#27;[90m&amp#27;[39m
&amp#27;[35m[HTTP]&amp#27;[39m &amp#27;[37m-->&amp#27;[39m &amp#27;[37mPOST&amp#27;[39m &amp#27;[37m/wd/hub/session/939183a9-a922-4fee-90ba-5de5847d3974/element/d5f1619e-ca22-4746-b38f-e7f11fd2de9b/click&amp#27;[39m
&amp#27;[35m[HTTP]&amp#27;[39m &amp#27;[90m{"id":"d5f1619e-ca22-4746-b38f-e7f11fd2de9b"}&amp#27;[39m
[debug] &amp#27;[35m[W3C (939183a9)]&amp#27;[39m Calling AppiumDriver.click() with args: ["d5f1619e-ca22-4746-b38f-e7f11fd2de9b","939183a9-a922-4fee-90ba-5de5847d3974"]
[debug] &amp#27;[35m[WD Proxy]&amp#27;[39m Matched '/element/d5f1619e-ca22-4746-b38f-e7f11fd2de9b/click' to command name 'click'
[debug] &amp#27;[35m[WD Proxy]&amp#27;[39m Proxying [POST /element/d5f1619e-ca22-4746-b38f-e7f11fd2de9b/click] to [POST http://127.0.0.1:10000/wd/hub/session/dd58c3e8-5f89-4d1c-984c-13f9737734d9/element/d5f1619e-ca22-4746-b38f-e7f11fd2de9b/click] with body: {"element":"d5f1619e-ca22-4746-b38f-e7f11fd2de9b"}
[debug] &amp#27;[35m[WD Proxy]&amp#27;[39m Got response with status 200: {"sessionId":"dd58c3e8-5f89-4d1c-984c-13f9737734d9","value":null}
[debug] &amp#27;[35m[W3C (939183a9)]&amp#27;[39m Responding to client with driver.click() result: null
&amp#27;[35m[HTTP]&amp#27;[39m &amp#27;[37m<-- POST /wd/hub/session/939183a9-a922-4fee-90ba-5de5847d3974/element/d5f1619e-ca22-4746-b38f-e7f11fd2de9b/click &amp#27;[39m&amp#27;[32m200&amp#27;[39m &amp#27;[90m66 ms - 14&amp#27;[39m
&amp#27;[35m[HTTP]&amp#27;[39m &amp#27;[90m&amp#27;[39m
&amp#27;[35m[HTTP]&amp#27;[39m &amp#27;[37m-->&amp#27;[39m &amp#27;[37mGET&amp#27;[39m &amp#27;[37m/wd/hub/session/939183a9-a922-4fee-90ba-5de5847d3974/context&amp#27;[39m
&amp#27;[35m[HTTP]&amp#27;[39m &amp#27;[90m{}&amp#27;[39m
[debug] &amp#27;[35m[W3C (939183a9)]&amp#27;[39m Calling AppiumDriver.getCurrentContext() with args: ["939183a9-a922-4fee-90ba-5de5847d3974"]
[debug] &amp#27;[35m[W3C (939183a9)]&amp#27;[39m Responding to client with driver.getCurrentContext() result: "NATIVE_APP"
&amp#27;[35m[HTTP]&amp#27;[39m &amp#27;[37m<-- GET /wd/hub/session/939183a9-a922-4fee-90ba-5de5847d3974/context &amp#27;[39m&amp#27;[32m200&amp#27;[39m &amp#27;[90m1 ms - 22&amp#27;[39m
&amp#27;[35m[HTTP]&amp#27;[39m &amp#27;[90m&amp#27;[39m
&amp#27;[35m[HTTP]&amp#27;[39m &amp#27;[37m-->&amp#27;[39m &amp#27;[37mPOST&amp#27;[39m &amp#27;[37m/wd/hub/session/939183a9-a922-4fee-90ba-5de5847d3974/element&amp#27;[39m
&amp#27;[35m[HTTP]&amp#27;[39m &amp#27;[90m{"using":"accessibility id","value":"test-LOGIN"}&amp#27;[39m
[debug] &amp#27;[35m[W3C (939183a9)]&amp#27;[39m Calling AppiumDriver.findElement() with args: ["accessibility id","test-LOGIN","939183a9-a922-4fee-90ba-5de5847d3974"]
[debug] &amp#27;[35m[BaseDriver]&amp#27;[39m Valid locator strategies for this request: xpath, id, class name, accessibility id, -android uiautomator
[debug] &amp#27;[35m[BaseDriver]&amp#27;[39m Waiting up to 0 ms for condition
[debug] &amp#27;[35m[WD Proxy]&amp#27;[39m Matched '/element' to command name 'findElement'
[debug] &amp#27;[35m[WD Proxy]&amp#27;[39m Proxying [POST /element] to [POST http://127.0.0.1:10000/wd/hub/session/dd58c3e8-5f89-4d1c-984c-13f9737734d9/element] with body: {"strategy":"accessibility id","selector":"test-LOGIN","context":"","multiple":false}
[debug] &amp#27;[35m[WD Proxy]&amp#27;[39m Got response with status 200: {"sessionId":"dd58c3e8-5f89-4d1c-984c-13f9737734d9","value":{"ELEMENT":"18340851-9ba9-4f2d-b983-e838ce69760c","element-6066-11e4-a52e-4f735466cecf":"18340851-9ba9-4f2d-b983-e838ce69760c"}}
[debug] &amp#27;[35m[W3C (939183a9)]&amp#27;[39m Responding to client with driver.findElement() result: {"element-6066-11e4-a52e-4f735466cecf":"18340851-9ba9-4f2d-b983-e838ce69760c","ELEMENT":"18340851-9ba9-4f2d-b983-e838ce69760c"}
&amp#27;[35m[HTTP]&amp#27;[39m &amp#27;[37m<-- POST /wd/hub/session/939183a9-a922-4fee-90ba-5de5847d3974/element &amp#27;[39m&amp#27;[32m200&amp#27;[39m &amp#27;[90m20 ms - 137&amp#27;[39m
&amp#27;[35m[HTTP]&amp#27;[39m &amp#27;[90m&amp#27;[39m
&amp#27;[35m[HTTP]&amp#27;[39m &amp#27;[37m-->&amp#27;[39m &amp#27;[37mGET&amp#27;[39m &amp#27;[37m/wd/hub/session/939183a9-a922-4fee-90ba-5de5847d3974/element/18340851-9ba9-4f2d-b983-e838ce69760c/text&amp#27;[39m
&amp#27;[35m[HTTP]&amp#27;[39m &amp#27;[90m{}&amp#27;[39m
&amp#27;[35m[W3C (939183a9)]&amp#27;[39m Driver proxy active, passing request on via HTTP proxy
[debug] &amp#27;[35m[WD Proxy]&amp#27;[39m Matched '/wd/hub/session/939183a9-a922-4fee-90ba-5de5847d3974/element/18340851-9ba9-4f2d-b983-e838ce69760c/text' to command name 'getText'
[debug] &amp#27;[35m[WD Proxy]&amp#27;[39m Proxying [GET /wd/hub/session/939183a9-a922-4fee-90ba-5de5847d3974/element/18340851-9ba9-4f2d-b983-e838ce69760c/text] to [GET http://127.0.0.1:10000/wd/hub/session/dd58c3e8-5f89-4d1c-984c-13f9737734d9/element/18340851-9ba9-4f2d-b983-e838ce69760c/text] with no body
[debug] &amp#27;[35m[WD Proxy]&amp#27;[39m Got response with status 200: {"sessionId":"dd58c3e8-5f89-4d1c-984c-13f9737734d9","value":""}
&amp#27;[35m[WD Proxy]&amp#27;[39m Replacing sessionId dd58c3e8-5f89-4d1c-984c-13f9737734d9 with 939183a9-a922-4fee-90ba-5de5847d3974
&amp#27;[35m[HTTP]&amp#27;[39m &amp#27;[37m<-- GET /wd/hub/session/939183a9-a922-4fee-90ba-5de5847d3974/element/18340851-9ba9-4f2d-b983-e838ce69760c/text &amp#27;[39m&amp#27;[32m200&amp#27;[39m &amp#27;[90m13 ms - 63&amp#27;[39m
&amp#27;[35m[HTTP]&amp#27;[39m &amp#27;[90m&amp#27;[39m
&amp#27;[35m[HTTP]&amp#27;[39m &amp#27;[37m-->&amp#27;[39m &amp#27;[37mGET&amp#27;[39m &amp#27;[37m/wd/hub/session/939183a9-a922-4fee-90ba-5de5847d3974/context&amp#27;[39m
&amp#27;[35m[HTTP]&amp#27;[39m &amp#27;[90m{}&amp#27;[39m
[debug] &amp#27;[35m[W3C (939183a9)]&amp#27;[39m Calling AppiumDriver.getCurrentContext() with args: ["939183a9-a922-4fee-90ba-5de5847d3974"]
[debug] &amp#27;[35m[W3C (939183a9)]&amp#27;[39m Responding to client with driver.getCurrentContext() result: "NATIVE_APP"
&amp#27;[35m[HTTP]&amp#27;[39m &amp#27;[37m<-- GET /wd/hub/session/939183a9-a922-4fee-90ba-5de5847d3974/context &amp#27;[39m&amp#27;[32m200&amp#27;[39m &amp#27;[90m1 ms - 22&amp#27;[39m
&amp#27;[35m[HTTP]&amp#27;[39m &amp#27;[90m&amp#27;[39m
&amp#27;[35m[HTTP]&amp#27;[39m &amp#27;[37m-->&amp#27;[39m &amp#27;[37mPOST&amp#27;[39m &amp#27;[37m/wd/hub/session/939183a9-a922-4fee-90ba-5de5847d3974/element&amp#27;[39m
&amp#27;[35m[HTTP]&amp#27;[39m &amp#27;[90m{"using":"xpath","value":"//android.view.ViewGroup[@content-desc='test-Cart drop zone']/android.view.ViewGroup/android.widget.TextView"}&amp#27;[39m
[debug] &amp#27;[35m[W3C (939183a9)]&amp#27;[39m Calling AppiumDriver.findElement() with args: ["xpath","//android.view.ViewGroup[@content-desc='test-Cart drop zone']/android.view.ViewGroup/android.widget.TextView","939183a9-a922-4fee-90ba-5de5847d3974"]
[debug] &amp#27;[35m[BaseDriver]&amp#27;[39m Valid locator strategies for this request: xpath, id, class name, accessibility id, -android uiautomator
[debug] &amp#27;[35m[BaseDriver]&amp#27;[39m Waiting up to 0 ms for condition
[debug] &amp#27;[35m[WD Proxy]&amp#27;[39m Matched '/element' to command name 'findElement'
[debug] &amp#27;[35m[WD Proxy]&amp#27;[39m Proxying [POST /element] to [POST http://127.0.0.1:10000/wd/hub/session/dd58c3e8-5f89-4d1c-984c-13f9737734d9/element] with body: {"strategy":"xpath","selector":"//android.view.ViewGroup[@content-desc='test-Cart drop zone']/android.view.ViewGroup/android.widget.TextView","context":"","multiple":false}
&amp#27;[35m[WD Proxy]&amp#27;[39m Got response with status 404: {"sessionId":"dd58c3e8-5f89-4d1c-984c-13f9737734d9","value":{"error":"no such element","message":"An element could not be located on the page using the given search parameters","stacktrace":"io.appium.uiautomator2.common.exceptions.ElementNotFoundException: An element could not be located on the page using the given search parameters\n\tat io.appium.uiautomator2.handler.FindElement.findElement(FindElement.java:96)\n\tat io.appium.uiautomator2.handler.FindElement.safeHandle(FindElement.java:71)\n\tat io.appium.uiautomator2.handler.request.SafeRequestHandler.handle(SafeRequestHandler.java:41)\n\tat io.appium.uiautomator2.server.AppiumServlet.handleRequest(AppiumServlet.java:253)\n\tat io.appium.uiautomator2.server.AppiumServlet.handleHttpRequest(AppiumServlet.java:247)\n\tat io.appium.uiautomator2.http.ServerHandler.channelRead(ServerHandler.java:68)\n\tat io.netty.channel.AbstractChannelHandlerContext.invokeChannelRead(AbstractChannelHandlerContext.java:366)\n\tat io.netty.channel.AbstractChannelHandlerCont...
[debug] &amp#27;[35m[W3C]&amp#27;[39m Matched W3C error code 'no such element' to NoSuchElementError
[debug] &amp#27;[35m[W3C (939183a9)]&amp#27;[39m Encountered internal error running command: NoSuchElementError: An element could not be located on the page using the given search parameters.
[debug] &amp#27;[35m[W3C (939183a9)]&amp#27;[39m     at AndroidUiautomator2Driver.findElOrEls (/usr/local/lib/node_modules/appium/node_modules/appium-android-driver/lib/commands/find.js:75:11)
[debug] &amp#27;[35m[W3C (939183a9)]&amp#27;[39m     at runMicrotasks (<anonymous>)
[debug] &amp#27;[35m[W3C (939183a9)]&amp#27;[39m     at processTicksAndRejections (internal/process/task_queues.js:97:5)
[debug] &amp#27;[35m[W3C (939183a9)]&amp#27;[39m     at AndroidUiautomator2Driver.findElOrElsWithProcessing (/usr/local/lib/node_modules/appium/node_modules/appium-base-driver/lib/basedriver/commands/find.js:33:12)
[debug] &amp#27;[35m[W3C (939183a9)]&amp#27;[39m     at AndroidUiautomator2Driver.findElement (/usr/local/lib/node_modules/appium/node_modules/appium-base-driver/lib/basedriver/commands/find.js:53:10)
&amp#27;[35m[HTTP]&amp#27;[39m &amp#27;[37m<-- POST /wd/hub/session/939183a9-a922-4fee-90ba-5de5847d3974/element &amp#27;[39m&amp#27;[33m404&amp#27;[39m &amp#27;[90m93 ms - 816&amp#27;[39m
&amp#27;[35m[HTTP]&amp#27;[39m &amp#27;[90m&amp#27;[39m
&amp#27;[35m[HTTP]&amp#27;[39m &amp#27;[37m-->&amp#27;[39m &amp#27;[37mPOST&amp#27;[39m &amp#27;[37m/wd/hub/session/939183a9-a922-4fee-90ba-5de5847d3974/element&amp#27;[39m
&amp#27;[35m[HTTP]&amp#27;[39m &amp#27;[90m{"using":"xpath","value":"//android.view.ViewGroup[@content-desc='test-Cart drop zone']/android.view.ViewGroup/android.widget.TextView"}&amp#27;[39m
[debug] &amp#27;[35m[W3C (939183a9)]&amp#27;[39m Calling AppiumDriver.findElement() with args: ["xpath","//android.view.ViewGroup[@content-desc='test-Cart drop zone']/android.view.ViewGroup/android.widget.TextView","939183a9-a922-4fee-90ba-5de5847d3974"]
[debug] &amp#27;[35m[BaseDriver]&amp#27;[39m Valid locator strategies for this request: xpath, id, class name, accessibility id, -android uiautomator
[debug] &amp#27;[35m[BaseDriver]&amp#27;[39m Waiting up to 0 ms for condition
[debug] &amp#27;[35m[WD Proxy]&amp#27;[39m Matched '/element' to command name 'findElement'
[debug] &amp#27;[35m[WD Proxy]&amp#27;[39m Proxying [POST /element] to [POST http://127.0.0.1:10000/wd/hub/session/dd58c3e8-5f89-4d1c-984c-13f9737734d9/element] with body: {"strategy":"xpath","selector":"//android.view.ViewGroup[@content-desc='test-Cart drop zone']/android.view.ViewGroup/android.widget.TextView","context":"","multiple":false}
[debug] &amp#27;[35m[WD Proxy]&amp#27;[39m Got response with status 200: {"sessionId":"dd58c3e8-5f89-4d1c-984c-13f9737734d9","value":{"ELEMENT":"22578f5a-32e6-444a-aaca-67ab4b5a1e3b","element-6066-11e4-a52e-4f735466cecf":"22578f5a-32e6-444a-aaca-67ab4b5a1e3b"}}
[debug] &amp#27;[35m[W3C (939183a9)]&amp#27;[39m Responding to client with driver.findElement() result: {"element-6066-11e4-a52e-4f735466cecf":"22578f5a-32e6-444a-aaca-67ab4b5a1e3b","ELEMENT":"22578f5a-32e6-444a-aaca-67ab4b5a1e3b"}
&amp#27;[35m[HTTP]&amp#27;[39m &amp#27;[37m<-- POST /wd/hub/session/939183a9-a922-4fee-90ba-5de5847d3974/element &amp#27;[39m&amp#27;[32m200&amp#27;[39m &amp#27;[90m794 ms - 137&amp#27;[39m
&amp#27;[35m[HTTP]&amp#27;[39m &amp#27;[90m&amp#27;[39m
&amp#27;[35m[HTTP]&amp#27;[39m &amp#27;[37m-->&amp#27;[39m &amp#27;[37mGET&amp#27;[39m &amp#27;[37m/wd/hub/session/939183a9-a922-4fee-90ba-5de5847d3974/element/22578f5a-32e6-444a-aaca-67ab4b5a1e3b/displayed&amp#27;[39m
&amp#27;[35m[HTTP]&amp#27;[39m &amp#27;[90m{}&amp#27;[39m
[debug] &amp#27;[35m[W3C (939183a9)]&amp#27;[39m Calling AppiumDriver.elementDisplayed() with args: ["22578f5a-32e6-444a-aaca-67ab4b5a1e3b","939183a9-a922-4fee-90ba-5de5847d3974"]
[debug] &amp#27;[35m[WD Proxy]&amp#27;[39m Matched '/element/22578f5a-32e6-444a-aaca-67ab4b5a1e3b/attribute/displayed' to command name 'getAttribute'
[debug] &amp#27;[35m[WD Proxy]&amp#27;[39m Proxying [GET /element/22578f5a-32e6-444a-aaca-67ab4b5a1e3b/attribute/displayed] to [GET http://127.0.0.1:10000/wd/hub/session/dd58c3e8-5f89-4d1c-984c-13f9737734d9/element/22578f5a-32e6-444a-aaca-67ab4b5a1e3b/attribute/displayed] with no body
[debug] &amp#27;[35m[WD Proxy]&amp#27;[39m Got response with status 200: {"sessionId":"dd58c3e8-5f89-4d1c-984c-13f9737734d9","value":"true"}
[debug] &amp#27;[35m[W3C (939183a9)]&amp#27;[39m Responding to client with driver.elementDisplayed() result: true
&amp#27;[35m[HTTP]&amp#27;[39m &amp#27;[37m<-- GET /wd/hub/session/939183a9-a922-4fee-90ba-5de5847d3974/element/22578f5a-32e6-444a-aaca-67ab4b5a1e3b/displayed &amp#27;[39m&amp#27;[32m200&amp#27;[39m &amp#27;[90m12 ms - 14&amp#27;[39m
&amp#27;[35m[HTTP]&amp#27;[39m &amp#27;[90m&amp#27;[39m
Login successful
]]></system-out>
  </testcase>
</testsuite>