<?xml version="1.0" encoding="UTF-8"?>
<testsuite xmlns:xsi="http://www.w3.org/2001/XMLSchema-instance" xsi:noNamespaceSchemaLocation="https://maven.apache.org/surefire/maven-surefire-plugin/xsd/surefire-test-report-3.0.xsd" version="3.0" name="TestSuite" time="26.769" tests="3" errors="0" skipped="0" failures="1">
  <properties>
    <property name="surefire.suiteXmlFiles" value="testng2.xml"/>
    <property name="java.specification.version" value="14"/>
    <property name="sun.jnu.encoding" value="UTF-8"/>
    <property name="java.class.path" value="/Users/shreyas/TDD/TDDFramework/target/test-classes:/Users/shreyas/TDD/TDDFramework/target/classes:/Users/shreyas/.m2/repository/org/testng/testng/6.14.3/testng-6.14.3.jar:/Users/shreyas/.m2/repository/com/beust/jcommander/1.72/jcommander-1.72.jar:/Users/shreyas/.m2/repository/org/apache-extras/beanshell/bsh/2.0b6/bsh-2.0b6.jar:/Users/shreyas/.m2/repository/io/appium/java-client/7.4.0/java-client-7.4.0.jar:/Users/shreyas/.m2/repository/org/seleniumhq/selenium/selenium-support/3.141.59/selenium-support-3.141.59.jar:/Users/shreyas/.m2/repository/org/seleniumhq/selenium/selenium-api/3.141.59/selenium-api-3.141.59.jar:/Users/shreyas/.m2/repository/com/google/code/gson/gson/2.8.6/gson-2.8.6.jar:/Users/shreyas/.m2/repository/org/apache/httpcomponents/httpclient/4.5.13/httpclient-4.5.13.jar:/Users/shreyas/.m2/repository/org/apache/httpcomponents/httpcore/4.4.13/httpcore-4.4.13.jar:/Users/shreyas/.m2/repository/commons-logging/commons-logging/1.2/commons-logging-1.2.jar:/Users/shreyas/.m2/repository/commons-codec/commons-codec/1.11/commons-codec-1.11.jar:/Users/shreyas/.m2/repository/cglib/cglib/3.3.0/cglib-3.3.0.jar:/Users/shreyas/.m2/repository/org/ow2/asm/asm/7.1/asm-7.1.jar:/Users/shreyas/.m2/repository/commons-validator/commons-validator/1.7/commons-validator-1.7.jar:/Users/shreyas/.m2/repository/commons-beanutils/commons-beanutils/1.9.4/commons-beanutils-1.9.4.jar:/Users/shreyas/.m2/repository/commons-digester/commons-digester/2.1/commons-digester-2.1.jar:/Users/shreyas/.m2/repository/commons-collections/commons-collections/3.2.2/commons-collections-3.2.2.jar:/Users/shreyas/.m2/repository/org/apache/commons/commons-lang3/3.11/commons-lang3-3.11.jar:/Users/shreyas/.m2/repository/org/springframework/spring-context/5.3.0/spring-context-5.3.0.jar:/Users/shreyas/.m2/repository/org/springframework/spring-aop/5.3.0/spring-aop-5.3.0.jar:/Users/shreyas/.m2/repository/org/springframework/spring-beans/5.3.0/spring-beans-5.3.0.jar:/Users/shreyas/.m2/repository/org/springframework/spring-core/5.3.0/spring-core-5.3.0.jar:/Users/shreyas/.m2/repository/org/springframework/spring-jcl/5.3.0/spring-jcl-5.3.0.jar:/Users/shreyas/.m2/repository/org/springframework/spring-expression/5.3.0/spring-expression-5.3.0.jar:/Users/shreyas/.m2/repository/org/aspectj/aspectjweaver/1.9.6/aspectjweaver-1.9.6.jar:/Users/shreyas/.m2/repository/org/slf4j/slf4j-api/1.7.30/slf4j-api-1.7.30.jar:/Users/shreyas/.m2/repository/org/seleniumhq/selenium/selenium-java/3.141.59/selenium-java-3.141.59.jar:/Users/shreyas/.m2/repository/org/seleniumhq/selenium/selenium-chrome-driver/3.141.59/selenium-chrome-driver-3.141.59.jar:/Users/shreyas/.m2/repository/org/seleniumhq/selenium/selenium-edge-driver/3.141.59/selenium-edge-driver-3.141.59.jar:/Users/shreyas/.m2/repository/org/seleniumhq/selenium/selenium-firefox-driver/3.141.59/selenium-firefox-driver-3.141.59.jar:/Users/shreyas/.m2/repository/org/seleniumhq/selenium/selenium-ie-driver/3.141.59/selenium-ie-driver-3.141.59.jar:/Users/shreyas/.m2/repository/org/seleniumhq/selenium/selenium-opera-driver/3.141.59/selenium-opera-driver-3.141.59.jar:/Users/shreyas/.m2/repository/org/seleniumhq/selenium/selenium-remote-driver/3.141.59/selenium-remote-driver-3.141.59.jar:/Users/shreyas/.m2/repository/org/seleniumhq/selenium/selenium-safari-driver/3.141.59/selenium-safari-driver-3.141.59.jar:/Users/shreyas/.m2/repository/net/bytebuddy/byte-buddy/1.8.15/byte-buddy-1.8.15.jar:/Users/shreyas/.m2/repository/org/apache/commons/commons-exec/1.3/commons-exec-1.3.jar:/Users/shreyas/.m2/repository/com/squareup/okhttp3/okhttp/3.11.0/okhttp-3.11.0.jar:/Users/shreyas/.m2/repository/com/squareup/okio/okio/1.14.0/okio-1.14.0.jar:/Users/shreyas/.m2/repository/org/apache/maven/plugins/maven-compiler-plugin/3.8.1/maven-compiler-plugin-3.8.1.jar:/Users/shreyas/.m2/repository/org/apache/maven/maven-plugin-api/3.0/maven-plugin-api-3.0.jar:/Users/shreyas/.m2/repository/org/apache/maven/maven-model/3.0/maven-model-3.0.jar:/Users/shreyas/.m2/repository/org/sonatype/sisu/sisu-inject-plexus/1.4.2/sisu-inject-plexus-1.4.2.jar:/Users/shreyas/.m2/repository/org/sonatype/sisu/sisu-inject-bean/1.4.2/sisu-inject-bean-1.4.2.jar:/Users/shreyas/.m2/repository/org/sonatype/sisu/sisu-guice/2.1.7/sisu-guice-2.1.7-noaop.jar:/Users/shreyas/.m2/repository/org/apache/maven/maven-artifact/3.0/maven-artifact-3.0.jar:/Users/shreyas/.m2/repository/org/codehaus/plexus/plexus-utils/2.0.4/plexus-utils-2.0.4.jar:/Users/shreyas/.m2/repository/org/apache/maven/maven-core/3.0/maven-core-3.0.jar:/Users/shreyas/.m2/repository/org/apache/maven/maven-settings/3.0/maven-settings-3.0.jar:/Users/shreyas/.m2/repository/org/apache/maven/maven-settings-builder/3.0/maven-settings-builder-3.0.jar:/Users/shreyas/.m2/repository/org/apache/maven/maven-repository-metadata/3.0/maven-repository-metadata-3.0.jar:/Users/shreyas/.m2/repository/org/apache/maven/maven-model-builder/3.0/maven-model-builder-3.0.jar:/Users/shreyas/.m2/repository/org/apache/maven/maven-aether-provider/3.0/maven-aether-provider-3.0.jar:/Users/shreyas/.m2/repository/org/sonatype/aether/aether-impl/1.7/aether-impl-1.7.jar:/Users/shreyas/.m2/repository/org/sonatype/aether/aether-spi/1.7/aether-spi-1.7.jar:/Users/shreyas/.m2/repository/org/sonatype/aether/aether-api/1.7/aether-api-1.7.jar:/Users/shreyas/.m2/repository/org/sonatype/aether/aether-util/1.7/aether-util-1.7.jar:/Users/shreyas/.m2/repository/org/codehaus/plexus/plexus-interpolation/1.14/plexus-interpolation-1.14.jar:/Users/shreyas/.m2/repository/org/codehaus/plexus/plexus-classworlds/2.2.3/plexus-classworlds-2.2.3.jar:/Users/shreyas/.m2/repository/org/codehaus/plexus/plexus-component-annotations/1.5.5/plexus-component-annotations-1.5.5.jar:/Users/shreyas/.m2/repository/org/sonatype/plexus/plexus-sec-dispatcher/1.3/plexus-sec-dispatcher-1.3.jar:/Users/shreyas/.m2/repository/org/sonatype/plexus/plexus-cipher/1.4/plexus-cipher-1.4.jar:/Users/shreyas/.m2/repository/org/apache/maven/shared/maven-shared-utils/3.2.1/maven-shared-utils-3.2.1.jar:/Users/shreyas/.m2/repository/org/apache/maven/shared/maven-shared-incremental/1.1/maven-shared-incremental-1.1.jar:/Users/shreyas/.m2/repository/org/codehaus/plexus/plexus-java/0.9.10/plexus-java-0.9.10.jar:/Users/shreyas/.m2/repository/com/thoughtworks/qdox/qdox/2.0-M8/qdox-2.0-M8.jar:/Users/shreyas/.m2/repository/org/codehaus/plexus/plexus-compiler-api/2.8.4/plexus-compiler-api-2.8.4.jar:/Users/shreyas/.m2/repository/org/codehaus/plexus/plexus-compiler-manager/2.8.4/plexus-compiler-manager-2.8.4.jar:/Users/shreyas/.m2/repository/org/codehaus/plexus/plexus-compiler-javac/2.8.4/plexus-compiler-javac-2.8.4.jar:/Users/shreyas/.m2/repository/com/google/guava/guava/24.0-jre/guava-24.0-jre.jar:/Users/shreyas/.m2/repository/com/google/code/findbugs/jsr305/1.3.9/jsr305-1.3.9.jar:/Users/shreyas/.m2/repository/org/checkerframework/checker-compat-qual/2.0.0/checker-compat-qual-2.0.0.jar:/Users/shreyas/.m2/repository/com/google/errorprone/error_prone_annotations/2.1.3/error_prone_annotations-2.1.3.jar:/Users/shreyas/.m2/repository/com/google/j2objc/j2objc-annotations/1.1/j2objc-annotations-1.1.jar:/Users/shreyas/.m2/repository/org/codehaus/mojo/animal-sniffer-annotations/1.14/animal-sniffer-annotations-1.14.jar:/Users/shreyas/.m2/repository/org/json/json/20201115/json-20201115.jar:/Users/shreyas/.m2/repository/commons-io/commons-io/2.8.0/commons-io-2.8.0.jar:/Users/shreyas/.m2/repository/org/apache/logging/log4j/log4j-core/2.14.0/log4j-core-2.14.0.jar:/Users/shreyas/.m2/repository/org/apache/logging/log4j/log4j-api/2.14.0/log4j-api-2.14.0.jar:/Users/shreyas/.m2/repository/com/aventstack/extentreports/5.0.5/extentreports-5.0.5.jar:/Users/shreyas/.m2/repository/io/reactivex/rxjava3/rxjava/3.0.4/rxjava-3.0.4.jar:/Users/shreyas/.m2/repository/org/reactivestreams/reactive-streams/1.0.3/reactive-streams-1.0.3.jar:/Users/shreyas/.m2/repository/org/freemarker/freemarker/2.3.30/freemarker-2.3.30.jar:/Users/shreyas/.m2/repository/org/projectlombok/lombok/1.18.12/lombok-1.18.12.jar:"/>
    <property name="java.vm.vendor" value="Oracle Corporation"/>
    <property name="sun.arch.data.model" value="64"/>
    <property name="java.vendor.url" value="https://java.oracle.com/"/>
    <property name="user.timezone" value="Asia/Kolkata"/>
    <property name="os.name" value="Mac OS X"/>
    <property name="java.vm.specification.version" value="14"/>
    <property name="sun.java.launcher" value="SUN_STANDARD"/>
    <property name="user.country" value="GB"/>
    <property name="sun.boot.library.path" value="/Library/Java/JavaVirtualMachines/jdk-14.0.1.jdk/Contents/Home/lib"/>
    <property name="sun.java.command" value="/Users/shreyas/TDD/TDDFramework/target/surefire/surefirebooter7300945783972866277.jar /Users/shreyas/TDD/TDDFramework/target/surefire 2020-12-03T15-09-59_016-jvmRun1 surefire192695210776695176tmp surefire_016798275347090183893tmp"/>
    <property name="http.nonProxyHosts" value="local|*.local|169.254/16|*.169.254/16"/>
    <property name="jdk.debug" value="release"/>
    <property name="surefire.test.class.path" value="/Users/shreyas/TDD/TDDFramework/target/test-classes:/Users/shreyas/TDD/TDDFramework/target/classes:/Users/shreyas/.m2/repository/org/testng/testng/6.14.3/testng-6.14.3.jar:/Users/shreyas/.m2/repository/com/beust/jcommander/1.72/jcommander-1.72.jar:/Users/shreyas/.m2/repository/org/apache-extras/beanshell/bsh/2.0b6/bsh-2.0b6.jar:/Users/shreyas/.m2/repository/io/appium/java-client/7.4.0/java-client-7.4.0.jar:/Users/shreyas/.m2/repository/org/seleniumhq/selenium/selenium-support/3.141.59/selenium-support-3.141.59.jar:/Users/shreyas/.m2/repository/org/seleniumhq/selenium/selenium-api/3.141.59/selenium-api-3.141.59.jar:/Users/shreyas/.m2/repository/com/google/code/gson/gson/2.8.6/gson-2.8.6.jar:/Users/shreyas/.m2/repository/org/apache/httpcomponents/httpclient/4.5.13/httpclient-4.5.13.jar:/Users/shreyas/.m2/repository/org/apache/httpcomponents/httpcore/4.4.13/httpcore-4.4.13.jar:/Users/shreyas/.m2/repository/commons-logging/commons-logging/1.2/commons-logging-1.2.jar:/Users/shreyas/.m2/repository/commons-codec/commons-codec/1.11/commons-codec-1.11.jar:/Users/shreyas/.m2/repository/cglib/cglib/3.3.0/cglib-3.3.0.jar:/Users/shreyas/.m2/repository/org/ow2/asm/asm/7.1/asm-7.1.jar:/Users/shreyas/.m2/repository/commons-validator/commons-validator/1.7/commons-validator-1.7.jar:/Users/shreyas/.m2/repository/commons-beanutils/commons-beanutils/1.9.4/commons-beanutils-1.9.4.jar:/Users/shreyas/.m2/repository/commons-digester/commons-digester/2.1/commons-digester-2.1.jar:/Users/shreyas/.m2/repository/commons-collections/commons-collections/3.2.2/commons-collections-3.2.2.jar:/Users/shreyas/.m2/repository/org/apache/commons/commons-lang3/3.11/commons-lang3-3.11.jar:/Users/shreyas/.m2/repository/org/springframework/spring-context/5.3.0/spring-context-5.3.0.jar:/Users/shreyas/.m2/repository/org/springframework/spring-aop/5.3.0/spring-aop-5.3.0.jar:/Users/shreyas/.m2/repository/org/springframework/spring-beans/5.3.0/spring-beans-5.3.0.jar:/Users/shreyas/.m2/repository/org/springframework/spring-core/5.3.0/spring-core-5.3.0.jar:/Users/shreyas/.m2/repository/org/springframework/spring-jcl/5.3.0/spring-jcl-5.3.0.jar:/Users/shreyas/.m2/repository/org/springframework/spring-expression/5.3.0/spring-expression-5.3.0.jar:/Users/shreyas/.m2/repository/org/aspectj/aspectjweaver/1.9.6/aspectjweaver-1.9.6.jar:/Users/shreyas/.m2/repository/org/slf4j/slf4j-api/1.7.30/slf4j-api-1.7.30.jar:/Users/shreyas/.m2/repository/org/seleniumhq/selenium/selenium-java/3.141.59/selenium-java-3.141.59.jar:/Users/shreyas/.m2/repository/org/seleniumhq/selenium/selenium-chrome-driver/3.141.59/selenium-chrome-driver-3.141.59.jar:/Users/shreyas/.m2/repository/org/seleniumhq/selenium/selenium-edge-driver/3.141.59/selenium-edge-driver-3.141.59.jar:/Users/shreyas/.m2/repository/org/seleniumhq/selenium/selenium-firefox-driver/3.141.59/selenium-firefox-driver-3.141.59.jar:/Users/shreyas/.m2/repository/org/seleniumhq/selenium/selenium-ie-driver/3.141.59/selenium-ie-driver-3.141.59.jar:/Users/shreyas/.m2/repository/org/seleniumhq/selenium/selenium-opera-driver/3.141.59/selenium-opera-driver-3.141.59.jar:/Users/shreyas/.m2/repository/org/seleniumhq/selenium/selenium-remote-driver/3.141.59/selenium-remote-driver-3.141.59.jar:/Users/shreyas/.m2/repository/org/seleniumhq/selenium/selenium-safari-driver/3.141.59/selenium-safari-driver-3.141.59.jar:/Users/shreyas/.m2/repository/net/bytebuddy/byte-buddy/1.8.15/byte-buddy-1.8.15.jar:/Users/shreyas/.m2/repository/org/apache/commons/commons-exec/1.3/commons-exec-1.3.jar:/Users/shreyas/.m2/repository/com/squareup/okhttp3/okhttp/3.11.0/okhttp-3.11.0.jar:/Users/shreyas/.m2/repository/com/squareup/okio/okio/1.14.0/okio-1.14.0.jar:/Users/shreyas/.m2/repository/org/apache/maven/plugins/maven-compiler-plugin/3.8.1/maven-compiler-plugin-3.8.1.jar:/Users/shreyas/.m2/repository/org/apache/maven/maven-plugin-api/3.0/maven-plugin-api-3.0.jar:/Users/shreyas/.m2/repository/org/apache/maven/maven-model/3.0/maven-model-3.0.jar:/Users/shreyas/.m2/repository/org/sonatype/sisu/sisu-inject-plexus/1.4.2/sisu-inject-plexus-1.4.2.jar:/Users/shreyas/.m2/repository/org/sonatype/sisu/sisu-inject-bean/1.4.2/sisu-inject-bean-1.4.2.jar:/Users/shreyas/.m2/repository/org/sonatype/sisu/sisu-guice/2.1.7/sisu-guice-2.1.7-noaop.jar:/Users/shreyas/.m2/repository/org/apache/maven/maven-artifact/3.0/maven-artifact-3.0.jar:/Users/shreyas/.m2/repository/org/codehaus/plexus/plexus-utils/2.0.4/plexus-utils-2.0.4.jar:/Users/shreyas/.m2/repository/org/apache/maven/maven-core/3.0/maven-core-3.0.jar:/Users/shreyas/.m2/repository/org/apache/maven/maven-settings/3.0/maven-settings-3.0.jar:/Users/shreyas/.m2/repository/org/apache/maven/maven-settings-builder/3.0/maven-settings-builder-3.0.jar:/Users/shreyas/.m2/repository/org/apache/maven/maven-repository-metadata/3.0/maven-repository-metadata-3.0.jar:/Users/shreyas/.m2/repository/org/apache/maven/maven-model-builder/3.0/maven-model-builder-3.0.jar:/Users/shreyas/.m2/repository/org/apache/maven/maven-aether-provider/3.0/maven-aether-provider-3.0.jar:/Users/shreyas/.m2/repository/org/sonatype/aether/aether-impl/1.7/aether-impl-1.7.jar:/Users/shreyas/.m2/repository/org/sonatype/aether/aether-spi/1.7/aether-spi-1.7.jar:/Users/shreyas/.m2/repository/org/sonatype/aether/aether-api/1.7/aether-api-1.7.jar:/Users/shreyas/.m2/repository/org/sonatype/aether/aether-util/1.7/aether-util-1.7.jar:/Users/shreyas/.m2/repository/org/codehaus/plexus/plexus-interpolation/1.14/plexus-interpolation-1.14.jar:/Users/shreyas/.m2/repository/org/codehaus/plexus/plexus-classworlds/2.2.3/plexus-classworlds-2.2.3.jar:/Users/shreyas/.m2/repository/org/codehaus/plexus/plexus-component-annotations/1.5.5/plexus-component-annotations-1.5.5.jar:/Users/shreyas/.m2/repository/org/sonatype/plexus/plexus-sec-dispatcher/1.3/plexus-sec-dispatcher-1.3.jar:/Users/shreyas/.m2/repository/org/sonatype/plexus/plexus-cipher/1.4/plexus-cipher-1.4.jar:/Users/shreyas/.m2/repository/org/apache/maven/shared/maven-shared-utils/3.2.1/maven-shared-utils-3.2.1.jar:/Users/shreyas/.m2/repository/org/apache/maven/shared/maven-shared-incremental/1.1/maven-shared-incremental-1.1.jar:/Users/shreyas/.m2/repository/org/codehaus/plexus/plexus-java/0.9.10/plexus-java-0.9.10.jar:/Users/shreyas/.m2/repository/com/thoughtworks/qdox/qdox/2.0-M8/qdox-2.0-M8.jar:/Users/shreyas/.m2/repository/org/codehaus/plexus/plexus-compiler-api/2.8.4/plexus-compiler-api-2.8.4.jar:/Users/shreyas/.m2/repository/org/codehaus/plexus/plexus-compiler-manager/2.8.4/plexus-compiler-manager-2.8.4.jar:/Users/shreyas/.m2/repository/org/codehaus/plexus/plexus-compiler-javac/2.8.4/plexus-compiler-javac-2.8.4.jar:/Users/shreyas/.m2/repository/com/google/guava/guava/24.0-jre/guava-24.0-jre.jar:/Users/shreyas/.m2/repository/com/google/code/findbugs/jsr305/1.3.9/jsr305-1.3.9.jar:/Users/shreyas/.m2/repository/org/checkerframework/checker-compat-qual/2.0.0/checker-compat-qual-2.0.0.jar:/Users/shreyas/.m2/repository/com/google/errorprone/error_prone_annotations/2.1.3/error_prone_annotations-2.1.3.jar:/Users/shreyas/.m2/repository/com/google/j2objc/j2objc-annotations/1.1/j2objc-annotations-1.1.jar:/Users/shreyas/.m2/repository/org/codehaus/mojo/animal-sniffer-annotations/1.14/animal-sniffer-annotations-1.14.jar:/Users/shreyas/.m2/repository/org/json/json/20201115/json-20201115.jar:/Users/shreyas/.m2/repository/commons-io/commons-io/2.8.0/commons-io-2.8.0.jar:/Users/shreyas/.m2/repository/org/apache/logging/log4j/log4j-core/2.14.0/log4j-core-2.14.0.jar:/Users/shreyas/.m2/repository/org/apache/logging/log4j/log4j-api/2.14.0/log4j-api-2.14.0.jar:/Users/shreyas/.m2/repository/com/aventstack/extentreports/5.0.5/extentreports-5.0.5.jar:/Users/shreyas/.m2/repository/io/reactivex/rxjava3/rxjava/3.0.4/rxjava-3.0.4.jar:/Users/shreyas/.m2/repository/org/reactivestreams/reactive-streams/1.0.3/reactive-streams-1.0.3.jar:/Users/shreyas/.m2/repository/org/freemarker/freemarker/2.3.30/freemarker-2.3.30.jar:/Users/shreyas/.m2/repository/org/projectlombok/lombok/1.18.12/lombok-1.18.12.jar:"/>
    <property name="sun.cpu.endian" value="little"/>
    <property name="user.home" value="/Users/shreyas"/>
    <property name="user.language" value="en"/>
    <property name="java.specification.vendor" value="Oracle Corporation"/>
    <property name="java.version.date" value="2020-04-14"/>
    <property name="java.home" value="/Library/Java/JavaVirtualMachines/jdk-14.0.1.jdk/Contents/Home"/>
    <property name="file.separator" value="/"/>
    <property name="basedir" value="/Users/shreyas/TDD/TDDFramework"/>
    <property name="java.vm.compressedOopsMode" value="Zero based"/>
    <property name="line.separator" value="&#10;"/>
    <property name="java.specification.name" value="Java Platform API Specification"/>
    <property name="java.vm.specification.vendor" value="Oracle Corporation"/>
    <property name="surefire.real.class.path" value="/Users/shreyas/TDD/TDDFramework/target/surefire/surefirebooter7300945783972866277.jar"/>
    <property name="sun.management.compiler" value="HotSpot 64-Bit Tiered Compilers"/>
    <property name="ftp.nonProxyHosts" value="local|*.local|169.254/16|*.169.254/16"/>
    <property name="java.runtime.version" value="14.0.1+7"/>
    <property name="user.name" value="shreyas"/>
    <property name="path.separator" value=":"/>
    <property name="os.version" value="10.15.7"/>
    <property name="java.runtime.name" value="Java(TM) SE Runtime Environment"/>
    <property name="file.encoding" value="UTF-8"/>
    <property name="java.vm.name" value="Java HotSpot(TM) 64-Bit Server VM"/>
    <property name="localRepository" value="/Users/shreyas/.m2/repository"/>
    <property name="java.vendor.url.bug" value="https://bugreport.java.com/bugreport/"/>
    <property name="java.io.tmpdir" value="/var/folders/qq/4dlxxlc1097b6b2ddwf8v64h0000gq/T/"/>
    <property name="java.version" value="14.0.1"/>
    <property name="user.dir" value="/Users/shreyas/TDD/TDDFramework"/>
    <property name="os.arch" value="x86_64"/>
    <property name="java.vm.specification.name" value="Java Virtual Machine Specification"/>
    <property name="java.library.path" value="/Users/shreyas/Library/Java/Extensions:/Library/Java/Extensions:/Network/Library/Java/Extensions:/System/Library/Java/Extensions:/usr/lib/java:."/>
    <property name="java.vm.info" value="mixed mode, sharing"/>
    <property name="java.vendor" value="Oracle Corporation"/>
    <property name="java.vm.version" value="14.0.1+7"/>
    <property name="sun.io.unicode.encoding" value="UnicodeBig"/>
    <property name="socksNonProxyHosts" value="local|*.local|169.254/16|*.169.254/16"/>
    <property name="java.class.version" value="58.0"/>
  </properties>
  <testcase name="invalidPassword" classname="com.qa.tests.LoginTests" time="6.355">
    <failure message="expected [Username and password do not match any user in this service.new] but found [Username and password do not match any user in this service.]" type="java.lang.AssertionError"><![CDATA[java.lang.AssertionError: expected [Username and password do not match any user in this service.new] but found [Username and password do not match any user in this service.]
	at com.qa.tests.LoginTests.invalidPassword(LoginTests.java:116)
]]></failure>
    <system-out><![CDATA[&amp#27;[35m[Appium]&amp#27;[39m Welcome to Appium v1.18.1
&amp#27;[35m[Appium]&amp#27;[39m Non-default server args:
&amp#27;[35m[Appium]&amp#27;[39m   sessionOverride: true
&amp#27;[35m[Appium]&amp#27;[39m   logFile: /Users/shreyas/TDD/TDDFramework/serverlogs/server.log
&amp#27;[35m[Appium]&amp#27;[39m Appium REST http interface listener started on 0.0.0.0:4723
&amp#27;[35m[HTTP]&amp#27;[39m &amp#27;[37m-->&amp#27;[39m &amp#27;[37mGET&amp#27;[39m &amp#27;[37m/wd/hub/status&amp#27;[39m
&amp#27;[35m[HTTP]&amp#27;[39m &amp#27;[90m{}&amp#27;[39m
[debug] &amp#27;[35m[GENERIC]&amp#27;[39m Calling AppiumDriver.getStatus() with args: []
[debug] &amp#27;[35m[GENERIC]&amp#27;[39m Responding to client with driver.getStatus() result: {"build":{"version":"1.18.1"}}
&amp#27;[35m[HTTP]&amp#27;[39m &amp#27;[37m<-- GET /wd/hub/status &amp#27;[39m&amp#27;[32m200&amp#27;[39m &amp#27;[90m7 ms - 68&amp#27;[39m
&amp#27;[35m[HTTP]&amp#27;[39m &amp#27;[90m&amp#27;[39m
[debug] &amp#27;[35m[HTTP]&amp#27;[39m Request idempotency key: e22cb85f-2896-4b22-8c14-601c128d8cf7
&amp#27;[35m[HTTP]&amp#27;[39m &amp#27;[37m-->&amp#27;[39m &amp#27;[37mPOST&amp#27;[39m &amp#27;[37m/wd/hub/session&amp#27;[39m
&amp#27;[35m[HTTP]&amp#27;[39m &amp#27;[90m{"desiredCapabilities":{"appActivity":"com.swaglabsmobileapp.SplashActivity","appPackage":"com.swaglabsmobileapp","automationName":"uiautomator2","chromeDriverPort":"11000","platformName":"Android","deviceName":"Any device name","systemPort":"10000"},"capabilities":{"firstMatch":[{"appium:appActivity":"com.swaglabsmobileapp.SplashActivity","appium:appPackage":"com.swaglabsmobileapp","appium:automationName":"uiautomator2","chromeDriverPort":"11000","appium:deviceName":"Any device name","platformName":"android","appium:systemPort":"10000"}]}}&amp#27;[39m
[debug] &amp#27;[35m[W3C]&amp#27;[39m Calling AppiumDriver.createSession() with args: [{"appActivity":"com.swaglabsmobileapp.SplashActivity","appPackage":"com.swaglabsmobileapp","automationName":"uiautomator2","chromeDriverPort":"11000","platformName":"Android","deviceName":"Any device name","systemPort":"10000"},null,{"firstMatch":[{"appium:appActivity":"com.swaglabsmobileapp.SplashActivity","appium:appPackage":"com.swaglabsmobileapp","appium:automationName":"uiautomator2","chromeDriverPort":"11000","appium:deviceName":"Any device name","platformName":"android","appium:systemPort":"10000"}]}]
[debug] &amp#27;[35m[BaseDriver]&amp#27;[39m Event 'newSessionRequested' logged at 1606988402124 (15:10:02 GMT+0530 (India Standard Time))
&amp#27;[35m[BaseDriver]&amp#27;[39m The following capabilities are not standard capabilities and should have an extension prefix:
&amp#27;[35m[BaseDriver]&amp#27;[39m   chromeDriverPort
&amp#27;[35m[Appium]&amp#27;[39m Appium v1.18.1 creating new AndroidUiautomator2Driver (v1.56.1) session
[debug] &amp#27;[35m[Appium]&amp#27;[39m There are no active sessions for cleanup
[debug] &amp#27;[35m[BaseDriver]&amp#27;[39m W3C capabilities and MJSONWP desired capabilities were provided
[debug] &amp#27;[35m[BaseDriver]&amp#27;[39m Creating session with W3C capabilities: {
[debug] &amp#27;[35m[BaseDriver]&amp#27;[39m   "alwaysMatch": {
[debug] &amp#27;[35m[BaseDriver]&amp#27;[39m     "appium:chromeDriverPort": "11000",
[debug] &amp#27;[35m[BaseDriver]&amp#27;[39m     "platformName": "android",
[debug] &amp#27;[35m[BaseDriver]&amp#27;[39m     "appium:appActivity": "com.swaglabsmobileapp.SplashActivity",
[debug] &amp#27;[35m[BaseDriver]&amp#27;[39m     "appium:appPackage": "com.swaglabsmobileapp",
[debug] &amp#27;[35m[BaseDriver]&amp#27;[39m     "appium:automationName": "uiautomator2",
[debug] &amp#27;[35m[BaseDriver]&amp#27;[39m     "appium:deviceName": "Any device name",
[debug] &amp#27;[35m[BaseDriver]&amp#27;[39m     "appium:systemPort": "10000"
[debug] &amp#27;[35m[BaseDriver]&amp#27;[39m   },
[debug] &amp#27;[35m[BaseDriver]&amp#27;[39m   "firstMatch": [
[debug] &amp#27;[35m[BaseDriver]&amp#27;[39m     {}
[debug] &amp#27;[35m[BaseDriver]&amp#27;[39m   ]
[debug] &amp#27;[35m[BaseDriver]&amp#27;[39m }
&amp#27;[35m[BaseDriver]&amp#27;[39m Number capability passed in as string. Functionality may be compromised.
&amp#27;[35m[BaseDriver]&amp#27;[39m Number capability passed in as string. Functionality may be compromised.
&amp#27;[35m[BaseDriver]&amp#27;[39m Capability 'systemPort' changed from string ('10000') to integer (10000). This may cause unexpected behavior
&amp#27;[35m[BaseDriver]&amp#27;[39m Capability 'chromeDriverPort' changed from string ('11000') to integer (11000). This may cause unexpected behavior
&amp#27;[35m[BaseDriver]&amp#27;[39m Session created with session id: 70081d5f-320b-405a-a317-43f80afff043
&amp#27;[35m[UiAutomator2]&amp#27;[39m Starting 'com.swaglabsmobileapp' directly on the device
&amp#27;[35m[ADB]&amp#27;[39m Found 2 'build-tools' folders under '/Users/shreyas/Library/Android/sdk/' (newest first):
&amp#27;[35m[ADB]&amp#27;[39m     /Users/shreyas/Library/Android/sdk/build-tools/29.0.3
&amp#27;[35m[ADB]&amp#27;[39m     /Users/shreyas/Library/Android/sdk/build-tools/28.0.3
&amp#27;[35m[ADB]&amp#27;[39m Using 'adb' from '/Users/shreyas/Library/Android/sdk/platform-tools/adb'
[debug] &amp#27;[35m[ADB]&amp#27;[39m Running '/Users/shreyas/Library/Android/sdk/platform-tools/adb -P 5037 start-server'
&amp#27;[35m[AndroidDriver]&amp#27;[39m Retrieving device list
[debug] &amp#27;[35m[ADB]&amp#27;[39m Trying to find a connected android device
[debug] &amp#27;[35m[ADB]&amp#27;[39m Getting connected devices
[debug] &amp#27;[35m[ADB]&amp#27;[39m Connected devices: [{"udid":"emulator-5554","state":"device"}]
&amp#27;[35m[AndroidDriver]&amp#27;[39m Using device: emulator-5554
&amp#27;[35m[ADB]&amp#27;[39m Using 'adb' from '/Users/shreyas/Library/Android/sdk/platform-tools/adb'
[debug] &amp#27;[35m[ADB]&amp#27;[39m Running '/Users/shreyas/Library/Android/sdk/platform-tools/adb -P 5037 start-server'
[debug] &amp#27;[35m[ADB]&amp#27;[39m Setting device id to emulator-5554
[debug] &amp#27;[35m[ADB]&amp#27;[39m Running '/Users/shreyas/Library/Android/sdk/platform-tools/adb -P 5037 -s emulator-5554 shell getprop ro.build.version.sdk'
[debug] &amp#27;[35m[ADB]&amp#27;[39m Current device property 'ro.build.version.sdk': 29
&amp#27;[35m[ADB]&amp#27;[39m Getting device platform version
[debug] &amp#27;[35m[ADB]&amp#27;[39m Running '/Users/shreyas/Library/Android/sdk/platform-tools/adb -P 5037 -s emulator-5554 shell getprop ro.build.version.release'
[debug] &amp#27;[35m[ADB]&amp#27;[39m Current device property 'ro.build.version.release': 10
[debug] &amp#27;[35m[ADB]&amp#27;[39m Device API level: 29
&amp#27;[35m[UiAutomator2]&amp#27;[39m Relaxing hidden api policy
[debug] &amp#27;[35m[ADB]&amp#27;[39m Running '/Users/shreyas/Library/Android/sdk/platform-tools/adb -P 5037 -s emulator-5554 shell 'settings put global hidden_api_policy_pre_p_apps 1;settings put global hidden_api_policy_p_apps 1;settings put global hidden_api_policy 1''
&amp#27;[35m[AndroidDriver]&amp#27;[39m No app sent in, not parsing package/activity
[debug] &amp#27;[35m[ADB]&amp#27;[39m Running '/Users/shreyas/Library/Android/sdk/platform-tools/adb -P 5037 -s emulator-5554 wait-for-device'
[debug] &amp#27;[35m[ADB]&amp#27;[39m Running '/Users/shreyas/Library/Android/sdk/platform-tools/adb -P 5037 -s emulator-5554 shell echo ping'
[debug] &amp#27;[35m[AndroidDriver]&amp#27;[39m Pushing settings apk to device...
[debug] &amp#27;[35m[ADB]&amp#27;[39m Getting install status for io.appium.settings
[debug] &amp#27;[35m[ADB]&amp#27;[39m Running '/Users/shreyas/Library/Android/sdk/platform-tools/adb -P 5037 -s emulator-5554 shell dumpsys package io.appium.settings'
[debug] &amp#27;[35m[ADB]&amp#27;[39m 'io.appium.settings' is installed
[debug] &amp#27;[35m[ADB]&amp#27;[39m Getting package info for 'io.appium.settings'
[debug] &amp#27;[35m[ADB]&amp#27;[39m Running '/Users/shreyas/Library/Android/sdk/platform-tools/adb -P 5037 -s emulator-5554 shell dumpsys package io.appium.settings'
[debug] &amp#27;[35m[ADB]&amp#27;[39m The version name of the installed 'io.appium.settings' is greater or equal to the application version name ('3.2.0' >= '3.2.0')
[debug] &amp#27;[35m[ADB]&amp#27;[39m There is no need to install/upgrade '/usr/local/lib/node_modules/appium/node_modules/io.appium.settings/apks/settings_apk-debug.apk'
[debug] &amp#27;[35m[ADB]&amp#27;[39m Getting IDs of all 'io.appium.settings' processes
[debug] &amp#27;[35m[ADB]&amp#27;[39m Running '/Users/shreyas/Library/Android/sdk/platform-tools/adb -P 5037 -s emulator-5554 shell 'pgrep --help; echo $?''
[debug] &amp#27;[35m[ADB]&amp#27;[39m Running '/Users/shreyas/Library/Android/sdk/platform-tools/adb -P 5037 -s emulator-5554 shell pgrep -f io\\.appium\\.settings'
[debug] &amp#27;[35m[AndroidDriver]&amp#27;[39m io.appium.settings is already running. There is no need to reset its permissions.
[debug] &amp#27;[35m[Logcat]&amp#27;[39m Starting logs capture with command: /Users/shreyas/Library/Android/sdk/platform-tools/adb -P 5037 -s emulator-5554 logcat -v threadtime
[debug] &amp#27;[35m[UiAutomator2]&amp#27;[39m Forwarding UiAutomator2 Server port 6790 to 10000
[debug] &amp#27;[35m[ADB]&amp#27;[39m Forwarding system: 10000 to device: 6790
[debug] &amp#27;[35m[ADB]&amp#27;[39m Running '/Users/shreyas/Library/Android/sdk/platform-tools/adb -P 5037 -s emulator-5554 forward tcp\:10000 tcp\:6790'
[debug] &amp#27;[35m[ADB]&amp#27;[39m Getting install status for io.appium.uiautomator2.server
[debug] &amp#27;[35m[ADB]&amp#27;[39m Running '/Users/shreyas/Library/Android/sdk/platform-tools/adb -P 5037 -s emulator-5554 shell dumpsys package io.appium.uiautomator2.server'
[debug] &amp#27;[35m[ADB]&amp#27;[39m 'io.appium.uiautomator2.server' is installed
[debug] &amp#27;[35m[ADB]&amp#27;[39m Getting package info for 'io.appium.uiautomator2.server'
[debug] &amp#27;[35m[ADB]&amp#27;[39m Running '/Users/shreyas/Library/Android/sdk/platform-tools/adb -P 5037 -s emulator-5554 shell dumpsys package io.appium.uiautomator2.server'
[debug] &amp#27;[35m[ADB]&amp#27;[39m The version name of the installed 'io.appium.uiautomator2.server' is greater or equal to the application version name ('4.12.2' >= '4.12.2')
[debug] &amp#27;[35m[UiAutomator2]&amp#27;[39m io.appium.uiautomator2.server installation state: sameVersionInstalled
[debug] &amp#27;[35m[ADB]&amp#27;[39m Checking app cert for /usr/local/lib/node_modules/appium/node_modules/appium-uiautomator2-server/apks/appium-uiautomator2-server-v4.12.2.apk
&amp#27;[35m[ADB]&amp#27;[39m Using 'apksigner.jar' from '/Users/shreyas/Library/Android/sdk/build-tools/29.0.3/lib/apksigner.jar'
[debug] &amp#27;[35m[ADB]&amp#27;[39m Starting apksigner: /Library/Java/JavaVirtualMachines/jdk-14.0.1.jdk/Contents/Home/bin/java -Xmx1024M -Xss1m -jar /Users/shreyas/Library/Android/sdk/build-tools/29.0.3/lib/apksigner.jar verify --print-certs /usr/local/lib/node_modules/appium/node_modules/appium-uiautomator2-server/apks/appium-uiautomator2-server-v4.12.2.apk
[debug] &amp#27;[35m[ADB]&amp#27;[39m apksigner stdout: Signer #1 certificate DN: EMAILADDRESS=android@android.com, CN=Android, OU=Android, O=Android, L=Mountain View, ST=California, C=US
[debug] &amp#27;[35m[ADB]&amp#27;[39m Signer #1 certificate SHA-256 digest: a40da80a59d170caa950cf15c18c454d47a39b26989d8b640ecd745ba71bf5dc
[debug] &amp#27;[35m[ADB]&amp#27;[39m Signer #1 certificate SHA-1 digest: 61ed377e85d386a8dfee6b864bd85b0bfaa5af81
[debug] &amp#27;[35m[ADB]&amp#27;[39m Signer #1 certificate MD5 digest: e89b158e4bcf988ebd09eb83f5378e87
[debug] &amp#27;[35m[ADB]&amp#27;[39m 
[debug] &amp#27;[35m[ADB]&amp#27;[39m '/usr/local/lib/node_modules/appium/node_modules/appium-uiautomator2-server/apks/appium-uiautomator2-server-v4.12.2.apk' is signed with the default certificate
[debug] &amp#27;[35m[ADB]&amp#27;[39m Getting install status for io.appium.uiautomator2.server.test
[debug] &amp#27;[35m[ADB]&amp#27;[39m Running '/Users/shreyas/Library/Android/sdk/platform-tools/adb -P 5037 -s emulator-5554 shell dumpsys package io.appium.uiautomator2.server.test'
[debug] &amp#27;[35m[ADB]&amp#27;[39m 'io.appium.uiautomator2.server.test' is installed
[debug] &amp#27;[35m[ADB]&amp#27;[39m Checking app cert for /usr/local/lib/node_modules/appium/node_modules/appium-uiautomator2-server/apks/appium-uiautomator2-server-debug-androidTest.apk
[debug] &amp#27;[35m[ADB]&amp#27;[39m Starting apksigner: /Library/Java/JavaVirtualMachines/jdk-14.0.1.jdk/Contents/Home/bin/java -Xmx1024M -Xss1m -jar /Users/shreyas/Library/Android/sdk/build-tools/29.0.3/lib/apksigner.jar verify --print-certs /usr/local/lib/node_modules/appium/node_modules/appium-uiautomator2-server/apks/appium-uiautomator2-server-debug-androidTest.apk
[debug] &amp#27;[35m[ADB]&amp#27;[39m apksigner stdout: Signer #1 certificate DN: EMAILADDRESS=android@android.com, CN=Android, OU=Android, O=Android, L=Mountain View, ST=California, C=US
[debug] &amp#27;[35m[ADB]&amp#27;[39m Signer #1 certificate SHA-256 digest: a40da80a59d170caa950cf15c18c454d47a39b26989d8b640ecd745ba71bf5dc
[debug] &amp#27;[35m[ADB]&amp#27;[39m Signer #1 certificate SHA-1 digest: 61ed377e85d386a8dfee6b864bd85b0bfaa5af81
[debug] &amp#27;[35m[ADB]&amp#27;[39m Signer #1 certificate MD5 digest: e89b158e4bcf988ebd09eb83f5378e87
[debug] &amp#27;[35m[ADB]&amp#27;[39m 
[debug] &amp#27;[35m[ADB]&amp#27;[39m '/usr/local/lib/node_modules/appium/node_modules/appium-uiautomator2-server/apks/appium-uiautomator2-server-debug-androidTest.apk' is signed with the default certificate
&amp#27;[35m[UiAutomator2]&amp#27;[39m Server packages are not going to be (re)installed
[debug] &amp#27;[35m[UiAutomator2]&amp#27;[39m Waiting up to 30000ms for services to be available
[debug] &amp#27;[35m[ADB]&amp#27;[39m Running '/Users/shreyas/Library/Android/sdk/platform-tools/adb -P 5037 -s emulator-5554 shell pm list instrumentation'
[debug] &amp#27;[35m[UiAutomator2]&amp#27;[39m Instrumentation target 'io.appium.uiautomator2.server.test/androidx.test.runner.AndroidJUnitRunner' is available
[debug] &amp#27;[35m[UiAutomator2]&amp#27;[39m No app capability. Assuming it is already on the device
[debug] &amp#27;[35m[ADB]&amp#27;[39m Getting install status for com.swaglabsmobileapp
[debug] &amp#27;[35m[ADB]&amp#27;[39m Running '/Users/shreyas/Library/Android/sdk/platform-tools/adb -P 5037 -s emulator-5554 shell dumpsys package com.swaglabsmobileapp'
[debug] &amp#27;[35m[ADB]&amp#27;[39m 'com.swaglabsmobileapp' is installed
[debug] &amp#27;[35m[ADB]&amp#27;[39m Running '/Users/shreyas/Library/Android/sdk/platform-tools/adb -P 5037 -s emulator-5554 shell am force-stop com.swaglabsmobileapp'
[debug] &amp#27;[35m[ADB]&amp#27;[39m Running '/Users/shreyas/Library/Android/sdk/platform-tools/adb -P 5037 -s emulator-5554 shell pm clear com.swaglabsmobileapp'
[debug] &amp#27;[35m[AndroidDriver]&amp#27;[39m Performed fast reset on the installed 'com.swaglabsmobileapp' application (stop and clear)
[debug] &amp#27;[35m[UiAutomator2]&amp#27;[39m Performing shallow cleanup of automation leftovers
[debug] &amp#27;[35m[UiAutomator2]&amp#27;[39m No obsolete sessions have been detected (socket hang up)
[debug] &amp#27;[35m[ADB]&amp#27;[39m Running '/Users/shreyas/Library/Android/sdk/platform-tools/adb -P 5037 -s emulator-5554 shell am force-stop io.appium.uiautomator2.server.test'
&amp#27;[35m[UiAutomator2]&amp#27;[39m Starting UIAutomator2 server 4.12.2
&amp#27;[35m[UiAutomator2]&amp#27;[39m Using UIAutomator2 server from '/usr/local/lib/node_modules/appium/node_modules/appium-uiautomator2-server/apks/appium-uiautomator2-server-v4.12.2.apk' and test from '/usr/local/lib/node_modules/appium/node_modules/appium-uiautomator2-server/apks/appium-uiautomator2-server-debug-androidTest.apk'
&amp#27;[35m[UiAutomator2]&amp#27;[39m Waiting up to 30000ms for UiAutomator2 to be online...
[debug] &amp#27;[35m[ADB]&amp#27;[39m Creating ADB subprocess with args: ["-P",5037,"-s","emulator-5554","shell","am","instrument","-w","io.appium.uiautomator2.server.test/androidx.test.runner.AndroidJUnitRunner"]
[debug] &amp#27;[35m[WD Proxy]&amp#27;[39m Matched '/status' to command name 'getStatus'
[debug] &amp#27;[35m[WD Proxy]&amp#27;[39m Proxying [GET /status] to [GET http://127.0.0.1:10000/wd/hub/status] with no body
&amp#27;[35m[WD Proxy]&amp#27;[39m socket hang up
[debug] &amp#27;[35m[Instrumentation]&amp#27;[39m io.appium.uiautomator2.server.test.AppiumUiAutomator2Server:
[debug] &amp#27;[35m[WD Proxy]&amp#27;[39m Matched '/status' to command name 'getStatus'
[debug] &amp#27;[35m[WD Proxy]&amp#27;[39m Proxying [GET /status] to [GET http://127.0.0.1:10000/wd/hub/status] with no body
&amp#27;[35m[WD Proxy]&amp#27;[39m socket hang up
[debug] &amp#27;[35m[WD Proxy]&amp#27;[39m Matched '/status' to command name 'getStatus'
[debug] &amp#27;[35m[WD Proxy]&amp#27;[39m Proxying [GET /status] to [GET http://127.0.0.1:10000/wd/hub/status] with no body
[debug] &amp#27;[35m[WD Proxy]&amp#27;[39m Got response with status 200: {"sessionId":"None","value":{"message":"UiAutomator2 Server is ready to accept commands","ready":true}}
[debug] &amp#27;[35m[UiAutomator2]&amp#27;[39m The initialization of the instrumentation process took 3151ms
[debug] &amp#27;[35m[WD Proxy]&amp#27;[39m Matched '/session' to command name 'createSession'
[debug] &amp#27;[35m[WD Proxy]&amp#27;[39m Proxying [POST /session] to [POST http://127.0.0.1:10000/wd/hub/session] with body: {"capabilities":{"firstMatch":[{"platform":"LINUX","webStorageEnabled":false,"takesScreenshot":true,"javascriptEnabled":true,"databaseEnabled":false,"networkConnectionEnabled":true,"locationContextEnabled":false,"warnings":{},"desired":{"platformName":"android","chromeDriverPort":11000,"appActivity":"com.swaglabsmobileapp.SplashActivity","appPackage":"com.swaglabsmobileapp","automationName":"uiautomator2","deviceName":"Any device name","systemPort":10000},"platformName":"android","chromeDriverPort":11000,"appActivity":"com.swaglabsmobileapp.SplashActivity","appPackage":"com.swaglabsmobileapp","automationName":"uiautomator2","deviceName":"emulator-5554","systemPort":10000,"deviceUDID":"emulator-5554"}],"alwaysMatch":{}}}
[debug] &amp#27;[35m[WD Proxy]&amp#27;[39m Got response with status 200: {"sessionId":"e13593df-9927-4062-8ba8-9167d93309ed","value":{"capabilities":{"firstMatch":[{"platform":"LINUX","webStorageEnabled":false,"takesScreenshot":true,"javascriptEnabled":true,"databaseEnabled":false,"networkConnectionEnabled":true,"locationContextEnabled":false,"warnings":{},"desired":{"platformName":"android","chromeDriverPort":11000,"appActivity":"com.swaglabsmobileapp.SplashActivity","appPackage":"com.swaglabsmobileapp","automationName":"uiautomator2","deviceName":"Any device name","systemPort":10000},"platformName":"android","chromeDriverPort":11000,"appActivity":"com.swaglabsmobileapp.SplashActivity","appPackage":"com.swaglabsmobileapp","automationName":"uiautomator2","deviceName":"emulator-5554","systemPort":10000,"deviceUDID":"emulator-5554"}],"alwaysMatch":{}},"sessionId":"e13593df-9927-4062-8ba8-9167d93309ed"}}
&amp#27;[35m[WD Proxy]&amp#27;[39m Determined the downstream protocol as 'W3C'
[debug] &amp#27;[35m[WD Proxy]&amp#27;[39m Proxying [GET /appium/device/info] to [GET http://127.0.0.1:10000/wd/hub/session/e13593df-9927-4062-8ba8-9167d93309ed/appium/device/info] with no body
[debug] &amp#27;[35m[WD Proxy]&amp#27;[39m Got response with status 200: {"sessionId":"e13593df-9927-4062-8ba8-9167d93309ed","value":{"androidId":"2b708ea41ce21d96","apiVersion":"29","bluetooth":null,"brand":"google","carrierName":"Android","displayDensity":400,"locale":"en_US","manufacturer":"Google","model":"Android SDK built for x86","networks":[{"capabilities":{"SSID":null,"linkDownBandwidthKbps":102400,"linkUpstreamBandwidthKbps":51200,"networkCapabilities":"NET_CAPABILITY_MMS,NET_CAPABILITY_SUPL,NET_CAPABILITY_DUN,NET_CAPABILITY_FOTA,NET_CAPABILITY_IMS,NET_CAPABILITY_CBS,NET_CAPABILITY_INTERNET,NET_CAPABILITY_NOT_RESTRICTED,NET_CAPABILITY_TRUSTED,NET_CAPABILITY_NOT_VPN,NET_CAPABILITY_VALIDATED,NET_CAPABILITY_NOT_ROAMING,NET_CAPABILITY_NOT_CONGESTED,NET_CAPABILITY_NOT_SUSPENDED","signalStrength":-2147483648,"transportTypes":"TRANSPORT_CELLULAR"},"detailedState":"CONNECTED","extraInfo":"epc.tmobile.com","isAvailable":true,"isConnected":true,"isFailover":false,"isRoaming":false,"state":"CONNECTED","subtype":13,"subtypeName":"LTE","type":0,"typeName":"MOBILE"},{"capabilities"...
[debug] &amp#27;[35m[ADB]&amp#27;[39m Running '/Users/shreyas/Library/Android/sdk/platform-tools/adb -P 5037 -s emulator-5554 shell dumpsys window'
&amp#27;[35m[AndroidDriver]&amp#27;[39m Screen already unlocked, doing nothing
&amp#27;[35m[UiAutomator2]&amp#27;[39m Starting 'com.swaglabsmobileapp/com.swaglabsmobileapp.SplashActivity and waiting for 'com.swaglabsmobileapp/com.swaglabsmobileapp.SplashActivity'
[debug] &amp#27;[35m[ADB]&amp#27;[39m Running '/Users/shreyas/Library/Android/sdk/platform-tools/adb -P 5037 -s emulator-5554 shell am start -W -n com.swaglabsmobileapp/com.swaglabsmobileapp.SplashActivity -S -a android.intent.action.MAIN -c android.intent.category.LAUNCHER -f 0x10200000'
[debug] &amp#27;[35m[WD Proxy]&amp#27;[39m Proxying [GET /appium/device/pixel_ratio] to [GET http://127.0.0.1:10000/wd/hub/session/e13593df-9927-4062-8ba8-9167d93309ed/appium/device/pixel_ratio] with no body
[debug] &amp#27;[35m[WD Proxy]&amp#27;[39m Got response with status 200: {"sessionId":"e13593df-9927-4062-8ba8-9167d93309ed","value":2.5}
[debug] &amp#27;[35m[WD Proxy]&amp#27;[39m Matched '/appium/device/system_bars' to command name 'getSystemBars'
[debug] &amp#27;[35m[WD Proxy]&amp#27;[39m Proxying [GET /appium/device/system_bars] to [GET http://127.0.0.1:10000/wd/hub/session/e13593df-9927-4062-8ba8-9167d93309ed/appium/device/system_bars] with no body
[debug] &amp#27;[35m[WD Proxy]&amp#27;[39m Got response with status 200: {"sessionId":"e13593df-9927-4062-8ba8-9167d93309ed","value":{"statusBar":60}}
[debug] &amp#27;[35m[WD Proxy]&amp#27;[39m Matched '/window/current/size' to command name 'getWindowSize'
[debug] &amp#27;[35m[WD Proxy]&amp#27;[39m Proxying [GET /window/current/size] to [GET http://127.0.0.1:10000/wd/hub/session/e13593df-9927-4062-8ba8-9167d93309ed/window/current/size] with no body
[debug] &amp#27;[35m[WD Proxy]&amp#27;[39m Got response with status 200: {"sessionId":"e13593df-9927-4062-8ba8-9167d93309ed","value":{"height":2040,"width":1080}}
&amp#27;[35m[Appium]&amp#27;[39m New AndroidUiautomator2Driver session created successfully, session 70081d5f-320b-405a-a317-43f80afff043 added to master session list
[debug] &amp#27;[35m[BaseDriver]&amp#27;[39m Event 'newSessionStarted' logged at 1606988408447 (15:10:08 GMT+0530 (India Standard Time))
[debug] &amp#27;[35m[W3C (70081d5f)]&amp#27;[39m Cached the protocol value 'W3C' for the new session 70081d5f-320b-405a-a317-43f80afff043
[debug] &amp#27;[35m[W3C (70081d5f)]&amp#27;[39m Responding to client with driver.createSession() result: {"capabilities":{"platform":"LINUX","webStorageEnabled":false,"takesScreenshot":true,"javascriptEnabled":true,"databaseEnabled":false,"networkConnectionEnabled":true,"locationContextEnabled":false,"warnings":{},"desired":{"platformName":"android","chromeDriverPort":11000,"appActivity":"com.swaglabsmobileapp.SplashActivity","appPackage":"com.swaglabsmobileapp","automationName":"uiautomator2","deviceName":"Any device name","systemPort":10000},"platformName":"android","chromeDriverPort":11000,"appActivity":"com.swaglabsmobileapp.SplashActivity","appPackage":"com.swaglabsmobileapp","automationName":"uiautomator2","deviceName":"emulator-5554","systemPort":10000,"deviceUDID":"emulator-5554","deviceApiLevel":29,"platformVersion":"10","deviceScreenSize":"1080x2160","deviceScreenDensity":400,"deviceModel":"Android SDK built for x86","deviceManufacturer":"Google","pixelRatio":2.5,"statBarHeight":60,"viewportRect":{"left":0,"top":60,"width":1080,"height":1980}}}
&amp#27;[35m[HTTP]&amp#27;[39m &amp#27;[37m<-- POST /wd/hub/session &amp#27;[39m&amp#27;[32m200&amp#27;[39m &amp#27;[90m6326 ms - 1026&amp#27;[39m
&amp#27;[35m[HTTP]&amp#27;[39m &amp#27;[90m&amp#27;[39m
2020-12-03 15:10:08,996 TestNG-tests-1 ERROR Unable to locate appender "STDOUT" for logger config "root"
2020-12-03 15:10:08,998 TestNG-tests-1 ERROR Unable to locate appender "STDOUT" for logger config "com.qa"
&amp#27;[35m[HTTP]&amp#27;[39m &amp#27;[37m-->&amp#27;[39m &amp#27;[37mPOST&amp#27;[39m &amp#27;[37m/wd/hub/session/70081d5f-320b-405a-a317-43f80afff043/appium/app/close&amp#27;[39m
&amp#27;[35m[HTTP]&amp#27;[39m &amp#27;[90m{}&amp#27;[39m
[debug] &amp#27;[35m[W3C (70081d5f)]&amp#27;[39m Calling AppiumDriver.closeApp() with args: ["70081d5f-320b-405a-a317-43f80afff043"]
[debug] &amp#27;[35m[ADB]&amp#27;[39m Running '/Users/shreyas/Library/Android/sdk/platform-tools/adb -P 5037 -s emulator-5554 shell am force-stop com.swaglabsmobileapp'
[debug] &amp#27;[35m[W3C (70081d5f)]&amp#27;[39m Responding to client with driver.closeApp() result: null
&amp#27;[35m[HTTP]&amp#27;[39m &amp#27;[37m<-- POST /wd/hub/session/70081d5f-320b-405a-a317-43f80afff043/appium/app/close &amp#27;[39m&amp#27;[32m200&amp#27;[39m &amp#27;[90m78 ms - 14&amp#27;[39m
&amp#27;[35m[HTTP]&amp#27;[39m &amp#27;[90m&amp#27;[39m
&amp#27;[35m[HTTP]&amp#27;[39m &amp#27;[37m-->&amp#27;[39m &amp#27;[37mPOST&amp#27;[39m &amp#27;[37m/wd/hub/session/70081d5f-320b-405a-a317-43f80afff043/appium/app/launch&amp#27;[39m
&amp#27;[35m[HTTP]&amp#27;[39m &amp#27;[90m{}&amp#27;[39m
[debug] &amp#27;[35m[W3C (70081d5f)]&amp#27;[39m Calling AppiumDriver.launchApp() with args: ["70081d5f-320b-405a-a317-43f80afff043"]
[debug] &amp#27;[35m[UiAutomator2]&amp#27;[39m No app capability. Assuming it is already on the device
[debug] &amp#27;[35m[ADB]&amp#27;[39m Getting install status for com.swaglabsmobileapp
[debug] &amp#27;[35m[ADB]&amp#27;[39m Running '/Users/shreyas/Library/Android/sdk/platform-tools/adb -P 5037 -s emulator-5554 shell dumpsys package com.swaglabsmobileapp'
[debug] &amp#27;[35m[ADB]&amp#27;[39m 'com.swaglabsmobileapp' is installed
[debug] &amp#27;[35m[ADB]&amp#27;[39m Running '/Users/shreyas/Library/Android/sdk/platform-tools/adb -P 5037 -s emulator-5554 shell am force-stop com.swaglabsmobileapp'
[debug] &amp#27;[35m[ADB]&amp#27;[39m Running '/Users/shreyas/Library/Android/sdk/platform-tools/adb -P 5037 -s emulator-5554 shell pm clear com.swaglabsmobileapp'
[debug] &amp#27;[35m[AndroidDriver]&amp#27;[39m Performed fast reset on the installed 'com.swaglabsmobileapp' application (stop and clear)
[debug] &amp#27;[35m[ADB]&amp#27;[39m Running '/Users/shreyas/Library/Android/sdk/platform-tools/adb -P 5037 -s emulator-5554 shell am start -W -n com.swaglabsmobileapp/com.swaglabsmobileapp.SplashActivity -S -a android.intent.action.MAIN -c android.intent.category.LAUNCHER -f 0x10200000'
[debug] &amp#27;[35m[W3C (70081d5f)]&amp#27;[39m Responding to client with driver.launchApp() result: null
&amp#27;[35m[HTTP]&amp#27;[39m &amp#27;[37m<-- POST /wd/hub/session/70081d5f-320b-405a-a317-43f80afff043/appium/app/launch &amp#27;[39m&amp#27;[32m200&amp#27;[39m &amp#27;[90m1246 ms - 14&amp#27;[39m
&amp#27;[35m[HTTP]&amp#27;[39m &amp#27;[90m&amp#27;[39m

************ Starting test : invalidPassword*********/n
/Users/shreyas/TDD/TDDFramework
&amp#27;[35m[HTTP]&amp#27;[39m &amp#27;[37m-->&amp#27;[39m &amp#27;[37mGET&amp#27;[39m &amp#27;[37m/wd/hub/session/70081d5f-320b-405a-a317-43f80afff043/context&amp#27;[39m
&amp#27;[35m[HTTP]&amp#27;[39m &amp#27;[90m{}&amp#27;[39m
[debug] &amp#27;[35m[W3C (70081d5f)]&amp#27;[39m Calling AppiumDriver.getCurrentContext() with args: ["70081d5f-320b-405a-a317-43f80afff043"]
[debug] &amp#27;[35m[W3C (70081d5f)]&amp#27;[39m Responding to client with driver.getCurrentContext() result: "NATIVE_APP"
&amp#27;[35m[HTTP]&amp#27;[39m &amp#27;[37m<-- GET /wd/hub/session/70081d5f-320b-405a-a317-43f80afff043/context &amp#27;[39m&amp#27;[32m200&amp#27;[39m &amp#27;[90m2 ms - 22&amp#27;[39m
&amp#27;[35m[HTTP]&amp#27;[39m &amp#27;[90m&amp#27;[39m
&amp#27;[35m[HTTP]&amp#27;[39m &amp#27;[37m-->&amp#27;[39m &amp#27;[37mPOST&amp#27;[39m &amp#27;[37m/wd/hub/session/70081d5f-320b-405a-a317-43f80afff043/element&amp#27;[39m
&amp#27;[35m[HTTP]&amp#27;[39m &amp#27;[90m{"using":"accessibility id","value":"test-Username"}&amp#27;[39m
[debug] &amp#27;[35m[W3C (70081d5f)]&amp#27;[39m Calling AppiumDriver.findElement() with args: ["accessibility id","test-Username","70081d5f-320b-405a-a317-43f80afff043"]
[debug] &amp#27;[35m[BaseDriver]&amp#27;[39m Valid locator strategies for this request: xpath, id, class name, accessibility id, -android uiautomator
[debug] &amp#27;[35m[BaseDriver]&amp#27;[39m Waiting up to 0 ms for condition
[debug] &amp#27;[35m[WD Proxy]&amp#27;[39m Matched '/element' to command name 'findElement'
[debug] &amp#27;[35m[WD Proxy]&amp#27;[39m Proxying [POST /element] to [POST http://127.0.0.1:10000/wd/hub/session/e13593df-9927-4062-8ba8-9167d93309ed/element] with body: {"strategy":"accessibility id","selector":"test-Username","context":"","multiple":false}
&amp#27;[35m[WD Proxy]&amp#27;[39m Got response with status 404: {"sessionId":"e13593df-9927-4062-8ba8-9167d93309ed","value":{"error":"no such element","message":"An element could not be located on the page using the given search parameters","stacktrace":"io.appium.uiautomator2.common.exceptions.ElementNotFoundException: An element could not be located on the page using the given search parameters\n\tat io.appium.uiautomator2.handler.FindElement.safeHandle(FindElement.java:73)\n\tat io.appium.uiautomator2.handler.request.SafeRequestHandler.handle(SafeRequestHandler.java:41)\n\tat io.appium.uiautomator2.server.AppiumServlet.handleRequest(AppiumServlet.java:253)\n\tat io.appium.uiautomator2.server.AppiumServlet.handleHttpRequest(AppiumServlet.java:247)\n\tat io.appium.uiautomator2.http.ServerHandler.channelRead(ServerHandler.java:68)\n\tat io.netty.channel.AbstractChannelHandlerContext.invokeChannelRead(AbstractChannelHandlerContext.java:366)\n\tat io.netty.channel.AbstractChannelHandlerContext.invokeChannelRead(AbstractChannelHandlerContext.java:352)\n\tat io.netty.chann...
[debug] &amp#27;[35m[W3C]&amp#27;[39m Matched W3C error code 'no such element' to NoSuchElementError
[debug] &amp#27;[35m[W3C (70081d5f)]&amp#27;[39m Encountered internal error running command: NoSuchElementError: An element could not be located on the page using the given search parameters.
[debug] &amp#27;[35m[W3C (70081d5f)]&amp#27;[39m     at AndroidUiautomator2Driver.findElOrEls (/usr/local/lib/node_modules/appium/node_modules/appium-android-driver/lib/commands/find.js:75:11)
[debug] &amp#27;[35m[W3C (70081d5f)]&amp#27;[39m     at processTicksAndRejections (internal/process/task_queues.js:97:5)
[debug] &amp#27;[35m[W3C (70081d5f)]&amp#27;[39m     at AndroidUiautomator2Driver.findElOrElsWithProcessing (/usr/local/lib/node_modules/appium/node_modules/appium-base-driver/lib/basedriver/commands/find.js:33:12)
[debug] &amp#27;[35m[W3C (70081d5f)]&amp#27;[39m     at AndroidUiautomator2Driver.findElement (/usr/local/lib/node_modules/appium/node_modules/appium-base-driver/lib/basedriver/commands/find.js:53:10)
&amp#27;[35m[HTTP]&amp#27;[39m &amp#27;[37m<-- POST /wd/hub/session/70081d5f-320b-405a-a317-43f80afff043/element &amp#27;[39m&amp#27;[33m404&amp#27;[39m &amp#27;[90m243 ms - 780&amp#27;[39m
&amp#27;[35m[HTTP]&amp#27;[39m &amp#27;[90m&amp#27;[39m
&amp#27;[35m[HTTP]&amp#27;[39m &amp#27;[37m-->&amp#27;[39m &amp#27;[37mPOST&amp#27;[39m &amp#27;[37m/wd/hub/session/70081d5f-320b-405a-a317-43f80afff043/element&amp#27;[39m
&amp#27;[35m[HTTP]&amp#27;[39m &amp#27;[90m{"using":"accessibility id","value":"test-Username"}&amp#27;[39m
[debug] &amp#27;[35m[W3C (70081d5f)]&amp#27;[39m Calling AppiumDriver.findElement() with args: ["accessibility id","test-Username","70081d5f-320b-405a-a317-43f80afff043"]
[debug] &amp#27;[35m[BaseDriver]&amp#27;[39m Valid locator strategies for this request: xpath, id, class name, accessibility id, -android uiautomator
[debug] &amp#27;[35m[BaseDriver]&amp#27;[39m Waiting up to 0 ms for condition
[debug] &amp#27;[35m[WD Proxy]&amp#27;[39m Matched '/element' to command name 'findElement'
[debug] &amp#27;[35m[WD Proxy]&amp#27;[39m Proxying [POST /element] to [POST http://127.0.0.1:10000/wd/hub/session/e13593df-9927-4062-8ba8-9167d93309ed/element] with body: {"strategy":"accessibility id","selector":"test-Username","context":"","multiple":false}
[debug] &amp#27;[35m[WD Proxy]&amp#27;[39m Got response with status 200: {"sessionId":"e13593df-9927-4062-8ba8-9167d93309ed","value":{"ELEMENT":"f02b3607-a081-481e-b00f-c6c80c0ddbad","element-6066-11e4-a52e-4f735466cecf":"f02b3607-a081-481e-b00f-c6c80c0ddbad"}}
[debug] &amp#27;[35m[W3C (70081d5f)]&amp#27;[39m Responding to client with driver.findElement() result: {"element-6066-11e4-a52e-4f735466cecf":"f02b3607-a081-481e-b00f-c6c80c0ddbad","ELEMENT":"f02b3607-a081-481e-b00f-c6c80c0ddbad"}
&amp#27;[35m[HTTP]&amp#27;[39m &amp#27;[37m<-- POST /wd/hub/session/70081d5f-320b-405a-a317-43f80afff043/element &amp#27;[39m&amp#27;[32m200&amp#27;[39m &amp#27;[90m649 ms - 137&amp#27;[39m
&amp#27;[35m[HTTP]&amp#27;[39m &amp#27;[90m&amp#27;[39m
&amp#27;[35m[HTTP]&amp#27;[39m &amp#27;[37m-->&amp#27;[39m &amp#27;[37mPOST&amp#27;[39m &amp#27;[37m/wd/hub/session/70081d5f-320b-405a-a317-43f80afff043/element/f02b3607-a081-481e-b00f-c6c80c0ddbad/clear&amp#27;[39m
&amp#27;[35m[HTTP]&amp#27;[39m &amp#27;[90m{"id":"f02b3607-a081-481e-b00f-c6c80c0ddbad"}&amp#27;[39m
[debug] &amp#27;[35m[W3C (70081d5f)]&amp#27;[39m Calling AppiumDriver.clear() with args: ["f02b3607-a081-481e-b00f-c6c80c0ddbad","70081d5f-320b-405a-a317-43f80afff043"]
[debug] &amp#27;[35m[WD Proxy]&amp#27;[39m Matched '/element/f02b3607-a081-481e-b00f-c6c80c0ddbad/clear' to command name 'clear'
[debug] &amp#27;[35m[WD Proxy]&amp#27;[39m Proxying [POST /element/f02b3607-a081-481e-b00f-c6c80c0ddbad/clear] to [POST http://127.0.0.1:10000/wd/hub/session/e13593df-9927-4062-8ba8-9167d93309ed/element/f02b3607-a081-481e-b00f-c6c80c0ddbad/clear] with body: {"elementId":"f02b3607-a081-481e-b00f-c6c80c0ddbad"}
[debug] &amp#27;[35m[WD Proxy]&amp#27;[39m Got response with status 200: {"sessionId":"e13593df-9927-4062-8ba8-9167d93309ed","value":null}
[debug] &amp#27;[35m[W3C (70081d5f)]&amp#27;[39m Responding to client with driver.clear() result: null
&amp#27;[35m[HTTP]&amp#27;[39m &amp#27;[37m<-- POST /wd/hub/session/70081d5f-320b-405a-a317-43f80afff043/element/f02b3607-a081-481e-b00f-c6c80c0ddbad/clear &amp#27;[39m&amp#27;[32m200&amp#27;[39m &amp#27;[90m21 ms - 14&amp#27;[39m
&amp#27;[35m[HTTP]&amp#27;[39m &amp#27;[90m&amp#27;[39m
&amp#27;[35m[HTTP]&amp#27;[39m &amp#27;[37m-->&amp#27;[39m &amp#27;[37mGET&amp#27;[39m &amp#27;[37m/wd/hub/session/70081d5f-320b-405a-a317-43f80afff043/context&amp#27;[39m
&amp#27;[35m[HTTP]&amp#27;[39m &amp#27;[90m{}&amp#27;[39m
[debug] &amp#27;[35m[W3C (70081d5f)]&amp#27;[39m Calling AppiumDriver.getCurrentContext() with args: ["70081d5f-320b-405a-a317-43f80afff043"]
[debug] &amp#27;[35m[W3C (70081d5f)]&amp#27;[39m Responding to client with driver.getCurrentContext() result: "NATIVE_APP"
&amp#27;[35m[HTTP]&amp#27;[39m &amp#27;[37m<-- GET /wd/hub/session/70081d5f-320b-405a-a317-43f80afff043/context &amp#27;[39m&amp#27;[32m200&amp#27;[39m &amp#27;[90m2 ms - 22&amp#27;[39m
&amp#27;[35m[HTTP]&amp#27;[39m &amp#27;[90m&amp#27;[39m
&amp#27;[35m[HTTP]&amp#27;[39m &amp#27;[37m-->&amp#27;[39m &amp#27;[37mPOST&amp#27;[39m &amp#27;[37m/wd/hub/session/70081d5f-320b-405a-a317-43f80afff043/element&amp#27;[39m
&amp#27;[35m[HTTP]&amp#27;[39m &amp#27;[90m{"using":"accessibility id","value":"test-Username"}&amp#27;[39m
[debug] &amp#27;[35m[W3C (70081d5f)]&amp#27;[39m Calling AppiumDriver.findElement() with args: ["accessibility id","test-Username","70081d5f-320b-405a-a317-43f80afff043"]
[debug] &amp#27;[35m[BaseDriver]&amp#27;[39m Valid locator strategies for this request: xpath, id, class name, accessibility id, -android uiautomator
[debug] &amp#27;[35m[BaseDriver]&amp#27;[39m Waiting up to 0 ms for condition
[debug] &amp#27;[35m[WD Proxy]&amp#27;[39m Matched '/element' to command name 'findElement'
[debug] &amp#27;[35m[WD Proxy]&amp#27;[39m Proxying [POST /element] to [POST http://127.0.0.1:10000/wd/hub/session/e13593df-9927-4062-8ba8-9167d93309ed/element] with body: {"strategy":"accessibility id","selector":"test-Username","context":"","multiple":false}
[debug] &amp#27;[35m[WD Proxy]&amp#27;[39m Got response with status 200: {"sessionId":"e13593df-9927-4062-8ba8-9167d93309ed","value":{"ELEMENT":"3a228341-35b3-47de-a354-13d418fa66b0","element-6066-11e4-a52e-4f735466cecf":"3a228341-35b3-47de-a354-13d418fa66b0"}}
[debug] &amp#27;[35m[W3C (70081d5f)]&amp#27;[39m Responding to client with driver.findElement() result: {"element-6066-11e4-a52e-4f735466cecf":"3a228341-35b3-47de-a354-13d418fa66b0","ELEMENT":"3a228341-35b3-47de-a354-13d418fa66b0"}
&amp#27;[35m[HTTP]&amp#27;[39m &amp#27;[37m<-- POST /wd/hub/session/70081d5f-320b-405a-a317-43f80afff043/element &amp#27;[39m&amp#27;[32m200&amp#27;[39m &amp#27;[90m513 ms - 137&amp#27;[39m
&amp#27;[35m[HTTP]&amp#27;[39m &amp#27;[90m&amp#27;[39m
&amp#27;[35m[HTTP]&amp#27;[39m &amp#27;[37m-->&amp#27;[39m &amp#27;[37mGET&amp#27;[39m &amp#27;[37m/wd/hub/session/70081d5f-320b-405a-a317-43f80afff043/element/3a228341-35b3-47de-a354-13d418fa66b0/text&amp#27;[39m
&amp#27;[35m[HTTP]&amp#27;[39m &amp#27;[90m{}&amp#27;[39m
&amp#27;[35m[W3C (70081d5f)]&amp#27;[39m Driver proxy active, passing request on via HTTP proxy
[debug] &amp#27;[35m[WD Proxy]&amp#27;[39m Matched '/wd/hub/session/70081d5f-320b-405a-a317-43f80afff043/element/3a228341-35b3-47de-a354-13d418fa66b0/text' to command name 'getText'
[debug] &amp#27;[35m[WD Proxy]&amp#27;[39m Proxying [GET /wd/hub/session/70081d5f-320b-405a-a317-43f80afff043/element/3a228341-35b3-47de-a354-13d418fa66b0/text] to [GET http://127.0.0.1:10000/wd/hub/session/e13593df-9927-4062-8ba8-9167d93309ed/element/3a228341-35b3-47de-a354-13d418fa66b0/text] with no body
[debug] &amp#27;[35m[WD Proxy]&amp#27;[39m Got response with status 200: {"sessionId":"e13593df-9927-4062-8ba8-9167d93309ed","value":"Username"}
&amp#27;[35m[WD Proxy]&amp#27;[39m Replacing sessionId e13593df-9927-4062-8ba8-9167d93309ed with 70081d5f-320b-405a-a317-43f80afff043
&amp#27;[35m[HTTP]&amp#27;[39m &amp#27;[37m<-- GET /wd/hub/session/70081d5f-320b-405a-a317-43f80afff043/element/3a228341-35b3-47de-a354-13d418fa66b0/text &amp#27;[39m&amp#27;[32m200&amp#27;[39m &amp#27;[90m13 ms - 71&amp#27;[39m
&amp#27;[35m[HTTP]&amp#27;[39m &amp#27;[90m&amp#27;[39m
&amp#27;[35m[HTTP]&amp#27;[39m &amp#27;[37m-->&amp#27;[39m &amp#27;[37mGET&amp#27;[39m &amp#27;[37m/wd/hub/session/70081d5f-320b-405a-a317-43f80afff043/context&amp#27;[39m
&amp#27;[35m[HTTP]&amp#27;[39m &amp#27;[90m{}&amp#27;[39m
[debug] &amp#27;[35m[W3C (70081d5f)]&amp#27;[39m Calling AppiumDriver.getCurrentContext() with args: ["70081d5f-320b-405a-a317-43f80afff043"]
[debug] &amp#27;[35m[W3C (70081d5f)]&amp#27;[39m Responding to client with driver.getCurrentContext() result: "NATIVE_APP"
&amp#27;[35m[HTTP]&amp#27;[39m &amp#27;[37m<-- GET /wd/hub/session/70081d5f-320b-405a-a317-43f80afff043/context &amp#27;[39m&amp#27;[32m200&amp#27;[39m &amp#27;[90m1 ms - 22&amp#27;[39m
&amp#27;[35m[HTTP]&amp#27;[39m &amp#27;[90m&amp#27;[39m
&amp#27;[35m[HTTP]&amp#27;[39m &amp#27;[37m-->&amp#27;[39m &amp#27;[37mPOST&amp#27;[39m &amp#27;[37m/wd/hub/session/70081d5f-320b-405a-a317-43f80afff043/element&amp#27;[39m
&amp#27;[35m[HTTP]&amp#27;[39m &amp#27;[90m{"using":"accessibility id","value":"test-Username"}&amp#27;[39m
[debug] &amp#27;[35m[W3C (70081d5f)]&amp#27;[39m Calling AppiumDriver.findElement() with args: ["accessibility id","test-Username","70081d5f-320b-405a-a317-43f80afff043"]
[debug] &amp#27;[35m[BaseDriver]&amp#27;[39m Valid locator strategies for this request: xpath, id, class name, accessibility id, -android uiautomator
[debug] &amp#27;[35m[BaseDriver]&amp#27;[39m Waiting up to 0 ms for condition
[debug] &amp#27;[35m[WD Proxy]&amp#27;[39m Matched '/element' to command name 'findElement'
[debug] &amp#27;[35m[WD Proxy]&amp#27;[39m Proxying [POST /element] to [POST http://127.0.0.1:10000/wd/hub/session/e13593df-9927-4062-8ba8-9167d93309ed/element] with body: {"strategy":"accessibility id","selector":"test-Username","context":"","multiple":false}
[debug] &amp#27;[35m[WD Proxy]&amp#27;[39m Got response with status 200: {"sessionId":"e13593df-9927-4062-8ba8-9167d93309ed","value":{"ELEMENT":"9d33940b-cb75-41ad-8c58-3841e66ae3f3","element-6066-11e4-a52e-4f735466cecf":"9d33940b-cb75-41ad-8c58-3841e66ae3f3"}}
[debug] &amp#27;[35m[W3C (70081d5f)]&amp#27;[39m Responding to client with driver.findElement() result: {"element-6066-11e4-a52e-4f735466cecf":"9d33940b-cb75-41ad-8c58-3841e66ae3f3","ELEMENT":"9d33940b-cb75-41ad-8c58-3841e66ae3f3"}
&amp#27;[35m[HTTP]&amp#27;[39m &amp#27;[37m<-- POST /wd/hub/session/70081d5f-320b-405a-a317-43f80afff043/element &amp#27;[39m&amp#27;[32m200&amp#27;[39m &amp#27;[90m32 ms - 137&amp#27;[39m
&amp#27;[35m[HTTP]&amp#27;[39m &amp#27;[90m&amp#27;[39m
&amp#27;[35m[HTTP]&amp#27;[39m &amp#27;[37m-->&amp#27;[39m &amp#27;[37mGET&amp#27;[39m &amp#27;[37m/wd/hub/session/70081d5f-320b-405a-a317-43f80afff043/element/9d33940b-cb75-41ad-8c58-3841e66ae3f3/displayed&amp#27;[39m
&amp#27;[35m[HTTP]&amp#27;[39m &amp#27;[90m{}&amp#27;[39m
[debug] &amp#27;[35m[W3C (70081d5f)]&amp#27;[39m Calling AppiumDriver.elementDisplayed() with args: ["9d33940b-cb75-41ad-8c58-3841e66ae3f3","70081d5f-320b-405a-a317-43f80afff043"]
[debug] &amp#27;[35m[WD Proxy]&amp#27;[39m Matched '/element/9d33940b-cb75-41ad-8c58-3841e66ae3f3/attribute/displayed' to command name 'getAttribute'
[debug] &amp#27;[35m[WD Proxy]&amp#27;[39m Proxying [GET /element/9d33940b-cb75-41ad-8c58-3841e66ae3f3/attribute/displayed] to [GET http://127.0.0.1:10000/wd/hub/session/e13593df-9927-4062-8ba8-9167d93309ed/element/9d33940b-cb75-41ad-8c58-3841e66ae3f3/attribute/displayed] with no body
[debug] &amp#27;[35m[WD Proxy]&amp#27;[39m Got response with status 200: {"sessionId":"e13593df-9927-4062-8ba8-9167d93309ed","value":"true"}
[debug] &amp#27;[35m[W3C (70081d5f)]&amp#27;[39m Responding to client with driver.elementDisplayed() result: true
&amp#27;[35m[HTTP]&amp#27;[39m &amp#27;[37m<-- GET /wd/hub/session/70081d5f-320b-405a-a317-43f80afff043/element/9d33940b-cb75-41ad-8c58-3841e66ae3f3/displayed &amp#27;[39m&amp#27;[32m200&amp#27;[39m &amp#27;[90m14 ms - 14&amp#27;[39m
&amp#27;[35m[HTTP]&amp#27;[39m &amp#27;[90m&amp#27;[39m
&amp#27;[35m[HTTP]&amp#27;[39m &amp#27;[37m-->&amp#27;[39m &amp#27;[37mGET&amp#27;[39m &amp#27;[37m/wd/hub/session/70081d5f-320b-405a-a317-43f80afff043/context&amp#27;[39m
&amp#27;[35m[HTTP]&amp#27;[39m &amp#27;[90m{}&amp#27;[39m
[debug] &amp#27;[35m[W3C (70081d5f)]&amp#27;[39m Calling AppiumDriver.getCurrentContext() with args: ["70081d5f-320b-405a-a317-43f80afff043"]
[debug] &amp#27;[35m[W3C (70081d5f)]&amp#27;[39m Responding to client with driver.getCurrentContext() result: "NATIVE_APP"
&amp#27;[35m[HTTP]&amp#27;[39m &amp#27;[37m<-- GET /wd/hub/session/70081d5f-320b-405a-a317-43f80afff043/context &amp#27;[39m&amp#27;[32m200&amp#27;[39m &amp#27;[90m1 ms - 22&amp#27;[39m
&amp#27;[35m[HTTP]&amp#27;[39m &amp#27;[90m&amp#27;[39m
&amp#27;[35m[HTTP]&amp#27;[39m &amp#27;[37m-->&amp#27;[39m &amp#27;[37mPOST&amp#27;[39m &amp#27;[37m/wd/hub/session/70081d5f-320b-405a-a317-43f80afff043/element&amp#27;[39m
&amp#27;[35m[HTTP]&amp#27;[39m &amp#27;[90m{"using":"accessibility id","value":"test-Username"}&amp#27;[39m
[debug] &amp#27;[35m[W3C (70081d5f)]&amp#27;[39m Calling AppiumDriver.findElement() with args: ["accessibility id","test-Username","70081d5f-320b-405a-a317-43f80afff043"]
[debug] &amp#27;[35m[BaseDriver]&amp#27;[39m Valid locator strategies for this request: xpath, id, class name, accessibility id, -android uiautomator
[debug] &amp#27;[35m[BaseDriver]&amp#27;[39m Waiting up to 0 ms for condition
[debug] &amp#27;[35m[WD Proxy]&amp#27;[39m Matched '/element' to command name 'findElement'
[debug] &amp#27;[35m[WD Proxy]&amp#27;[39m Proxying [POST /element] to [POST http://127.0.0.1:10000/wd/hub/session/e13593df-9927-4062-8ba8-9167d93309ed/element] with body: {"strategy":"accessibility id","selector":"test-Username","context":"","multiple":false}
[debug] &amp#27;[35m[WD Proxy]&amp#27;[39m Got response with status 200: {"sessionId":"e13593df-9927-4062-8ba8-9167d93309ed","value":{"ELEMENT":"afa3dc1f-b604-4cf9-9759-ccb8b0fa0c94","element-6066-11e4-a52e-4f735466cecf":"afa3dc1f-b604-4cf9-9759-ccb8b0fa0c94"}}
[debug] &amp#27;[35m[W3C (70081d5f)]&amp#27;[39m Responding to client with driver.findElement() result: {"element-6066-11e4-a52e-4f735466cecf":"afa3dc1f-b604-4cf9-9759-ccb8b0fa0c94","ELEMENT":"afa3dc1f-b604-4cf9-9759-ccb8b0fa0c94"}
&amp#27;[35m[HTTP]&amp#27;[39m &amp#27;[37m<-- POST /wd/hub/session/70081d5f-320b-405a-a317-43f80afff043/element &amp#27;[39m&amp#27;[32m200&amp#27;[39m &amp#27;[90m28 ms - 137&amp#27;[39m
&amp#27;[35m[HTTP]&amp#27;[39m &amp#27;[90m&amp#27;[39m
&amp#27;[35m[HTTP]&amp#27;[39m &amp#27;[37m-->&amp#27;[39m &amp#27;[37mGET&amp#27;[39m &amp#27;[37m/wd/hub/session/70081d5f-320b-405a-a317-43f80afff043/element/afa3dc1f-b604-4cf9-9759-ccb8b0fa0c94/text&amp#27;[39m
&amp#27;[35m[HTTP]&amp#27;[39m &amp#27;[90m{}&amp#27;[39m
&amp#27;[35m[W3C (70081d5f)]&amp#27;[39m Driver proxy active, passing request on via HTTP proxy
[debug] &amp#27;[35m[WD Proxy]&amp#27;[39m Matched '/wd/hub/session/70081d5f-320b-405a-a317-43f80afff043/element/afa3dc1f-b604-4cf9-9759-ccb8b0fa0c94/text' to command name 'getText'
[debug] &amp#27;[35m[WD Proxy]&amp#27;[39m Proxying [GET /wd/hub/session/70081d5f-320b-405a-a317-43f80afff043/element/afa3dc1f-b604-4cf9-9759-ccb8b0fa0c94/text] to [GET http://127.0.0.1:10000/wd/hub/session/e13593df-9927-4062-8ba8-9167d93309ed/element/afa3dc1f-b604-4cf9-9759-ccb8b0fa0c94/text] with no body
[debug] &amp#27;[35m[WD Proxy]&amp#27;[39m Got response with status 200: {"sessionId":"e13593df-9927-4062-8ba8-9167d93309ed","value":"Username"}
&amp#27;[35m[WD Proxy]&amp#27;[39m Replacing sessionId e13593df-9927-4062-8ba8-9167d93309ed with 70081d5f-320b-405a-a317-43f80afff043
&amp#27;[35m[HTTP]&amp#27;[39m &amp#27;[37m<-- GET /wd/hub/session/70081d5f-320b-405a-a317-43f80afff043/element/afa3dc1f-b604-4cf9-9759-ccb8b0fa0c94/text &amp#27;[39m&amp#27;[32m200&amp#27;[39m &amp#27;[90m15 ms - 71&amp#27;[39m
&amp#27;[35m[HTTP]&amp#27;[39m &amp#27;[90m&amp#27;[39m
&amp#27;[35m[HTTP]&amp#27;[39m &amp#27;[37m-->&amp#27;[39m &amp#27;[37mGET&amp#27;[39m &amp#27;[37m/wd/hub/session/70081d5f-320b-405a-a317-43f80afff043/context&amp#27;[39m
&amp#27;[35m[HTTP]&amp#27;[39m &amp#27;[90m{}&amp#27;[39m
[debug] &amp#27;[35m[W3C (70081d5f)]&amp#27;[39m Calling AppiumDriver.getCurrentContext() with args: ["70081d5f-320b-405a-a317-43f80afff043"]
[debug] &amp#27;[35m[W3C (70081d5f)]&amp#27;[39m Responding to client with driver.getCurrentContext() result: "NATIVE_APP"
&amp#27;[35m[HTTP]&amp#27;[39m &amp#27;[37m<-- GET /wd/hub/session/70081d5f-320b-405a-a317-43f80afff043/context &amp#27;[39m&amp#27;[32m200&amp#27;[39m &amp#27;[90m1 ms - 22&amp#27;[39m
&amp#27;[35m[HTTP]&amp#27;[39m &amp#27;[90m&amp#27;[39m
&amp#27;[35m[HTTP]&amp#27;[39m &amp#27;[37m-->&amp#27;[39m &amp#27;[37mPOST&amp#27;[39m &amp#27;[37m/wd/hub/session/70081d5f-320b-405a-a317-43f80afff043/element&amp#27;[39m
&amp#27;[35m[HTTP]&amp#27;[39m &amp#27;[90m{"using":"accessibility id","value":"test-Username"}&amp#27;[39m
[debug] &amp#27;[35m[W3C (70081d5f)]&amp#27;[39m Calling AppiumDriver.findElement() with args: ["accessibility id","test-Username","70081d5f-320b-405a-a317-43f80afff043"]
[debug] &amp#27;[35m[BaseDriver]&amp#27;[39m Valid locator strategies for this request: xpath, id, class name, accessibility id, -android uiautomator
[debug] &amp#27;[35m[BaseDriver]&amp#27;[39m Waiting up to 0 ms for condition
[debug] &amp#27;[35m[WD Proxy]&amp#27;[39m Matched '/element' to command name 'findElement'
[debug] &amp#27;[35m[WD Proxy]&amp#27;[39m Proxying [POST /element] to [POST http://127.0.0.1:10000/wd/hub/session/e13593df-9927-4062-8ba8-9167d93309ed/element] with body: {"strategy":"accessibility id","selector":"test-Username","context":"","multiple":false}
[debug] &amp#27;[35m[WD Proxy]&amp#27;[39m Got response with status 200: {"sessionId":"e13593df-9927-4062-8ba8-9167d93309ed","value":{"ELEMENT":"a58d5c2a-f76a-40b0-89d3-bab6d5407569","element-6066-11e4-a52e-4f735466cecf":"a58d5c2a-f76a-40b0-89d3-bab6d5407569"}}
[debug] &amp#27;[35m[W3C (70081d5f)]&amp#27;[39m Responding to client with driver.findElement() result: {"element-6066-11e4-a52e-4f735466cecf":"a58d5c2a-f76a-40b0-89d3-bab6d5407569","ELEMENT":"a58d5c2a-f76a-40b0-89d3-bab6d5407569"}
&amp#27;[35m[HTTP]&amp#27;[39m &amp#27;[37m<-- POST /wd/hub/session/70081d5f-320b-405a-a317-43f80afff043/element &amp#27;[39m&amp#27;[32m200&amp#27;[39m &amp#27;[90m23 ms - 137&amp#27;[39m
&amp#27;[35m[HTTP]&amp#27;[39m &amp#27;[90m&amp#27;[39m
&amp#27;[35m[HTTP]&amp#27;[39m &amp#27;[37m-->&amp#27;[39m &amp#27;[37mPOST&amp#27;[39m &amp#27;[37m/wd/hub/session/70081d5f-320b-405a-a317-43f80afff043/element/a58d5c2a-f76a-40b0-89d3-bab6d5407569/value&amp#27;[39m
&amp#27;[35m[HTTP]&amp#27;[39m &amp#27;[90m{"id":"a58d5c2a-f76a-40b0-89d3-bab6d5407569","text":"standard_user","value":["s","t","a","n","d","a","r","d","_","u","s","e","r"]}&amp#27;[39m
[debug] &amp#27;[35m[W3C (70081d5f)]&amp#27;[39m Calling AppiumDriver.setValue() with args: [["s","t","a","n","d","a","r","d","_","u","s","e","r"],"a58d5c2a-f76a-40b0-89d3-bab6d5407569","70081d5f-320b-405a-a317-43f80afff043"]
[debug] &amp#27;[35m[WD Proxy]&amp#27;[39m Matched '/element/a58d5c2a-f76a-40b0-89d3-bab6d5407569/value' to command name 'setValue'
[debug] &amp#27;[35m[Protocol Converter]&amp#27;[39m Added 'value' property ["s","t","a","n","d","a","r","d","_","u","s","e","r"] to 'setValue' request body
[debug] &amp#27;[35m[WD Proxy]&amp#27;[39m Proxying [POST /element/a58d5c2a-f76a-40b0-89d3-bab6d5407569/value] to [POST http://127.0.0.1:10000/wd/hub/session/e13593df-9927-4062-8ba8-9167d93309ed/element/a58d5c2a-f76a-40b0-89d3-bab6d5407569/value] with body: {"elementId":"a58d5c2a-f76a-40b0-89d3-bab6d5407569","text":"standard_user","replace":false,"value":["s","t","a","n","d","a","r","d","_","u","s","e","r"]}
[debug] &amp#27;[35m[WD Proxy]&amp#27;[39m Got response with status 200: {"sessionId":"e13593df-9927-4062-8ba8-9167d93309ed","value":null}
[debug] &amp#27;[35m[W3C (70081d5f)]&amp#27;[39m Responding to client with driver.setValue() result: null
&amp#27;[35m[HTTP]&amp#27;[39m &amp#27;[37m<-- POST /wd/hub/session/70081d5f-320b-405a-a317-43f80afff043/element/a58d5c2a-f76a-40b0-89d3-bab6d5407569/value &amp#27;[39m&amp#27;[32m200&amp#27;[39m &amp#27;[90m532 ms - 14&amp#27;[39m
&amp#27;[35m[HTTP]&amp#27;[39m &amp#27;[90m&amp#27;[39m
&amp#27;[35m[HTTP]&amp#27;[39m &amp#27;[37m-->&amp#27;[39m &amp#27;[37mGET&amp#27;[39m &amp#27;[37m/wd/hub/session/70081d5f-320b-405a-a317-43f80afff043/context&amp#27;[39m
&amp#27;[35m[HTTP]&amp#27;[39m &amp#27;[90m{}&amp#27;[39m
[debug] &amp#27;[35m[W3C (70081d5f)]&amp#27;[39m Calling AppiumDriver.getCurrentContext() with args: ["70081d5f-320b-405a-a317-43f80afff043"]
[debug] &amp#27;[35m[W3C (70081d5f)]&amp#27;[39m Responding to client with driver.getCurrentContext() result: "NATIVE_APP"
&amp#27;[35m[HTTP]&amp#27;[39m &amp#27;[37m<-- GET /wd/hub/session/70081d5f-320b-405a-a317-43f80afff043/context &amp#27;[39m&amp#27;[32m200&amp#27;[39m &amp#27;[90m1 ms - 22&amp#27;[39m
&amp#27;[35m[HTTP]&amp#27;[39m &amp#27;[90m&amp#27;[39m
&amp#27;[35m[HTTP]&amp#27;[39m &amp#27;[37m-->&amp#27;[39m &amp#27;[37mPOST&amp#27;[39m &amp#27;[37m/wd/hub/session/70081d5f-320b-405a-a317-43f80afff043/element&amp#27;[39m
&amp#27;[35m[HTTP]&amp#27;[39m &amp#27;[90m{"using":"accessibility id","value":"test-Username"}&amp#27;[39m
[debug] &amp#27;[35m[W3C (70081d5f)]&amp#27;[39m Calling AppiumDriver.findElement() with args: ["accessibility id","test-Username","70081d5f-320b-405a-a317-43f80afff043"]
[debug] &amp#27;[35m[BaseDriver]&amp#27;[39m Valid locator strategies for this request: xpath, id, class name, accessibility id, -android uiautomator
[debug] &amp#27;[35m[BaseDriver]&amp#27;[39m Waiting up to 0 ms for condition
[debug] &amp#27;[35m[WD Proxy]&amp#27;[39m Matched '/element' to command name 'findElement'
[debug] &amp#27;[35m[WD Proxy]&amp#27;[39m Proxying [POST /element] to [POST http://127.0.0.1:10000/wd/hub/session/e13593df-9927-4062-8ba8-9167d93309ed/element] with body: {"strategy":"accessibility id","selector":"test-Username","context":"","multiple":false}
[debug] &amp#27;[35m[WD Proxy]&amp#27;[39m Got response with status 200: {"sessionId":"e13593df-9927-4062-8ba8-9167d93309ed","value":{"ELEMENT":"3180890b-b862-44fe-b4b9-012106bd1ab2","element-6066-11e4-a52e-4f735466cecf":"3180890b-b862-44fe-b4b9-012106bd1ab2"}}
[debug] &amp#27;[35m[W3C (70081d5f)]&amp#27;[39m Responding to client with driver.findElement() result: {"element-6066-11e4-a52e-4f735466cecf":"3180890b-b862-44fe-b4b9-012106bd1ab2","ELEMENT":"3180890b-b862-44fe-b4b9-012106bd1ab2"}
&amp#27;[35m[HTTP]&amp#27;[39m &amp#27;[37m<-- POST /wd/hub/session/70081d5f-320b-405a-a317-43f80afff043/element &amp#27;[39m&amp#27;[32m200&amp#27;[39m &amp#27;[90m505 ms - 137&amp#27;[39m
&amp#27;[35m[HTTP]&amp#27;[39m &amp#27;[90m&amp#27;[39m
&amp#27;[35m[HTTP]&amp#27;[39m &amp#27;[37m-->&amp#27;[39m &amp#27;[37mGET&amp#27;[39m &amp#27;[37m/wd/hub/session/70081d5f-320b-405a-a317-43f80afff043/element/3180890b-b862-44fe-b4b9-012106bd1ab2/text&amp#27;[39m
&amp#27;[35m[HTTP]&amp#27;[39m &amp#27;[90m{}&amp#27;[39m
&amp#27;[35m[W3C (70081d5f)]&amp#27;[39m Driver proxy active, passing request on via HTTP proxy
[debug] &amp#27;[35m[WD Proxy]&amp#27;[39m Matched '/wd/hub/session/70081d5f-320b-405a-a317-43f80afff043/element/3180890b-b862-44fe-b4b9-012106bd1ab2/text' to command name 'getText'
[debug] &amp#27;[35m[WD Proxy]&amp#27;[39m Proxying [GET /wd/hub/session/70081d5f-320b-405a-a317-43f80afff043/element/3180890b-b862-44fe-b4b9-012106bd1ab2/text] to [GET http://127.0.0.1:10000/wd/hub/session/e13593df-9927-4062-8ba8-9167d93309ed/element/3180890b-b862-44fe-b4b9-012106bd1ab2/text] with no body
[debug] &amp#27;[35m[WD Proxy]&amp#27;[39m Got response with status 200: {"sessionId":"e13593df-9927-4062-8ba8-9167d93309ed","value":"standard_user"}
&amp#27;[35m[WD Proxy]&amp#27;[39m Replacing sessionId e13593df-9927-4062-8ba8-9167d93309ed with 70081d5f-320b-405a-a317-43f80afff043
&amp#27;[35m[HTTP]&amp#27;[39m &amp#27;[37m<-- GET /wd/hub/session/70081d5f-320b-405a-a317-43f80afff043/element/3180890b-b862-44fe-b4b9-012106bd1ab2/text &amp#27;[39m&amp#27;[32m200&amp#27;[39m &amp#27;[90m12 ms - 76&amp#27;[39m
&amp#27;[35m[HTTP]&amp#27;[39m &amp#27;[90m&amp#27;[39m
&amp#27;[35m[HTTP]&amp#27;[39m &amp#27;[37m-->&amp#27;[39m &amp#27;[37mGET&amp#27;[39m &amp#27;[37m/wd/hub/session/70081d5f-320b-405a-a317-43f80afff043/context&amp#27;[39m
&amp#27;[35m[HTTP]&amp#27;[39m &amp#27;[90m{}&amp#27;[39m
[debug] &amp#27;[35m[W3C (70081d5f)]&amp#27;[39m Calling AppiumDriver.getCurrentContext() with args: ["70081d5f-320b-405a-a317-43f80afff043"]
[debug] &amp#27;[35m[W3C (70081d5f)]&amp#27;[39m Responding to client with driver.getCurrentContext() result: "NATIVE_APP"
&amp#27;[35m[HTTP]&amp#27;[39m &amp#27;[37m<-- GET /wd/hub/session/70081d5f-320b-405a-a317-43f80afff043/context &amp#27;[39m&amp#27;[32m200&amp#27;[39m &amp#27;[90m2 ms - 22&amp#27;[39m
&amp#27;[35m[HTTP]&amp#27;[39m &amp#27;[90m&amp#27;[39m
&amp#27;[35m[HTTP]&amp#27;[39m &amp#27;[37m-->&amp#27;[39m &amp#27;[37mPOST&amp#27;[39m &amp#27;[37m/wd/hub/session/70081d5f-320b-405a-a317-43f80afff043/element&amp#27;[39m
&amp#27;[35m[HTTP]&amp#27;[39m &amp#27;[90m{"using":"accessibility id","value":"test-Password"}&amp#27;[39m
[debug] &amp#27;[35m[W3C (70081d5f)]&amp#27;[39m Calling AppiumDriver.findElement() with args: ["accessibility id","test-Password","70081d5f-320b-405a-a317-43f80afff043"]
[debug] &amp#27;[35m[BaseDriver]&amp#27;[39m Valid locator strategies for this request: xpath, id, class name, accessibility id, -android uiautomator
[debug] &amp#27;[35m[BaseDriver]&amp#27;[39m Waiting up to 0 ms for condition
[debug] &amp#27;[35m[WD Proxy]&amp#27;[39m Matched '/element' to command name 'findElement'
[debug] &amp#27;[35m[WD Proxy]&amp#27;[39m Proxying [POST /element] to [POST http://127.0.0.1:10000/wd/hub/session/e13593df-9927-4062-8ba8-9167d93309ed/element] with body: {"strategy":"accessibility id","selector":"test-Password","context":"","multiple":false}
[debug] &amp#27;[35m[WD Proxy]&amp#27;[39m Got response with status 200: {"sessionId":"e13593df-9927-4062-8ba8-9167d93309ed","value":{"ELEMENT":"ca2ac7d1-088a-442e-a087-dcc9e7b32c4a","element-6066-11e4-a52e-4f735466cecf":"ca2ac7d1-088a-442e-a087-dcc9e7b32c4a"}}
[debug] &amp#27;[35m[W3C (70081d5f)]&amp#27;[39m Responding to client with driver.findElement() result: {"element-6066-11e4-a52e-4f735466cecf":"ca2ac7d1-088a-442e-a087-dcc9e7b32c4a","ELEMENT":"ca2ac7d1-088a-442e-a087-dcc9e7b32c4a"}
&amp#27;[35m[HTTP]&amp#27;[39m &amp#27;[37m<-- POST /wd/hub/session/70081d5f-320b-405a-a317-43f80afff043/element &amp#27;[39m&amp#27;[32m200&amp#27;[39m &amp#27;[90m23 ms - 137&amp#27;[39m
&amp#27;[35m[HTTP]&amp#27;[39m &amp#27;[90m&amp#27;[39m
&amp#27;[35m[HTTP]&amp#27;[39m &amp#27;[37m-->&amp#27;[39m &amp#27;[37mPOST&amp#27;[39m &amp#27;[37m/wd/hub/session/70081d5f-320b-405a-a317-43f80afff043/element/ca2ac7d1-088a-442e-a087-dcc9e7b32c4a/clear&amp#27;[39m
&amp#27;[35m[HTTP]&amp#27;[39m &amp#27;[90m{"id":"ca2ac7d1-088a-442e-a087-dcc9e7b32c4a"}&amp#27;[39m
[debug] &amp#27;[35m[W3C (70081d5f)]&amp#27;[39m Calling AppiumDriver.clear() with args: ["ca2ac7d1-088a-442e-a087-dcc9e7b32c4a","70081d5f-320b-405a-a317-43f80afff043"]
[debug] &amp#27;[35m[WD Proxy]&amp#27;[39m Matched '/element/ca2ac7d1-088a-442e-a087-dcc9e7b32c4a/clear' to command name 'clear'
[debug] &amp#27;[35m[WD Proxy]&amp#27;[39m Proxying [POST /element/ca2ac7d1-088a-442e-a087-dcc9e7b32c4a/clear] to [POST http://127.0.0.1:10000/wd/hub/session/e13593df-9927-4062-8ba8-9167d93309ed/element/ca2ac7d1-088a-442e-a087-dcc9e7b32c4a/clear] with body: {"elementId":"ca2ac7d1-088a-442e-a087-dcc9e7b32c4a"}
[debug] &amp#27;[35m[WD Proxy]&amp#27;[39m Got response with status 200: {"sessionId":"e13593df-9927-4062-8ba8-9167d93309ed","value":null}
[debug] &amp#27;[35m[W3C (70081d5f)]&amp#27;[39m Responding to client with driver.clear() result: null
&amp#27;[35m[HTTP]&amp#27;[39m &amp#27;[37m<-- POST /wd/hub/session/70081d5f-320b-405a-a317-43f80afff043/element/ca2ac7d1-088a-442e-a087-dcc9e7b32c4a/clear &amp#27;[39m&amp#27;[32m200&amp#27;[39m &amp#27;[90m16 ms - 14&amp#27;[39m
&amp#27;[35m[HTTP]&amp#27;[39m &amp#27;[90m&amp#27;[39m
&amp#27;[35m[HTTP]&amp#27;[39m &amp#27;[37m-->&amp#27;[39m &amp#27;[37mGET&amp#27;[39m &amp#27;[37m/wd/hub/session/70081d5f-320b-405a-a317-43f80afff043/context&amp#27;[39m
&amp#27;[35m[HTTP]&amp#27;[39m &amp#27;[90m{}&amp#27;[39m
[debug] &amp#27;[35m[W3C (70081d5f)]&amp#27;[39m Calling AppiumDriver.getCurrentContext() with args: ["70081d5f-320b-405a-a317-43f80afff043"]
[debug] &amp#27;[35m[W3C (70081d5f)]&amp#27;[39m Responding to client with driver.getCurrentContext() result: "NATIVE_APP"
&amp#27;[35m[HTTP]&amp#27;[39m &amp#27;[37m<-- GET /wd/hub/session/70081d5f-320b-405a-a317-43f80afff043/context &amp#27;[39m&amp#27;[32m200&amp#27;[39m &amp#27;[90m2 ms - 22&amp#27;[39m
&amp#27;[35m[HTTP]&amp#27;[39m &amp#27;[90m&amp#27;[39m
&amp#27;[35m[HTTP]&amp#27;[39m &amp#27;[37m-->&amp#27;[39m &amp#27;[37mPOST&amp#27;[39m &amp#27;[37m/wd/hub/session/70081d5f-320b-405a-a317-43f80afff043/element&amp#27;[39m
&amp#27;[35m[HTTP]&amp#27;[39m &amp#27;[90m{"using":"accessibility id","value":"test-Password"}&amp#27;[39m
[debug] &amp#27;[35m[W3C (70081d5f)]&amp#27;[39m Calling AppiumDriver.findElement() with args: ["accessibility id","test-Password","70081d5f-320b-405a-a317-43f80afff043"]
[debug] &amp#27;[35m[BaseDriver]&amp#27;[39m Valid locator strategies for this request: xpath, id, class name, accessibility id, -android uiautomator
[debug] &amp#27;[35m[BaseDriver]&amp#27;[39m Waiting up to 0 ms for condition
[debug] &amp#27;[35m[WD Proxy]&amp#27;[39m Matched '/element' to command name 'findElement'
[debug] &amp#27;[35m[WD Proxy]&amp#27;[39m Proxying [POST /element] to [POST http://127.0.0.1:10000/wd/hub/session/e13593df-9927-4062-8ba8-9167d93309ed/element] with body: {"strategy":"accessibility id","selector":"test-Password","context":"","multiple":false}
[debug] &amp#27;[35m[WD Proxy]&amp#27;[39m Got response with status 200: {"sessionId":"e13593df-9927-4062-8ba8-9167d93309ed","value":{"ELEMENT":"6a14560b-bc27-41b9-a650-ace6233d802a","element-6066-11e4-a52e-4f735466cecf":"6a14560b-bc27-41b9-a650-ace6233d802a"}}
[debug] &amp#27;[35m[W3C (70081d5f)]&amp#27;[39m Responding to client with driver.findElement() result: {"element-6066-11e4-a52e-4f735466cecf":"6a14560b-bc27-41b9-a650-ace6233d802a","ELEMENT":"6a14560b-bc27-41b9-a650-ace6233d802a"}
&amp#27;[35m[HTTP]&amp#27;[39m &amp#27;[37m<-- POST /wd/hub/session/70081d5f-320b-405a-a317-43f80afff043/element &amp#27;[39m&amp#27;[32m200&amp#27;[39m &amp#27;[90m504 ms - 137&amp#27;[39m
&amp#27;[35m[HTTP]&amp#27;[39m &amp#27;[90m&amp#27;[39m
&amp#27;[35m[HTTP]&amp#27;[39m &amp#27;[37m-->&amp#27;[39m &amp#27;[37mGET&amp#27;[39m &amp#27;[37m/wd/hub/session/70081d5f-320b-405a-a317-43f80afff043/element/6a14560b-bc27-41b9-a650-ace6233d802a/text&amp#27;[39m
&amp#27;[35m[HTTP]&amp#27;[39m &amp#27;[90m{}&amp#27;[39m
&amp#27;[35m[W3C (70081d5f)]&amp#27;[39m Driver proxy active, passing request on via HTTP proxy
[debug] &amp#27;[35m[WD Proxy]&amp#27;[39m Matched '/wd/hub/session/70081d5f-320b-405a-a317-43f80afff043/element/6a14560b-bc27-41b9-a650-ace6233d802a/text' to command name 'getText'
[debug] &amp#27;[35m[WD Proxy]&amp#27;[39m Proxying [GET /wd/hub/session/70081d5f-320b-405a-a317-43f80afff043/element/6a14560b-bc27-41b9-a650-ace6233d802a/text] to [GET http://127.0.0.1:10000/wd/hub/session/e13593df-9927-4062-8ba8-9167d93309ed/element/6a14560b-bc27-41b9-a650-ace6233d802a/text] with no body
[debug] &amp#27;[35m[WD Proxy]&amp#27;[39m Got response with status 200: {"sessionId":"e13593df-9927-4062-8ba8-9167d93309ed","value":"Password"}
&amp#27;[35m[WD Proxy]&amp#27;[39m Replacing sessionId e13593df-9927-4062-8ba8-9167d93309ed with 70081d5f-320b-405a-a317-43f80afff043
&amp#27;[35m[HTTP]&amp#27;[39m &amp#27;[37m<-- GET /wd/hub/session/70081d5f-320b-405a-a317-43f80afff043/element/6a14560b-bc27-41b9-a650-ace6233d802a/text &amp#27;[39m&amp#27;[32m200&amp#27;[39m &amp#27;[90m14 ms - 71&amp#27;[39m
&amp#27;[35m[HTTP]&amp#27;[39m &amp#27;[90m&amp#27;[39m
&amp#27;[35m[HTTP]&amp#27;[39m &amp#27;[37m-->&amp#27;[39m &amp#27;[37mGET&amp#27;[39m &amp#27;[37m/wd/hub/session/70081d5f-320b-405a-a317-43f80afff043/context&amp#27;[39m
&amp#27;[35m[HTTP]&amp#27;[39m &amp#27;[90m{}&amp#27;[39m
[debug] &amp#27;[35m[W3C (70081d5f)]&amp#27;[39m Calling AppiumDriver.getCurrentContext() with args: ["70081d5f-320b-405a-a317-43f80afff043"]
[debug] &amp#27;[35m[W3C (70081d5f)]&amp#27;[39m Responding to client with driver.getCurrentContext() result: "NATIVE_APP"
&amp#27;[35m[HTTP]&amp#27;[39m &amp#27;[37m<-- GET /wd/hub/session/70081d5f-320b-405a-a317-43f80afff043/context &amp#27;[39m&amp#27;[32m200&amp#27;[39m &amp#27;[90m2 ms - 22&amp#27;[39m
&amp#27;[35m[HTTP]&amp#27;[39m &amp#27;[90m&amp#27;[39m
&amp#27;[35m[HTTP]&amp#27;[39m &amp#27;[37m-->&amp#27;[39m &amp#27;[37mPOST&amp#27;[39m &amp#27;[37m/wd/hub/session/70081d5f-320b-405a-a317-43f80afff043/element&amp#27;[39m
&amp#27;[35m[HTTP]&amp#27;[39m &amp#27;[90m{"using":"accessibility id","value":"test-Password"}&amp#27;[39m
[debug] &amp#27;[35m[W3C (70081d5f)]&amp#27;[39m Calling AppiumDriver.findElement() with args: ["accessibility id","test-Password","70081d5f-320b-405a-a317-43f80afff043"]
[debug] &amp#27;[35m[BaseDriver]&amp#27;[39m Valid locator strategies for this request: xpath, id, class name, accessibility id, -android uiautomator
[debug] &amp#27;[35m[BaseDriver]&amp#27;[39m Waiting up to 0 ms for condition
[debug] &amp#27;[35m[WD Proxy]&amp#27;[39m Matched '/element' to command name 'findElement'
[debug] &amp#27;[35m[WD Proxy]&amp#27;[39m Proxying [POST /element] to [POST http://127.0.0.1:10000/wd/hub/session/e13593df-9927-4062-8ba8-9167d93309ed/element] with body: {"strategy":"accessibility id","selector":"test-Password","context":"","multiple":false}
[debug] &amp#27;[35m[WD Proxy]&amp#27;[39m Got response with status 200: {"sessionId":"e13593df-9927-4062-8ba8-9167d93309ed","value":{"ELEMENT":"f1b758de-4415-4000-9260-bb8c8afc9fb1","element-6066-11e4-a52e-4f735466cecf":"f1b758de-4415-4000-9260-bb8c8afc9fb1"}}
[debug] &amp#27;[35m[W3C (70081d5f)]&amp#27;[39m Responding to client with driver.findElement() result: {"element-6066-11e4-a52e-4f735466cecf":"f1b758de-4415-4000-9260-bb8c8afc9fb1","ELEMENT":"f1b758de-4415-4000-9260-bb8c8afc9fb1"}
&amp#27;[35m[HTTP]&amp#27;[39m &amp#27;[37m<-- POST /wd/hub/session/70081d5f-320b-405a-a317-43f80afff043/element &amp#27;[39m&amp#27;[32m200&amp#27;[39m &amp#27;[90m25 ms - 137&amp#27;[39m
&amp#27;[35m[HTTP]&amp#27;[39m &amp#27;[90m&amp#27;[39m
&amp#27;[35m[HTTP]&amp#27;[39m &amp#27;[37m-->&amp#27;[39m &amp#27;[37mGET&amp#27;[39m &amp#27;[37m/wd/hub/session/70081d5f-320b-405a-a317-43f80afff043/element/f1b758de-4415-4000-9260-bb8c8afc9fb1/displayed&amp#27;[39m
&amp#27;[35m[HTTP]&amp#27;[39m &amp#27;[90m{}&amp#27;[39m
[debug] &amp#27;[35m[W3C (70081d5f)]&amp#27;[39m Calling AppiumDriver.elementDisplayed() with args: ["f1b758de-4415-4000-9260-bb8c8afc9fb1","70081d5f-320b-405a-a317-43f80afff043"]
[debug] &amp#27;[35m[WD Proxy]&amp#27;[39m Matched '/element/f1b758de-4415-4000-9260-bb8c8afc9fb1/attribute/displayed' to command name 'getAttribute'
[debug] &amp#27;[35m[WD Proxy]&amp#27;[39m Proxying [GET /element/f1b758de-4415-4000-9260-bb8c8afc9fb1/attribute/displayed] to [GET http://127.0.0.1:10000/wd/hub/session/e13593df-9927-4062-8ba8-9167d93309ed/element/f1b758de-4415-4000-9260-bb8c8afc9fb1/attribute/displayed] with no body
[debug] &amp#27;[35m[WD Proxy]&amp#27;[39m Got response with status 200: {"sessionId":"e13593df-9927-4062-8ba8-9167d93309ed","value":"true"}
[debug] &amp#27;[35m[W3C (70081d5f)]&amp#27;[39m Responding to client with driver.elementDisplayed() result: true
&amp#27;[35m[HTTP]&amp#27;[39m &amp#27;[37m<-- GET /wd/hub/session/70081d5f-320b-405a-a317-43f80afff043/element/f1b758de-4415-4000-9260-bb8c8afc9fb1/displayed &amp#27;[39m&amp#27;[32m200&amp#27;[39m &amp#27;[90m14 ms - 14&amp#27;[39m
&amp#27;[35m[HTTP]&amp#27;[39m &amp#27;[90m&amp#27;[39m
&amp#27;[35m[HTTP]&amp#27;[39m &amp#27;[37m-->&amp#27;[39m &amp#27;[37mGET&amp#27;[39m &amp#27;[37m/wd/hub/session/70081d5f-320b-405a-a317-43f80afff043/context&amp#27;[39m
&amp#27;[35m[HTTP]&amp#27;[39m &amp#27;[90m{}&amp#27;[39m
[debug] &amp#27;[35m[W3C (70081d5f)]&amp#27;[39m Calling AppiumDriver.getCurrentContext() with args: ["70081d5f-320b-405a-a317-43f80afff043"]
[debug] &amp#27;[35m[W3C (70081d5f)]&amp#27;[39m Responding to client with driver.getCurrentContext() result: "NATIVE_APP"
&amp#27;[35m[HTTP]&amp#27;[39m &amp#27;[37m<-- GET /wd/hub/session/70081d5f-320b-405a-a317-43f80afff043/context &amp#27;[39m&amp#27;[32m200&amp#27;[39m &amp#27;[90m1 ms - 22&amp#27;[39m
&amp#27;[35m[HTTP]&amp#27;[39m &amp#27;[90m&amp#27;[39m
&amp#27;[35m[HTTP]&amp#27;[39m &amp#27;[37m-->&amp#27;[39m &amp#27;[37mPOST&amp#27;[39m &amp#27;[37m/wd/hub/session/70081d5f-320b-405a-a317-43f80afff043/element&amp#27;[39m
&amp#27;[35m[HTTP]&amp#27;[39m &amp#27;[90m{"using":"accessibility id","value":"test-Password"}&amp#27;[39m
[debug] &amp#27;[35m[W3C (70081d5f)]&amp#27;[39m Calling AppiumDriver.findElement() with args: ["accessibility id","test-Password","70081d5f-320b-405a-a317-43f80afff043"]
[debug] &amp#27;[35m[BaseDriver]&amp#27;[39m Valid locator strategies for this request: xpath, id, class name, accessibility id, -android uiautomator
[debug] &amp#27;[35m[BaseDriver]&amp#27;[39m Waiting up to 0 ms for condition
[debug] &amp#27;[35m[WD Proxy]&amp#27;[39m Matched '/element' to command name 'findElement'
[debug] &amp#27;[35m[WD Proxy]&amp#27;[39m Proxying [POST /element] to [POST http://127.0.0.1:10000/wd/hub/session/e13593df-9927-4062-8ba8-9167d93309ed/element] with body: {"strategy":"accessibility id","selector":"test-Password","context":"","multiple":false}
[debug] &amp#27;[35m[WD Proxy]&amp#27;[39m Got response with status 200: {"sessionId":"e13593df-9927-4062-8ba8-9167d93309ed","value":{"ELEMENT":"3a4d0f0e-5dce-4dfb-947e-dce8d2e7ac59","element-6066-11e4-a52e-4f735466cecf":"3a4d0f0e-5dce-4dfb-947e-dce8d2e7ac59"}}
[debug] &amp#27;[35m[W3C (70081d5f)]&amp#27;[39m Responding to client with driver.findElement() result: {"element-6066-11e4-a52e-4f735466cecf":"3a4d0f0e-5dce-4dfb-947e-dce8d2e7ac59","ELEMENT":"3a4d0f0e-5dce-4dfb-947e-dce8d2e7ac59"}
&amp#27;[35m[HTTP]&amp#27;[39m &amp#27;[37m<-- POST /wd/hub/session/70081d5f-320b-405a-a317-43f80afff043/element &amp#27;[39m&amp#27;[32m200&amp#27;[39m &amp#27;[90m22 ms - 137&amp#27;[39m
&amp#27;[35m[HTTP]&amp#27;[39m &amp#27;[90m&amp#27;[39m
&amp#27;[35m[HTTP]&amp#27;[39m &amp#27;[37m-->&amp#27;[39m &amp#27;[37mGET&amp#27;[39m &amp#27;[37m/wd/hub/session/70081d5f-320b-405a-a317-43f80afff043/element/3a4d0f0e-5dce-4dfb-947e-dce8d2e7ac59/text&amp#27;[39m
&amp#27;[35m[HTTP]&amp#27;[39m &amp#27;[90m{}&amp#27;[39m
&amp#27;[35m[W3C (70081d5f)]&amp#27;[39m Driver proxy active, passing request on via HTTP proxy
[debug] &amp#27;[35m[WD Proxy]&amp#27;[39m Matched '/wd/hub/session/70081d5f-320b-405a-a317-43f80afff043/element/3a4d0f0e-5dce-4dfb-947e-dce8d2e7ac59/text' to command name 'getText'
[debug] &amp#27;[35m[WD Proxy]&amp#27;[39m Proxying [GET /wd/hub/session/70081d5f-320b-405a-a317-43f80afff043/element/3a4d0f0e-5dce-4dfb-947e-dce8d2e7ac59/text] to [GET http://127.0.0.1:10000/wd/hub/session/e13593df-9927-4062-8ba8-9167d93309ed/element/3a4d0f0e-5dce-4dfb-947e-dce8d2e7ac59/text] with no body
[debug] &amp#27;[35m[WD Proxy]&amp#27;[39m Got response with status 200: {"sessionId":"e13593df-9927-4062-8ba8-9167d93309ed","value":"Password"}
&amp#27;[35m[WD Proxy]&amp#27;[39m Replacing sessionId e13593df-9927-4062-8ba8-9167d93309ed with 70081d5f-320b-405a-a317-43f80afff043
&amp#27;[35m[HTTP]&amp#27;[39m &amp#27;[37m<-- GET /wd/hub/session/70081d5f-320b-405a-a317-43f80afff043/element/3a4d0f0e-5dce-4dfb-947e-dce8d2e7ac59/text &amp#27;[39m&amp#27;[32m200&amp#27;[39m &amp#27;[90m14 ms - 71&amp#27;[39m
&amp#27;[35m[HTTP]&amp#27;[39m &amp#27;[90m&amp#27;[39m
&amp#27;[35m[HTTP]&amp#27;[39m &amp#27;[37m-->&amp#27;[39m &amp#27;[37mGET&amp#27;[39m &amp#27;[37m/wd/hub/session/70081d5f-320b-405a-a317-43f80afff043/context&amp#27;[39m
&amp#27;[35m[HTTP]&amp#27;[39m &amp#27;[90m{}&amp#27;[39m
[debug] &amp#27;[35m[W3C (70081d5f)]&amp#27;[39m Calling AppiumDriver.getCurrentContext() with args: ["70081d5f-320b-405a-a317-43f80afff043"]
[debug] &amp#27;[35m[W3C (70081d5f)]&amp#27;[39m Responding to client with driver.getCurrentContext() result: "NATIVE_APP"
&amp#27;[35m[HTTP]&amp#27;[39m &amp#27;[37m<-- GET /wd/hub/session/70081d5f-320b-405a-a317-43f80afff043/context &amp#27;[39m&amp#27;[32m200&amp#27;[39m &amp#27;[90m1 ms - 22&amp#27;[39m
&amp#27;[35m[HTTP]&amp#27;[39m &amp#27;[90m&amp#27;[39m
&amp#27;[35m[HTTP]&amp#27;[39m &amp#27;[37m-->&amp#27;[39m &amp#27;[37mPOST&amp#27;[39m &amp#27;[37m/wd/hub/session/70081d5f-320b-405a-a317-43f80afff043/element&amp#27;[39m
&amp#27;[35m[HTTP]&amp#27;[39m &amp#27;[90m{"using":"accessibility id","value":"test-Password"}&amp#27;[39m
[debug] &amp#27;[35m[W3C (70081d5f)]&amp#27;[39m Calling AppiumDriver.findElement() with args: ["accessibility id","test-Password","70081d5f-320b-405a-a317-43f80afff043"]
[debug] &amp#27;[35m[BaseDriver]&amp#27;[39m Valid locator strategies for this request: xpath, id, class name, accessibility id, -android uiautomator
[debug] &amp#27;[35m[BaseDriver]&amp#27;[39m Waiting up to 0 ms for condition
[debug] &amp#27;[35m[WD Proxy]&amp#27;[39m Matched '/element' to command name 'findElement'
[debug] &amp#27;[35m[WD Proxy]&amp#27;[39m Proxying [POST /element] to [POST http://127.0.0.1:10000/wd/hub/session/e13593df-9927-4062-8ba8-9167d93309ed/element] with body: {"strategy":"accessibility id","selector":"test-Password","context":"","multiple":false}
[debug] &amp#27;[35m[WD Proxy]&amp#27;[39m Got response with status 200: {"sessionId":"e13593df-9927-4062-8ba8-9167d93309ed","value":{"ELEMENT":"bcac45d2-0f13-428c-85e9-0b002cda935c","element-6066-11e4-a52e-4f735466cecf":"bcac45d2-0f13-428c-85e9-0b002cda935c"}}
[debug] &amp#27;[35m[W3C (70081d5f)]&amp#27;[39m Responding to client with driver.findElement() result: {"element-6066-11e4-a52e-4f735466cecf":"bcac45d2-0f13-428c-85e9-0b002cda935c","ELEMENT":"bcac45d2-0f13-428c-85e9-0b002cda935c"}
&amp#27;[35m[HTTP]&amp#27;[39m &amp#27;[37m<-- POST /wd/hub/session/70081d5f-320b-405a-a317-43f80afff043/element &amp#27;[39m&amp#27;[32m200&amp#27;[39m &amp#27;[90m22 ms - 137&amp#27;[39m
&amp#27;[35m[HTTP]&amp#27;[39m &amp#27;[90m&amp#27;[39m
&amp#27;[35m[HTTP]&amp#27;[39m &amp#27;[37m-->&amp#27;[39m &amp#27;[37mPOST&amp#27;[39m &amp#27;[37m/wd/hub/session/70081d5f-320b-405a-a317-43f80afff043/element/bcac45d2-0f13-428c-85e9-0b002cda935c/value&amp#27;[39m
&amp#27;[35m[HTTP]&amp#27;[39m &amp#27;[90m{"id":"bcac45d2-0f13-428c-85e9-0b002cda935c","text":"invalidpassword","value":["i","n","v","a","l","i","d","p","a","s","s","w","o","r","d"]}&amp#27;[39m
[debug] &amp#27;[35m[W3C (70081d5f)]&amp#27;[39m Calling AppiumDriver.setValue() with args: [["i","n","v","a","l","i","d","p","a","s","s","w","o","r","d"],"bcac45d2-0f13-428c-85e9-0b002cda935c","70081d5f-320b-405a-a317-43f80afff043"]
[debug] &amp#27;[35m[WD Proxy]&amp#27;[39m Matched '/element/bcac45d2-0f13-428c-85e9-0b002cda935c/value' to command name 'setValue'
[debug] &amp#27;[35m[Protocol Converter]&amp#27;[39m Added 'value' property ["i","n","v","a","l","i","d","p","a","s","s","w","o","r","d"] to 'setValue' request body
[debug] &amp#27;[35m[WD Proxy]&amp#27;[39m Proxying [POST /element/bcac45d2-0f13-428c-85e9-0b002cda935c/value] to [POST http://127.0.0.1:10000/wd/hub/session/e13593df-9927-4062-8ba8-9167d93309ed/element/bcac45d2-0f13-428c-85e9-0b002cda935c/value] with body: {"elementId":"bcac45d2-0f13-428c-85e9-0b002cda935c","text":"invalidpassword","replace":false,"value":["i","n","v","a","l","i","d","p","a","s","s","w","o","r","d"]}
[debug] &amp#27;[35m[WD Proxy]&amp#27;[39m Got response with status 200: {"sessionId":"e13593df-9927-4062-8ba8-9167d93309ed","value":null}
[debug] &amp#27;[35m[W3C (70081d5f)]&amp#27;[39m Responding to client with driver.setValue() result: null
&amp#27;[35m[HTTP]&amp#27;[39m &amp#27;[37m<-- POST /wd/hub/session/70081d5f-320b-405a-a317-43f80afff043/element/bcac45d2-0f13-428c-85e9-0b002cda935c/value &amp#27;[39m&amp#27;[32m200&amp#27;[39m &amp#27;[90m534 ms - 14&amp#27;[39m
&amp#27;[35m[HTTP]&amp#27;[39m &amp#27;[90m&amp#27;[39m
&amp#27;[35m[HTTP]&amp#27;[39m &amp#27;[37m-->&amp#27;[39m &amp#27;[37mGET&amp#27;[39m &amp#27;[37m/wd/hub/session/70081d5f-320b-405a-a317-43f80afff043/context&amp#27;[39m
&amp#27;[35m[HTTP]&amp#27;[39m &amp#27;[90m{}&amp#27;[39m
[debug] &amp#27;[35m[W3C (70081d5f)]&amp#27;[39m Calling AppiumDriver.getCurrentContext() with args: ["70081d5f-320b-405a-a317-43f80afff043"]
[debug] &amp#27;[35m[W3C (70081d5f)]&amp#27;[39m Responding to client with driver.getCurrentContext() result: "NATIVE_APP"
&amp#27;[35m[HTTP]&amp#27;[39m &amp#27;[37m<-- GET /wd/hub/session/70081d5f-320b-405a-a317-43f80afff043/context &amp#27;[39m&amp#27;[32m200&amp#27;[39m &amp#27;[90m1 ms - 22&amp#27;[39m
&amp#27;[35m[HTTP]&amp#27;[39m &amp#27;[90m&amp#27;[39m
&amp#27;[35m[HTTP]&amp#27;[39m &amp#27;[37m-->&amp#27;[39m &amp#27;[37mPOST&amp#27;[39m &amp#27;[37m/wd/hub/session/70081d5f-320b-405a-a317-43f80afff043/element&amp#27;[39m
&amp#27;[35m[HTTP]&amp#27;[39m &amp#27;[90m{"using":"accessibility id","value":"test-Password"}&amp#27;[39m
[debug] &amp#27;[35m[W3C (70081d5f)]&amp#27;[39m Calling AppiumDriver.findElement() with args: ["accessibility id","test-Password","70081d5f-320b-405a-a317-43f80afff043"]
[debug] &amp#27;[35m[BaseDriver]&amp#27;[39m Valid locator strategies for this request: xpath, id, class name, accessibility id, -android uiautomator
[debug] &amp#27;[35m[BaseDriver]&amp#27;[39m Waiting up to 0 ms for condition
[debug] &amp#27;[35m[WD Proxy]&amp#27;[39m Matched '/element' to command name 'findElement'
[debug] &amp#27;[35m[WD Proxy]&amp#27;[39m Proxying [POST /element] to [POST http://127.0.0.1:10000/wd/hub/session/e13593df-9927-4062-8ba8-9167d93309ed/element] with body: {"strategy":"accessibility id","selector":"test-Password","context":"","multiple":false}
[debug] &amp#27;[35m[WD Proxy]&amp#27;[39m Got response with status 200: {"sessionId":"e13593df-9927-4062-8ba8-9167d93309ed","value":{"ELEMENT":"322c4d3d-d214-468d-a6fa-5e5a7a6822db","element-6066-11e4-a52e-4f735466cecf":"322c4d3d-d214-468d-a6fa-5e5a7a6822db"}}
[debug] &amp#27;[35m[W3C (70081d5f)]&amp#27;[39m Responding to client with driver.findElement() result: {"element-6066-11e4-a52e-4f735466cecf":"322c4d3d-d214-468d-a6fa-5e5a7a6822db","ELEMENT":"322c4d3d-d214-468d-a6fa-5e5a7a6822db"}
&amp#27;[35m[HTTP]&amp#27;[39m &amp#27;[37m<-- POST /wd/hub/session/70081d5f-320b-405a-a317-43f80afff043/element &amp#27;[39m&amp#27;[32m200&amp#27;[39m &amp#27;[90m507 ms - 137&amp#27;[39m
&amp#27;[35m[HTTP]&amp#27;[39m &amp#27;[90m&amp#27;[39m
&amp#27;[35m[HTTP]&amp#27;[39m &amp#27;[37m-->&amp#27;[39m &amp#27;[37mGET&amp#27;[39m &amp#27;[37m/wd/hub/session/70081d5f-320b-405a-a317-43f80afff043/element/322c4d3d-d214-468d-a6fa-5e5a7a6822db/text&amp#27;[39m
&amp#27;[35m[HTTP]&amp#27;[39m &amp#27;[90m{}&amp#27;[39m
&amp#27;[35m[W3C (70081d5f)]&amp#27;[39m Driver proxy active, passing request on via HTTP proxy
[debug] &amp#27;[35m[WD Proxy]&amp#27;[39m Matched '/wd/hub/session/70081d5f-320b-405a-a317-43f80afff043/element/322c4d3d-d214-468d-a6fa-5e5a7a6822db/text' to command name 'getText'
[debug] &amp#27;[35m[WD Proxy]&amp#27;[39m Proxying [GET /wd/hub/session/70081d5f-320b-405a-a317-43f80afff043/element/322c4d3d-d214-468d-a6fa-5e5a7a6822db/text] to [GET http://127.0.0.1:10000/wd/hub/session/e13593df-9927-4062-8ba8-9167d93309ed/element/322c4d3d-d214-468d-a6fa-5e5a7a6822db/text] with no body
[debug] &amp#27;[35m[WD Proxy]&amp#27;[39m Got response with status 200: {"sessionId":"e13593df-9927-4062-8ba8-9167d93309ed","value":"���������������������������������������������"}
&amp#27;[35m[WD Proxy]&amp#27;[39m Replacing sessionId e13593df-9927-4062-8ba8-9167d93309ed with 70081d5f-320b-405a-a317-43f80afff043
&amp#27;[35m[HTTP]&amp#27;[39m &amp#27;[37m<-- GET /wd/hub/session/70081d5f-320b-405a-a317-43f80afff043/element/322c4d3d-d214-468d-a6fa-5e5a7a6822db/text &amp#27;[39m&amp#27;[32m200&amp#27;[39m &amp#27;[90m13 ms - 108&amp#27;[39m
&amp#27;[35m[HTTP]&amp#27;[39m &amp#27;[90m&amp#27;[39m
&amp#27;[35m[HTTP]&amp#27;[39m &amp#27;[37m-->&amp#27;[39m &amp#27;[37mGET&amp#27;[39m &amp#27;[37m/wd/hub/session/70081d5f-320b-405a-a317-43f80afff043/context&amp#27;[39m
&amp#27;[35m[HTTP]&amp#27;[39m &amp#27;[90m{}&amp#27;[39m
[debug] &amp#27;[35m[W3C (70081d5f)]&amp#27;[39m Calling AppiumDriver.getCurrentContext() with args: ["70081d5f-320b-405a-a317-43f80afff043"]
[debug] &amp#27;[35m[W3C (70081d5f)]&amp#27;[39m Responding to client with driver.getCurrentContext() result: "NATIVE_APP"
&amp#27;[35m[HTTP]&amp#27;[39m &amp#27;[37m<-- GET /wd/hub/session/70081d5f-320b-405a-a317-43f80afff043/context &amp#27;[39m&amp#27;[32m200&amp#27;[39m &amp#27;[90m1 ms - 22&amp#27;[39m
&amp#27;[35m[HTTP]&amp#27;[39m &amp#27;[90m&amp#27;[39m
&amp#27;[35m[HTTP]&amp#27;[39m &amp#27;[37m-->&amp#27;[39m &amp#27;[37mPOST&amp#27;[39m &amp#27;[37m/wd/hub/session/70081d5f-320b-405a-a317-43f80afff043/element&amp#27;[39m
&amp#27;[35m[HTTP]&amp#27;[39m &amp#27;[90m{"using":"accessibility id","value":"test-LOGIN"}&amp#27;[39m
[debug] &amp#27;[35m[W3C (70081d5f)]&amp#27;[39m Calling AppiumDriver.findElement() with args: ["accessibility id","test-LOGIN","70081d5f-320b-405a-a317-43f80afff043"]
[debug] &amp#27;[35m[BaseDriver]&amp#27;[39m Valid locator strategies for this request: xpath, id, class name, accessibility id, -android uiautomator
[debug] &amp#27;[35m[BaseDriver]&amp#27;[39m Waiting up to 0 ms for condition
[debug] &amp#27;[35m[WD Proxy]&amp#27;[39m Matched '/element' to command name 'findElement'
[debug] &amp#27;[35m[WD Proxy]&amp#27;[39m Proxying [POST /element] to [POST http://127.0.0.1:10000/wd/hub/session/e13593df-9927-4062-8ba8-9167d93309ed/element] with body: {"strategy":"accessibility id","selector":"test-LOGIN","context":"","multiple":false}
[debug] &amp#27;[35m[WD Proxy]&amp#27;[39m Got response with status 200: {"sessionId":"e13593df-9927-4062-8ba8-9167d93309ed","value":{"ELEMENT":"fad35138-1fe3-4ac8-be3f-ce7078f3d87d","element-6066-11e4-a52e-4f735466cecf":"fad35138-1fe3-4ac8-be3f-ce7078f3d87d"}}
[debug] &amp#27;[35m[W3C (70081d5f)]&amp#27;[39m Responding to client with driver.findElement() result: {"element-6066-11e4-a52e-4f735466cecf":"fad35138-1fe3-4ac8-be3f-ce7078f3d87d","ELEMENT":"fad35138-1fe3-4ac8-be3f-ce7078f3d87d"}
&amp#27;[35m[HTTP]&amp#27;[39m &amp#27;[37m<-- POST /wd/hub/session/70081d5f-320b-405a-a317-43f80afff043/element &amp#27;[39m&amp#27;[32m200&amp#27;[39m &amp#27;[90m27 ms - 137&amp#27;[39m
&amp#27;[35m[HTTP]&amp#27;[39m &amp#27;[90m&amp#27;[39m
&amp#27;[35m[HTTP]&amp#27;[39m &amp#27;[37m-->&amp#27;[39m &amp#27;[37mGET&amp#27;[39m &amp#27;[37m/wd/hub/session/70081d5f-320b-405a-a317-43f80afff043/element/fad35138-1fe3-4ac8-be3f-ce7078f3d87d/displayed&amp#27;[39m
&amp#27;[35m[HTTP]&amp#27;[39m &amp#27;[90m{}&amp#27;[39m
[debug] &amp#27;[35m[W3C (70081d5f)]&amp#27;[39m Calling AppiumDriver.elementDisplayed() with args: ["fad35138-1fe3-4ac8-be3f-ce7078f3d87d","70081d5f-320b-405a-a317-43f80afff043"]
[debug] &amp#27;[35m[WD Proxy]&amp#27;[39m Matched '/element/fad35138-1fe3-4ac8-be3f-ce7078f3d87d/attribute/displayed' to command name 'getAttribute'
[debug] &amp#27;[35m[WD Proxy]&amp#27;[39m Proxying [GET /element/fad35138-1fe3-4ac8-be3f-ce7078f3d87d/attribute/displayed] to [GET http://127.0.0.1:10000/wd/hub/session/e13593df-9927-4062-8ba8-9167d93309ed/element/fad35138-1fe3-4ac8-be3f-ce7078f3d87d/attribute/displayed] with no body
[debug] &amp#27;[35m[WD Proxy]&amp#27;[39m Got response with status 200: {"sessionId":"e13593df-9927-4062-8ba8-9167d93309ed","value":"true"}
[debug] &amp#27;[35m[W3C (70081d5f)]&amp#27;[39m Responding to client with driver.elementDisplayed() result: true
&amp#27;[35m[HTTP]&amp#27;[39m &amp#27;[37m<-- GET /wd/hub/session/70081d5f-320b-405a-a317-43f80afff043/element/fad35138-1fe3-4ac8-be3f-ce7078f3d87d/displayed &amp#27;[39m&amp#27;[32m200&amp#27;[39m &amp#27;[90m14 ms - 14&amp#27;[39m
&amp#27;[35m[HTTP]&amp#27;[39m &amp#27;[90m&amp#27;[39m
&amp#27;[35m[HTTP]&amp#27;[39m &amp#27;[37m-->&amp#27;[39m &amp#27;[37mGET&amp#27;[39m &amp#27;[37m/wd/hub/session/70081d5f-320b-405a-a317-43f80afff043/context&amp#27;[39m
&amp#27;[35m[HTTP]&amp#27;[39m &amp#27;[90m{}&amp#27;[39m
[debug] &amp#27;[35m[W3C (70081d5f)]&amp#27;[39m Calling AppiumDriver.getCurrentContext() with args: ["70081d5f-320b-405a-a317-43f80afff043"]
[debug] &amp#27;[35m[W3C (70081d5f)]&amp#27;[39m Responding to client with driver.getCurrentContext() result: "NATIVE_APP"
&amp#27;[35m[HTTP]&amp#27;[39m &amp#27;[37m<-- GET /wd/hub/session/70081d5f-320b-405a-a317-43f80afff043/context &amp#27;[39m&amp#27;[32m200&amp#27;[39m &amp#27;[90m1 ms - 22&amp#27;[39m
&amp#27;[35m[HTTP]&amp#27;[39m &amp#27;[90m&amp#27;[39m
&amp#27;[35m[HTTP]&amp#27;[39m &amp#27;[37m-->&amp#27;[39m &amp#27;[37mPOST&amp#27;[39m &amp#27;[37m/wd/hub/session/70081d5f-320b-405a-a317-43f80afff043/element&amp#27;[39m
&amp#27;[35m[HTTP]&amp#27;[39m &amp#27;[90m{"using":"accessibility id","value":"test-LOGIN"}&amp#27;[39m
[debug] &amp#27;[35m[W3C (70081d5f)]&amp#27;[39m Calling AppiumDriver.findElement() with args: ["accessibility id","test-LOGIN","70081d5f-320b-405a-a317-43f80afff043"]
[debug] &amp#27;[35m[BaseDriver]&amp#27;[39m Valid locator strategies for this request: xpath, id, class name, accessibility id, -android uiautomator
[debug] &amp#27;[35m[BaseDriver]&amp#27;[39m Waiting up to 0 ms for condition
[debug] &amp#27;[35m[WD Proxy]&amp#27;[39m Matched '/element' to command name 'findElement'
[debug] &amp#27;[35m[WD Proxy]&amp#27;[39m Proxying [POST /element] to [POST http://127.0.0.1:10000/wd/hub/session/e13593df-9927-4062-8ba8-9167d93309ed/element] with body: {"strategy":"accessibility id","selector":"test-LOGIN","context":"","multiple":false}
[debug] &amp#27;[35m[WD Proxy]&amp#27;[39m Got response with status 200: {"sessionId":"e13593df-9927-4062-8ba8-9167d93309ed","value":{"ELEMENT":"9d1d0ca1-61be-42ee-80c6-b57a2607df8a","element-6066-11e4-a52e-4f735466cecf":"9d1d0ca1-61be-42ee-80c6-b57a2607df8a"}}
[debug] &amp#27;[35m[W3C (70081d5f)]&amp#27;[39m Responding to client with driver.findElement() result: {"element-6066-11e4-a52e-4f735466cecf":"9d1d0ca1-61be-42ee-80c6-b57a2607df8a","ELEMENT":"9d1d0ca1-61be-42ee-80c6-b57a2607df8a"}
&amp#27;[35m[HTTP]&amp#27;[39m &amp#27;[37m<-- POST /wd/hub/session/70081d5f-320b-405a-a317-43f80afff043/element &amp#27;[39m&amp#27;[32m200&amp#27;[39m &amp#27;[90m19 ms - 137&amp#27;[39m
&amp#27;[35m[HTTP]&amp#27;[39m &amp#27;[90m&amp#27;[39m
&amp#27;[35m[HTTP]&amp#27;[39m &amp#27;[37m-->&amp#27;[39m &amp#27;[37mGET&amp#27;[39m &amp#27;[37m/wd/hub/session/70081d5f-320b-405a-a317-43f80afff043/element/9d1d0ca1-61be-42ee-80c6-b57a2607df8a/text&amp#27;[39m
&amp#27;[35m[HTTP]&amp#27;[39m &amp#27;[90m{}&amp#27;[39m
&amp#27;[35m[W3C (70081d5f)]&amp#27;[39m Driver proxy active, passing request on via HTTP proxy
[debug] &amp#27;[35m[WD Proxy]&amp#27;[39m Matched '/wd/hub/session/70081d5f-320b-405a-a317-43f80afff043/element/9d1d0ca1-61be-42ee-80c6-b57a2607df8a/text' to command name 'getText'
[debug] &amp#27;[35m[WD Proxy]&amp#27;[39m Proxying [GET /wd/hub/session/70081d5f-320b-405a-a317-43f80afff043/element/9d1d0ca1-61be-42ee-80c6-b57a2607df8a/text] to [GET http://127.0.0.1:10000/wd/hub/session/e13593df-9927-4062-8ba8-9167d93309ed/element/9d1d0ca1-61be-42ee-80c6-b57a2607df8a/text] with no body
[debug] &amp#27;[35m[WD Proxy]&amp#27;[39m Got response with status 200: {"sessionId":"e13593df-9927-4062-8ba8-9167d93309ed","value":""}
&amp#27;[35m[WD Proxy]&amp#27;[39m Replacing sessionId e13593df-9927-4062-8ba8-9167d93309ed with 70081d5f-320b-405a-a317-43f80afff043
&amp#27;[35m[HTTP]&amp#27;[39m &amp#27;[37m<-- GET /wd/hub/session/70081d5f-320b-405a-a317-43f80afff043/element/9d1d0ca1-61be-42ee-80c6-b57a2607df8a/text &amp#27;[39m&amp#27;[32m200&amp#27;[39m &amp#27;[90m12 ms - 63&amp#27;[39m
&amp#27;[35m[HTTP]&amp#27;[39m &amp#27;[90m&amp#27;[39m
&amp#27;[35m[HTTP]&amp#27;[39m &amp#27;[37m-->&amp#27;[39m &amp#27;[37mGET&amp#27;[39m &amp#27;[37m/wd/hub/session/70081d5f-320b-405a-a317-43f80afff043/context&amp#27;[39m
&amp#27;[35m[HTTP]&amp#27;[39m &amp#27;[90m{}&amp#27;[39m
[debug] &amp#27;[35m[W3C (70081d5f)]&amp#27;[39m Calling AppiumDriver.getCurrentContext() with args: ["70081d5f-320b-405a-a317-43f80afff043"]
[debug] &amp#27;[35m[W3C (70081d5f)]&amp#27;[39m Responding to client with driver.getCurrentContext() result: "NATIVE_APP"
&amp#27;[35m[HTTP]&amp#27;[39m &amp#27;[37m<-- GET /wd/hub/session/70081d5f-320b-405a-a317-43f80afff043/context &amp#27;[39m&amp#27;[32m200&amp#27;[39m &amp#27;[90m1 ms - 22&amp#27;[39m
&amp#27;[35m[HTTP]&amp#27;[39m &amp#27;[90m&amp#27;[39m
&amp#27;[35m[HTTP]&amp#27;[39m &amp#27;[37m-->&amp#27;[39m &amp#27;[37mPOST&amp#27;[39m &amp#27;[37m/wd/hub/session/70081d5f-320b-405a-a317-43f80afff043/element&amp#27;[39m
&amp#27;[35m[HTTP]&amp#27;[39m &amp#27;[90m{"using":"accessibility id","value":"test-LOGIN"}&amp#27;[39m
[debug] &amp#27;[35m[W3C (70081d5f)]&amp#27;[39m Calling AppiumDriver.findElement() with args: ["accessibility id","test-LOGIN","70081d5f-320b-405a-a317-43f80afff043"]
[debug] &amp#27;[35m[BaseDriver]&amp#27;[39m Valid locator strategies for this request: xpath, id, class name, accessibility id, -android uiautomator
[debug] &amp#27;[35m[BaseDriver]&amp#27;[39m Waiting up to 0 ms for condition
[debug] &amp#27;[35m[WD Proxy]&amp#27;[39m Matched '/element' to command name 'findElement'
[debug] &amp#27;[35m[WD Proxy]&amp#27;[39m Proxying [POST /element] to [POST http://127.0.0.1:10000/wd/hub/session/e13593df-9927-4062-8ba8-9167d93309ed/element] with body: {"strategy":"accessibility id","selector":"test-LOGIN","context":"","multiple":false}
[debug] &amp#27;[35m[WD Proxy]&amp#27;[39m Got response with status 200: {"sessionId":"e13593df-9927-4062-8ba8-9167d93309ed","value":{"ELEMENT":"78eab80c-a7e7-4d1d-b83c-151a3fb43173","element-6066-11e4-a52e-4f735466cecf":"78eab80c-a7e7-4d1d-b83c-151a3fb43173"}}
[debug] &amp#27;[35m[W3C (70081d5f)]&amp#27;[39m Responding to client with driver.findElement() result: {"element-6066-11e4-a52e-4f735466cecf":"78eab80c-a7e7-4d1d-b83c-151a3fb43173","ELEMENT":"78eab80c-a7e7-4d1d-b83c-151a3fb43173"}
&amp#27;[35m[HTTP]&amp#27;[39m &amp#27;[37m<-- POST /wd/hub/session/70081d5f-320b-405a-a317-43f80afff043/element &amp#27;[39m&amp#27;[32m200&amp#27;[39m &amp#27;[90m43 ms - 137&amp#27;[39m
&amp#27;[35m[HTTP]&amp#27;[39m &amp#27;[90m&amp#27;[39m
&amp#27;[35m[HTTP]&amp#27;[39m &amp#27;[37m-->&amp#27;[39m &amp#27;[37mPOST&amp#27;[39m &amp#27;[37m/wd/hub/session/70081d5f-320b-405a-a317-43f80afff043/element/78eab80c-a7e7-4d1d-b83c-151a3fb43173/click&amp#27;[39m
&amp#27;[35m[HTTP]&amp#27;[39m &amp#27;[90m{"id":"78eab80c-a7e7-4d1d-b83c-151a3fb43173"}&amp#27;[39m
[debug] &amp#27;[35m[W3C (70081d5f)]&amp#27;[39m Calling AppiumDriver.click() with args: ["78eab80c-a7e7-4d1d-b83c-151a3fb43173","70081d5f-320b-405a-a317-43f80afff043"]
[debug] &amp#27;[35m[WD Proxy]&amp#27;[39m Matched '/element/78eab80c-a7e7-4d1d-b83c-151a3fb43173/click' to command name 'click'
[debug] &amp#27;[35m[WD Proxy]&amp#27;[39m Proxying [POST /element/78eab80c-a7e7-4d1d-b83c-151a3fb43173/click] to [POST http://127.0.0.1:10000/wd/hub/session/e13593df-9927-4062-8ba8-9167d93309ed/element/78eab80c-a7e7-4d1d-b83c-151a3fb43173/click] with body: {"element":"78eab80c-a7e7-4d1d-b83c-151a3fb43173"}
[debug] &amp#27;[35m[WD Proxy]&amp#27;[39m Got response with status 200: {"sessionId":"e13593df-9927-4062-8ba8-9167d93309ed","value":null}
[debug] &amp#27;[35m[W3C (70081d5f)]&amp#27;[39m Responding to client with driver.click() result: null
&amp#27;[35m[HTTP]&amp#27;[39m &amp#27;[37m<-- POST /wd/hub/session/70081d5f-320b-405a-a317-43f80afff043/element/78eab80c-a7e7-4d1d-b83c-151a3fb43173/click &amp#27;[39m&amp#27;[32m200&amp#27;[39m &amp#27;[90m43 ms - 14&amp#27;[39m
&amp#27;[35m[HTTP]&amp#27;[39m &amp#27;[90m&amp#27;[39m
&amp#27;[35m[HTTP]&amp#27;[39m &amp#27;[37m-->&amp#27;[39m &amp#27;[37mGET&amp#27;[39m &amp#27;[37m/wd/hub/session/70081d5f-320b-405a-a317-43f80afff043/context&amp#27;[39m
&amp#27;[35m[HTTP]&amp#27;[39m &amp#27;[90m{}&amp#27;[39m
[debug] &amp#27;[35m[W3C (70081d5f)]&amp#27;[39m Calling AppiumDriver.getCurrentContext() with args: ["70081d5f-320b-405a-a317-43f80afff043"]
[debug] &amp#27;[35m[W3C (70081d5f)]&amp#27;[39m Responding to client with driver.getCurrentContext() result: "NATIVE_APP"
&amp#27;[35m[HTTP]&amp#27;[39m &amp#27;[37m<-- GET /wd/hub/session/70081d5f-320b-405a-a317-43f80afff043/context &amp#27;[39m&amp#27;[32m200&amp#27;[39m &amp#27;[90m2 ms - 22&amp#27;[39m
&amp#27;[35m[HTTP]&amp#27;[39m &amp#27;[90m&amp#27;[39m
&amp#27;[35m[HTTP]&amp#27;[39m &amp#27;[37m-->&amp#27;[39m &amp#27;[37mPOST&amp#27;[39m &amp#27;[37m/wd/hub/session/70081d5f-320b-405a-a317-43f80afff043/element&amp#27;[39m
&amp#27;[35m[HTTP]&amp#27;[39m &amp#27;[90m{"using":"accessibility id","value":"test-LOGIN"}&amp#27;[39m
[debug] &amp#27;[35m[W3C (70081d5f)]&amp#27;[39m Calling AppiumDriver.findElement() with args: ["accessibility id","test-LOGIN","70081d5f-320b-405a-a317-43f80afff043"]
[debug] &amp#27;[35m[BaseDriver]&amp#27;[39m Valid locator strategies for this request: xpath, id, class name, accessibility id, -android uiautomator
[debug] &amp#27;[35m[BaseDriver]&amp#27;[39m Waiting up to 0 ms for condition
[debug] &amp#27;[35m[WD Proxy]&amp#27;[39m Matched '/element' to command name 'findElement'
[debug] &amp#27;[35m[WD Proxy]&amp#27;[39m Proxying [POST /element] to [POST http://127.0.0.1:10000/wd/hub/session/e13593df-9927-4062-8ba8-9167d93309ed/element] with body: {"strategy":"accessibility id","selector":"test-LOGIN","context":"","multiple":false}
[debug] &amp#27;[35m[WD Proxy]&amp#27;[39m Got response with status 200: {"sessionId":"e13593df-9927-4062-8ba8-9167d93309ed","value":{"ELEMENT":"6e6383dd-f864-42ab-956c-89a682e93982","element-6066-11e4-a52e-4f735466cecf":"6e6383dd-f864-42ab-956c-89a682e93982"}}
[debug] &amp#27;[35m[W3C (70081d5f)]&amp#27;[39m Responding to client with driver.findElement() result: {"element-6066-11e4-a52e-4f735466cecf":"6e6383dd-f864-42ab-956c-89a682e93982","ELEMENT":"6e6383dd-f864-42ab-956c-89a682e93982"}
&amp#27;[35m[HTTP]&amp#27;[39m &amp#27;[37m<-- POST /wd/hub/session/70081d5f-320b-405a-a317-43f80afff043/element &amp#27;[39m&amp#27;[32m200&amp#27;[39m &amp#27;[90m25 ms - 137&amp#27;[39m
&amp#27;[35m[HTTP]&amp#27;[39m &amp#27;[90m&amp#27;[39m
&amp#27;[35m[HTTP]&amp#27;[39m &amp#27;[37m-->&amp#27;[39m &amp#27;[37mGET&amp#27;[39m &amp#27;[37m/wd/hub/session/70081d5f-320b-405a-a317-43f80afff043/element/6e6383dd-f864-42ab-956c-89a682e93982/text&amp#27;[39m
&amp#27;[35m[HTTP]&amp#27;[39m &amp#27;[90m{}&amp#27;[39m
&amp#27;[35m[W3C (70081d5f)]&amp#27;[39m Driver proxy active, passing request on via HTTP proxy
[debug] &amp#27;[35m[WD Proxy]&amp#27;[39m Matched '/wd/hub/session/70081d5f-320b-405a-a317-43f80afff043/element/6e6383dd-f864-42ab-956c-89a682e93982/text' to command name 'getText'
[debug] &amp#27;[35m[WD Proxy]&amp#27;[39m Proxying [GET /wd/hub/session/70081d5f-320b-405a-a317-43f80afff043/element/6e6383dd-f864-42ab-956c-89a682e93982/text] to [GET http://127.0.0.1:10000/wd/hub/session/e13593df-9927-4062-8ba8-9167d93309ed/element/6e6383dd-f864-42ab-956c-89a682e93982/text] with no body
[debug] &amp#27;[35m[WD Proxy]&amp#27;[39m Got response with status 200: {"sessionId":"e13593df-9927-4062-8ba8-9167d93309ed","value":""}
&amp#27;[35m[WD Proxy]&amp#27;[39m Replacing sessionId e13593df-9927-4062-8ba8-9167d93309ed with 70081d5f-320b-405a-a317-43f80afff043
&amp#27;[35m[HTTP]&amp#27;[39m &amp#27;[37m<-- GET /wd/hub/session/70081d5f-320b-405a-a317-43f80afff043/element/6e6383dd-f864-42ab-956c-89a682e93982/text &amp#27;[39m&amp#27;[32m200&amp#27;[39m &amp#27;[90m13 ms - 63&amp#27;[39m
&amp#27;[35m[HTTP]&amp#27;[39m &amp#27;[90m&amp#27;[39m
&amp#27;[35m[HTTP]&amp#27;[39m &amp#27;[37m-->&amp#27;[39m &amp#27;[37mGET&amp#27;[39m &amp#27;[37m/wd/hub/session/70081d5f-320b-405a-a317-43f80afff043/context&amp#27;[39m
&amp#27;[35m[HTTP]&amp#27;[39m &amp#27;[90m{}&amp#27;[39m
[debug] &amp#27;[35m[W3C (70081d5f)]&amp#27;[39m Calling AppiumDriver.getCurrentContext() with args: ["70081d5f-320b-405a-a317-43f80afff043"]
[debug] &amp#27;[35m[W3C (70081d5f)]&amp#27;[39m Responding to client with driver.getCurrentContext() result: "NATIVE_APP"
&amp#27;[35m[HTTP]&amp#27;[39m &amp#27;[37m<-- GET /wd/hub/session/70081d5f-320b-405a-a317-43f80afff043/context &amp#27;[39m&amp#27;[32m200&amp#27;[39m &amp#27;[90m1 ms - 22&amp#27;[39m
&amp#27;[35m[HTTP]&amp#27;[39m &amp#27;[90m&amp#27;[39m
&amp#27;[35m[HTTP]&amp#27;[39m &amp#27;[37m-->&amp#27;[39m &amp#27;[37mPOST&amp#27;[39m &amp#27;[37m/wd/hub/session/70081d5f-320b-405a-a317-43f80afff043/element&amp#27;[39m
&amp#27;[35m[HTTP]&amp#27;[39m &amp#27;[90m{"using":"xpath","value":"//android.view.ViewGroup[@content-desc='test-Error message']/android.widget.TextView"}&amp#27;[39m
[debug] &amp#27;[35m[W3C (70081d5f)]&amp#27;[39m Calling AppiumDriver.findElement() with args: ["xpath","//android.view.ViewGroup[@content-desc='test-Error message']/android.widget.TextView","70081d5f-320b-405a-a317-43f80afff043"]
[debug] &amp#27;[35m[BaseDriver]&amp#27;[39m Valid locator strategies for this request: xpath, id, class name, accessibility id, -android uiautomator
[debug] &amp#27;[35m[BaseDriver]&amp#27;[39m Waiting up to 0 ms for condition
[debug] &amp#27;[35m[WD Proxy]&amp#27;[39m Matched '/element' to command name 'findElement'
[debug] &amp#27;[35m[WD Proxy]&amp#27;[39m Proxying [POST /element] to [POST http://127.0.0.1:10000/wd/hub/session/e13593df-9927-4062-8ba8-9167d93309ed/element] with body: {"strategy":"xpath","selector":"//android.view.ViewGroup[@content-desc='test-Error message']/android.widget.TextView","context":"","multiple":false}
[debug] &amp#27;[35m[WD Proxy]&amp#27;[39m Got response with status 200: {"sessionId":"e13593df-9927-4062-8ba8-9167d93309ed","value":{"ELEMENT":"e711e5fb-52a4-48e2-9145-b1996b2d85ff","element-6066-11e4-a52e-4f735466cecf":"e711e5fb-52a4-48e2-9145-b1996b2d85ff"}}
[debug] &amp#27;[35m[W3C (70081d5f)]&amp#27;[39m Responding to client with driver.findElement() result: {"element-6066-11e4-a52e-4f735466cecf":"e711e5fb-52a4-48e2-9145-b1996b2d85ff","ELEMENT":"e711e5fb-52a4-48e2-9145-b1996b2d85ff"}
&amp#27;[35m[HTTP]&amp#27;[39m &amp#27;[37m<-- POST /wd/hub/session/70081d5f-320b-405a-a317-43f80afff043/element &amp#27;[39m&amp#27;[32m200&amp#27;[39m &amp#27;[90m245 ms - 137&amp#27;[39m
&amp#27;[35m[HTTP]&amp#27;[39m &amp#27;[90m&amp#27;[39m
&amp#27;[35m[HTTP]&amp#27;[39m &amp#27;[37m-->&amp#27;[39m &amp#27;[37mGET&amp#27;[39m &amp#27;[37m/wd/hub/session/70081d5f-320b-405a-a317-43f80afff043/element/e711e5fb-52a4-48e2-9145-b1996b2d85ff/displayed&amp#27;[39m
&amp#27;[35m[HTTP]&amp#27;[39m &amp#27;[90m{}&amp#27;[39m
[debug] &amp#27;[35m[W3C (70081d5f)]&amp#27;[39m Calling AppiumDriver.elementDisplayed() with args: ["e711e5fb-52a4-48e2-9145-b1996b2d85ff","70081d5f-320b-405a-a317-43f80afff043"]
[debug] &amp#27;[35m[WD Proxy]&amp#27;[39m Matched '/element/e711e5fb-52a4-48e2-9145-b1996b2d85ff/attribute/displayed' to command name 'getAttribute'
[debug] &amp#27;[35m[WD Proxy]&amp#27;[39m Proxying [GET /element/e711e5fb-52a4-48e2-9145-b1996b2d85ff/attribute/displayed] to [GET http://127.0.0.1:10000/wd/hub/session/e13593df-9927-4062-8ba8-9167d93309ed/element/e711e5fb-52a4-48e2-9145-b1996b2d85ff/attribute/displayed] with no body
[debug] &amp#27;[35m[WD Proxy]&amp#27;[39m Got response with status 200: {"sessionId":"e13593df-9927-4062-8ba8-9167d93309ed","value":"true"}
[debug] &amp#27;[35m[W3C (70081d5f)]&amp#27;[39m Responding to client with driver.elementDisplayed() result: true
&amp#27;[35m[HTTP]&amp#27;[39m &amp#27;[37m<-- GET /wd/hub/session/70081d5f-320b-405a-a317-43f80afff043/element/e711e5fb-52a4-48e2-9145-b1996b2d85ff/displayed &amp#27;[39m&amp#27;[32m200&amp#27;[39m &amp#27;[90m395 ms - 14&amp#27;[39m
&amp#27;[35m[HTTP]&amp#27;[39m &amp#27;[90m&amp#27;[39m
&amp#27;[35m[HTTP]&amp#27;[39m &amp#27;[37m-->&amp#27;[39m &amp#27;[37mGET&amp#27;[39m &amp#27;[37m/wd/hub/session/70081d5f-320b-405a-a317-43f80afff043/context&amp#27;[39m
&amp#27;[35m[HTTP]&amp#27;[39m &amp#27;[90m{}&amp#27;[39m
[debug] &amp#27;[35m[W3C (70081d5f)]&amp#27;[39m Calling AppiumDriver.getCurrentContext() with args: ["70081d5f-320b-405a-a317-43f80afff043"]
[debug] &amp#27;[35m[W3C (70081d5f)]&amp#27;[39m Responding to client with driver.getCurrentContext() result: "NATIVE_APP"
&amp#27;[35m[HTTP]&amp#27;[39m &amp#27;[37m<-- GET /wd/hub/session/70081d5f-320b-405a-a317-43f80afff043/context &amp#27;[39m&amp#27;[32m200&amp#27;[39m &amp#27;[90m1 ms - 22&amp#27;[39m
&amp#27;[35m[HTTP]&amp#27;[39m &amp#27;[90m&amp#27;[39m
&amp#27;[35m[HTTP]&amp#27;[39m &amp#27;[37m-->&amp#27;[39m &amp#27;[37mPOST&amp#27;[39m &amp#27;[37m/wd/hub/session/70081d5f-320b-405a-a317-43f80afff043/element&amp#27;[39m
&amp#27;[35m[HTTP]&amp#27;[39m &amp#27;[90m{"using":"xpath","value":"//android.view.ViewGroup[@content-desc='test-Error message']/android.widget.TextView"}&amp#27;[39m
[debug] &amp#27;[35m[W3C (70081d5f)]&amp#27;[39m Calling AppiumDriver.findElement() with args: ["xpath","//android.view.ViewGroup[@content-desc='test-Error message']/android.widget.TextView","70081d5f-320b-405a-a317-43f80afff043"]
[debug] &amp#27;[35m[BaseDriver]&amp#27;[39m Valid locator strategies for this request: xpath, id, class name, accessibility id, -android uiautomator
[debug] &amp#27;[35m[BaseDriver]&amp#27;[39m Waiting up to 0 ms for condition
[debug] &amp#27;[35m[WD Proxy]&amp#27;[39m Matched '/element' to command name 'findElement'
[debug] &amp#27;[35m[WD Proxy]&amp#27;[39m Proxying [POST /element] to [POST http://127.0.0.1:10000/wd/hub/session/e13593df-9927-4062-8ba8-9167d93309ed/element] with body: {"strategy":"xpath","selector":"//android.view.ViewGroup[@content-desc='test-Error message']/android.widget.TextView","context":"","multiple":false}
[debug] &amp#27;[35m[WD Proxy]&amp#27;[39m Got response with status 200: {"sessionId":"e13593df-9927-4062-8ba8-9167d93309ed","value":{"ELEMENT":"56e133bf-cc86-40f1-8e08-239710b8e8a5","element-6066-11e4-a52e-4f735466cecf":"56e133bf-cc86-40f1-8e08-239710b8e8a5"}}
[debug] &amp#27;[35m[W3C (70081d5f)]&amp#27;[39m Responding to client with driver.findElement() result: {"element-6066-11e4-a52e-4f735466cecf":"56e133bf-cc86-40f1-8e08-239710b8e8a5","ELEMENT":"56e133bf-cc86-40f1-8e08-239710b8e8a5"}
&amp#27;[35m[HTTP]&amp#27;[39m &amp#27;[37m<-- POST /wd/hub/session/70081d5f-320b-405a-a317-43f80afff043/element &amp#27;[39m&amp#27;[32m200&amp#27;[39m &amp#27;[90m110 ms - 137&amp#27;[39m
&amp#27;[35m[HTTP]&amp#27;[39m &amp#27;[90m&amp#27;[39m
&amp#27;[35m[HTTP]&amp#27;[39m &amp#27;[37m-->&amp#27;[39m &amp#27;[37mGET&amp#27;[39m &amp#27;[37m/wd/hub/session/70081d5f-320b-405a-a317-43f80afff043/element/56e133bf-cc86-40f1-8e08-239710b8e8a5/text&amp#27;[39m
&amp#27;[35m[HTTP]&amp#27;[39m &amp#27;[90m{}&amp#27;[39m
&amp#27;[35m[W3C (70081d5f)]&amp#27;[39m Driver proxy active, passing request on via HTTP proxy
[debug] &amp#27;[35m[WD Proxy]&amp#27;[39m Matched '/wd/hub/session/70081d5f-320b-405a-a317-43f80afff043/element/56e133bf-cc86-40f1-8e08-239710b8e8a5/text' to command name 'getText'
[debug] &amp#27;[35m[WD Proxy]&amp#27;[39m Proxying [GET /wd/hub/session/70081d5f-320b-405a-a317-43f80afff043/element/56e133bf-cc86-40f1-8e08-239710b8e8a5/text] to [GET http://127.0.0.1:10000/wd/hub/session/e13593df-9927-4062-8ba8-9167d93309ed/element/56e133bf-cc86-40f1-8e08-239710b8e8a5/text] with no body
[debug] &amp#27;[35m[WD Proxy]&amp#27;[39m Got response with status 200: {"sessionId":"e13593df-9927-4062-8ba8-9167d93309ed","value":"Username and password do not match any user in this service."}
&amp#27;[35m[WD Proxy]&amp#27;[39m Replacing sessionId e13593df-9927-4062-8ba8-9167d93309ed with 70081d5f-320b-405a-a317-43f80afff043
&amp#27;[35m[HTTP]&amp#27;[39m &amp#27;[37m<-- GET /wd/hub/session/70081d5f-320b-405a-a317-43f80afff043/element/56e133bf-cc86-40f1-8e08-239710b8e8a5/text &amp#27;[39m&amp#27;[32m200&amp#27;[39m &amp#27;[90m12 ms - 123&amp#27;[39m
&amp#27;[35m[HTTP]&amp#27;[39m &amp#27;[90m&amp#27;[39m
&amp#27;[35m[HTTP]&amp#27;[39m &amp#27;[37m-->&amp#27;[39m &amp#27;[37mGET&amp#27;[39m &amp#27;[37m/wd/hub/session/70081d5f-320b-405a-a317-43f80afff043/context&amp#27;[39m
&amp#27;[35m[HTTP]&amp#27;[39m &amp#27;[90m{}&amp#27;[39m
[debug] &amp#27;[35m[W3C (70081d5f)]&amp#27;[39m Calling AppiumDriver.getCurrentContext() with args: ["70081d5f-320b-405a-a317-43f80afff043"]
[debug] &amp#27;[35m[W3C (70081d5f)]&amp#27;[39m Responding to client with driver.getCurrentContext() result: "NATIVE_APP"
&amp#27;[35m[HTTP]&amp#27;[39m &amp#27;[37m<-- GET /wd/hub/session/70081d5f-320b-405a-a317-43f80afff043/context &amp#27;[39m&amp#27;[32m200&amp#27;[39m &amp#27;[90m1 ms - 22&amp#27;[39m
&amp#27;[35m[HTTP]&amp#27;[39m &amp#27;[90m&amp#27;[39m
&amp#27;[35m[HTTP]&amp#27;[39m &amp#27;[37m-->&amp#27;[39m &amp#27;[37mPOST&amp#27;[39m &amp#27;[37m/wd/hub/session/70081d5f-320b-405a-a317-43f80afff043/element&amp#27;[39m
&amp#27;[35m[HTTP]&amp#27;[39m &amp#27;[90m{"using":"xpath","value":"//android.view.ViewGroup[@content-desc='test-Error message']/android.widget.TextView"}&amp#27;[39m
[debug] &amp#27;[35m[W3C (70081d5f)]&amp#27;[39m Calling AppiumDriver.findElement() with args: ["xpath","//android.view.ViewGroup[@content-desc='test-Error message']/android.widget.TextView","70081d5f-320b-405a-a317-43f80afff043"]
[debug] &amp#27;[35m[BaseDriver]&amp#27;[39m Valid locator strategies for this request: xpath, id, class name, accessibility id, -android uiautomator
[debug] &amp#27;[35m[BaseDriver]&amp#27;[39m Waiting up to 0 ms for condition
[debug] &amp#27;[35m[WD Proxy]&amp#27;[39m Matched '/element' to command name 'findElement'
[debug] &amp#27;[35m[WD Proxy]&amp#27;[39m Proxying [POST /element] to [POST http://127.0.0.1:10000/wd/hub/session/e13593df-9927-4062-8ba8-9167d93309ed/element] with body: {"strategy":"xpath","selector":"//android.view.ViewGroup[@content-desc='test-Error message']/android.widget.TextView","context":"","multiple":false}
[debug] &amp#27;[35m[WD Proxy]&amp#27;[39m Got response with status 200: {"sessionId":"e13593df-9927-4062-8ba8-9167d93309ed","value":{"ELEMENT":"d56baa64-44e3-427c-ba23-8e8e255566f8","element-6066-11e4-a52e-4f735466cecf":"d56baa64-44e3-427c-ba23-8e8e255566f8"}}
[debug] &amp#27;[35m[W3C (70081d5f)]&amp#27;[39m Responding to client with driver.findElement() result: {"element-6066-11e4-a52e-4f735466cecf":"d56baa64-44e3-427c-ba23-8e8e255566f8","ELEMENT":"d56baa64-44e3-427c-ba23-8e8e255566f8"}
&amp#27;[35m[HTTP]&amp#27;[39m &amp#27;[37m<-- POST /wd/hub/session/70081d5f-320b-405a-a317-43f80afff043/element &amp#27;[39m&amp#27;[32m200&amp#27;[39m &amp#27;[90m82 ms - 137&amp#27;[39m
&amp#27;[35m[HTTP]&amp#27;[39m &amp#27;[90m&amp#27;[39m
&amp#27;[35m[HTTP]&amp#27;[39m &amp#27;[37m-->&amp#27;[39m &amp#27;[37mGET&amp#27;[39m &amp#27;[37m/wd/hub/session/70081d5f-320b-405a-a317-43f80afff043/element/d56baa64-44e3-427c-ba23-8e8e255566f8/attribute/text&amp#27;[39m
&amp#27;[35m[HTTP]&amp#27;[39m &amp#27;[90m{}&amp#27;[39m
[debug] &amp#27;[35m[W3C (70081d5f)]&amp#27;[39m Calling AppiumDriver.getAttribute() with args: ["text","d56baa64-44e3-427c-ba23-8e8e255566f8","70081d5f-320b-405a-a317-43f80afff043"]
[debug] &amp#27;[35m[WD Proxy]&amp#27;[39m Matched '/element/d56baa64-44e3-427c-ba23-8e8e255566f8/attribute/text' to command name 'getAttribute'
[debug] &amp#27;[35m[WD Proxy]&amp#27;[39m Proxying [GET /element/d56baa64-44e3-427c-ba23-8e8e255566f8/attribute/text] to [GET http://127.0.0.1:10000/wd/hub/session/e13593df-9927-4062-8ba8-9167d93309ed/element/d56baa64-44e3-427c-ba23-8e8e255566f8/attribute/text] with no body
[debug] &amp#27;[35m[WD Proxy]&amp#27;[39m Got response with status 200: {"sessionId":"e13593df-9927-4062-8ba8-9167d93309ed","value":"Username and password do not match any user in this service."}
[debug] &amp#27;[35m[W3C (70081d5f)]&amp#27;[39m Responding to client with driver.getAttribute() result: "Username and password do not match any user in this service."
&amp#27;[35m[HTTP]&amp#27;[39m &amp#27;[37m<-- GET /wd/hub/session/70081d5f-320b-405a-a317-43f80afff043/element/d56baa64-44e3-427c-ba23-8e8e255566f8/attribute/text &amp#27;[39m&amp#27;[32m200&amp#27;[39m &amp#27;[90m12 ms - 72&amp#27;[39m
&amp#27;[35m[HTTP]&amp#27;[39m &amp#27;[90m&amp#27;[39m
]]></system-out>
    <system-err><![CDATA[SLF4J: Failed to load class "org.slf4j.impl.StaticLoggerBinder".
SLF4J: Defaulting to no-operation (NOP) logger implementation
SLF4J: See http://www.slf4j.org/codes.html#StaticLoggerBinder for further details.
Dec 03, 2020 3:10:08 PM io.appium.java_client.remote.AppiumCommandExecutor$1 lambda$0
INFO: Detected dialect: W3C
]]></system-err>
  </testcase>
  <testcase name="invalidusername" classname="com.qa.tests.LoginTests" time="3.226">
    <system-out><![CDATA[java.lang.AssertionError: expected [Username and password do not match any user in this service.new] but found [Username and password do not match any user in this service.]
	at org.testng.Assert.fail(Assert.java:96)
	at org.testng.Assert.failNotEquals(Assert.java:776)
	at org.testng.Assert.assertEqualsImpl(Assert.java:137)
	at org.testng.Assert.assertEquals(Assert.java:118)
	at org.testng.Assert.assertEquals(Assert.java:453)
	at org.testng.Assert.assertEquals(Assert.java:463)
	at com.qa.tests.LoginTests.invalidPassword(LoginTests.java:116)
	at java.base/jdk.internal.reflect.NativeMethodAccessorImpl.invoke0(Native Method)
	at java.base/jdk.internal.reflect.NativeMethodAccessorImpl.invoke(NativeMethodAccessorImpl.java:62)
	at java.base/jdk.internal.reflect.DelegatingMethodAccessorImpl.invoke(DelegatingMethodAccessorImpl.java:43)
	at java.base/java.lang.reflect.Method.invoke(Method.java:564)
	at org.testng.internal.MethodInvocationHelper.invokeMethod(MethodInvocationHelper.java:124)
	at org.testng.internal.Invoker.invokeMethod(Invoker.java:583)
	at org.testng.internal.Invoker.invokeTestMethod(Invoker.java:719)
	at org.testng.internal.Invoker.invokeTestMethods(Invoker.java:989)
	at org.testng.internal.TestMethodWorker.invokeTestMethods(TestMethodWorker.java:125)
	at org.testng.internal.TestMethodWorker.run(TestMethodWorker.java:109)
	at org.testng.TestRunner.privateRun(TestRunner.java:648)
	at org.testng.TestRunner.run(TestRunner.java:505)
	at org.testng.SuiteRunner.runTest(SuiteRunner.java:455)
	at org.testng.SuiteRunner.access$000(SuiteRunner.java:40)
	at org.testng.SuiteRunner$SuiteWorker.run(SuiteRunner.java:489)
	at org.testng.internal.thread.ThreadUtil$1.call(ThreadUtil.java:52)
	at java.base/java.util.concurrent.FutureTask.run(FutureTask.java:264)
	at java.base/java.util.concurrent.ThreadPoolExecutor.runWorker(ThreadPoolExecutor.java:1130)
	at java.base/java.util.concurrent.ThreadPoolExecutor$Worker.run(ThreadPoolExecutor.java:630)
	at java.base/java.lang.Thread.run(Thread.java:832)

&amp#27;[35m[HTTP]&amp#27;[39m &amp#27;[37m-->&amp#27;[39m &amp#27;[37mGET&amp#27;[39m &amp#27;[37m/wd/hub/session/70081d5f-320b-405a-a317-43f80afff043/screenshot&amp#27;[39m
&amp#27;[35m[HTTP]&amp#27;[39m &amp#27;[90m{}&amp#27;[39m
[debug] &amp#27;[35m[W3C (70081d5f)]&amp#27;[39m Calling AppiumDriver.getScreenshot() with args: ["70081d5f-320b-405a-a317-43f80afff043"]
[debug] &amp#27;[35m[WD Proxy]&amp#27;[39m Matched '/screenshot' to command name 'getScreenshot'
[debug] &amp#27;[35m[WD Proxy]&amp#27;[39m Proxying [GET /screenshot] to [GET http://127.0.0.1:10000/wd/hub/session/e13593df-9927-4062-8ba8-9167d93309ed/screenshot] with no body
[debug] &amp#27;[35m[WD Proxy]&amp#27;[39m Got response with status 200: {"sessionId":"e13593df-9927-4062-8ba8-9167d93309ed","value":"iVBORw0KGgoAAAANSUhEUgAABDgAAAhwCAYAAADIu476AAAAAXNSR0IArs4c6QAAAARzQklUCAgI\nCHwIZIgAACAASURBVHic7N15dxPpmTbwqzbtkiXLu40NmMbQQDedDqezvpkkMx8p325OTmYy3Zl0\np6c3oAED3jet1i7V9rx/PKqyBLaRjWW78PU7xwcDllSypXLVVfdz38pf/vIXASIiIiIiIiKiAFMv\negOIiIiIiIiIiN4XAw4iIiIiIiIiCjwGHEREREREREQUeAw4iIiIiIiIiCjwGHAQERERERERUeAx\n4CAiIiIiIiKiwGPAQURERERERESBx4CDiIiIiIiIiAKPAQcRERERERERBR4DDiIiIiIiIiIKPP2i\nN4AulhACQgg0Gg2sr6+jXC7Dtm1EIhGMj49jbm4O4XD4ojeTiIiIiIiI6FgMOK6oSqWCx48fo9ls\nQgjx1v+bpolqtYpXr14BABRFwejoKB48eIBQKHTem0tvEEKg1Wqh0WjANE3Ytg3XdaFpGnRdRzgc\nRiwWQyQSgaIoF725REREREREQ8eA44rZ2dnB48ePDw01jiOEQLFYxN/+9jcYhoHf/va3DDrOmeu6\nqNfrqFarqFaraLVaME0TjuPAdV0IIaAoClRVha7rCIVCiEQiSKfTyGazrMQhIiIiIupRLpdRrVbR\nbrdRrVYP/ZpUKoVIJIJUKoVMJnPOW3h2tra2MDs7O7T7b7VaaLfbR/5/JBJBNBod2uN7GHBcEZ1O\nB19++SVs237v+7IsC0+fPsXDhw/PYMuGq1wuo1KpwHXdE91O0zRkMhkkEgmo6sW3qqnX69jb20O5\nXEar1UKn0xnoOWmahlKphEKhgLGxMQYdRERERHSlbW9vI5fLoVQqDXRuVC6X/c91Xcfo6CgmJiYw\nMzMzzM08U48fP0ar1RpqwLG9...
[debug] &amp#27;[35m[W3C (70081d5f)]&amp#27;[39m Responding to client with driver.getScreenshot() result: "iVBORw0KGgoAAAANSUhEUgAABDgAAAhwCAYAAADIu476AAAAAXNSR0IArs4c6QAAAARzQklUCAgI\nCHwIZIgAACAASURBVHic7N15dxPpmTbwqzbtkiXLu40NmMbQQDedDqezvpkkMx8p325OTmYy3Zl0\np6c3oAED3jet1i7V9rx/PKqyBLaRjWW78PU7xwcDllSypXLVVfdz38pf/vIXASIiIiIiIiKiAFMv\negOIiIiIiIiIiN4XAw4iIiIiIiIiCjwGHEREREREREQUeAw4iIiIiIiIiCjwGHAQERERERERUeAx\n4CAiIiIiIiKiwGPAQURERERERESBx4CDiIiIiIiIiAKPAQcRERERERERBR4DDiIiIiIiIiIKPP2i\nN4AulhACQgg0Gg2sr6+jXC7Dtm1EIhGMj49jbm4O4XD4ojeTiIiIiIiI6FgMOK6oSqWCx48fo9ls\nQgjx1v+bpolqtYpXr14BABRFwejoKB48eIBQKHTem0tvEEKg1Wqh0WjANE3Ytg3XdaFpGnRdRzgc\nRiwWQyQSgaIoF725REREREREQ8eA44rZ2dnB48ePDw01jiOEQLFYxN/+9jcYhoHf/va3DDrOmeu6\nqNfrqFarqFaraLVaME0TjuPAdV0IIaAoClRVha7rCIVCiEQiSKfTyGazrMQhIiIiIupRLpdRrVbR\nbrdRrVYP/ZpUKoVIJIJUKoVMJnPOW3h2tra2MDs7O7T7b7VaaLfbR/5/JBJBNBod2uN7GHBcEZ1O\nB19++SVs237v+7IsC0+fPsXDhw/PYMuGq1wuo1KpwHXdE91O0zRkMhkkEgmo6sW3qqnX69jb20O5\nXEar1UKn0xnoOWmahlKphEKhgLGxMQYdRERERHSlbW9vI5fLoVQqDXRuVC6X/c91Xcfo6CgmJiYw\nMzMzzM08U48fP0ar1RpqwLG9ve1X/x9mcXERi4uLQ3t8DwOOK2BlZQXLy8tnep/5fN7/3HXdSxEC\nvKlSqW...
&amp#27;[35m[HTTP]&amp#27;[39m &amp#27;[37m<-- GET /wd/hub/session/70081d5f-320b-405a-a317-43f80afff043/screenshot &amp#27;[39m&amp#27;[32m200&amp#27;[39m &amp#27;[90m401 ms - 327444&amp#27;[39m
&amp#27;[35m[HTTP]&amp#27;[39m &amp#27;[90m&amp#27;[39m

************ Ending test : invalidPassword*********/n

************ Starting test : invalidusername*********/n
/Users/shreyas/TDD/TDDFramework
&amp#27;[35m[HTTP]&amp#27;[39m &amp#27;[37m-->&amp#27;[39m &amp#27;[37mGET&amp#27;[39m &amp#27;[37m/wd/hub/session/70081d5f-320b-405a-a317-43f80afff043/context&amp#27;[39m
&amp#27;[35m[HTTP]&amp#27;[39m &amp#27;[90m{}&amp#27;[39m
[debug] &amp#27;[35m[W3C (70081d5f)]&amp#27;[39m Calling AppiumDriver.getCurrentContext() with args: ["70081d5f-320b-405a-a317-43f80afff043"]
[debug] &amp#27;[35m[W3C (70081d5f)]&amp#27;[39m Responding to client with driver.getCurrentContext() result: "NATIVE_APP"
&amp#27;[35m[HTTP]&amp#27;[39m &amp#27;[37m<-- GET /wd/hub/session/70081d5f-320b-405a-a317-43f80afff043/context &amp#27;[39m&amp#27;[32m200&amp#27;[39m &amp#27;[90m1 ms - 22&amp#27;[39m
&amp#27;[35m[HTTP]&amp#27;[39m &amp#27;[90m&amp#27;[39m
&amp#27;[35m[HTTP]&amp#27;[39m &amp#27;[37m-->&amp#27;[39m &amp#27;[37mPOST&amp#27;[39m &amp#27;[37m/wd/hub/session/70081d5f-320b-405a-a317-43f80afff043/element&amp#27;[39m
&amp#27;[35m[HTTP]&amp#27;[39m &amp#27;[90m{"using":"accessibility id","value":"test-Username"}&amp#27;[39m
[debug] &amp#27;[35m[W3C (70081d5f)]&amp#27;[39m Calling AppiumDriver.findElement() with args: ["accessibility id","test-Username","70081d5f-320b-405a-a317-43f80afff043"]
[debug] &amp#27;[35m[BaseDriver]&amp#27;[39m Valid locator strategies for this request: xpath, id, class name, accessibility id, -android uiautomator
[debug] &amp#27;[35m[BaseDriver]&amp#27;[39m Waiting up to 0 ms for condition
[debug] &amp#27;[35m[WD Proxy]&amp#27;[39m Matched '/element' to command name 'findElement'
[debug] &amp#27;[35m[WD Proxy]&amp#27;[39m Proxying [POST /element] to [POST http://127.0.0.1:10000/wd/hub/session/e13593df-9927-4062-8ba8-9167d93309ed/element] with body: {"strategy":"accessibility id","selector":"test-Username","context":"","multiple":false}
[debug] &amp#27;[35m[WD Proxy]&amp#27;[39m Got response with status 200: {"sessionId":"e13593df-9927-4062-8ba8-9167d93309ed","value":{"ELEMENT":"19a83feb-b50a-4a96-b55a-946f5475794d","element-6066-11e4-a52e-4f735466cecf":"19a83feb-b50a-4a96-b55a-946f5475794d"}}
[debug] &amp#27;[35m[W3C (70081d5f)]&amp#27;[39m Responding to client with driver.findElement() result: {"element-6066-11e4-a52e-4f735466cecf":"19a83feb-b50a-4a96-b55a-946f5475794d","ELEMENT":"19a83feb-b50a-4a96-b55a-946f5475794d"}
&amp#27;[35m[HTTP]&amp#27;[39m &amp#27;[37m<-- POST /wd/hub/session/70081d5f-320b-405a-a317-43f80afff043/element &amp#27;[39m&amp#27;[32m200&amp#27;[39m &amp#27;[90m23 ms - 137&amp#27;[39m
&amp#27;[35m[HTTP]&amp#27;[39m &amp#27;[90m&amp#27;[39m
&amp#27;[35m[HTTP]&amp#27;[39m &amp#27;[37m-->&amp#27;[39m &amp#27;[37mPOST&amp#27;[39m &amp#27;[37m/wd/hub/session/70081d5f-320b-405a-a317-43f80afff043/element/19a83feb-b50a-4a96-b55a-946f5475794d/clear&amp#27;[39m
&amp#27;[35m[HTTP]&amp#27;[39m &amp#27;[90m{"id":"19a83feb-b50a-4a96-b55a-946f5475794d"}&amp#27;[39m
[debug] &amp#27;[35m[W3C (70081d5f)]&amp#27;[39m Calling AppiumDriver.clear() with args: ["19a83feb-b50a-4a96-b55a-946f5475794d","70081d5f-320b-405a-a317-43f80afff043"]
[debug] &amp#27;[35m[WD Proxy]&amp#27;[39m Matched '/element/19a83feb-b50a-4a96-b55a-946f5475794d/clear' to command name 'clear'
[debug] &amp#27;[35m[WD Proxy]&amp#27;[39m Proxying [POST /element/19a83feb-b50a-4a96-b55a-946f5475794d/clear] to [POST http://127.0.0.1:10000/wd/hub/session/e13593df-9927-4062-8ba8-9167d93309ed/element/19a83feb-b50a-4a96-b55a-946f5475794d/clear] with body: {"elementId":"19a83feb-b50a-4a96-b55a-946f5475794d"}
[debug] &amp#27;[35m[WD Proxy]&amp#27;[39m Got response with status 200: {"sessionId":"e13593df-9927-4062-8ba8-9167d93309ed","value":null}
[debug] &amp#27;[35m[W3C (70081d5f)]&amp#27;[39m Responding to client with driver.clear() result: null
&amp#27;[35m[HTTP]&amp#27;[39m &amp#27;[37m<-- POST /wd/hub/session/70081d5f-320b-405a-a317-43f80afff043/element/19a83feb-b50a-4a96-b55a-946f5475794d/clear &amp#27;[39m&amp#27;[32m200&amp#27;[39m &amp#27;[90m21 ms - 14&amp#27;[39m
&amp#27;[35m[HTTP]&amp#27;[39m &amp#27;[90m&amp#27;[39m
&amp#27;[35m[HTTP]&amp#27;[39m &amp#27;[37m-->&amp#27;[39m &amp#27;[37mGET&amp#27;[39m &amp#27;[37m/wd/hub/session/70081d5f-320b-405a-a317-43f80afff043/context&amp#27;[39m
&amp#27;[35m[HTTP]&amp#27;[39m &amp#27;[90m{}&amp#27;[39m
[debug] &amp#27;[35m[W3C (70081d5f)]&amp#27;[39m Calling AppiumDriver.getCurrentContext() with args: ["70081d5f-320b-405a-a317-43f80afff043"]
[debug] &amp#27;[35m[W3C (70081d5f)]&amp#27;[39m Responding to client with driver.getCurrentContext() result: "NATIVE_APP"
&amp#27;[35m[HTTP]&amp#27;[39m &amp#27;[37m<-- GET /wd/hub/session/70081d5f-320b-405a-a317-43f80afff043/context &amp#27;[39m&amp#27;[32m200&amp#27;[39m &amp#27;[90m1 ms - 22&amp#27;[39m
&amp#27;[35m[HTTP]&amp#27;[39m &amp#27;[90m&amp#27;[39m
&amp#27;[35m[HTTP]&amp#27;[39m &amp#27;[37m-->&amp#27;[39m &amp#27;[37mPOST&amp#27;[39m &amp#27;[37m/wd/hub/session/70081d5f-320b-405a-a317-43f80afff043/element&amp#27;[39m
&amp#27;[35m[HTTP]&amp#27;[39m &amp#27;[90m{"using":"accessibility id","value":"test-Username"}&amp#27;[39m
[debug] &amp#27;[35m[W3C (70081d5f)]&amp#27;[39m Calling AppiumDriver.findElement() with args: ["accessibility id","test-Username","70081d5f-320b-405a-a317-43f80afff043"]
[debug] &amp#27;[35m[BaseDriver]&amp#27;[39m Valid locator strategies for this request: xpath, id, class name, accessibility id, -android uiautomator
[debug] &amp#27;[35m[BaseDriver]&amp#27;[39m Waiting up to 0 ms for condition
[debug] &amp#27;[35m[WD Proxy]&amp#27;[39m Matched '/element' to command name 'findElement'
[debug] &amp#27;[35m[WD Proxy]&amp#27;[39m Proxying [POST /element] to [POST http://127.0.0.1:10000/wd/hub/session/e13593df-9927-4062-8ba8-9167d93309ed/element] with body: {"strategy":"accessibility id","selector":"test-Username","context":"","multiple":false}
[debug] &amp#27;[35m[WD Proxy]&amp#27;[39m Got response with status 200: {"sessionId":"e13593df-9927-4062-8ba8-9167d93309ed","value":{"ELEMENT":"111d19dc-56b2-46ff-8dd1-2e59fbc854f5","element-6066-11e4-a52e-4f735466cecf":"111d19dc-56b2-46ff-8dd1-2e59fbc854f5"}}
[debug] &amp#27;[35m[W3C (70081d5f)]&amp#27;[39m Responding to client with driver.findElement() result: {"element-6066-11e4-a52e-4f735466cecf":"111d19dc-56b2-46ff-8dd1-2e59fbc854f5","ELEMENT":"111d19dc-56b2-46ff-8dd1-2e59fbc854f5"}
&amp#27;[35m[HTTP]&amp#27;[39m &amp#27;[37m<-- POST /wd/hub/session/70081d5f-320b-405a-a317-43f80afff043/element &amp#27;[39m&amp#27;[32m200&amp#27;[39m &amp#27;[90m602 ms - 137&amp#27;[39m
&amp#27;[35m[HTTP]&amp#27;[39m &amp#27;[90m&amp#27;[39m
&amp#27;[35m[HTTP]&amp#27;[39m &amp#27;[37m-->&amp#27;[39m &amp#27;[37mGET&amp#27;[39m &amp#27;[37m/wd/hub/session/70081d5f-320b-405a-a317-43f80afff043/element/111d19dc-56b2-46ff-8dd1-2e59fbc854f5/text&amp#27;[39m
&amp#27;[35m[HTTP]&amp#27;[39m &amp#27;[90m{}&amp#27;[39m
&amp#27;[35m[W3C (70081d5f)]&amp#27;[39m Driver proxy active, passing request on via HTTP proxy
[debug] &amp#27;[35m[WD Proxy]&amp#27;[39m Matched '/wd/hub/session/70081d5f-320b-405a-a317-43f80afff043/element/111d19dc-56b2-46ff-8dd1-2e59fbc854f5/text' to command name 'getText'
[debug] &amp#27;[35m[WD Proxy]&amp#27;[39m Proxying [GET /wd/hub/session/70081d5f-320b-405a-a317-43f80afff043/element/111d19dc-56b2-46ff-8dd1-2e59fbc854f5/text] to [GET http://127.0.0.1:10000/wd/hub/session/e13593df-9927-4062-8ba8-9167d93309ed/element/111d19dc-56b2-46ff-8dd1-2e59fbc854f5/text] with no body
[debug] &amp#27;[35m[WD Proxy]&amp#27;[39m Got response with status 200: {"sessionId":"e13593df-9927-4062-8ba8-9167d93309ed","value":"Username"}
&amp#27;[35m[WD Proxy]&amp#27;[39m Replacing sessionId e13593df-9927-4062-8ba8-9167d93309ed with 70081d5f-320b-405a-a317-43f80afff043
&amp#27;[35m[HTTP]&amp#27;[39m &amp#27;[37m<-- GET /wd/hub/session/70081d5f-320b-405a-a317-43f80afff043/element/111d19dc-56b2-46ff-8dd1-2e59fbc854f5/text &amp#27;[39m&amp#27;[32m200&amp#27;[39m &amp#27;[90m15 ms - 71&amp#27;[39m
&amp#27;[35m[HTTP]&amp#27;[39m &amp#27;[90m&amp#27;[39m
&amp#27;[35m[HTTP]&amp#27;[39m &amp#27;[37m-->&amp#27;[39m &amp#27;[37mGET&amp#27;[39m &amp#27;[37m/wd/hub/session/70081d5f-320b-405a-a317-43f80afff043/context&amp#27;[39m
&amp#27;[35m[HTTP]&amp#27;[39m &amp#27;[90m{}&amp#27;[39m
[debug] &amp#27;[35m[W3C (70081d5f)]&amp#27;[39m Calling AppiumDriver.getCurrentContext() with args: ["70081d5f-320b-405a-a317-43f80afff043"]
[debug] &amp#27;[35m[W3C (70081d5f)]&amp#27;[39m Responding to client with driver.getCurrentContext() result: "NATIVE_APP"
&amp#27;[35m[HTTP]&amp#27;[39m &amp#27;[37m<-- GET /wd/hub/session/70081d5f-320b-405a-a317-43f80afff043/context &amp#27;[39m&amp#27;[32m200&amp#27;[39m &amp#27;[90m2 ms - 22&amp#27;[39m
&amp#27;[35m[HTTP]&amp#27;[39m &amp#27;[90m&amp#27;[39m
&amp#27;[35m[HTTP]&amp#27;[39m &amp#27;[37m-->&amp#27;[39m &amp#27;[37mPOST&amp#27;[39m &amp#27;[37m/wd/hub/session/70081d5f-320b-405a-a317-43f80afff043/element&amp#27;[39m
&amp#27;[35m[HTTP]&amp#27;[39m &amp#27;[90m{"using":"accessibility id","value":"test-Username"}&amp#27;[39m
[debug] &amp#27;[35m[W3C (70081d5f)]&amp#27;[39m Calling AppiumDriver.findElement() with args: ["accessibility id","test-Username","70081d5f-320b-405a-a317-43f80afff043"]
[debug] &amp#27;[35m[BaseDriver]&amp#27;[39m Valid locator strategies for this request: xpath, id, class name, accessibility id, -android uiautomator
[debug] &amp#27;[35m[BaseDriver]&amp#27;[39m Waiting up to 0 ms for condition
[debug] &amp#27;[35m[WD Proxy]&amp#27;[39m Matched '/element' to command name 'findElement'
[debug] &amp#27;[35m[WD Proxy]&amp#27;[39m Proxying [POST /element] to [POST http://127.0.0.1:10000/wd/hub/session/e13593df-9927-4062-8ba8-9167d93309ed/element] with body: {"strategy":"accessibility id","selector":"test-Username","context":"","multiple":false}
[debug] &amp#27;[35m[WD Proxy]&amp#27;[39m Got response with status 200: {"sessionId":"e13593df-9927-4062-8ba8-9167d93309ed","value":{"ELEMENT":"e2e1d9e5-ec53-40b1-b130-d4c516acb0b1","element-6066-11e4-a52e-4f735466cecf":"e2e1d9e5-ec53-40b1-b130-d4c516acb0b1"}}
[debug] &amp#27;[35m[W3C (70081d5f)]&amp#27;[39m Responding to client with driver.findElement() result: {"element-6066-11e4-a52e-4f735466cecf":"e2e1d9e5-ec53-40b1-b130-d4c516acb0b1","ELEMENT":"e2e1d9e5-ec53-40b1-b130-d4c516acb0b1"}
&amp#27;[35m[HTTP]&amp#27;[39m &amp#27;[37m<-- POST /wd/hub/session/70081d5f-320b-405a-a317-43f80afff043/element &amp#27;[39m&amp#27;[32m200&amp#27;[39m &amp#27;[90m22 ms - 137&amp#27;[39m
&amp#27;[35m[HTTP]&amp#27;[39m &amp#27;[90m&amp#27;[39m
&amp#27;[35m[HTTP]&amp#27;[39m &amp#27;[37m-->&amp#27;[39m &amp#27;[37mGET&amp#27;[39m &amp#27;[37m/wd/hub/session/70081d5f-320b-405a-a317-43f80afff043/element/e2e1d9e5-ec53-40b1-b130-d4c516acb0b1/displayed&amp#27;[39m
&amp#27;[35m[HTTP]&amp#27;[39m &amp#27;[90m{}&amp#27;[39m
[debug] &amp#27;[35m[W3C (70081d5f)]&amp#27;[39m Calling AppiumDriver.elementDisplayed() with args: ["e2e1d9e5-ec53-40b1-b130-d4c516acb0b1","70081d5f-320b-405a-a317-43f80afff043"]
[debug] &amp#27;[35m[WD Proxy]&amp#27;[39m Matched '/element/e2e1d9e5-ec53-40b1-b130-d4c516acb0b1/attribute/displayed' to command name 'getAttribute'
[debug] &amp#27;[35m[WD Proxy]&amp#27;[39m Proxying [GET /element/e2e1d9e5-ec53-40b1-b130-d4c516acb0b1/attribute/displayed] to [GET http://127.0.0.1:10000/wd/hub/session/e13593df-9927-4062-8ba8-9167d93309ed/element/e2e1d9e5-ec53-40b1-b130-d4c516acb0b1/attribute/displayed] with no body
[debug] &amp#27;[35m[WD Proxy]&amp#27;[39m Got response with status 200: {"sessionId":"e13593df-9927-4062-8ba8-9167d93309ed","value":"true"}
[debug] &amp#27;[35m[W3C (70081d5f)]&amp#27;[39m Responding to client with driver.elementDisplayed() result: true
&amp#27;[35m[HTTP]&amp#27;[39m &amp#27;[37m<-- GET /wd/hub/session/70081d5f-320b-405a-a317-43f80afff043/element/e2e1d9e5-ec53-40b1-b130-d4c516acb0b1/displayed &amp#27;[39m&amp#27;[32m200&amp#27;[39m &amp#27;[90m14 ms - 14&amp#27;[39m
&amp#27;[35m[HTTP]&amp#27;[39m &amp#27;[90m&amp#27;[39m
&amp#27;[35m[HTTP]&amp#27;[39m &amp#27;[37m-->&amp#27;[39m &amp#27;[37mGET&amp#27;[39m &amp#27;[37m/wd/hub/session/70081d5f-320b-405a-a317-43f80afff043/context&amp#27;[39m
&amp#27;[35m[HTTP]&amp#27;[39m &amp#27;[90m{}&amp#27;[39m
[debug] &amp#27;[35m[W3C (70081d5f)]&amp#27;[39m Calling AppiumDriver.getCurrentContext() with args: ["70081d5f-320b-405a-a317-43f80afff043"]
[debug] &amp#27;[35m[W3C (70081d5f)]&amp#27;[39m Responding to client with driver.getCurrentContext() result: "NATIVE_APP"
&amp#27;[35m[HTTP]&amp#27;[39m &amp#27;[37m<-- GET /wd/hub/session/70081d5f-320b-405a-a317-43f80afff043/context &amp#27;[39m&amp#27;[32m200&amp#27;[39m &amp#27;[90m1 ms - 22&amp#27;[39m
&amp#27;[35m[HTTP]&amp#27;[39m &amp#27;[90m&amp#27;[39m
&amp#27;[35m[HTTP]&amp#27;[39m &amp#27;[37m-->&amp#27;[39m &amp#27;[37mPOST&amp#27;[39m &amp#27;[37m/wd/hub/session/70081d5f-320b-405a-a317-43f80afff043/element&amp#27;[39m
&amp#27;[35m[HTTP]&amp#27;[39m &amp#27;[90m{"using":"accessibility id","value":"test-Username"}&amp#27;[39m
[debug] &amp#27;[35m[W3C (70081d5f)]&amp#27;[39m Calling AppiumDriver.findElement() with args: ["accessibility id","test-Username","70081d5f-320b-405a-a317-43f80afff043"]
[debug] &amp#27;[35m[BaseDriver]&amp#27;[39m Valid locator strategies for this request: xpath, id, class name, accessibility id, -android uiautomator
[debug] &amp#27;[35m[BaseDriver]&amp#27;[39m Waiting up to 0 ms for condition
[debug] &amp#27;[35m[WD Proxy]&amp#27;[39m Matched '/element' to command name 'findElement'
[debug] &amp#27;[35m[WD Proxy]&amp#27;[39m Proxying [POST /element] to [POST http://127.0.0.1:10000/wd/hub/session/e13593df-9927-4062-8ba8-9167d93309ed/element] with body: {"strategy":"accessibility id","selector":"test-Username","context":"","multiple":false}
[debug] &amp#27;[35m[WD Proxy]&amp#27;[39m Got response with status 200: {"sessionId":"e13593df-9927-4062-8ba8-9167d93309ed","value":{"ELEMENT":"12a07b02-75fd-4941-a22e-924e6374d5dd","element-6066-11e4-a52e-4f735466cecf":"12a07b02-75fd-4941-a22e-924e6374d5dd"}}
[debug] &amp#27;[35m[W3C (70081d5f)]&amp#27;[39m Responding to client with driver.findElement() result: {"element-6066-11e4-a52e-4f735466cecf":"12a07b02-75fd-4941-a22e-924e6374d5dd","ELEMENT":"12a07b02-75fd-4941-a22e-924e6374d5dd"}
&amp#27;[35m[HTTP]&amp#27;[39m &amp#27;[37m<-- POST /wd/hub/session/70081d5f-320b-405a-a317-43f80afff043/element &amp#27;[39m&amp#27;[32m200&amp#27;[39m &amp#27;[90m20 ms - 137&amp#27;[39m
&amp#27;[35m[HTTP]&amp#27;[39m &amp#27;[90m&amp#27;[39m
&amp#27;[35m[HTTP]&amp#27;[39m &amp#27;[37m-->&amp#27;[39m &amp#27;[37mGET&amp#27;[39m &amp#27;[37m/wd/hub/session/70081d5f-320b-405a-a317-43f80afff043/element/12a07b02-75fd-4941-a22e-924e6374d5dd/text&amp#27;[39m
&amp#27;[35m[HTTP]&amp#27;[39m &amp#27;[90m{}&amp#27;[39m
&amp#27;[35m[W3C (70081d5f)]&amp#27;[39m Driver proxy active, passing request on via HTTP proxy
[debug] &amp#27;[35m[WD Proxy]&amp#27;[39m Matched '/wd/hub/session/70081d5f-320b-405a-a317-43f80afff043/element/12a07b02-75fd-4941-a22e-924e6374d5dd/text' to command name 'getText'
[debug] &amp#27;[35m[WD Proxy]&amp#27;[39m Proxying [GET /wd/hub/session/70081d5f-320b-405a-a317-43f80afff043/element/12a07b02-75fd-4941-a22e-924e6374d5dd/text] to [GET http://127.0.0.1:10000/wd/hub/session/e13593df-9927-4062-8ba8-9167d93309ed/element/12a07b02-75fd-4941-a22e-924e6374d5dd/text] with no body
[debug] &amp#27;[35m[WD Proxy]&amp#27;[39m Got response with status 200: {"sessionId":"e13593df-9927-4062-8ba8-9167d93309ed","value":"Username"}
&amp#27;[35m[WD Proxy]&amp#27;[39m Replacing sessionId e13593df-9927-4062-8ba8-9167d93309ed with 70081d5f-320b-405a-a317-43f80afff043
&amp#27;[35m[HTTP]&amp#27;[39m &amp#27;[37m<-- GET /wd/hub/session/70081d5f-320b-405a-a317-43f80afff043/element/12a07b02-75fd-4941-a22e-924e6374d5dd/text &amp#27;[39m&amp#27;[32m200&amp#27;[39m &amp#27;[90m13 ms - 71&amp#27;[39m
&amp#27;[35m[HTTP]&amp#27;[39m &amp#27;[90m&amp#27;[39m
&amp#27;[35m[HTTP]&amp#27;[39m &amp#27;[37m-->&amp#27;[39m &amp#27;[37mGET&amp#27;[39m &amp#27;[37m/wd/hub/session/70081d5f-320b-405a-a317-43f80afff043/context&amp#27;[39m
&amp#27;[35m[HTTP]&amp#27;[39m &amp#27;[90m{}&amp#27;[39m
[debug] &amp#27;[35m[W3C (70081d5f)]&amp#27;[39m Calling AppiumDriver.getCurrentContext() with args: ["70081d5f-320b-405a-a317-43f80afff043"]
[debug] &amp#27;[35m[W3C (70081d5f)]&amp#27;[39m Responding to client with driver.getCurrentContext() result: "NATIVE_APP"
&amp#27;[35m[HTTP]&amp#27;[39m &amp#27;[37m<-- GET /wd/hub/session/70081d5f-320b-405a-a317-43f80afff043/context &amp#27;[39m&amp#27;[32m200&amp#27;[39m &amp#27;[90m1 ms - 22&amp#27;[39m
&amp#27;[35m[HTTP]&amp#27;[39m &amp#27;[90m&amp#27;[39m
&amp#27;[35m[HTTP]&amp#27;[39m &amp#27;[37m-->&amp#27;[39m &amp#27;[37mPOST&amp#27;[39m &amp#27;[37m/wd/hub/session/70081d5f-320b-405a-a317-43f80afff043/element&amp#27;[39m
&amp#27;[35m[HTTP]&amp#27;[39m &amp#27;[90m{"using":"accessibility id","value":"test-Username"}&amp#27;[39m
[debug] &amp#27;[35m[W3C (70081d5f)]&amp#27;[39m Calling AppiumDriver.findElement() with args: ["accessibility id","test-Username","70081d5f-320b-405a-a317-43f80afff043"]
[debug] &amp#27;[35m[BaseDriver]&amp#27;[39m Valid locator strategies for this request: xpath, id, class name, accessibility id, -android uiautomator
[debug] &amp#27;[35m[BaseDriver]&amp#27;[39m Waiting up to 0 ms for condition
[debug] &amp#27;[35m[WD Proxy]&amp#27;[39m Matched '/element' to command name 'findElement'
[debug] &amp#27;[35m[WD Proxy]&amp#27;[39m Proxying [POST /element] to [POST http://127.0.0.1:10000/wd/hub/session/e13593df-9927-4062-8ba8-9167d93309ed/element] with body: {"strategy":"accessibility id","selector":"test-Username","context":"","multiple":false}
[debug] &amp#27;[35m[WD Proxy]&amp#27;[39m Got response with status 200: {"sessionId":"e13593df-9927-4062-8ba8-9167d93309ed","value":{"ELEMENT":"68ac2e21-ca38-4b84-b26c-75027cba6acc","element-6066-11e4-a52e-4f735466cecf":"68ac2e21-ca38-4b84-b26c-75027cba6acc"}}
[debug] &amp#27;[35m[W3C (70081d5f)]&amp#27;[39m Responding to client with driver.findElement() result: {"element-6066-11e4-a52e-4f735466cecf":"68ac2e21-ca38-4b84-b26c-75027cba6acc","ELEMENT":"68ac2e21-ca38-4b84-b26c-75027cba6acc"}
&amp#27;[35m[HTTP]&amp#27;[39m &amp#27;[37m<-- POST /wd/hub/session/70081d5f-320b-405a-a317-43f80afff043/element &amp#27;[39m&amp#27;[32m200&amp#27;[39m &amp#27;[90m18 ms - 137&amp#27;[39m
&amp#27;[35m[HTTP]&amp#27;[39m &amp#27;[90m&amp#27;[39m
&amp#27;[35m[HTTP]&amp#27;[39m &amp#27;[37m-->&amp#27;[39m &amp#27;[37mPOST&amp#27;[39m &amp#27;[37m/wd/hub/session/70081d5f-320b-405a-a317-43f80afff043/element/68ac2e21-ca38-4b84-b26c-75027cba6acc/value&amp#27;[39m
&amp#27;[35m[HTTP]&amp#27;[39m &amp#27;[90m{"id":"68ac2e21-ca38-4b84-b26c-75027cba6acc","text":"invalidusername","value":["i","n","v","a","l","i","d","u","s","e","r","n","a","m","e"]}&amp#27;[39m
[debug] &amp#27;[35m[W3C (70081d5f)]&amp#27;[39m Calling AppiumDriver.setValue() with args: [["i","n","v","a","l","i","d","u","s","e","r","n","a","m","e"],"68ac2e21-ca38-4b84-b26c-75027cba6acc","70081d5f-320b-405a-a317-43f80afff043"]
[debug] &amp#27;[35m[WD Proxy]&amp#27;[39m Matched '/element/68ac2e21-ca38-4b84-b26c-75027cba6acc/value' to command name 'setValue'
[debug] &amp#27;[35m[Protocol Converter]&amp#27;[39m Added 'value' property ["i","n","v","a","l","i","d","u","s","e","r","n","a","m","e"] to 'setValue' request body
[debug] &amp#27;[35m[WD Proxy]&amp#27;[39m Proxying [POST /element/68ac2e21-ca38-4b84-b26c-75027cba6acc/value] to [POST http://127.0.0.1:10000/wd/hub/session/e13593df-9927-4062-8ba8-9167d93309ed/element/68ac2e21-ca38-4b84-b26c-75027cba6acc/value] with body: {"elementId":"68ac2e21-ca38-4b84-b26c-75027cba6acc","text":"invalidusername","replace":false,"value":["i","n","v","a","l","i","d","u","s","e","r","n","a","m","e"]}
[debug] &amp#27;[35m[WD Proxy]&amp#27;[39m Got response with status 200: {"sessionId":"e13593df-9927-4062-8ba8-9167d93309ed","value":null}
[debug] &amp#27;[35m[W3C (70081d5f)]&amp#27;[39m Responding to client with driver.setValue() result: null
&amp#27;[35m[HTTP]&amp#27;[39m &amp#27;[37m<-- POST /wd/hub/session/70081d5f-320b-405a-a317-43f80afff043/element/68ac2e21-ca38-4b84-b26c-75027cba6acc/value &amp#27;[39m&amp#27;[32m200&amp#27;[39m &amp#27;[90m37 ms - 14&amp#27;[39m
&amp#27;[35m[HTTP]&amp#27;[39m &amp#27;[90m&amp#27;[39m
&amp#27;[35m[HTTP]&amp#27;[39m &amp#27;[37m-->&amp#27;[39m &amp#27;[37mGET&amp#27;[39m &amp#27;[37m/wd/hub/session/70081d5f-320b-405a-a317-43f80afff043/context&amp#27;[39m
&amp#27;[35m[HTTP]&amp#27;[39m &amp#27;[90m{}&amp#27;[39m
[debug] &amp#27;[35m[W3C (70081d5f)]&amp#27;[39m Calling AppiumDriver.getCurrentContext() with args: ["70081d5f-320b-405a-a317-43f80afff043"]
[debug] &amp#27;[35m[W3C (70081d5f)]&amp#27;[39m Responding to client with driver.getCurrentContext() result: "NATIVE_APP"
&amp#27;[35m[HTTP]&amp#27;[39m &amp#27;[37m<-- GET /wd/hub/session/70081d5f-320b-405a-a317-43f80afff043/context &amp#27;[39m&amp#27;[32m200&amp#27;[39m &amp#27;[90m1 ms - 22&amp#27;[39m
&amp#27;[35m[HTTP]&amp#27;[39m &amp#27;[90m&amp#27;[39m
&amp#27;[35m[HTTP]&amp#27;[39m &amp#27;[37m-->&amp#27;[39m &amp#27;[37mPOST&amp#27;[39m &amp#27;[37m/wd/hub/session/70081d5f-320b-405a-a317-43f80afff043/element&amp#27;[39m
&amp#27;[35m[HTTP]&amp#27;[39m &amp#27;[90m{"using":"accessibility id","value":"test-Username"}&amp#27;[39m
[debug] &amp#27;[35m[W3C (70081d5f)]&amp#27;[39m Calling AppiumDriver.findElement() with args: ["accessibility id","test-Username","70081d5f-320b-405a-a317-43f80afff043"]
[debug] &amp#27;[35m[BaseDriver]&amp#27;[39m Valid locator strategies for this request: xpath, id, class name, accessibility id, -android uiautomator
[debug] &amp#27;[35m[BaseDriver]&amp#27;[39m Waiting up to 0 ms for condition
[debug] &amp#27;[35m[WD Proxy]&amp#27;[39m Matched '/element' to command name 'findElement'
[debug] &amp#27;[35m[WD Proxy]&amp#27;[39m Proxying [POST /element] to [POST http://127.0.0.1:10000/wd/hub/session/e13593df-9927-4062-8ba8-9167d93309ed/element] with body: {"strategy":"accessibility id","selector":"test-Username","context":"","multiple":false}
[debug] &amp#27;[35m[WD Proxy]&amp#27;[39m Got response with status 200: {"sessionId":"e13593df-9927-4062-8ba8-9167d93309ed","value":{"ELEMENT":"88e0111b-4451-4c26-8d6a-11f4bb24817f","element-6066-11e4-a52e-4f735466cecf":"88e0111b-4451-4c26-8d6a-11f4bb24817f"}}
[debug] &amp#27;[35m[W3C (70081d5f)]&amp#27;[39m Responding to client with driver.findElement() result: {"element-6066-11e4-a52e-4f735466cecf":"88e0111b-4451-4c26-8d6a-11f4bb24817f","ELEMENT":"88e0111b-4451-4c26-8d6a-11f4bb24817f"}
&amp#27;[35m[HTTP]&amp#27;[39m &amp#27;[37m<-- POST /wd/hub/session/70081d5f-320b-405a-a317-43f80afff043/element &amp#27;[39m&amp#27;[32m200&amp#27;[39m &amp#27;[90m505 ms - 137&amp#27;[39m
&amp#27;[35m[HTTP]&amp#27;[39m &amp#27;[90m&amp#27;[39m
&amp#27;[35m[HTTP]&amp#27;[39m &amp#27;[37m-->&amp#27;[39m &amp#27;[37mGET&amp#27;[39m &amp#27;[37m/wd/hub/session/70081d5f-320b-405a-a317-43f80afff043/element/88e0111b-4451-4c26-8d6a-11f4bb24817f/text&amp#27;[39m
&amp#27;[35m[HTTP]&amp#27;[39m &amp#27;[90m{}&amp#27;[39m
&amp#27;[35m[W3C (70081d5f)]&amp#27;[39m Driver proxy active, passing request on via HTTP proxy
[debug] &amp#27;[35m[WD Proxy]&amp#27;[39m Matched '/wd/hub/session/70081d5f-320b-405a-a317-43f80afff043/element/88e0111b-4451-4c26-8d6a-11f4bb24817f/text' to command name 'getText'
[debug] &amp#27;[35m[WD Proxy]&amp#27;[39m Proxying [GET /wd/hub/session/70081d5f-320b-405a-a317-43f80afff043/element/88e0111b-4451-4c26-8d6a-11f4bb24817f/text] to [GET http://127.0.0.1:10000/wd/hub/session/e13593df-9927-4062-8ba8-9167d93309ed/element/88e0111b-4451-4c26-8d6a-11f4bb24817f/text] with no body
[debug] &amp#27;[35m[WD Proxy]&amp#27;[39m Got response with status 200: {"sessionId":"e13593df-9927-4062-8ba8-9167d93309ed","value":"invalidusername"}
&amp#27;[35m[WD Proxy]&amp#27;[39m Replacing sessionId e13593df-9927-4062-8ba8-9167d93309ed with 70081d5f-320b-405a-a317-43f80afff043
&amp#27;[35m[HTTP]&amp#27;[39m &amp#27;[37m<-- GET /wd/hub/session/70081d5f-320b-405a-a317-43f80afff043/element/88e0111b-4451-4c26-8d6a-11f4bb24817f/text &amp#27;[39m&amp#27;[32m200&amp#27;[39m &amp#27;[90m11 ms - 78&amp#27;[39m
&amp#27;[35m[HTTP]&amp#27;[39m &amp#27;[90m&amp#27;[39m
&amp#27;[35m[HTTP]&amp#27;[39m &amp#27;[37m-->&amp#27;[39m &amp#27;[37mGET&amp#27;[39m &amp#27;[37m/wd/hub/session/70081d5f-320b-405a-a317-43f80afff043/context&amp#27;[39m
&amp#27;[35m[HTTP]&amp#27;[39m &amp#27;[90m{}&amp#27;[39m
[debug] &amp#27;[35m[W3C (70081d5f)]&amp#27;[39m Calling AppiumDriver.getCurrentContext() with args: ["70081d5f-320b-405a-a317-43f80afff043"]
[debug] &amp#27;[35m[W3C (70081d5f)]&amp#27;[39m Responding to client with driver.getCurrentContext() result: "NATIVE_APP"
&amp#27;[35m[HTTP]&amp#27;[39m &amp#27;[37m<-- GET /wd/hub/session/70081d5f-320b-405a-a317-43f80afff043/context &amp#27;[39m&amp#27;[32m200&amp#27;[39m &amp#27;[90m2 ms - 22&amp#27;[39m
&amp#27;[35m[HTTP]&amp#27;[39m &amp#27;[90m&amp#27;[39m
&amp#27;[35m[HTTP]&amp#27;[39m &amp#27;[37m-->&amp#27;[39m &amp#27;[37mPOST&amp#27;[39m &amp#27;[37m/wd/hub/session/70081d5f-320b-405a-a317-43f80afff043/element&amp#27;[39m
&amp#27;[35m[HTTP]&amp#27;[39m &amp#27;[90m{"using":"accessibility id","value":"test-Password"}&amp#27;[39m
[debug] &amp#27;[35m[W3C (70081d5f)]&amp#27;[39m Calling AppiumDriver.findElement() with args: ["accessibility id","test-Password","70081d5f-320b-405a-a317-43f80afff043"]
[debug] &amp#27;[35m[BaseDriver]&amp#27;[39m Valid locator strategies for this request: xpath, id, class name, accessibility id, -android uiautomator
[debug] &amp#27;[35m[BaseDriver]&amp#27;[39m Waiting up to 0 ms for condition
[debug] &amp#27;[35m[WD Proxy]&amp#27;[39m Matched '/element' to command name 'findElement'
[debug] &amp#27;[35m[WD Proxy]&amp#27;[39m Proxying [POST /element] to [POST http://127.0.0.1:10000/wd/hub/session/e13593df-9927-4062-8ba8-9167d93309ed/element] with body: {"strategy":"accessibility id","selector":"test-Password","context":"","multiple":false}
[debug] &amp#27;[35m[WD Proxy]&amp#27;[39m Got response with status 200: {"sessionId":"e13593df-9927-4062-8ba8-9167d93309ed","value":{"ELEMENT":"0aa04b05-b603-4cb8-8fca-98b7af572402","element-6066-11e4-a52e-4f735466cecf":"0aa04b05-b603-4cb8-8fca-98b7af572402"}}
[debug] &amp#27;[35m[W3C (70081d5f)]&amp#27;[39m Responding to client with driver.findElement() result: {"element-6066-11e4-a52e-4f735466cecf":"0aa04b05-b603-4cb8-8fca-98b7af572402","ELEMENT":"0aa04b05-b603-4cb8-8fca-98b7af572402"}
&amp#27;[35m[HTTP]&amp#27;[39m &amp#27;[37m<-- POST /wd/hub/session/70081d5f-320b-405a-a317-43f80afff043/element &amp#27;[39m&amp#27;[32m200&amp#27;[39m &amp#27;[90m23 ms - 137&amp#27;[39m
&amp#27;[35m[HTTP]&amp#27;[39m &amp#27;[90m&amp#27;[39m
&amp#27;[35m[HTTP]&amp#27;[39m &amp#27;[37m-->&amp#27;[39m &amp#27;[37mPOST&amp#27;[39m &amp#27;[37m/wd/hub/session/70081d5f-320b-405a-a317-43f80afff043/element/0aa04b05-b603-4cb8-8fca-98b7af572402/clear&amp#27;[39m
&amp#27;[35m[HTTP]&amp#27;[39m &amp#27;[90m{"id":"0aa04b05-b603-4cb8-8fca-98b7af572402"}&amp#27;[39m
[debug] &amp#27;[35m[W3C (70081d5f)]&amp#27;[39m Calling AppiumDriver.clear() with args: ["0aa04b05-b603-4cb8-8fca-98b7af572402","70081d5f-320b-405a-a317-43f80afff043"]
[debug] &amp#27;[35m[WD Proxy]&amp#27;[39m Matched '/element/0aa04b05-b603-4cb8-8fca-98b7af572402/clear' to command name 'clear'
[debug] &amp#27;[35m[WD Proxy]&amp#27;[39m Proxying [POST /element/0aa04b05-b603-4cb8-8fca-98b7af572402/clear] to [POST http://127.0.0.1:10000/wd/hub/session/e13593df-9927-4062-8ba8-9167d93309ed/element/0aa04b05-b603-4cb8-8fca-98b7af572402/clear] with body: {"elementId":"0aa04b05-b603-4cb8-8fca-98b7af572402"}
[debug] &amp#27;[35m[WD Proxy]&amp#27;[39m Got response with status 200: {"sessionId":"e13593df-9927-4062-8ba8-9167d93309ed","value":null}
[debug] &amp#27;[35m[W3C (70081d5f)]&amp#27;[39m Responding to client with driver.clear() result: null
&amp#27;[35m[HTTP]&amp#27;[39m &amp#27;[37m<-- POST /wd/hub/session/70081d5f-320b-405a-a317-43f80afff043/element/0aa04b05-b603-4cb8-8fca-98b7af572402/clear &amp#27;[39m&amp#27;[32m200&amp#27;[39m &amp#27;[90m18 ms - 14&amp#27;[39m
&amp#27;[35m[HTTP]&amp#27;[39m &amp#27;[90m&amp#27;[39m
&amp#27;[35m[HTTP]&amp#27;[39m &amp#27;[37m-->&amp#27;[39m &amp#27;[37mGET&amp#27;[39m &amp#27;[37m/wd/hub/session/70081d5f-320b-405a-a317-43f80afff043/context&amp#27;[39m
&amp#27;[35m[HTTP]&amp#27;[39m &amp#27;[90m{}&amp#27;[39m
[debug] &amp#27;[35m[W3C (70081d5f)]&amp#27;[39m Calling AppiumDriver.getCurrentContext() with args: ["70081d5f-320b-405a-a317-43f80afff043"]
[debug] &amp#27;[35m[W3C (70081d5f)]&amp#27;[39m Responding to client with driver.getCurrentContext() result: "NATIVE_APP"
&amp#27;[35m[HTTP]&amp#27;[39m &amp#27;[37m<-- GET /wd/hub/session/70081d5f-320b-405a-a317-43f80afff043/context &amp#27;[39m&amp#27;[32m200&amp#27;[39m &amp#27;[90m1 ms - 22&amp#27;[39m
&amp#27;[35m[HTTP]&amp#27;[39m &amp#27;[90m&amp#27;[39m
&amp#27;[35m[HTTP]&amp#27;[39m &amp#27;[37m-->&amp#27;[39m &amp#27;[37mPOST&amp#27;[39m &amp#27;[37m/wd/hub/session/70081d5f-320b-405a-a317-43f80afff043/element&amp#27;[39m
&amp#27;[35m[HTTP]&amp#27;[39m &amp#27;[90m{"using":"accessibility id","value":"test-Password"}&amp#27;[39m
[debug] &amp#27;[35m[W3C (70081d5f)]&amp#27;[39m Calling AppiumDriver.findElement() with args: ["accessibility id","test-Password","70081d5f-320b-405a-a317-43f80afff043"]
[debug] &amp#27;[35m[BaseDriver]&amp#27;[39m Valid locator strategies for this request: xpath, id, class name, accessibility id, -android uiautomator
[debug] &amp#27;[35m[BaseDriver]&amp#27;[39m Waiting up to 0 ms for condition
[debug] &amp#27;[35m[WD Proxy]&amp#27;[39m Matched '/element' to command name 'findElement'
[debug] &amp#27;[35m[WD Proxy]&amp#27;[39m Proxying [POST /element] to [POST http://127.0.0.1:10000/wd/hub/session/e13593df-9927-4062-8ba8-9167d93309ed/element] with body: {"strategy":"accessibility id","selector":"test-Password","context":"","multiple":false}
[debug] &amp#27;[35m[WD Proxy]&amp#27;[39m Got response with status 200: {"sessionId":"e13593df-9927-4062-8ba8-9167d93309ed","value":{"ELEMENT":"3444931e-b963-4a3b-a1d6-d427dd70a90b","element-6066-11e4-a52e-4f735466cecf":"3444931e-b963-4a3b-a1d6-d427dd70a90b"}}
[debug] &amp#27;[35m[W3C (70081d5f)]&amp#27;[39m Responding to client with driver.findElement() result: {"element-6066-11e4-a52e-4f735466cecf":"3444931e-b963-4a3b-a1d6-d427dd70a90b","ELEMENT":"3444931e-b963-4a3b-a1d6-d427dd70a90b"}
&amp#27;[35m[HTTP]&amp#27;[39m &amp#27;[37m<-- POST /wd/hub/session/70081d5f-320b-405a-a317-43f80afff043/element &amp#27;[39m&amp#27;[32m200&amp#27;[39m &amp#27;[90m506 ms - 137&amp#27;[39m
&amp#27;[35m[HTTP]&amp#27;[39m &amp#27;[90m&amp#27;[39m
&amp#27;[35m[HTTP]&amp#27;[39m &amp#27;[37m-->&amp#27;[39m &amp#27;[37mGET&amp#27;[39m &amp#27;[37m/wd/hub/session/70081d5f-320b-405a-a317-43f80afff043/element/3444931e-b963-4a3b-a1d6-d427dd70a90b/text&amp#27;[39m
&amp#27;[35m[HTTP]&amp#27;[39m &amp#27;[90m{}&amp#27;[39m
&amp#27;[35m[W3C (70081d5f)]&amp#27;[39m Driver proxy active, passing request on via HTTP proxy
[debug] &amp#27;[35m[WD Proxy]&amp#27;[39m Matched '/wd/hub/session/70081d5f-320b-405a-a317-43f80afff043/element/3444931e-b963-4a3b-a1d6-d427dd70a90b/text' to command name 'getText'
[debug] &amp#27;[35m[WD Proxy]&amp#27;[39m Proxying [GET /wd/hub/session/70081d5f-320b-405a-a317-43f80afff043/element/3444931e-b963-4a3b-a1d6-d427dd70a90b/text] to [GET http://127.0.0.1:10000/wd/hub/session/e13593df-9927-4062-8ba8-9167d93309ed/element/3444931e-b963-4a3b-a1d6-d427dd70a90b/text] with no body
[debug] &amp#27;[35m[WD Proxy]&amp#27;[39m Got response with status 200: {"sessionId":"e13593df-9927-4062-8ba8-9167d93309ed","value":"Password"}
&amp#27;[35m[WD Proxy]&amp#27;[39m Replacing sessionId e13593df-9927-4062-8ba8-9167d93309ed with 70081d5f-320b-405a-a317-43f80afff043
&amp#27;[35m[HTTP]&amp#27;[39m &amp#27;[37m<-- GET /wd/hub/session/70081d5f-320b-405a-a317-43f80afff043/element/3444931e-b963-4a3b-a1d6-d427dd70a90b/text &amp#27;[39m&amp#27;[32m200&amp#27;[39m &amp#27;[90m12 ms - 71&amp#27;[39m
&amp#27;[35m[HTTP]&amp#27;[39m &amp#27;[90m&amp#27;[39m
&amp#27;[35m[HTTP]&amp#27;[39m &amp#27;[37m-->&amp#27;[39m &amp#27;[37mGET&amp#27;[39m &amp#27;[37m/wd/hub/session/70081d5f-320b-405a-a317-43f80afff043/context&amp#27;[39m
&amp#27;[35m[HTTP]&amp#27;[39m &amp#27;[90m{}&amp#27;[39m
[debug] &amp#27;[35m[W3C (70081d5f)]&amp#27;[39m Calling AppiumDriver.getCurrentContext() with args: ["70081d5f-320b-405a-a317-43f80afff043"]
[debug] &amp#27;[35m[W3C (70081d5f)]&amp#27;[39m Responding to client with driver.getCurrentContext() result: "NATIVE_APP"
&amp#27;[35m[HTTP]&amp#27;[39m &amp#27;[37m<-- GET /wd/hub/session/70081d5f-320b-405a-a317-43f80afff043/context &amp#27;[39m&amp#27;[32m200&amp#27;[39m &amp#27;[90m1 ms - 22&amp#27;[39m
&amp#27;[35m[HTTP]&amp#27;[39m &amp#27;[90m&amp#27;[39m
&amp#27;[35m[HTTP]&amp#27;[39m &amp#27;[37m-->&amp#27;[39m &amp#27;[37mPOST&amp#27;[39m &amp#27;[37m/wd/hub/session/70081d5f-320b-405a-a317-43f80afff043/element&amp#27;[39m
&amp#27;[35m[HTTP]&amp#27;[39m &amp#27;[90m{"using":"accessibility id","value":"test-Password"}&amp#27;[39m
[debug] &amp#27;[35m[W3C (70081d5f)]&amp#27;[39m Calling AppiumDriver.findElement() with args: ["accessibility id","test-Password","70081d5f-320b-405a-a317-43f80afff043"]
[debug] &amp#27;[35m[BaseDriver]&amp#27;[39m Valid locator strategies for this request: xpath, id, class name, accessibility id, -android uiautomator
[debug] &amp#27;[35m[BaseDriver]&amp#27;[39m Waiting up to 0 ms for condition
[debug] &amp#27;[35m[WD Proxy]&amp#27;[39m Matched '/element' to command name 'findElement'
[debug] &amp#27;[35m[WD Proxy]&amp#27;[39m Proxying [POST /element] to [POST http://127.0.0.1:10000/wd/hub/session/e13593df-9927-4062-8ba8-9167d93309ed/element] with body: {"strategy":"accessibility id","selector":"test-Password","context":"","multiple":false}
[debug] &amp#27;[35m[WD Proxy]&amp#27;[39m Got response with status 200: {"sessionId":"e13593df-9927-4062-8ba8-9167d93309ed","value":{"ELEMENT":"8ac79816-60eb-4b7f-b2e3-a407be6e4286","element-6066-11e4-a52e-4f735466cecf":"8ac79816-60eb-4b7f-b2e3-a407be6e4286"}}
[debug] &amp#27;[35m[W3C (70081d5f)]&amp#27;[39m Responding to client with driver.findElement() result: {"element-6066-11e4-a52e-4f735466cecf":"8ac79816-60eb-4b7f-b2e3-a407be6e4286","ELEMENT":"8ac79816-60eb-4b7f-b2e3-a407be6e4286"}
&amp#27;[35m[HTTP]&amp#27;[39m &amp#27;[37m<-- POST /wd/hub/session/70081d5f-320b-405a-a317-43f80afff043/element &amp#27;[39m&amp#27;[32m200&amp#27;[39m &amp#27;[90m17 ms - 137&amp#27;[39m
&amp#27;[35m[HTTP]&amp#27;[39m &amp#27;[90m&amp#27;[39m
&amp#27;[35m[HTTP]&amp#27;[39m &amp#27;[37m-->&amp#27;[39m &amp#27;[37mGET&amp#27;[39m &amp#27;[37m/wd/hub/session/70081d5f-320b-405a-a317-43f80afff043/element/8ac79816-60eb-4b7f-b2e3-a407be6e4286/displayed&amp#27;[39m
&amp#27;[35m[HTTP]&amp#27;[39m &amp#27;[90m{}&amp#27;[39m
[debug] &amp#27;[35m[W3C (70081d5f)]&amp#27;[39m Calling AppiumDriver.elementDisplayed() with args: ["8ac79816-60eb-4b7f-b2e3-a407be6e4286","70081d5f-320b-405a-a317-43f80afff043"]
[debug] &amp#27;[35m[WD Proxy]&amp#27;[39m Matched '/element/8ac79816-60eb-4b7f-b2e3-a407be6e4286/attribute/displayed' to command name 'getAttribute'
[debug] &amp#27;[35m[WD Proxy]&amp#27;[39m Proxying [GET /element/8ac79816-60eb-4b7f-b2e3-a407be6e4286/attribute/displayed] to [GET http://127.0.0.1:10000/wd/hub/session/e13593df-9927-4062-8ba8-9167d93309ed/element/8ac79816-60eb-4b7f-b2e3-a407be6e4286/attribute/displayed] with no body
[debug] &amp#27;[35m[WD Proxy]&amp#27;[39m Got response with status 200: {"sessionId":"e13593df-9927-4062-8ba8-9167d93309ed","value":"true"}
[debug] &amp#27;[35m[W3C (70081d5f)]&amp#27;[39m Responding to client with driver.elementDisplayed() result: true
&amp#27;[35m[HTTP]&amp#27;[39m &amp#27;[37m<-- GET /wd/hub/session/70081d5f-320b-405a-a317-43f80afff043/element/8ac79816-60eb-4b7f-b2e3-a407be6e4286/displayed &amp#27;[39m&amp#27;[32m200&amp#27;[39m &amp#27;[90m10 ms - 14&amp#27;[39m
&amp#27;[35m[HTTP]&amp#27;[39m &amp#27;[90m&amp#27;[39m
&amp#27;[35m[HTTP]&amp#27;[39m &amp#27;[37m-->&amp#27;[39m &amp#27;[37mGET&amp#27;[39m &amp#27;[37m/wd/hub/session/70081d5f-320b-405a-a317-43f80afff043/context&amp#27;[39m
&amp#27;[35m[HTTP]&amp#27;[39m &amp#27;[90m{}&amp#27;[39m
[debug] &amp#27;[35m[W3C (70081d5f)]&amp#27;[39m Calling AppiumDriver.getCurrentContext() with args: ["70081d5f-320b-405a-a317-43f80afff043"]
[debug] &amp#27;[35m[W3C (70081d5f)]&amp#27;[39m Responding to client with driver.getCurrentContext() result: "NATIVE_APP"
&amp#27;[35m[HTTP]&amp#27;[39m &amp#27;[37m<-- GET /wd/hub/session/70081d5f-320b-405a-a317-43f80afff043/context &amp#27;[39m&amp#27;[32m200&amp#27;[39m &amp#27;[90m1 ms - 22&amp#27;[39m
&amp#27;[35m[HTTP]&amp#27;[39m &amp#27;[90m&amp#27;[39m
&amp#27;[35m[HTTP]&amp#27;[39m &amp#27;[37m-->&amp#27;[39m &amp#27;[37mPOST&amp#27;[39m &amp#27;[37m/wd/hub/session/70081d5f-320b-405a-a317-43f80afff043/element&amp#27;[39m
&amp#27;[35m[HTTP]&amp#27;[39m &amp#27;[90m{"using":"accessibility id","value":"test-Password"}&amp#27;[39m
[debug] &amp#27;[35m[W3C (70081d5f)]&amp#27;[39m Calling AppiumDriver.findElement() with args: ["accessibility id","test-Password","70081d5f-320b-405a-a317-43f80afff043"]
[debug] &amp#27;[35m[BaseDriver]&amp#27;[39m Valid locator strategies for this request: xpath, id, class name, accessibility id, -android uiautomator
[debug] &amp#27;[35m[BaseDriver]&amp#27;[39m Waiting up to 0 ms for condition
[debug] &amp#27;[35m[WD Proxy]&amp#27;[39m Matched '/element' to command name 'findElement'
[debug] &amp#27;[35m[WD Proxy]&amp#27;[39m Proxying [POST /element] to [POST http://127.0.0.1:10000/wd/hub/session/e13593df-9927-4062-8ba8-9167d93309ed/element] with body: {"strategy":"accessibility id","selector":"test-Password","context":"","multiple":false}
[debug] &amp#27;[35m[WD Proxy]&amp#27;[39m Got response with status 200: {"sessionId":"e13593df-9927-4062-8ba8-9167d93309ed","value":{"ELEMENT":"a590d581-86db-42f8-8386-db00e66e304c","element-6066-11e4-a52e-4f735466cecf":"a590d581-86db-42f8-8386-db00e66e304c"}}
[debug] &amp#27;[35m[W3C (70081d5f)]&amp#27;[39m Responding to client with driver.findElement() result: {"element-6066-11e4-a52e-4f735466cecf":"a590d581-86db-42f8-8386-db00e66e304c","ELEMENT":"a590d581-86db-42f8-8386-db00e66e304c"}
&amp#27;[35m[HTTP]&amp#27;[39m &amp#27;[37m<-- POST /wd/hub/session/70081d5f-320b-405a-a317-43f80afff043/element &amp#27;[39m&amp#27;[32m200&amp#27;[39m &amp#27;[90m27 ms - 137&amp#27;[39m
&amp#27;[35m[HTTP]&amp#27;[39m &amp#27;[90m&amp#27;[39m
&amp#27;[35m[HTTP]&amp#27;[39m &amp#27;[37m-->&amp#27;[39m &amp#27;[37mGET&amp#27;[39m &amp#27;[37m/wd/hub/session/70081d5f-320b-405a-a317-43f80afff043/element/a590d581-86db-42f8-8386-db00e66e304c/text&amp#27;[39m
&amp#27;[35m[HTTP]&amp#27;[39m &amp#27;[90m{}&amp#27;[39m
&amp#27;[35m[W3C (70081d5f)]&amp#27;[39m Driver proxy active, passing request on via HTTP proxy
[debug] &amp#27;[35m[WD Proxy]&amp#27;[39m Matched '/wd/hub/session/70081d5f-320b-405a-a317-43f80afff043/element/a590d581-86db-42f8-8386-db00e66e304c/text' to command name 'getText'
[debug] &amp#27;[35m[WD Proxy]&amp#27;[39m Proxying [GET /wd/hub/session/70081d5f-320b-405a-a317-43f80afff043/element/a590d581-86db-42f8-8386-db00e66e304c/text] to [GET http://127.0.0.1:10000/wd/hub/session/e13593df-9927-4062-8ba8-9167d93309ed/element/a590d581-86db-42f8-8386-db00e66e304c/text] with no body
[debug] &amp#27;[35m[WD Proxy]&amp#27;[39m Got response with status 200: {"sessionId":"e13593df-9927-4062-8ba8-9167d93309ed","value":"Password"}
&amp#27;[35m[WD Proxy]&amp#27;[39m Replacing sessionId e13593df-9927-4062-8ba8-9167d93309ed with 70081d5f-320b-405a-a317-43f80afff043
&amp#27;[35m[HTTP]&amp#27;[39m &amp#27;[37m<-- GET /wd/hub/session/70081d5f-320b-405a-a317-43f80afff043/element/a590d581-86db-42f8-8386-db00e66e304c/text &amp#27;[39m&amp#27;[32m200&amp#27;[39m &amp#27;[90m11 ms - 71&amp#27;[39m
&amp#27;[35m[HTTP]&amp#27;[39m &amp#27;[90m&amp#27;[39m
&amp#27;[35m[HTTP]&amp#27;[39m &amp#27;[37m-->&amp#27;[39m &amp#27;[37mGET&amp#27;[39m &amp#27;[37m/wd/hub/session/70081d5f-320b-405a-a317-43f80afff043/context&amp#27;[39m
&amp#27;[35m[HTTP]&amp#27;[39m &amp#27;[90m{}&amp#27;[39m
[debug] &amp#27;[35m[W3C (70081d5f)]&amp#27;[39m Calling AppiumDriver.getCurrentContext() with args: ["70081d5f-320b-405a-a317-43f80afff043"]
[debug] &amp#27;[35m[W3C (70081d5f)]&amp#27;[39m Responding to client with driver.getCurrentContext() result: "NATIVE_APP"
&amp#27;[35m[HTTP]&amp#27;[39m &amp#27;[37m<-- GET /wd/hub/session/70081d5f-320b-405a-a317-43f80afff043/context &amp#27;[39m&amp#27;[32m200&amp#27;[39m &amp#27;[90m1 ms - 22&amp#27;[39m
&amp#27;[35m[HTTP]&amp#27;[39m &amp#27;[90m&amp#27;[39m
&amp#27;[35m[HTTP]&amp#27;[39m &amp#27;[37m-->&amp#27;[39m &amp#27;[37mPOST&amp#27;[39m &amp#27;[37m/wd/hub/session/70081d5f-320b-405a-a317-43f80afff043/element&amp#27;[39m
&amp#27;[35m[HTTP]&amp#27;[39m &amp#27;[90m{"using":"accessibility id","value":"test-Password"}&amp#27;[39m
[debug] &amp#27;[35m[W3C (70081d5f)]&amp#27;[39m Calling AppiumDriver.findElement() with args: ["accessibility id","test-Password","70081d5f-320b-405a-a317-43f80afff043"]
[debug] &amp#27;[35m[BaseDriver]&amp#27;[39m Valid locator strategies for this request: xpath, id, class name, accessibility id, -android uiautomator
[debug] &amp#27;[35m[BaseDriver]&amp#27;[39m Waiting up to 0 ms for condition
[debug] &amp#27;[35m[WD Proxy]&amp#27;[39m Matched '/element' to command name 'findElement'
[debug] &amp#27;[35m[WD Proxy]&amp#27;[39m Proxying [POST /element] to [POST http://127.0.0.1:10000/wd/hub/session/e13593df-9927-4062-8ba8-9167d93309ed/element] with body: {"strategy":"accessibility id","selector":"test-Password","context":"","multiple":false}
[debug] &amp#27;[35m[WD Proxy]&amp#27;[39m Got response with status 200: {"sessionId":"e13593df-9927-4062-8ba8-9167d93309ed","value":{"ELEMENT":"7eeaf025-292b-442e-a22c-74a433157d34","element-6066-11e4-a52e-4f735466cecf":"7eeaf025-292b-442e-a22c-74a433157d34"}}
[debug] &amp#27;[35m[W3C (70081d5f)]&amp#27;[39m Responding to client with driver.findElement() result: {"element-6066-11e4-a52e-4f735466cecf":"7eeaf025-292b-442e-a22c-74a433157d34","ELEMENT":"7eeaf025-292b-442e-a22c-74a433157d34"}
&amp#27;[35m[HTTP]&amp#27;[39m &amp#27;[37m<-- POST /wd/hub/session/70081d5f-320b-405a-a317-43f80afff043/element &amp#27;[39m&amp#27;[32m200&amp#27;[39m &amp#27;[90m15 ms - 137&amp#27;[39m
&amp#27;[35m[HTTP]&amp#27;[39m &amp#27;[90m&amp#27;[39m
&amp#27;[35m[HTTP]&amp#27;[39m &amp#27;[37m-->&amp#27;[39m &amp#27;[37mPOST&amp#27;[39m &amp#27;[37m/wd/hub/session/70081d5f-320b-405a-a317-43f80afff043/element/7eeaf025-292b-442e-a22c-74a433157d34/value&amp#27;[39m
&amp#27;[35m[HTTP]&amp#27;[39m &amp#27;[90m{"id":"7eeaf025-292b-442e-a22c-74a433157d34","text":"secret_sauce","value":["s","e","c","r","e","t","_","s","a","u","c","e"]}&amp#27;[39m
[debug] &amp#27;[35m[W3C (70081d5f)]&amp#27;[39m Calling AppiumDriver.setValue() with args: [["s","e","c","r","e","t","_","s","a","u","c","e"],"7eeaf025-292b-442e-a22c-74a433157d34","70081d5f-320b-405a-a317-43f80afff043"]
[debug] &amp#27;[35m[WD Proxy]&amp#27;[39m Matched '/element/7eeaf025-292b-442e-a22c-74a433157d34/value' to command name 'setValue'
[debug] &amp#27;[35m[Protocol Converter]&amp#27;[39m Added 'value' property ["s","e","c","r","e","t","_","s","a","u","c","e"] to 'setValue' request body
[debug] &amp#27;[35m[WD Proxy]&amp#27;[39m Proxying [POST /element/7eeaf025-292b-442e-a22c-74a433157d34/value] to [POST http://127.0.0.1:10000/wd/hub/session/e13593df-9927-4062-8ba8-9167d93309ed/element/7eeaf025-292b-442e-a22c-74a433157d34/value] with body: {"elementId":"7eeaf025-292b-442e-a22c-74a433157d34","text":"secret_sauce","replace":false,"value":["s","e","c","r","e","t","_","s","a","u","c","e"]}
[debug] &amp#27;[35m[WD Proxy]&amp#27;[39m Got response with status 200: {"sessionId":"e13593df-9927-4062-8ba8-9167d93309ed","value":null}
[debug] &amp#27;[35m[W3C (70081d5f)]&amp#27;[39m Responding to client with driver.setValue() result: null
&amp#27;[35m[HTTP]&amp#27;[39m &amp#27;[37m<-- POST /wd/hub/session/70081d5f-320b-405a-a317-43f80afff043/element/7eeaf025-292b-442e-a22c-74a433157d34/value &amp#27;[39m&amp#27;[32m200&amp#27;[39m &amp#27;[90m31 ms - 14&amp#27;[39m
&amp#27;[35m[HTTP]&amp#27;[39m &amp#27;[90m&amp#27;[39m
&amp#27;[35m[HTTP]&amp#27;[39m &amp#27;[37m-->&amp#27;[39m &amp#27;[37mGET&amp#27;[39m &amp#27;[37m/wd/hub/session/70081d5f-320b-405a-a317-43f80afff043/context&amp#27;[39m
&amp#27;[35m[HTTP]&amp#27;[39m &amp#27;[90m{}&amp#27;[39m
[debug] &amp#27;[35m[W3C (70081d5f)]&amp#27;[39m Calling AppiumDriver.getCurrentContext() with args: ["70081d5f-320b-405a-a317-43f80afff043"]
[debug] &amp#27;[35m[W3C (70081d5f)]&amp#27;[39m Responding to client with driver.getCurrentContext() result: "NATIVE_APP"
&amp#27;[35m[HTTP]&amp#27;[39m &amp#27;[37m<-- GET /wd/hub/session/70081d5f-320b-405a-a317-43f80afff043/context &amp#27;[39m&amp#27;[32m200&amp#27;[39m &amp#27;[90m1 ms - 22&amp#27;[39m
&amp#27;[35m[HTTP]&amp#27;[39m &amp#27;[90m&amp#27;[39m
&amp#27;[35m[HTTP]&amp#27;[39m &amp#27;[37m-->&amp#27;[39m &amp#27;[37mPOST&amp#27;[39m &amp#27;[37m/wd/hub/session/70081d5f-320b-405a-a317-43f80afff043/element&amp#27;[39m
&amp#27;[35m[HTTP]&amp#27;[39m &amp#27;[90m{"using":"accessibility id","value":"test-Password"}&amp#27;[39m
[debug] &amp#27;[35m[W3C (70081d5f)]&amp#27;[39m Calling AppiumDriver.findElement() with args: ["accessibility id","test-Password","70081d5f-320b-405a-a317-43f80afff043"]
[debug] &amp#27;[35m[BaseDriver]&amp#27;[39m Valid locator strategies for this request: xpath, id, class name, accessibility id, -android uiautomator
[debug] &amp#27;[35m[BaseDriver]&amp#27;[39m Waiting up to 0 ms for condition
[debug] &amp#27;[35m[WD Proxy]&amp#27;[39m Matched '/element' to command name 'findElement'
[debug] &amp#27;[35m[WD Proxy]&amp#27;[39m Proxying [POST /element] to [POST http://127.0.0.1:10000/wd/hub/session/e13593df-9927-4062-8ba8-9167d93309ed/element] with body: {"strategy":"accessibility id","selector":"test-Password","context":"","multiple":false}
[debug] &amp#27;[35m[WD Proxy]&amp#27;[39m Got response with status 200: {"sessionId":"e13593df-9927-4062-8ba8-9167d93309ed","value":{"ELEMENT":"5b8e6556-ac88-44de-b591-3de57e945342","element-6066-11e4-a52e-4f735466cecf":"5b8e6556-ac88-44de-b591-3de57e945342"}}
[debug] &amp#27;[35m[W3C (70081d5f)]&amp#27;[39m Responding to client with driver.findElement() result: {"element-6066-11e4-a52e-4f735466cecf":"5b8e6556-ac88-44de-b591-3de57e945342","ELEMENT":"5b8e6556-ac88-44de-b591-3de57e945342"}
&amp#27;[35m[HTTP]&amp#27;[39m &amp#27;[37m<-- POST /wd/hub/session/70081d5f-320b-405a-a317-43f80afff043/element &amp#27;[39m&amp#27;[32m200&amp#27;[39m &amp#27;[90m507 ms - 137&amp#27;[39m
&amp#27;[35m[HTTP]&amp#27;[39m &amp#27;[90m&amp#27;[39m
&amp#27;[35m[HTTP]&amp#27;[39m &amp#27;[37m-->&amp#27;[39m &amp#27;[37mGET&amp#27;[39m &amp#27;[37m/wd/hub/session/70081d5f-320b-405a-a317-43f80afff043/element/5b8e6556-ac88-44de-b591-3de57e945342/text&amp#27;[39m
&amp#27;[35m[HTTP]&amp#27;[39m &amp#27;[90m{}&amp#27;[39m
&amp#27;[35m[W3C (70081d5f)]&amp#27;[39m Driver proxy active, passing request on via HTTP proxy
[debug] &amp#27;[35m[WD Proxy]&amp#27;[39m Matched '/wd/hub/session/70081d5f-320b-405a-a317-43f80afff043/element/5b8e6556-ac88-44de-b591-3de57e945342/text' to command name 'getText'
[debug] &amp#27;[35m[WD Proxy]&amp#27;[39m Proxying [GET /wd/hub/session/70081d5f-320b-405a-a317-43f80afff043/element/5b8e6556-ac88-44de-b591-3de57e945342/text] to [GET http://127.0.0.1:10000/wd/hub/session/e13593df-9927-4062-8ba8-9167d93309ed/element/5b8e6556-ac88-44de-b591-3de57e945342/text] with no body
[debug] &amp#27;[35m[WD Proxy]&amp#27;[39m Got response with status 200: {"sessionId":"e13593df-9927-4062-8ba8-9167d93309ed","value":"������������������������������������"}
&amp#27;[35m[WD Proxy]&amp#27;[39m Replacing sessionId e13593df-9927-4062-8ba8-9167d93309ed with 70081d5f-320b-405a-a317-43f80afff043
&amp#27;[35m[HTTP]&amp#27;[39m &amp#27;[37m<-- GET /wd/hub/session/70081d5f-320b-405a-a317-43f80afff043/element/5b8e6556-ac88-44de-b591-3de57e945342/text &amp#27;[39m&amp#27;[32m200&amp#27;[39m &amp#27;[90m11 ms - 99&amp#27;[39m
&amp#27;[35m[HTTP]&amp#27;[39m &amp#27;[90m&amp#27;[39m
&amp#27;[35m[HTTP]&amp#27;[39m &amp#27;[37m-->&amp#27;[39m &amp#27;[37mGET&amp#27;[39m &amp#27;[37m/wd/hub/session/70081d5f-320b-405a-a317-43f80afff043/context&amp#27;[39m
&amp#27;[35m[HTTP]&amp#27;[39m &amp#27;[90m{}&amp#27;[39m
[debug] &amp#27;[35m[W3C (70081d5f)]&amp#27;[39m Calling AppiumDriver.getCurrentContext() with args: ["70081d5f-320b-405a-a317-43f80afff043"]
[debug] &amp#27;[35m[W3C (70081d5f)]&amp#27;[39m Responding to client with driver.getCurrentContext() result: "NATIVE_APP"
&amp#27;[35m[HTTP]&amp#27;[39m &amp#27;[37m<-- GET /wd/hub/session/70081d5f-320b-405a-a317-43f80afff043/context &amp#27;[39m&amp#27;[32m200&amp#27;[39m &amp#27;[90m1 ms - 22&amp#27;[39m
&amp#27;[35m[HTTP]&amp#27;[39m &amp#27;[90m&amp#27;[39m
&amp#27;[35m[HTTP]&amp#27;[39m &amp#27;[37m-->&amp#27;[39m &amp#27;[37mPOST&amp#27;[39m &amp#27;[37m/wd/hub/session/70081d5f-320b-405a-a317-43f80afff043/element&amp#27;[39m
&amp#27;[35m[HTTP]&amp#27;[39m &amp#27;[90m{"using":"accessibility id","value":"test-LOGIN"}&amp#27;[39m
[debug] &amp#27;[35m[W3C (70081d5f)]&amp#27;[39m Calling AppiumDriver.findElement() with args: ["accessibility id","test-LOGIN","70081d5f-320b-405a-a317-43f80afff043"]
[debug] &amp#27;[35m[BaseDriver]&amp#27;[39m Valid locator strategies for this request: xpath, id, class name, accessibility id, -android uiautomator
[debug] &amp#27;[35m[BaseDriver]&amp#27;[39m Waiting up to 0 ms for condition
[debug] &amp#27;[35m[WD Proxy]&amp#27;[39m Matched '/element' to command name 'findElement'
[debug] &amp#27;[35m[WD Proxy]&amp#27;[39m Proxying [POST /element] to [POST http://127.0.0.1:10000/wd/hub/session/e13593df-9927-4062-8ba8-9167d93309ed/element] with body: {"strategy":"accessibility id","selector":"test-LOGIN","context":"","multiple":false}
[debug] &amp#27;[35m[WD Proxy]&amp#27;[39m Got response with status 200: {"sessionId":"e13593df-9927-4062-8ba8-9167d93309ed","value":{"ELEMENT":"e1d40956-35ce-45f9-84d2-6d8d8b3cc244","element-6066-11e4-a52e-4f735466cecf":"e1d40956-35ce-45f9-84d2-6d8d8b3cc244"}}
[debug] &amp#27;[35m[W3C (70081d5f)]&amp#27;[39m Responding to client with driver.findElement() result: {"element-6066-11e4-a52e-4f735466cecf":"e1d40956-35ce-45f9-84d2-6d8d8b3cc244","ELEMENT":"e1d40956-35ce-45f9-84d2-6d8d8b3cc244"}
&amp#27;[35m[HTTP]&amp#27;[39m &amp#27;[37m<-- POST /wd/hub/session/70081d5f-320b-405a-a317-43f80afff043/element &amp#27;[39m&amp#27;[32m200&amp#27;[39m &amp#27;[90m19 ms - 137&amp#27;[39m
&amp#27;[35m[HTTP]&amp#27;[39m &amp#27;[90m&amp#27;[39m
&amp#27;[35m[HTTP]&amp#27;[39m &amp#27;[37m-->&amp#27;[39m &amp#27;[37mGET&amp#27;[39m &amp#27;[37m/wd/hub/session/70081d5f-320b-405a-a317-43f80afff043/element/e1d40956-35ce-45f9-84d2-6d8d8b3cc244/displayed&amp#27;[39m
&amp#27;[35m[HTTP]&amp#27;[39m &amp#27;[90m{}&amp#27;[39m
[debug] &amp#27;[35m[W3C (70081d5f)]&amp#27;[39m Calling AppiumDriver.elementDisplayed() with args: ["e1d40956-35ce-45f9-84d2-6d8d8b3cc244","70081d5f-320b-405a-a317-43f80afff043"]
[debug] &amp#27;[35m[WD Proxy]&amp#27;[39m Matched '/element/e1d40956-35ce-45f9-84d2-6d8d8b3cc244/attribute/displayed' to command name 'getAttribute'
[debug] &amp#27;[35m[WD Proxy]&amp#27;[39m Proxying [GET /element/e1d40956-35ce-45f9-84d2-6d8d8b3cc244/attribute/displayed] to [GET http://127.0.0.1:10000/wd/hub/session/e13593df-9927-4062-8ba8-9167d93309ed/element/e1d40956-35ce-45f9-84d2-6d8d8b3cc244/attribute/displayed] with no body
[debug] &amp#27;[35m[WD Proxy]&amp#27;[39m Got response with status 200: {"sessionId":"e13593df-9927-4062-8ba8-9167d93309ed","value":"true"}
[debug] &amp#27;[35m[W3C (70081d5f)]&amp#27;[39m Responding to client with driver.elementDisplayed() result: true
&amp#27;[35m[HTTP]&amp#27;[39m &amp#27;[37m<-- GET /wd/hub/session/70081d5f-320b-405a-a317-43f80afff043/element/e1d40956-35ce-45f9-84d2-6d8d8b3cc244/displayed &amp#27;[39m&amp#27;[32m200&amp#27;[39m &amp#27;[90m10 ms - 14&amp#27;[39m
&amp#27;[35m[HTTP]&amp#27;[39m &amp#27;[90m&amp#27;[39m
&amp#27;[35m[HTTP]&amp#27;[39m &amp#27;[37m-->&amp#27;[39m &amp#27;[37mGET&amp#27;[39m &amp#27;[37m/wd/hub/session/70081d5f-320b-405a-a317-43f80afff043/context&amp#27;[39m
&amp#27;[35m[HTTP]&amp#27;[39m &amp#27;[90m{}&amp#27;[39m
[debug] &amp#27;[35m[W3C (70081d5f)]&amp#27;[39m Calling AppiumDriver.getCurrentContext() with args: ["70081d5f-320b-405a-a317-43f80afff043"]
[debug] &amp#27;[35m[W3C (70081d5f)]&amp#27;[39m Responding to client with driver.getCurrentContext() result: "NATIVE_APP"
&amp#27;[35m[HTTP]&amp#27;[39m &amp#27;[37m<-- GET /wd/hub/session/70081d5f-320b-405a-a317-43f80afff043/context &amp#27;[39m&amp#27;[32m200&amp#27;[39m &amp#27;[90m1 ms - 22&amp#27;[39m
&amp#27;[35m[HTTP]&amp#27;[39m &amp#27;[90m&amp#27;[39m
&amp#27;[35m[HTTP]&amp#27;[39m &amp#27;[37m-->&amp#27;[39m &amp#27;[37mPOST&amp#27;[39m &amp#27;[37m/wd/hub/session/70081d5f-320b-405a-a317-43f80afff043/element&amp#27;[39m
&amp#27;[35m[HTTP]&amp#27;[39m &amp#27;[90m{"using":"accessibility id","value":"test-LOGIN"}&amp#27;[39m
[debug] &amp#27;[35m[W3C (70081d5f)]&amp#27;[39m Calling AppiumDriver.findElement() with args: ["accessibility id","test-LOGIN","70081d5f-320b-405a-a317-43f80afff043"]
[debug] &amp#27;[35m[BaseDriver]&amp#27;[39m Valid locator strategies for this request: xpath, id, class name, accessibility id, -android uiautomator
[debug] &amp#27;[35m[BaseDriver]&amp#27;[39m Waiting up to 0 ms for condition
[debug] &amp#27;[35m[WD Proxy]&amp#27;[39m Matched '/element' to command name 'findElement'
[debug] &amp#27;[35m[WD Proxy]&amp#27;[39m Proxying [POST /element] to [POST http://127.0.0.1:10000/wd/hub/session/e13593df-9927-4062-8ba8-9167d93309ed/element] with body: {"strategy":"accessibility id","selector":"test-LOGIN","context":"","multiple":false}
[debug] &amp#27;[35m[WD Proxy]&amp#27;[39m Got response with status 200: {"sessionId":"e13593df-9927-4062-8ba8-9167d93309ed","value":{"ELEMENT":"5cc8543b-55ac-4fa7-8871-1f4eaffa5703","element-6066-11e4-a52e-4f735466cecf":"5cc8543b-55ac-4fa7-8871-1f4eaffa5703"}}
[debug] &amp#27;[35m[W3C (70081d5f)]&amp#27;[39m Responding to client with driver.findElement() result: {"element-6066-11e4-a52e-4f735466cecf":"5cc8543b-55ac-4fa7-8871-1f4eaffa5703","ELEMENT":"5cc8543b-55ac-4fa7-8871-1f4eaffa5703"}
&amp#27;[35m[HTTP]&amp#27;[39m &amp#27;[37m<-- POST /wd/hub/session/70081d5f-320b-405a-a317-43f80afff043/element &amp#27;[39m&amp#27;[32m200&amp#27;[39m &amp#27;[90m22 ms - 137&amp#27;[39m
&amp#27;[35m[HTTP]&amp#27;[39m &amp#27;[90m&amp#27;[39m
&amp#27;[35m[HTTP]&amp#27;[39m &amp#27;[37m-->&amp#27;[39m &amp#27;[37mGET&amp#27;[39m &amp#27;[37m/wd/hub/session/70081d5f-320b-405a-a317-43f80afff043/element/5cc8543b-55ac-4fa7-8871-1f4eaffa5703/text&amp#27;[39m
&amp#27;[35m[HTTP]&amp#27;[39m &amp#27;[90m{}&amp#27;[39m
&amp#27;[35m[W3C (70081d5f)]&amp#27;[39m Driver proxy active, passing request on via HTTP proxy
[debug] &amp#27;[35m[WD Proxy]&amp#27;[39m Matched '/wd/hub/session/70081d5f-320b-405a-a317-43f80afff043/element/5cc8543b-55ac-4fa7-8871-1f4eaffa5703/text' to command name 'getText'
[debug] &amp#27;[35m[WD Proxy]&amp#27;[39m Proxying [GET /wd/hub/session/70081d5f-320b-405a-a317-43f80afff043/element/5cc8543b-55ac-4fa7-8871-1f4eaffa5703/text] to [GET http://127.0.0.1:10000/wd/hub/session/e13593df-9927-4062-8ba8-9167d93309ed/element/5cc8543b-55ac-4fa7-8871-1f4eaffa5703/text] with no body
[debug] &amp#27;[35m[WD Proxy]&amp#27;[39m Got response with status 200: {"sessionId":"e13593df-9927-4062-8ba8-9167d93309ed","value":""}
&amp#27;[35m[WD Proxy]&amp#27;[39m Replacing sessionId e13593df-9927-4062-8ba8-9167d93309ed with 70081d5f-320b-405a-a317-43f80afff043
&amp#27;[35m[HTTP]&amp#27;[39m &amp#27;[37m<-- GET /wd/hub/session/70081d5f-320b-405a-a317-43f80afff043/element/5cc8543b-55ac-4fa7-8871-1f4eaffa5703/text &amp#27;[39m&amp#27;[32m200&amp#27;[39m &amp#27;[90m12 ms - 63&amp#27;[39m
&amp#27;[35m[HTTP]&amp#27;[39m &amp#27;[90m&amp#27;[39m
&amp#27;[35m[HTTP]&amp#27;[39m &amp#27;[37m-->&amp#27;[39m &amp#27;[37mGET&amp#27;[39m &amp#27;[37m/wd/hub/session/70081d5f-320b-405a-a317-43f80afff043/context&amp#27;[39m
&amp#27;[35m[HTTP]&amp#27;[39m &amp#27;[90m{}&amp#27;[39m
[debug] &amp#27;[35m[W3C (70081d5f)]&amp#27;[39m Calling AppiumDriver.getCurrentContext() with args: ["70081d5f-320b-405a-a317-43f80afff043"]
[debug] &amp#27;[35m[W3C (70081d5f)]&amp#27;[39m Responding to client with driver.getCurrentContext() result: "NATIVE_APP"
&amp#27;[35m[HTTP]&amp#27;[39m &amp#27;[37m<-- GET /wd/hub/session/70081d5f-320b-405a-a317-43f80afff043/context &amp#27;[39m&amp#27;[32m200&amp#27;[39m &amp#27;[90m1 ms - 22&amp#27;[39m
&amp#27;[35m[HTTP]&amp#27;[39m &amp#27;[90m&amp#27;[39m
&amp#27;[35m[HTTP]&amp#27;[39m &amp#27;[37m-->&amp#27;[39m &amp#27;[37mPOST&amp#27;[39m &amp#27;[37m/wd/hub/session/70081d5f-320b-405a-a317-43f80afff043/element&amp#27;[39m
&amp#27;[35m[HTTP]&amp#27;[39m &amp#27;[90m{"using":"accessibility id","value":"test-LOGIN"}&amp#27;[39m
[debug] &amp#27;[35m[W3C (70081d5f)]&amp#27;[39m Calling AppiumDriver.findElement() with args: ["accessibility id","test-LOGIN","70081d5f-320b-405a-a317-43f80afff043"]
[debug] &amp#27;[35m[BaseDriver]&amp#27;[39m Valid locator strategies for this request: xpath, id, class name, accessibility id, -android uiautomator
[debug] &amp#27;[35m[BaseDriver]&amp#27;[39m Waiting up to 0 ms for condition
[debug] &amp#27;[35m[WD Proxy]&amp#27;[39m Matched '/element' to command name 'findElement'
[debug] &amp#27;[35m[WD Proxy]&amp#27;[39m Proxying [POST /element] to [POST http://127.0.0.1:10000/wd/hub/session/e13593df-9927-4062-8ba8-9167d93309ed/element] with body: {"strategy":"accessibility id","selector":"test-LOGIN","context":"","multiple":false}
[debug] &amp#27;[35m[WD Proxy]&amp#27;[39m Got response with status 200: {"sessionId":"e13593df-9927-4062-8ba8-9167d93309ed","value":{"ELEMENT":"25d7059a-7561-46d3-826e-cdd93032a63c","element-6066-11e4-a52e-4f735466cecf":"25d7059a-7561-46d3-826e-cdd93032a63c"}}
[debug] &amp#27;[35m[W3C (70081d5f)]&amp#27;[39m Responding to client with driver.findElement() result: {"element-6066-11e4-a52e-4f735466cecf":"25d7059a-7561-46d3-826e-cdd93032a63c","ELEMENT":"25d7059a-7561-46d3-826e-cdd93032a63c"}
&amp#27;[35m[HTTP]&amp#27;[39m &amp#27;[37m<-- POST /wd/hub/session/70081d5f-320b-405a-a317-43f80afff043/element &amp#27;[39m&amp#27;[32m200&amp#27;[39m &amp#27;[90m19 ms - 137&amp#27;[39m
&amp#27;[35m[HTTP]&amp#27;[39m &amp#27;[90m&amp#27;[39m
&amp#27;[35m[HTTP]&amp#27;[39m &amp#27;[37m-->&amp#27;[39m &amp#27;[37mPOST&amp#27;[39m &amp#27;[37m/wd/hub/session/70081d5f-320b-405a-a317-43f80afff043/element/25d7059a-7561-46d3-826e-cdd93032a63c/click&amp#27;[39m
&amp#27;[35m[HTTP]&amp#27;[39m &amp#27;[90m{"id":"25d7059a-7561-46d3-826e-cdd93032a63c"}&amp#27;[39m
[debug] &amp#27;[35m[W3C (70081d5f)]&amp#27;[39m Calling AppiumDriver.click() with args: ["25d7059a-7561-46d3-826e-cdd93032a63c","70081d5f-320b-405a-a317-43f80afff043"]
[debug] &amp#27;[35m[WD Proxy]&amp#27;[39m Matched '/element/25d7059a-7561-46d3-826e-cdd93032a63c/click' to command name 'click'
[debug] &amp#27;[35m[WD Proxy]&amp#27;[39m Proxying [POST /element/25d7059a-7561-46d3-826e-cdd93032a63c/click] to [POST http://127.0.0.1:10000/wd/hub/session/e13593df-9927-4062-8ba8-9167d93309ed/element/25d7059a-7561-46d3-826e-cdd93032a63c/click] with body: {"element":"25d7059a-7561-46d3-826e-cdd93032a63c"}
[debug] &amp#27;[35m[WD Proxy]&amp#27;[39m Got response with status 200: {"sessionId":"e13593df-9927-4062-8ba8-9167d93309ed","value":null}
[debug] &amp#27;[35m[W3C (70081d5f)]&amp#27;[39m Responding to client with driver.click() result: null
&amp#27;[35m[HTTP]&amp#27;[39m &amp#27;[37m<-- POST /wd/hub/session/70081d5f-320b-405a-a317-43f80afff043/element/25d7059a-7561-46d3-826e-cdd93032a63c/click &amp#27;[39m&amp#27;[32m200&amp#27;[39m &amp#27;[90m55 ms - 14&amp#27;[39m
&amp#27;[35m[HTTP]&amp#27;[39m &amp#27;[90m&amp#27;[39m
&amp#27;[35m[HTTP]&amp#27;[39m &amp#27;[37m-->&amp#27;[39m &amp#27;[37mGET&amp#27;[39m &amp#27;[37m/wd/hub/session/70081d5f-320b-405a-a317-43f80afff043/context&amp#27;[39m
&amp#27;[35m[HTTP]&amp#27;[39m &amp#27;[90m{}&amp#27;[39m
[debug] &amp#27;[35m[W3C (70081d5f)]&amp#27;[39m Calling AppiumDriver.getCurrentContext() with args: ["70081d5f-320b-405a-a317-43f80afff043"]
[debug] &amp#27;[35m[W3C (70081d5f)]&amp#27;[39m Responding to client with driver.getCurrentContext() result: "NATIVE_APP"
&amp#27;[35m[HTTP]&amp#27;[39m &amp#27;[37m<-- GET /wd/hub/session/70081d5f-320b-405a-a317-43f80afff043/context &amp#27;[39m&amp#27;[32m200&amp#27;[39m &amp#27;[90m1 ms - 22&amp#27;[39m
&amp#27;[35m[HTTP]&amp#27;[39m &amp#27;[90m&amp#27;[39m
&amp#27;[35m[HTTP]&amp#27;[39m &amp#27;[37m-->&amp#27;[39m &amp#27;[37mPOST&amp#27;[39m &amp#27;[37m/wd/hub/session/70081d5f-320b-405a-a317-43f80afff043/element&amp#27;[39m
&amp#27;[35m[HTTP]&amp#27;[39m &amp#27;[90m{"using":"accessibility id","value":"test-LOGIN"}&amp#27;[39m
[debug] &amp#27;[35m[W3C (70081d5f)]&amp#27;[39m Calling AppiumDriver.findElement() with args: ["accessibility id","test-LOGIN","70081d5f-320b-405a-a317-43f80afff043"]
[debug] &amp#27;[35m[BaseDriver]&amp#27;[39m Valid locator strategies for this request: xpath, id, class name, accessibility id, -android uiautomator
[debug] &amp#27;[35m[BaseDriver]&amp#27;[39m Waiting up to 0 ms for condition
[debug] &amp#27;[35m[WD Proxy]&amp#27;[39m Matched '/element' to command name 'findElement'
[debug] &amp#27;[35m[WD Proxy]&amp#27;[39m Proxying [POST /element] to [POST http://127.0.0.1:10000/wd/hub/session/e13593df-9927-4062-8ba8-9167d93309ed/element] with body: {"strategy":"accessibility id","selector":"test-LOGIN","context":"","multiple":false}
[debug] &amp#27;[35m[WD Proxy]&amp#27;[39m Got response with status 200: {"sessionId":"e13593df-9927-4062-8ba8-9167d93309ed","value":{"ELEMENT":"ca4cd1ec-0d13-4728-94ef-027a96a9fc27","element-6066-11e4-a52e-4f735466cecf":"ca4cd1ec-0d13-4728-94ef-027a96a9fc27"}}
[debug] &amp#27;[35m[W3C (70081d5f)]&amp#27;[39m Responding to client with driver.findElement() result: {"element-6066-11e4-a52e-4f735466cecf":"ca4cd1ec-0d13-4728-94ef-027a96a9fc27","ELEMENT":"ca4cd1ec-0d13-4728-94ef-027a96a9fc27"}
&amp#27;[35m[HTTP]&amp#27;[39m &amp#27;[37m<-- POST /wd/hub/session/70081d5f-320b-405a-a317-43f80afff043/element &amp#27;[39m&amp#27;[32m200&amp#27;[39m &amp#27;[90m19 ms - 137&amp#27;[39m
&amp#27;[35m[HTTP]&amp#27;[39m &amp#27;[90m&amp#27;[39m
&amp#27;[35m[HTTP]&amp#27;[39m &amp#27;[37m-->&amp#27;[39m &amp#27;[37mGET&amp#27;[39m &amp#27;[37m/wd/hub/session/70081d5f-320b-405a-a317-43f80afff043/element/ca4cd1ec-0d13-4728-94ef-027a96a9fc27/text&amp#27;[39m
&amp#27;[35m[HTTP]&amp#27;[39m &amp#27;[90m{}&amp#27;[39m
&amp#27;[35m[W3C (70081d5f)]&amp#27;[39m Driver proxy active, passing request on via HTTP proxy
[debug] &amp#27;[35m[WD Proxy]&amp#27;[39m Matched '/wd/hub/session/70081d5f-320b-405a-a317-43f80afff043/element/ca4cd1ec-0d13-4728-94ef-027a96a9fc27/text' to command name 'getText'
[debug] &amp#27;[35m[WD Proxy]&amp#27;[39m Proxying [GET /wd/hub/session/70081d5f-320b-405a-a317-43f80afff043/element/ca4cd1ec-0d13-4728-94ef-027a96a9fc27/text] to [GET http://127.0.0.1:10000/wd/hub/session/e13593df-9927-4062-8ba8-9167d93309ed/element/ca4cd1ec-0d13-4728-94ef-027a96a9fc27/text] with no body
[debug] &amp#27;[35m[WD Proxy]&amp#27;[39m Got response with status 200: {"sessionId":"e13593df-9927-4062-8ba8-9167d93309ed","value":""}
&amp#27;[35m[WD Proxy]&amp#27;[39m Replacing sessionId e13593df-9927-4062-8ba8-9167d93309ed with 70081d5f-320b-405a-a317-43f80afff043
&amp#27;[35m[HTTP]&amp#27;[39m &amp#27;[37m<-- GET /wd/hub/session/70081d5f-320b-405a-a317-43f80afff043/element/ca4cd1ec-0d13-4728-94ef-027a96a9fc27/text &amp#27;[39m&amp#27;[32m200&amp#27;[39m &amp#27;[90m10 ms - 63&amp#27;[39m
&amp#27;[35m[HTTP]&amp#27;[39m &amp#27;[90m&amp#27;[39m
&amp#27;[35m[HTTP]&amp#27;[39m &amp#27;[37m-->&amp#27;[39m &amp#27;[37mGET&amp#27;[39m &amp#27;[37m/wd/hub/session/70081d5f-320b-405a-a317-43f80afff043/context&amp#27;[39m
&amp#27;[35m[HTTP]&amp#27;[39m &amp#27;[90m{}&amp#27;[39m
[debug] &amp#27;[35m[W3C (70081d5f)]&amp#27;[39m Calling AppiumDriver.getCurrentContext() with args: ["70081d5f-320b-405a-a317-43f80afff043"]
[debug] &amp#27;[35m[W3C (70081d5f)]&amp#27;[39m Responding to client with driver.getCurrentContext() result: "NATIVE_APP"
&amp#27;[35m[HTTP]&amp#27;[39m &amp#27;[37m<-- GET /wd/hub/session/70081d5f-320b-405a-a317-43f80afff043/context &amp#27;[39m&amp#27;[32m200&amp#27;[39m &amp#27;[90m1 ms - 22&amp#27;[39m
&amp#27;[35m[HTTP]&amp#27;[39m &amp#27;[90m&amp#27;[39m
&amp#27;[35m[HTTP]&amp#27;[39m &amp#27;[37m-->&amp#27;[39m &amp#27;[37mPOST&amp#27;[39m &amp#27;[37m/wd/hub/session/70081d5f-320b-405a-a317-43f80afff043/element&amp#27;[39m
&amp#27;[35m[HTTP]&amp#27;[39m &amp#27;[90m{"using":"xpath","value":"//android.view.ViewGroup[@content-desc='test-Error message']/android.widget.TextView"}&amp#27;[39m
[debug] &amp#27;[35m[W3C (70081d5f)]&amp#27;[39m Calling AppiumDriver.findElement() with args: ["xpath","//android.view.ViewGroup[@content-desc='test-Error message']/android.widget.TextView","70081d5f-320b-405a-a317-43f80afff043"]
[debug] &amp#27;[35m[BaseDriver]&amp#27;[39m Valid locator strategies for this request: xpath, id, class name, accessibility id, -android uiautomator
[debug] &amp#27;[35m[BaseDriver]&amp#27;[39m Waiting up to 0 ms for condition
[debug] &amp#27;[35m[WD Proxy]&amp#27;[39m Matched '/element' to command name 'findElement'
[debug] &amp#27;[35m[WD Proxy]&amp#27;[39m Proxying [POST /element] to [POST http://127.0.0.1:10000/wd/hub/session/e13593df-9927-4062-8ba8-9167d93309ed/element] with body: {"strategy":"xpath","selector":"//android.view.ViewGroup[@content-desc='test-Error message']/android.widget.TextView","context":"","multiple":false}
[debug] &amp#27;[35m[WD Proxy]&amp#27;[39m Got response with status 200: {"sessionId":"e13593df-9927-4062-8ba8-9167d93309ed","value":{"ELEMENT":"4bde829b-6cd7-4788-9afd-883c4b35e669","element-6066-11e4-a52e-4f735466cecf":"4bde829b-6cd7-4788-9afd-883c4b35e669"}}
[debug] &amp#27;[35m[W3C (70081d5f)]&amp#27;[39m Responding to client with driver.findElement() result: {"element-6066-11e4-a52e-4f735466cecf":"4bde829b-6cd7-4788-9afd-883c4b35e669","ELEMENT":"4bde829b-6cd7-4788-9afd-883c4b35e669"}
&amp#27;[35m[HTTP]&amp#27;[39m &amp#27;[37m<-- POST /wd/hub/session/70081d5f-320b-405a-a317-43f80afff043/element &amp#27;[39m&amp#27;[32m200&amp#27;[39m &amp#27;[90m91 ms - 137&amp#27;[39m
&amp#27;[35m[HTTP]&amp#27;[39m &amp#27;[90m&amp#27;[39m
&amp#27;[35m[HTTP]&amp#27;[39m &amp#27;[37m-->&amp#27;[39m &amp#27;[37mGET&amp#27;[39m &amp#27;[37m/wd/hub/session/70081d5f-320b-405a-a317-43f80afff043/element/4bde829b-6cd7-4788-9afd-883c4b35e669/displayed&amp#27;[39m
&amp#27;[35m[HTTP]&amp#27;[39m &amp#27;[90m{}&amp#27;[39m
[debug] &amp#27;[35m[W3C (70081d5f)]&amp#27;[39m Calling AppiumDriver.elementDisplayed() with args: ["4bde829b-6cd7-4788-9afd-883c4b35e669","70081d5f-320b-405a-a317-43f80afff043"]
[debug] &amp#27;[35m[WD Proxy]&amp#27;[39m Matched '/element/4bde829b-6cd7-4788-9afd-883c4b35e669/attribute/displayed' to command name 'getAttribute'
[debug] &amp#27;[35m[WD Proxy]&amp#27;[39m Proxying [GET /element/4bde829b-6cd7-4788-9afd-883c4b35e669/attribute/displayed] to [GET http://127.0.0.1:10000/wd/hub/session/e13593df-9927-4062-8ba8-9167d93309ed/element/4bde829b-6cd7-4788-9afd-883c4b35e669/attribute/displayed] with no body
[debug] &amp#27;[35m[WD Proxy]&amp#27;[39m Got response with status 200: {"sessionId":"e13593df-9927-4062-8ba8-9167d93309ed","value":"true"}
[debug] &amp#27;[35m[W3C (70081d5f)]&amp#27;[39m Responding to client with driver.elementDisplayed() result: true
&amp#27;[35m[HTTP]&amp#27;[39m &amp#27;[37m<-- GET /wd/hub/session/70081d5f-320b-405a-a317-43f80afff043/element/4bde829b-6cd7-4788-9afd-883c4b35e669/displayed &amp#27;[39m&amp#27;[32m200&amp#27;[39m &amp#27;[90m10 ms - 14&amp#27;[39m
&amp#27;[35m[HTTP]&amp#27;[39m &amp#27;[90m&amp#27;[39m
&amp#27;[35m[HTTP]&amp#27;[39m &amp#27;[37m-->&amp#27;[39m &amp#27;[37mGET&amp#27;[39m &amp#27;[37m/wd/hub/session/70081d5f-320b-405a-a317-43f80afff043/context&amp#27;[39m
&amp#27;[35m[HTTP]&amp#27;[39m &amp#27;[90m{}&amp#27;[39m
[debug] &amp#27;[35m[W3C (70081d5f)]&amp#27;[39m Calling AppiumDriver.getCurrentContext() with args: ["70081d5f-320b-405a-a317-43f80afff043"]
[debug] &amp#27;[35m[W3C (70081d5f)]&amp#27;[39m Responding to client with driver.getCurrentContext() result: "NATIVE_APP"
&amp#27;[35m[HTTP]&amp#27;[39m &amp#27;[37m<-- GET /wd/hub/session/70081d5f-320b-405a-a317-43f80afff043/context &amp#27;[39m&amp#27;[32m200&amp#27;[39m &amp#27;[90m1 ms - 22&amp#27;[39m
&amp#27;[35m[HTTP]&amp#27;[39m &amp#27;[90m&amp#27;[39m
&amp#27;[35m[HTTP]&amp#27;[39m &amp#27;[37m-->&amp#27;[39m &amp#27;[37mPOST&amp#27;[39m &amp#27;[37m/wd/hub/session/70081d5f-320b-405a-a317-43f80afff043/element&amp#27;[39m
&amp#27;[35m[HTTP]&amp#27;[39m &amp#27;[90m{"using":"xpath","value":"//android.view.ViewGroup[@content-desc='test-Error message']/android.widget.TextView"}&amp#27;[39m
[debug] &amp#27;[35m[W3C (70081d5f)]&amp#27;[39m Calling AppiumDriver.findElement() with args: ["xpath","//android.view.ViewGroup[@content-desc='test-Error message']/android.widget.TextView","70081d5f-320b-405a-a317-43f80afff043"]
[debug] &amp#27;[35m[BaseDriver]&amp#27;[39m Valid locator strategies for this request: xpath, id, class name, accessibility id, -android uiautomator
[debug] &amp#27;[35m[BaseDriver]&amp#27;[39m Waiting up to 0 ms for condition
[debug] &amp#27;[35m[WD Proxy]&amp#27;[39m Matched '/element' to command name 'findElement'
[debug] &amp#27;[35m[WD Proxy]&amp#27;[39m Proxying [POST /element] to [POST http://127.0.0.1:10000/wd/hub/session/e13593df-9927-4062-8ba8-9167d93309ed/element] with body: {"strategy":"xpath","selector":"//android.view.ViewGroup[@content-desc='test-Error message']/android.widget.TextView","context":"","multiple":false}
[debug] &amp#27;[35m[WD Proxy]&amp#27;[39m Got response with status 200: {"sessionId":"e13593df-9927-4062-8ba8-9167d93309ed","value":{"ELEMENT":"53bc7f19-494d-4dbe-82a4-3e0bf8229b7d","element-6066-11e4-a52e-4f735466cecf":"53bc7f19-494d-4dbe-82a4-3e0bf8229b7d"}}
[debug] &amp#27;[35m[W3C (70081d5f)]&amp#27;[39m Responding to client with driver.findElement() result: {"element-6066-11e4-a52e-4f735466cecf":"53bc7f19-494d-4dbe-82a4-3e0bf8229b7d","ELEMENT":"53bc7f19-494d-4dbe-82a4-3e0bf8229b7d"}
&amp#27;[35m[HTTP]&amp#27;[39m &amp#27;[37m<-- POST /wd/hub/session/70081d5f-320b-405a-a317-43f80afff043/element &amp#27;[39m&amp#27;[32m200&amp#27;[39m &amp#27;[90m86 ms - 137&amp#27;[39m
&amp#27;[35m[HTTP]&amp#27;[39m &amp#27;[90m&amp#27;[39m
&amp#27;[35m[HTTP]&amp#27;[39m &amp#27;[37m-->&amp#27;[39m &amp#27;[37mGET&amp#27;[39m &amp#27;[37m/wd/hub/session/70081d5f-320b-405a-a317-43f80afff043/element/53bc7f19-494d-4dbe-82a4-3e0bf8229b7d/text&amp#27;[39m
&amp#27;[35m[HTTP]&amp#27;[39m &amp#27;[90m{}&amp#27;[39m
&amp#27;[35m[W3C (70081d5f)]&amp#27;[39m Driver proxy active, passing request on via HTTP proxy
[debug] &amp#27;[35m[WD Proxy]&amp#27;[39m Matched '/wd/hub/session/70081d5f-320b-405a-a317-43f80afff043/element/53bc7f19-494d-4dbe-82a4-3e0bf8229b7d/text' to command name 'getText'
[debug] &amp#27;[35m[WD Proxy]&amp#27;[39m Proxying [GET /wd/hub/session/70081d5f-320b-405a-a317-43f80afff043/element/53bc7f19-494d-4dbe-82a4-3e0bf8229b7d/text] to [GET http://127.0.0.1:10000/wd/hub/session/e13593df-9927-4062-8ba8-9167d93309ed/element/53bc7f19-494d-4dbe-82a4-3e0bf8229b7d/text] with no body
[debug] &amp#27;[35m[WD Proxy]&amp#27;[39m Got response with status 200: {"sessionId":"e13593df-9927-4062-8ba8-9167d93309ed","value":"Username and password do not match any user in this service."}
&amp#27;[35m[WD Proxy]&amp#27;[39m Replacing sessionId e13593df-9927-4062-8ba8-9167d93309ed with 70081d5f-320b-405a-a317-43f80afff043
&amp#27;[35m[HTTP]&amp#27;[39m &amp#27;[37m<-- GET /wd/hub/session/70081d5f-320b-405a-a317-43f80afff043/element/53bc7f19-494d-4dbe-82a4-3e0bf8229b7d/text &amp#27;[39m&amp#27;[32m200&amp#27;[39m &amp#27;[90m10 ms - 123&amp#27;[39m
&amp#27;[35m[HTTP]&amp#27;[39m &amp#27;[90m&amp#27;[39m
&amp#27;[35m[HTTP]&amp#27;[39m &amp#27;[37m-->&amp#27;[39m &amp#27;[37mGET&amp#27;[39m &amp#27;[37m/wd/hub/session/70081d5f-320b-405a-a317-43f80afff043/context&amp#27;[39m
&amp#27;[35m[HTTP]&amp#27;[39m &amp#27;[90m{}&amp#27;[39m
[debug] &amp#27;[35m[W3C (70081d5f)]&amp#27;[39m Calling AppiumDriver.getCurrentContext() with args: ["70081d5f-320b-405a-a317-43f80afff043"]
[debug] &amp#27;[35m[W3C (70081d5f)]&amp#27;[39m Responding to client with driver.getCurrentContext() result: "NATIVE_APP"
&amp#27;[35m[HTTP]&amp#27;[39m &amp#27;[37m<-- GET /wd/hub/session/70081d5f-320b-405a-a317-43f80afff043/context &amp#27;[39m&amp#27;[32m200&amp#27;[39m &amp#27;[90m1 ms - 22&amp#27;[39m
&amp#27;[35m[HTTP]&amp#27;[39m &amp#27;[90m&amp#27;[39m
&amp#27;[35m[HTTP]&amp#27;[39m &amp#27;[37m-->&amp#27;[39m &amp#27;[37mPOST&amp#27;[39m &amp#27;[37m/wd/hub/session/70081d5f-320b-405a-a317-43f80afff043/element&amp#27;[39m
&amp#27;[35m[HTTP]&amp#27;[39m &amp#27;[90m{"using":"xpath","value":"//android.view.ViewGroup[@content-desc='test-Error message']/android.widget.TextView"}&amp#27;[39m
[debug] &amp#27;[35m[W3C (70081d5f)]&amp#27;[39m Calling AppiumDriver.findElement() with args: ["xpath","//android.view.ViewGroup[@content-desc='test-Error message']/android.widget.TextView","70081d5f-320b-405a-a317-43f80afff043"]
[debug] &amp#27;[35m[BaseDriver]&amp#27;[39m Valid locator strategies for this request: xpath, id, class name, accessibility id, -android uiautomator
[debug] &amp#27;[35m[BaseDriver]&amp#27;[39m Waiting up to 0 ms for condition
[debug] &amp#27;[35m[WD Proxy]&amp#27;[39m Matched '/element' to command name 'findElement'
[debug] &amp#27;[35m[WD Proxy]&amp#27;[39m Proxying [POST /element] to [POST http://127.0.0.1:10000/wd/hub/session/e13593df-9927-4062-8ba8-9167d93309ed/element] with body: {"strategy":"xpath","selector":"//android.view.ViewGroup[@content-desc='test-Error message']/android.widget.TextView","context":"","multiple":false}
[debug] &amp#27;[35m[WD Proxy]&amp#27;[39m Got response with status 200: {"sessionId":"e13593df-9927-4062-8ba8-9167d93309ed","value":{"ELEMENT":"1617dc06-561d-415d-b9e5-99f7441971c7","element-6066-11e4-a52e-4f735466cecf":"1617dc06-561d-415d-b9e5-99f7441971c7"}}
[debug] &amp#27;[35m[W3C (70081d5f)]&amp#27;[39m Responding to client with driver.findElement() result: {"element-6066-11e4-a52e-4f735466cecf":"1617dc06-561d-415d-b9e5-99f7441971c7","ELEMENT":"1617dc06-561d-415d-b9e5-99f7441971c7"}
&amp#27;[35m[HTTP]&amp#27;[39m &amp#27;[37m<-- POST /wd/hub/session/70081d5f-320b-405a-a317-43f80afff043/element &amp#27;[39m&amp#27;[32m200&amp#27;[39m &amp#27;[90m154 ms - 137&amp#27;[39m
&amp#27;[35m[HTTP]&amp#27;[39m &amp#27;[90m&amp#27;[39m
&amp#27;[35m[HTTP]&amp#27;[39m &amp#27;[37m-->&amp#27;[39m &amp#27;[37mGET&amp#27;[39m &amp#27;[37m/wd/hub/session/70081d5f-320b-405a-a317-43f80afff043/element/1617dc06-561d-415d-b9e5-99f7441971c7/attribute/text&amp#27;[39m
&amp#27;[35m[HTTP]&amp#27;[39m &amp#27;[90m{}&amp#27;[39m
[debug] &amp#27;[35m[W3C (70081d5f)]&amp#27;[39m Calling AppiumDriver.getAttribute() with args: ["text","1617dc06-561d-415d-b9e5-99f7441971c7","70081d5f-320b-405a-a317-43f80afff043"]
[debug] &amp#27;[35m[WD Proxy]&amp#27;[39m Matched '/element/1617dc06-561d-415d-b9e5-99f7441971c7/attribute/text' to command name 'getAttribute'
[debug] &amp#27;[35m[WD Proxy]&amp#27;[39m Proxying [GET /element/1617dc06-561d-415d-b9e5-99f7441971c7/attribute/text] to [GET http://127.0.0.1:10000/wd/hub/session/e13593df-9927-4062-8ba8-9167d93309ed/element/1617dc06-561d-415d-b9e5-99f7441971c7/attribute/text] with no body
[debug] &amp#27;[35m[WD Proxy]&amp#27;[39m Got response with status 200: {"sessionId":"e13593df-9927-4062-8ba8-9167d93309ed","value":"Username and password do not match any user in this service."}
[debug] &amp#27;[35m[W3C (70081d5f)]&amp#27;[39m Responding to client with driver.getAttribute() result: "Username and password do not match any user in this service."
&amp#27;[35m[HTTP]&amp#27;[39m &amp#27;[37m<-- GET /wd/hub/session/70081d5f-320b-405a-a317-43f80afff043/element/1617dc06-561d-415d-b9e5-99f7441971c7/attribute/text &amp#27;[39m&amp#27;[32m200&amp#27;[39m &amp#27;[90m14 ms - 72&amp#27;[39m
&amp#27;[35m[HTTP]&amp#27;[39m &amp#27;[90m&amp#27;[39m
Actual text is : Username and password do not match any user in this service.
Expected error text is : Username and password do not match any user in this service.
]]></system-out>
  </testcase>
  <testcase name="successLogin" classname="com.qa.tests.LoginTests" time="4.301">
    <system-out><![CDATA[
************ Ending test : invalidusername*********/n

************ Starting test : successLogin*********/n
/Users/shreyas/TDD/TDDFramework
&amp#27;[35m[HTTP]&amp#27;[39m &amp#27;[37m-->&amp#27;[39m &amp#27;[37mGET&amp#27;[39m &amp#27;[37m/wd/hub/session/70081d5f-320b-405a-a317-43f80afff043/context&amp#27;[39m
&amp#27;[35m[HTTP]&amp#27;[39m &amp#27;[90m{}&amp#27;[39m
[debug] &amp#27;[35m[W3C (70081d5f)]&amp#27;[39m Calling AppiumDriver.getCurrentContext() with args: ["70081d5f-320b-405a-a317-43f80afff043"]
[debug] &amp#27;[35m[W3C (70081d5f)]&amp#27;[39m Responding to client with driver.getCurrentContext() result: "NATIVE_APP"
&amp#27;[35m[HTTP]&amp#27;[39m &amp#27;[37m<-- GET /wd/hub/session/70081d5f-320b-405a-a317-43f80afff043/context &amp#27;[39m&amp#27;[32m200&amp#27;[39m &amp#27;[90m1 ms - 22&amp#27;[39m
&amp#27;[35m[HTTP]&amp#27;[39m &amp#27;[90m&amp#27;[39m
&amp#27;[35m[HTTP]&amp#27;[39m &amp#27;[37m-->&amp#27;[39m &amp#27;[37mPOST&amp#27;[39m &amp#27;[37m/wd/hub/session/70081d5f-320b-405a-a317-43f80afff043/element&amp#27;[39m
&amp#27;[35m[HTTP]&amp#27;[39m &amp#27;[90m{"using":"accessibility id","value":"test-Username"}&amp#27;[39m
[debug] &amp#27;[35m[W3C (70081d5f)]&amp#27;[39m Calling AppiumDriver.findElement() with args: ["accessibility id","test-Username","70081d5f-320b-405a-a317-43f80afff043"]
[debug] &amp#27;[35m[BaseDriver]&amp#27;[39m Valid locator strategies for this request: xpath, id, class name, accessibility id, -android uiautomator
[debug] &amp#27;[35m[BaseDriver]&amp#27;[39m Waiting up to 0 ms for condition
[debug] &amp#27;[35m[WD Proxy]&amp#27;[39m Matched '/element' to command name 'findElement'
[debug] &amp#27;[35m[WD Proxy]&amp#27;[39m Proxying [POST /element] to [POST http://127.0.0.1:10000/wd/hub/session/e13593df-9927-4062-8ba8-9167d93309ed/element] with body: {"strategy":"accessibility id","selector":"test-Username","context":"","multiple":false}
[debug] &amp#27;[35m[WD Proxy]&amp#27;[39m Got response with status 200: {"sessionId":"e13593df-9927-4062-8ba8-9167d93309ed","value":{"ELEMENT":"e4f2f903-ac25-47e2-8aa8-9048b48be336","element-6066-11e4-a52e-4f735466cecf":"e4f2f903-ac25-47e2-8aa8-9048b48be336"}}
[debug] &amp#27;[35m[W3C (70081d5f)]&amp#27;[39m Responding to client with driver.findElement() result: {"element-6066-11e4-a52e-4f735466cecf":"e4f2f903-ac25-47e2-8aa8-9048b48be336","ELEMENT":"e4f2f903-ac25-47e2-8aa8-9048b48be336"}
&amp#27;[35m[HTTP]&amp#27;[39m &amp#27;[37m<-- POST /wd/hub/session/70081d5f-320b-405a-a317-43f80afff043/element &amp#27;[39m&amp#27;[32m200&amp#27;[39m &amp#27;[90m32 ms - 137&amp#27;[39m
&amp#27;[35m[HTTP]&amp#27;[39m &amp#27;[90m&amp#27;[39m
&amp#27;[35m[HTTP]&amp#27;[39m &amp#27;[37m-->&amp#27;[39m &amp#27;[37mPOST&amp#27;[39m &amp#27;[37m/wd/hub/session/70081d5f-320b-405a-a317-43f80afff043/element/e4f2f903-ac25-47e2-8aa8-9048b48be336/clear&amp#27;[39m
&amp#27;[35m[HTTP]&amp#27;[39m &amp#27;[90m{"id":"e4f2f903-ac25-47e2-8aa8-9048b48be336"}&amp#27;[39m
[debug] &amp#27;[35m[W3C (70081d5f)]&amp#27;[39m Calling AppiumDriver.clear() with args: ["e4f2f903-ac25-47e2-8aa8-9048b48be336","70081d5f-320b-405a-a317-43f80afff043"]
[debug] &amp#27;[35m[WD Proxy]&amp#27;[39m Matched '/element/e4f2f903-ac25-47e2-8aa8-9048b48be336/clear' to command name 'clear'
[debug] &amp#27;[35m[WD Proxy]&amp#27;[39m Proxying [POST /element/e4f2f903-ac25-47e2-8aa8-9048b48be336/clear] to [POST http://127.0.0.1:10000/wd/hub/session/e13593df-9927-4062-8ba8-9167d93309ed/element/e4f2f903-ac25-47e2-8aa8-9048b48be336/clear] with body: {"elementId":"e4f2f903-ac25-47e2-8aa8-9048b48be336"}
[debug] &amp#27;[35m[WD Proxy]&amp#27;[39m Got response with status 200: {"sessionId":"e13593df-9927-4062-8ba8-9167d93309ed","value":null}
[debug] &amp#27;[35m[W3C (70081d5f)]&amp#27;[39m Responding to client with driver.clear() result: null
&amp#27;[35m[HTTP]&amp#27;[39m &amp#27;[37m<-- POST /wd/hub/session/70081d5f-320b-405a-a317-43f80afff043/element/e4f2f903-ac25-47e2-8aa8-9048b48be336/clear &amp#27;[39m&amp#27;[32m200&amp#27;[39m &amp#27;[90m17 ms - 14&amp#27;[39m
&amp#27;[35m[HTTP]&amp#27;[39m &amp#27;[90m&amp#27;[39m
&amp#27;[35m[HTTP]&amp#27;[39m &amp#27;[37m-->&amp#27;[39m &amp#27;[37mGET&amp#27;[39m &amp#27;[37m/wd/hub/session/70081d5f-320b-405a-a317-43f80afff043/context&amp#27;[39m
&amp#27;[35m[HTTP]&amp#27;[39m &amp#27;[90m{}&amp#27;[39m
[debug] &amp#27;[35m[W3C (70081d5f)]&amp#27;[39m Calling AppiumDriver.getCurrentContext() with args: ["70081d5f-320b-405a-a317-43f80afff043"]
[debug] &amp#27;[35m[W3C (70081d5f)]&amp#27;[39m Responding to client with driver.getCurrentContext() result: "NATIVE_APP"
&amp#27;[35m[HTTP]&amp#27;[39m &amp#27;[37m<-- GET /wd/hub/session/70081d5f-320b-405a-a317-43f80afff043/context &amp#27;[39m&amp#27;[32m200&amp#27;[39m &amp#27;[90m1 ms - 22&amp#27;[39m
&amp#27;[35m[HTTP]&amp#27;[39m &amp#27;[90m&amp#27;[39m
&amp#27;[35m[HTTP]&amp#27;[39m &amp#27;[37m-->&amp#27;[39m &amp#27;[37mPOST&amp#27;[39m &amp#27;[37m/wd/hub/session/70081d5f-320b-405a-a317-43f80afff043/element&amp#27;[39m
&amp#27;[35m[HTTP]&amp#27;[39m &amp#27;[90m{"using":"accessibility id","value":"test-Username"}&amp#27;[39m
[debug] &amp#27;[35m[W3C (70081d5f)]&amp#27;[39m Calling AppiumDriver.findElement() with args: ["accessibility id","test-Username","70081d5f-320b-405a-a317-43f80afff043"]
[debug] &amp#27;[35m[BaseDriver]&amp#27;[39m Valid locator strategies for this request: xpath, id, class name, accessibility id, -android uiautomator
[debug] &amp#27;[35m[BaseDriver]&amp#27;[39m Waiting up to 0 ms for condition
[debug] &amp#27;[35m[WD Proxy]&amp#27;[39m Matched '/element' to command name 'findElement'
[debug] &amp#27;[35m[WD Proxy]&amp#27;[39m Proxying [POST /element] to [POST http://127.0.0.1:10000/wd/hub/session/e13593df-9927-4062-8ba8-9167d93309ed/element] with body: {"strategy":"accessibility id","selector":"test-Username","context":"","multiple":false}
[debug] &amp#27;[35m[WD Proxy]&amp#27;[39m Got response with status 200: {"sessionId":"e13593df-9927-4062-8ba8-9167d93309ed","value":{"ELEMENT":"6d2c01c6-7dcb-4529-9a1f-6b7a408636ec","element-6066-11e4-a52e-4f735466cecf":"6d2c01c6-7dcb-4529-9a1f-6b7a408636ec"}}
[debug] &amp#27;[35m[W3C (70081d5f)]&amp#27;[39m Responding to client with driver.findElement() result: {"element-6066-11e4-a52e-4f735466cecf":"6d2c01c6-7dcb-4529-9a1f-6b7a408636ec","ELEMENT":"6d2c01c6-7dcb-4529-9a1f-6b7a408636ec"}
&amp#27;[35m[HTTP]&amp#27;[39m &amp#27;[37m<-- POST /wd/hub/session/70081d5f-320b-405a-a317-43f80afff043/element &amp#27;[39m&amp#27;[32m200&amp#27;[39m &amp#27;[90m27 ms - 137&amp#27;[39m
&amp#27;[35m[HTTP]&amp#27;[39m &amp#27;[90m&amp#27;[39m
&amp#27;[35m[HTTP]&amp#27;[39m &amp#27;[37m-->&amp#27;[39m &amp#27;[37mGET&amp#27;[39m &amp#27;[37m/wd/hub/session/70081d5f-320b-405a-a317-43f80afff043/element/6d2c01c6-7dcb-4529-9a1f-6b7a408636ec/text&amp#27;[39m
&amp#27;[35m[HTTP]&amp#27;[39m &amp#27;[90m{}&amp#27;[39m
&amp#27;[35m[W3C (70081d5f)]&amp#27;[39m Driver proxy active, passing request on via HTTP proxy
[debug] &amp#27;[35m[WD Proxy]&amp#27;[39m Matched '/wd/hub/session/70081d5f-320b-405a-a317-43f80afff043/element/6d2c01c6-7dcb-4529-9a1f-6b7a408636ec/text' to command name 'getText'
[debug] &amp#27;[35m[WD Proxy]&amp#27;[39m Proxying [GET /wd/hub/session/70081d5f-320b-405a-a317-43f80afff043/element/6d2c01c6-7dcb-4529-9a1f-6b7a408636ec/text] to [GET http://127.0.0.1:10000/wd/hub/session/e13593df-9927-4062-8ba8-9167d93309ed/element/6d2c01c6-7dcb-4529-9a1f-6b7a408636ec/text] with no body
[debug] &amp#27;[35m[WD Proxy]&amp#27;[39m Got response with status 200: {"sessionId":"e13593df-9927-4062-8ba8-9167d93309ed","value":"Username"}
&amp#27;[35m[WD Proxy]&amp#27;[39m Replacing sessionId e13593df-9927-4062-8ba8-9167d93309ed with 70081d5f-320b-405a-a317-43f80afff043
&amp#27;[35m[HTTP]&amp#27;[39m &amp#27;[37m<-- GET /wd/hub/session/70081d5f-320b-405a-a317-43f80afff043/element/6d2c01c6-7dcb-4529-9a1f-6b7a408636ec/text &amp#27;[39m&amp#27;[32m200&amp#27;[39m &amp#27;[90m566 ms - 71&amp#27;[39m
&amp#27;[35m[HTTP]&amp#27;[39m &amp#27;[90m&amp#27;[39m
&amp#27;[35m[HTTP]&amp#27;[39m &amp#27;[37m-->&amp#27;[39m &amp#27;[37mGET&amp#27;[39m &amp#27;[37m/wd/hub/session/70081d5f-320b-405a-a317-43f80afff043/context&amp#27;[39m
&amp#27;[35m[HTTP]&amp#27;[39m &amp#27;[90m{}&amp#27;[39m
[debug] &amp#27;[35m[W3C (70081d5f)]&amp#27;[39m Calling AppiumDriver.getCurrentContext() with args: ["70081d5f-320b-405a-a317-43f80afff043"]
[debug] &amp#27;[35m[W3C (70081d5f)]&amp#27;[39m Responding to client with driver.getCurrentContext() result: "NATIVE_APP"
&amp#27;[35m[HTTP]&amp#27;[39m &amp#27;[37m<-- GET /wd/hub/session/70081d5f-320b-405a-a317-43f80afff043/context &amp#27;[39m&amp#27;[32m200&amp#27;[39m &amp#27;[90m1 ms - 22&amp#27;[39m
&amp#27;[35m[HTTP]&amp#27;[39m &amp#27;[90m&amp#27;[39m
&amp#27;[35m[HTTP]&amp#27;[39m &amp#27;[37m-->&amp#27;[39m &amp#27;[37mPOST&amp#27;[39m &amp#27;[37m/wd/hub/session/70081d5f-320b-405a-a317-43f80afff043/element&amp#27;[39m
&amp#27;[35m[HTTP]&amp#27;[39m &amp#27;[90m{"using":"accessibility id","value":"test-Username"}&amp#27;[39m
[debug] &amp#27;[35m[W3C (70081d5f)]&amp#27;[39m Calling AppiumDriver.findElement() with args: ["accessibility id","test-Username","70081d5f-320b-405a-a317-43f80afff043"]
[debug] &amp#27;[35m[BaseDriver]&amp#27;[39m Valid locator strategies for this request: xpath, id, class name, accessibility id, -android uiautomator
[debug] &amp#27;[35m[BaseDriver]&amp#27;[39m Waiting up to 0 ms for condition
[debug] &amp#27;[35m[WD Proxy]&amp#27;[39m Matched '/element' to command name 'findElement'
[debug] &amp#27;[35m[WD Proxy]&amp#27;[39m Proxying [POST /element] to [POST http://127.0.0.1:10000/wd/hub/session/e13593df-9927-4062-8ba8-9167d93309ed/element] with body: {"strategy":"accessibility id","selector":"test-Username","context":"","multiple":false}
[debug] &amp#27;[35m[WD Proxy]&amp#27;[39m Got response with status 200: {"sessionId":"e13593df-9927-4062-8ba8-9167d93309ed","value":{"ELEMENT":"3dd6df45-13a5-45a0-aa99-8f8dde7cdfc0","element-6066-11e4-a52e-4f735466cecf":"3dd6df45-13a5-45a0-aa99-8f8dde7cdfc0"}}
[debug] &amp#27;[35m[W3C (70081d5f)]&amp#27;[39m Responding to client with driver.findElement() result: {"element-6066-11e4-a52e-4f735466cecf":"3dd6df45-13a5-45a0-aa99-8f8dde7cdfc0","ELEMENT":"3dd6df45-13a5-45a0-aa99-8f8dde7cdfc0"}
&amp#27;[35m[HTTP]&amp#27;[39m &amp#27;[37m<-- POST /wd/hub/session/70081d5f-320b-405a-a317-43f80afff043/element &amp#27;[39m&amp#27;[32m200&amp#27;[39m &amp#27;[90m23 ms - 137&amp#27;[39m
&amp#27;[35m[HTTP]&amp#27;[39m &amp#27;[90m&amp#27;[39m
&amp#27;[35m[HTTP]&amp#27;[39m &amp#27;[37m-->&amp#27;[39m &amp#27;[37mGET&amp#27;[39m &amp#27;[37m/wd/hub/session/70081d5f-320b-405a-a317-43f80afff043/element/3dd6df45-13a5-45a0-aa99-8f8dde7cdfc0/displayed&amp#27;[39m
&amp#27;[35m[HTTP]&amp#27;[39m &amp#27;[90m{}&amp#27;[39m
[debug] &amp#27;[35m[W3C (70081d5f)]&amp#27;[39m Calling AppiumDriver.elementDisplayed() with args: ["3dd6df45-13a5-45a0-aa99-8f8dde7cdfc0","70081d5f-320b-405a-a317-43f80afff043"]
[debug] &amp#27;[35m[WD Proxy]&amp#27;[39m Matched '/element/3dd6df45-13a5-45a0-aa99-8f8dde7cdfc0/attribute/displayed' to command name 'getAttribute'
[debug] &amp#27;[35m[WD Proxy]&amp#27;[39m Proxying [GET /element/3dd6df45-13a5-45a0-aa99-8f8dde7cdfc0/attribute/displayed] to [GET http://127.0.0.1:10000/wd/hub/session/e13593df-9927-4062-8ba8-9167d93309ed/element/3dd6df45-13a5-45a0-aa99-8f8dde7cdfc0/attribute/displayed] with no body
[debug] &amp#27;[35m[WD Proxy]&amp#27;[39m Got response with status 200: {"sessionId":"e13593df-9927-4062-8ba8-9167d93309ed","value":"true"}
[debug] &amp#27;[35m[W3C (70081d5f)]&amp#27;[39m Responding to client with driver.elementDisplayed() result: true
&amp#27;[35m[HTTP]&amp#27;[39m &amp#27;[37m<-- GET /wd/hub/session/70081d5f-320b-405a-a317-43f80afff043/element/3dd6df45-13a5-45a0-aa99-8f8dde7cdfc0/displayed &amp#27;[39m&amp#27;[32m200&amp#27;[39m &amp#27;[90m17 ms - 14&amp#27;[39m
&amp#27;[35m[HTTP]&amp#27;[39m &amp#27;[90m&amp#27;[39m
&amp#27;[35m[HTTP]&amp#27;[39m &amp#27;[37m-->&amp#27;[39m &amp#27;[37mGET&amp#27;[39m &amp#27;[37m/wd/hub/session/70081d5f-320b-405a-a317-43f80afff043/context&amp#27;[39m
&amp#27;[35m[HTTP]&amp#27;[39m &amp#27;[90m{}&amp#27;[39m
[debug] &amp#27;[35m[W3C (70081d5f)]&amp#27;[39m Calling AppiumDriver.getCurrentContext() with args: ["70081d5f-320b-405a-a317-43f80afff043"]
[debug] &amp#27;[35m[W3C (70081d5f)]&amp#27;[39m Responding to client with driver.getCurrentContext() result: "NATIVE_APP"
&amp#27;[35m[HTTP]&amp#27;[39m &amp#27;[37m<-- GET /wd/hub/session/70081d5f-320b-405a-a317-43f80afff043/context &amp#27;[39m&amp#27;[32m200&amp#27;[39m &amp#27;[90m1 ms - 22&amp#27;[39m
&amp#27;[35m[HTTP]&amp#27;[39m &amp#27;[90m&amp#27;[39m
&amp#27;[35m[HTTP]&amp#27;[39m &amp#27;[37m-->&amp#27;[39m &amp#27;[37mPOST&amp#27;[39m &amp#27;[37m/wd/hub/session/70081d5f-320b-405a-a317-43f80afff043/element&amp#27;[39m
&amp#27;[35m[HTTP]&amp#27;[39m &amp#27;[90m{"using":"accessibility id","value":"test-Username"}&amp#27;[39m
[debug] &amp#27;[35m[W3C (70081d5f)]&amp#27;[39m Calling AppiumDriver.findElement() with args: ["accessibility id","test-Username","70081d5f-320b-405a-a317-43f80afff043"]
[debug] &amp#27;[35m[BaseDriver]&amp#27;[39m Valid locator strategies for this request: xpath, id, class name, accessibility id, -android uiautomator
[debug] &amp#27;[35m[BaseDriver]&amp#27;[39m Waiting up to 0 ms for condition
[debug] &amp#27;[35m[WD Proxy]&amp#27;[39m Matched '/element' to command name 'findElement'
[debug] &amp#27;[35m[WD Proxy]&amp#27;[39m Proxying [POST /element] to [POST http://127.0.0.1:10000/wd/hub/session/e13593df-9927-4062-8ba8-9167d93309ed/element] with body: {"strategy":"accessibility id","selector":"test-Username","context":"","multiple":false}
[debug] &amp#27;[35m[WD Proxy]&amp#27;[39m Got response with status 200: {"sessionId":"e13593df-9927-4062-8ba8-9167d93309ed","value":{"ELEMENT":"ea836bde-24b5-4f37-befe-1fdc62aa3add","element-6066-11e4-a52e-4f735466cecf":"ea836bde-24b5-4f37-befe-1fdc62aa3add"}}
[debug] &amp#27;[35m[W3C (70081d5f)]&amp#27;[39m Responding to client with driver.findElement() result: {"element-6066-11e4-a52e-4f735466cecf":"ea836bde-24b5-4f37-befe-1fdc62aa3add","ELEMENT":"ea836bde-24b5-4f37-befe-1fdc62aa3add"}
&amp#27;[35m[HTTP]&amp#27;[39m &amp#27;[37m<-- POST /wd/hub/session/70081d5f-320b-405a-a317-43f80afff043/element &amp#27;[39m&amp#27;[32m200&amp#27;[39m &amp#27;[90m18 ms - 137&amp#27;[39m
&amp#27;[35m[HTTP]&amp#27;[39m &amp#27;[90m&amp#27;[39m
&amp#27;[35m[HTTP]&amp#27;[39m &amp#27;[37m-->&amp#27;[39m &amp#27;[37mGET&amp#27;[39m &amp#27;[37m/wd/hub/session/70081d5f-320b-405a-a317-43f80afff043/element/ea836bde-24b5-4f37-befe-1fdc62aa3add/text&amp#27;[39m
&amp#27;[35m[HTTP]&amp#27;[39m &amp#27;[90m{}&amp#27;[39m
&amp#27;[35m[W3C (70081d5f)]&amp#27;[39m Driver proxy active, passing request on via HTTP proxy
[debug] &amp#27;[35m[WD Proxy]&amp#27;[39m Matched '/wd/hub/session/70081d5f-320b-405a-a317-43f80afff043/element/ea836bde-24b5-4f37-befe-1fdc62aa3add/text' to command name 'getText'
[debug] &amp#27;[35m[WD Proxy]&amp#27;[39m Proxying [GET /wd/hub/session/70081d5f-320b-405a-a317-43f80afff043/element/ea836bde-24b5-4f37-befe-1fdc62aa3add/text] to [GET http://127.0.0.1:10000/wd/hub/session/e13593df-9927-4062-8ba8-9167d93309ed/element/ea836bde-24b5-4f37-befe-1fdc62aa3add/text] with no body
[debug] &amp#27;[35m[WD Proxy]&amp#27;[39m Got response with status 200: {"sessionId":"e13593df-9927-4062-8ba8-9167d93309ed","value":"Username"}
&amp#27;[35m[WD Proxy]&amp#27;[39m Replacing sessionId e13593df-9927-4062-8ba8-9167d93309ed with 70081d5f-320b-405a-a317-43f80afff043
&amp#27;[35m[HTTP]&amp#27;[39m &amp#27;[37m<-- GET /wd/hub/session/70081d5f-320b-405a-a317-43f80afff043/element/ea836bde-24b5-4f37-befe-1fdc62aa3add/text &amp#27;[39m&amp#27;[32m200&amp#27;[39m &amp#27;[90m10 ms - 71&amp#27;[39m
&amp#27;[35m[HTTP]&amp#27;[39m &amp#27;[90m&amp#27;[39m
&amp#27;[35m[HTTP]&amp#27;[39m &amp#27;[37m-->&amp#27;[39m &amp#27;[37mGET&amp#27;[39m &amp#27;[37m/wd/hub/session/70081d5f-320b-405a-a317-43f80afff043/context&amp#27;[39m
&amp#27;[35m[HTTP]&amp#27;[39m &amp#27;[90m{}&amp#27;[39m
[debug] &amp#27;[35m[W3C (70081d5f)]&amp#27;[39m Calling AppiumDriver.getCurrentContext() with args: ["70081d5f-320b-405a-a317-43f80afff043"]
[debug] &amp#27;[35m[W3C (70081d5f)]&amp#27;[39m Responding to client with driver.getCurrentContext() result: "NATIVE_APP"
&amp#27;[35m[HTTP]&amp#27;[39m &amp#27;[37m<-- GET /wd/hub/session/70081d5f-320b-405a-a317-43f80afff043/context &amp#27;[39m&amp#27;[32m200&amp#27;[39m &amp#27;[90m1 ms - 22&amp#27;[39m
&amp#27;[35m[HTTP]&amp#27;[39m &amp#27;[90m&amp#27;[39m
&amp#27;[35m[HTTP]&amp#27;[39m &amp#27;[37m-->&amp#27;[39m &amp#27;[37mPOST&amp#27;[39m &amp#27;[37m/wd/hub/session/70081d5f-320b-405a-a317-43f80afff043/element&amp#27;[39m
&amp#27;[35m[HTTP]&amp#27;[39m &amp#27;[90m{"using":"accessibility id","value":"test-Username"}&amp#27;[39m
[debug] &amp#27;[35m[W3C (70081d5f)]&amp#27;[39m Calling AppiumDriver.findElement() with args: ["accessibility id","test-Username","70081d5f-320b-405a-a317-43f80afff043"]
[debug] &amp#27;[35m[BaseDriver]&amp#27;[39m Valid locator strategies for this request: xpath, id, class name, accessibility id, -android uiautomator
[debug] &amp#27;[35m[BaseDriver]&amp#27;[39m Waiting up to 0 ms for condition
[debug] &amp#27;[35m[WD Proxy]&amp#27;[39m Matched '/element' to command name 'findElement'
[debug] &amp#27;[35m[WD Proxy]&amp#27;[39m Proxying [POST /element] to [POST http://127.0.0.1:10000/wd/hub/session/e13593df-9927-4062-8ba8-9167d93309ed/element] with body: {"strategy":"accessibility id","selector":"test-Username","context":"","multiple":false}
[debug] &amp#27;[35m[WD Proxy]&amp#27;[39m Got response with status 200: {"sessionId":"e13593df-9927-4062-8ba8-9167d93309ed","value":{"ELEMENT":"47bfa468-44e2-4496-827e-ce78b379d6d7","element-6066-11e4-a52e-4f735466cecf":"47bfa468-44e2-4496-827e-ce78b379d6d7"}}
[debug] &amp#27;[35m[W3C (70081d5f)]&amp#27;[39m Responding to client with driver.findElement() result: {"element-6066-11e4-a52e-4f735466cecf":"47bfa468-44e2-4496-827e-ce78b379d6d7","ELEMENT":"47bfa468-44e2-4496-827e-ce78b379d6d7"}
&amp#27;[35m[HTTP]&amp#27;[39m &amp#27;[37m<-- POST /wd/hub/session/70081d5f-320b-405a-a317-43f80afff043/element &amp#27;[39m&amp#27;[32m200&amp#27;[39m &amp#27;[90m19 ms - 137&amp#27;[39m
&amp#27;[35m[HTTP]&amp#27;[39m &amp#27;[90m&amp#27;[39m
&amp#27;[35m[HTTP]&amp#27;[39m &amp#27;[37m-->&amp#27;[39m &amp#27;[37mPOST&amp#27;[39m &amp#27;[37m/wd/hub/session/70081d5f-320b-405a-a317-43f80afff043/element/47bfa468-44e2-4496-827e-ce78b379d6d7/value&amp#27;[39m
&amp#27;[35m[HTTP]&amp#27;[39m &amp#27;[90m{"id":"47bfa468-44e2-4496-827e-ce78b379d6d7","text":"standard_user","value":["s","t","a","n","d","a","r","d","_","u","s","e","r"]}&amp#27;[39m
[debug] &amp#27;[35m[W3C (70081d5f)]&amp#27;[39m Calling AppiumDriver.setValue() with args: [["s","t","a","n","d","a","r","d","_","u","s","e","r"],"47bfa468-44e2-4496-827e-ce78b379d6d7","70081d5f-320b-405a-a317-43f80afff043"]
[debug] &amp#27;[35m[WD Proxy]&amp#27;[39m Matched '/element/47bfa468-44e2-4496-827e-ce78b379d6d7/value' to command name 'setValue'
[debug] &amp#27;[35m[Protocol Converter]&amp#27;[39m Added 'value' property ["s","t","a","n","d","a","r","d","_","u","s","e","r"] to 'setValue' request body
[debug] &amp#27;[35m[WD Proxy]&amp#27;[39m Proxying [POST /element/47bfa468-44e2-4496-827e-ce78b379d6d7/value] to [POST http://127.0.0.1:10000/wd/hub/session/e13593df-9927-4062-8ba8-9167d93309ed/element/47bfa468-44e2-4496-827e-ce78b379d6d7/value] with body: {"elementId":"47bfa468-44e2-4496-827e-ce78b379d6d7","text":"standard_user","replace":false,"value":["s","t","a","n","d","a","r","d","_","u","s","e","r"]}
[debug] &amp#27;[35m[WD Proxy]&amp#27;[39m Got response with status 200: {"sessionId":"e13593df-9927-4062-8ba8-9167d93309ed","value":null}
[debug] &amp#27;[35m[W3C (70081d5f)]&amp#27;[39m Responding to client with driver.setValue() result: null
&amp#27;[35m[HTTP]&amp#27;[39m &amp#27;[37m<-- POST /wd/hub/session/70081d5f-320b-405a-a317-43f80afff043/element/47bfa468-44e2-4496-827e-ce78b379d6d7/value &amp#27;[39m&amp#27;[32m200&amp#27;[39m &amp#27;[90m35 ms - 14&amp#27;[39m
&amp#27;[35m[HTTP]&amp#27;[39m &amp#27;[90m&amp#27;[39m
&amp#27;[35m[HTTP]&amp#27;[39m &amp#27;[37m-->&amp#27;[39m &amp#27;[37mGET&amp#27;[39m &amp#27;[37m/wd/hub/session/70081d5f-320b-405a-a317-43f80afff043/context&amp#27;[39m
&amp#27;[35m[HTTP]&amp#27;[39m &amp#27;[90m{}&amp#27;[39m
[debug] &amp#27;[35m[W3C (70081d5f)]&amp#27;[39m Calling AppiumDriver.getCurrentContext() with args: ["70081d5f-320b-405a-a317-43f80afff043"]
[debug] &amp#27;[35m[W3C (70081d5f)]&amp#27;[39m Responding to client with driver.getCurrentContext() result: "NATIVE_APP"
&amp#27;[35m[HTTP]&amp#27;[39m &amp#27;[37m<-- GET /wd/hub/session/70081d5f-320b-405a-a317-43f80afff043/context &amp#27;[39m&amp#27;[32m200&amp#27;[39m &amp#27;[90m1 ms - 22&amp#27;[39m
&amp#27;[35m[HTTP]&amp#27;[39m &amp#27;[90m&amp#27;[39m
&amp#27;[35m[HTTP]&amp#27;[39m &amp#27;[37m-->&amp#27;[39m &amp#27;[37mPOST&amp#27;[39m &amp#27;[37m/wd/hub/session/70081d5f-320b-405a-a317-43f80afff043/element&amp#27;[39m
&amp#27;[35m[HTTP]&amp#27;[39m &amp#27;[90m{"using":"accessibility id","value":"test-Username"}&amp#27;[39m
[debug] &amp#27;[35m[W3C (70081d5f)]&amp#27;[39m Calling AppiumDriver.findElement() with args: ["accessibility id","test-Username","70081d5f-320b-405a-a317-43f80afff043"]
[debug] &amp#27;[35m[BaseDriver]&amp#27;[39m Valid locator strategies for this request: xpath, id, class name, accessibility id, -android uiautomator
[debug] &amp#27;[35m[BaseDriver]&amp#27;[39m Waiting up to 0 ms for condition
[debug] &amp#27;[35m[WD Proxy]&amp#27;[39m Matched '/element' to command name 'findElement'
[debug] &amp#27;[35m[WD Proxy]&amp#27;[39m Proxying [POST /element] to [POST http://127.0.0.1:10000/wd/hub/session/e13593df-9927-4062-8ba8-9167d93309ed/element] with body: {"strategy":"accessibility id","selector":"test-Username","context":"","multiple":false}
[debug] &amp#27;[35m[WD Proxy]&amp#27;[39m Got response with status 200: {"sessionId":"e13593df-9927-4062-8ba8-9167d93309ed","value":{"ELEMENT":"871a1945-8a2d-44a8-8771-f1eec4eafa1e","element-6066-11e4-a52e-4f735466cecf":"871a1945-8a2d-44a8-8771-f1eec4eafa1e"}}
[debug] &amp#27;[35m[W3C (70081d5f)]&amp#27;[39m Responding to client with driver.findElement() result: {"element-6066-11e4-a52e-4f735466cecf":"871a1945-8a2d-44a8-8771-f1eec4eafa1e","ELEMENT":"871a1945-8a2d-44a8-8771-f1eec4eafa1e"}
&amp#27;[35m[HTTP]&amp#27;[39m &amp#27;[37m<-- POST /wd/hub/session/70081d5f-320b-405a-a317-43f80afff043/element &amp#27;[39m&amp#27;[32m200&amp#27;[39m &amp#27;[90m502 ms - 137&amp#27;[39m
&amp#27;[35m[HTTP]&amp#27;[39m &amp#27;[90m&amp#27;[39m
&amp#27;[35m[HTTP]&amp#27;[39m &amp#27;[37m-->&amp#27;[39m &amp#27;[37mGET&amp#27;[39m &amp#27;[37m/wd/hub/session/70081d5f-320b-405a-a317-43f80afff043/element/871a1945-8a2d-44a8-8771-f1eec4eafa1e/text&amp#27;[39m
&amp#27;[35m[HTTP]&amp#27;[39m &amp#27;[90m{}&amp#27;[39m
&amp#27;[35m[W3C (70081d5f)]&amp#27;[39m Driver proxy active, passing request on via HTTP proxy
[debug] &amp#27;[35m[WD Proxy]&amp#27;[39m Matched '/wd/hub/session/70081d5f-320b-405a-a317-43f80afff043/element/871a1945-8a2d-44a8-8771-f1eec4eafa1e/text' to command name 'getText'
[debug] &amp#27;[35m[WD Proxy]&amp#27;[39m Proxying [GET /wd/hub/session/70081d5f-320b-405a-a317-43f80afff043/element/871a1945-8a2d-44a8-8771-f1eec4eafa1e/text] to [GET http://127.0.0.1:10000/wd/hub/session/e13593df-9927-4062-8ba8-9167d93309ed/element/871a1945-8a2d-44a8-8771-f1eec4eafa1e/text] with no body
[debug] &amp#27;[35m[WD Proxy]&amp#27;[39m Got response with status 200: {"sessionId":"e13593df-9927-4062-8ba8-9167d93309ed","value":"standard_user"}
&amp#27;[35m[WD Proxy]&amp#27;[39m Replacing sessionId e13593df-9927-4062-8ba8-9167d93309ed with 70081d5f-320b-405a-a317-43f80afff043
&amp#27;[35m[HTTP]&amp#27;[39m &amp#27;[37m<-- GET /wd/hub/session/70081d5f-320b-405a-a317-43f80afff043/element/871a1945-8a2d-44a8-8771-f1eec4eafa1e/text &amp#27;[39m&amp#27;[32m200&amp#27;[39m &amp#27;[90m12 ms - 76&amp#27;[39m
&amp#27;[35m[HTTP]&amp#27;[39m &amp#27;[90m&amp#27;[39m
&amp#27;[35m[HTTP]&amp#27;[39m &amp#27;[37m-->&amp#27;[39m &amp#27;[37mGET&amp#27;[39m &amp#27;[37m/wd/hub/session/70081d5f-320b-405a-a317-43f80afff043/context&amp#27;[39m
&amp#27;[35m[HTTP]&amp#27;[39m &amp#27;[90m{}&amp#27;[39m
[debug] &amp#27;[35m[W3C (70081d5f)]&amp#27;[39m Calling AppiumDriver.getCurrentContext() with args: ["70081d5f-320b-405a-a317-43f80afff043"]
[debug] &amp#27;[35m[W3C (70081d5f)]&amp#27;[39m Responding to client with driver.getCurrentContext() result: "NATIVE_APP"
&amp#27;[35m[HTTP]&amp#27;[39m &amp#27;[37m<-- GET /wd/hub/session/70081d5f-320b-405a-a317-43f80afff043/context &amp#27;[39m&amp#27;[32m200&amp#27;[39m &amp#27;[90m2 ms - 22&amp#27;[39m
&amp#27;[35m[HTTP]&amp#27;[39m &amp#27;[90m&amp#27;[39m
&amp#27;[35m[HTTP]&amp#27;[39m &amp#27;[37m-->&amp#27;[39m &amp#27;[37mPOST&amp#27;[39m &amp#27;[37m/wd/hub/session/70081d5f-320b-405a-a317-43f80afff043/element&amp#27;[39m
&amp#27;[35m[HTTP]&amp#27;[39m &amp#27;[90m{"using":"accessibility id","value":"test-Password"}&amp#27;[39m
[debug] &amp#27;[35m[W3C (70081d5f)]&amp#27;[39m Calling AppiumDriver.findElement() with args: ["accessibility id","test-Password","70081d5f-320b-405a-a317-43f80afff043"]
[debug] &amp#27;[35m[BaseDriver]&amp#27;[39m Valid locator strategies for this request: xpath, id, class name, accessibility id, -android uiautomator
[debug] &amp#27;[35m[BaseDriver]&amp#27;[39m Waiting up to 0 ms for condition
[debug] &amp#27;[35m[WD Proxy]&amp#27;[39m Matched '/element' to command name 'findElement'
[debug] &amp#27;[35m[WD Proxy]&amp#27;[39m Proxying [POST /element] to [POST http://127.0.0.1:10000/wd/hub/session/e13593df-9927-4062-8ba8-9167d93309ed/element] with body: {"strategy":"accessibility id","selector":"test-Password","context":"","multiple":false}
[debug] &amp#27;[35m[WD Proxy]&amp#27;[39m Got response with status 200: {"sessionId":"e13593df-9927-4062-8ba8-9167d93309ed","value":{"ELEMENT":"b56fcb89-b0f1-4e72-8d16-ba7c933c57f8","element-6066-11e4-a52e-4f735466cecf":"b56fcb89-b0f1-4e72-8d16-ba7c933c57f8"}}
[debug] &amp#27;[35m[W3C (70081d5f)]&amp#27;[39m Responding to client with driver.findElement() result: {"element-6066-11e4-a52e-4f735466cecf":"b56fcb89-b0f1-4e72-8d16-ba7c933c57f8","ELEMENT":"b56fcb89-b0f1-4e72-8d16-ba7c933c57f8"}
&amp#27;[35m[HTTP]&amp#27;[39m &amp#27;[37m<-- POST /wd/hub/session/70081d5f-320b-405a-a317-43f80afff043/element &amp#27;[39m&amp#27;[32m200&amp#27;[39m &amp#27;[90m19 ms - 137&amp#27;[39m
&amp#27;[35m[HTTP]&amp#27;[39m &amp#27;[90m&amp#27;[39m
&amp#27;[35m[HTTP]&amp#27;[39m &amp#27;[37m-->&amp#27;[39m &amp#27;[37mPOST&amp#27;[39m &amp#27;[37m/wd/hub/session/70081d5f-320b-405a-a317-43f80afff043/element/b56fcb89-b0f1-4e72-8d16-ba7c933c57f8/clear&amp#27;[39m
&amp#27;[35m[HTTP]&amp#27;[39m &amp#27;[90m{"id":"b56fcb89-b0f1-4e72-8d16-ba7c933c57f8"}&amp#27;[39m
[debug] &amp#27;[35m[W3C (70081d5f)]&amp#27;[39m Calling AppiumDriver.clear() with args: ["b56fcb89-b0f1-4e72-8d16-ba7c933c57f8","70081d5f-320b-405a-a317-43f80afff043"]
[debug] &amp#27;[35m[WD Proxy]&amp#27;[39m Matched '/element/b56fcb89-b0f1-4e72-8d16-ba7c933c57f8/clear' to command name 'clear'
[debug] &amp#27;[35m[WD Proxy]&amp#27;[39m Proxying [POST /element/b56fcb89-b0f1-4e72-8d16-ba7c933c57f8/clear] to [POST http://127.0.0.1:10000/wd/hub/session/e13593df-9927-4062-8ba8-9167d93309ed/element/b56fcb89-b0f1-4e72-8d16-ba7c933c57f8/clear] with body: {"elementId":"b56fcb89-b0f1-4e72-8d16-ba7c933c57f8"}
[debug] &amp#27;[35m[WD Proxy]&amp#27;[39m Got response with status 200: {"sessionId":"e13593df-9927-4062-8ba8-9167d93309ed","value":null}
[debug] &amp#27;[35m[W3C (70081d5f)]&amp#27;[39m Responding to client with driver.clear() result: null
&amp#27;[35m[HTTP]&amp#27;[39m &amp#27;[37m<-- POST /wd/hub/session/70081d5f-320b-405a-a317-43f80afff043/element/b56fcb89-b0f1-4e72-8d16-ba7c933c57f8/clear &amp#27;[39m&amp#27;[32m200&amp#27;[39m &amp#27;[90m14 ms - 14&amp#27;[39m
&amp#27;[35m[HTTP]&amp#27;[39m &amp#27;[90m&amp#27;[39m
&amp#27;[35m[HTTP]&amp#27;[39m &amp#27;[37m-->&amp#27;[39m &amp#27;[37mGET&amp#27;[39m &amp#27;[37m/wd/hub/session/70081d5f-320b-405a-a317-43f80afff043/context&amp#27;[39m
&amp#27;[35m[HTTP]&amp#27;[39m &amp#27;[90m{}&amp#27;[39m
[debug] &amp#27;[35m[W3C (70081d5f)]&amp#27;[39m Calling AppiumDriver.getCurrentContext() with args: ["70081d5f-320b-405a-a317-43f80afff043"]
[debug] &amp#27;[35m[W3C (70081d5f)]&amp#27;[39m Responding to client with driver.getCurrentContext() result: "NATIVE_APP"
&amp#27;[35m[HTTP]&amp#27;[39m &amp#27;[37m<-- GET /wd/hub/session/70081d5f-320b-405a-a317-43f80afff043/context &amp#27;[39m&amp#27;[32m200&amp#27;[39m &amp#27;[90m1 ms - 22&amp#27;[39m
&amp#27;[35m[HTTP]&amp#27;[39m &amp#27;[90m&amp#27;[39m
&amp#27;[35m[HTTP]&amp#27;[39m &amp#27;[37m-->&amp#27;[39m &amp#27;[37mPOST&amp#27;[39m &amp#27;[37m/wd/hub/session/70081d5f-320b-405a-a317-43f80afff043/element&amp#27;[39m
&amp#27;[35m[HTTP]&amp#27;[39m &amp#27;[90m{"using":"accessibility id","value":"test-Password"}&amp#27;[39m
[debug] &amp#27;[35m[W3C (70081d5f)]&amp#27;[39m Calling AppiumDriver.findElement() with args: ["accessibility id","test-Password","70081d5f-320b-405a-a317-43f80afff043"]
[debug] &amp#27;[35m[BaseDriver]&amp#27;[39m Valid locator strategies for this request: xpath, id, class name, accessibility id, -android uiautomator
[debug] &amp#27;[35m[BaseDriver]&amp#27;[39m Waiting up to 0 ms for condition
[debug] &amp#27;[35m[WD Proxy]&amp#27;[39m Matched '/element' to command name 'findElement'
[debug] &amp#27;[35m[WD Proxy]&amp#27;[39m Proxying [POST /element] to [POST http://127.0.0.1:10000/wd/hub/session/e13593df-9927-4062-8ba8-9167d93309ed/element] with body: {"strategy":"accessibility id","selector":"test-Password","context":"","multiple":false}
[debug] &amp#27;[35m[WD Proxy]&amp#27;[39m Got response with status 200: {"sessionId":"e13593df-9927-4062-8ba8-9167d93309ed","value":{"ELEMENT":"d8ab37b8-167d-412d-86f1-1af6d54d0bd6","element-6066-11e4-a52e-4f735466cecf":"d8ab37b8-167d-412d-86f1-1af6d54d0bd6"}}
[debug] &amp#27;[35m[W3C (70081d5f)]&amp#27;[39m Responding to client with driver.findElement() result: {"element-6066-11e4-a52e-4f735466cecf":"d8ab37b8-167d-412d-86f1-1af6d54d0bd6","ELEMENT":"d8ab37b8-167d-412d-86f1-1af6d54d0bd6"}
&amp#27;[35m[HTTP]&amp#27;[39m &amp#27;[37m<-- POST /wd/hub/session/70081d5f-320b-405a-a317-43f80afff043/element &amp#27;[39m&amp#27;[32m200&amp#27;[39m &amp#27;[90m504 ms - 137&amp#27;[39m
&amp#27;[35m[HTTP]&amp#27;[39m &amp#27;[90m&amp#27;[39m
&amp#27;[35m[HTTP]&amp#27;[39m &amp#27;[37m-->&amp#27;[39m &amp#27;[37mGET&amp#27;[39m &amp#27;[37m/wd/hub/session/70081d5f-320b-405a-a317-43f80afff043/element/d8ab37b8-167d-412d-86f1-1af6d54d0bd6/text&amp#27;[39m
&amp#27;[35m[HTTP]&amp#27;[39m &amp#27;[90m{}&amp#27;[39m
&amp#27;[35m[W3C (70081d5f)]&amp#27;[39m Driver proxy active, passing request on via HTTP proxy
[debug] &amp#27;[35m[WD Proxy]&amp#27;[39m Matched '/wd/hub/session/70081d5f-320b-405a-a317-43f80afff043/element/d8ab37b8-167d-412d-86f1-1af6d54d0bd6/text' to command name 'getText'
[debug] &amp#27;[35m[WD Proxy]&amp#27;[39m Proxying [GET /wd/hub/session/70081d5f-320b-405a-a317-43f80afff043/element/d8ab37b8-167d-412d-86f1-1af6d54d0bd6/text] to [GET http://127.0.0.1:10000/wd/hub/session/e13593df-9927-4062-8ba8-9167d93309ed/element/d8ab37b8-167d-412d-86f1-1af6d54d0bd6/text] with no body
[debug] &amp#27;[35m[WD Proxy]&amp#27;[39m Got response with status 200: {"sessionId":"e13593df-9927-4062-8ba8-9167d93309ed","value":"Password"}
&amp#27;[35m[WD Proxy]&amp#27;[39m Replacing sessionId e13593df-9927-4062-8ba8-9167d93309ed with 70081d5f-320b-405a-a317-43f80afff043
&amp#27;[35m[HTTP]&amp#27;[39m &amp#27;[37m<-- GET /wd/hub/session/70081d5f-320b-405a-a317-43f80afff043/element/d8ab37b8-167d-412d-86f1-1af6d54d0bd6/text &amp#27;[39m&amp#27;[32m200&amp#27;[39m &amp#27;[90m11 ms - 71&amp#27;[39m
&amp#27;[35m[HTTP]&amp#27;[39m &amp#27;[90m&amp#27;[39m
&amp#27;[35m[HTTP]&amp#27;[39m &amp#27;[37m-->&amp#27;[39m &amp#27;[37mGET&amp#27;[39m &amp#27;[37m/wd/hub/session/70081d5f-320b-405a-a317-43f80afff043/context&amp#27;[39m
&amp#27;[35m[HTTP]&amp#27;[39m &amp#27;[90m{}&amp#27;[39m
[debug] &amp#27;[35m[W3C (70081d5f)]&amp#27;[39m Calling AppiumDriver.getCurrentContext() with args: ["70081d5f-320b-405a-a317-43f80afff043"]
[debug] &amp#27;[35m[W3C (70081d5f)]&amp#27;[39m Responding to client with driver.getCurrentContext() result: "NATIVE_APP"
&amp#27;[35m[HTTP]&amp#27;[39m &amp#27;[37m<-- GET /wd/hub/session/70081d5f-320b-405a-a317-43f80afff043/context &amp#27;[39m&amp#27;[32m200&amp#27;[39m &amp#27;[90m1 ms - 22&amp#27;[39m
&amp#27;[35m[HTTP]&amp#27;[39m &amp#27;[90m&amp#27;[39m
&amp#27;[35m[HTTP]&amp#27;[39m &amp#27;[37m-->&amp#27;[39m &amp#27;[37mPOST&amp#27;[39m &amp#27;[37m/wd/hub/session/70081d5f-320b-405a-a317-43f80afff043/element&amp#27;[39m
&amp#27;[35m[HTTP]&amp#27;[39m &amp#27;[90m{"using":"accessibility id","value":"test-Password"}&amp#27;[39m
[debug] &amp#27;[35m[W3C (70081d5f)]&amp#27;[39m Calling AppiumDriver.findElement() with args: ["accessibility id","test-Password","70081d5f-320b-405a-a317-43f80afff043"]
[debug] &amp#27;[35m[BaseDriver]&amp#27;[39m Valid locator strategies for this request: xpath, id, class name, accessibility id, -android uiautomator
[debug] &amp#27;[35m[BaseDriver]&amp#27;[39m Waiting up to 0 ms for condition
[debug] &amp#27;[35m[WD Proxy]&amp#27;[39m Matched '/element' to command name 'findElement'
[debug] &amp#27;[35m[WD Proxy]&amp#27;[39m Proxying [POST /element] to [POST http://127.0.0.1:10000/wd/hub/session/e13593df-9927-4062-8ba8-9167d93309ed/element] with body: {"strategy":"accessibility id","selector":"test-Password","context":"","multiple":false}
[debug] &amp#27;[35m[WD Proxy]&amp#27;[39m Got response with status 200: {"sessionId":"e13593df-9927-4062-8ba8-9167d93309ed","value":{"ELEMENT":"4e1c4670-7386-48bf-b2dd-5fde650bb6a3","element-6066-11e4-a52e-4f735466cecf":"4e1c4670-7386-48bf-b2dd-5fde650bb6a3"}}
[debug] &amp#27;[35m[W3C (70081d5f)]&amp#27;[39m Responding to client with driver.findElement() result: {"element-6066-11e4-a52e-4f735466cecf":"4e1c4670-7386-48bf-b2dd-5fde650bb6a3","ELEMENT":"4e1c4670-7386-48bf-b2dd-5fde650bb6a3"}
&amp#27;[35m[HTTP]&amp#27;[39m &amp#27;[37m<-- POST /wd/hub/session/70081d5f-320b-405a-a317-43f80afff043/element &amp#27;[39m&amp#27;[32m200&amp#27;[39m &amp#27;[90m17 ms - 137&amp#27;[39m
&amp#27;[35m[HTTP]&amp#27;[39m &amp#27;[90m&amp#27;[39m
&amp#27;[35m[HTTP]&amp#27;[39m &amp#27;[37m-->&amp#27;[39m &amp#27;[37mGET&amp#27;[39m &amp#27;[37m/wd/hub/session/70081d5f-320b-405a-a317-43f80afff043/element/4e1c4670-7386-48bf-b2dd-5fde650bb6a3/displayed&amp#27;[39m
&amp#27;[35m[HTTP]&amp#27;[39m &amp#27;[90m{}&amp#27;[39m
[debug] &amp#27;[35m[W3C (70081d5f)]&amp#27;[39m Calling AppiumDriver.elementDisplayed() with args: ["4e1c4670-7386-48bf-b2dd-5fde650bb6a3","70081d5f-320b-405a-a317-43f80afff043"]
[debug] &amp#27;[35m[WD Proxy]&amp#27;[39m Matched '/element/4e1c4670-7386-48bf-b2dd-5fde650bb6a3/attribute/displayed' to command name 'getAttribute'
[debug] &amp#27;[35m[WD Proxy]&amp#27;[39m Proxying [GET /element/4e1c4670-7386-48bf-b2dd-5fde650bb6a3/attribute/displayed] to [GET http://127.0.0.1:10000/wd/hub/session/e13593df-9927-4062-8ba8-9167d93309ed/element/4e1c4670-7386-48bf-b2dd-5fde650bb6a3/attribute/displayed] with no body
[debug] &amp#27;[35m[WD Proxy]&amp#27;[39m Got response with status 200: {"sessionId":"e13593df-9927-4062-8ba8-9167d93309ed","value":"true"}
[debug] &amp#27;[35m[W3C (70081d5f)]&amp#27;[39m Responding to client with driver.elementDisplayed() result: true
&amp#27;[35m[HTTP]&amp#27;[39m &amp#27;[37m<-- GET /wd/hub/session/70081d5f-320b-405a-a317-43f80afff043/element/4e1c4670-7386-48bf-b2dd-5fde650bb6a3/displayed &amp#27;[39m&amp#27;[32m200&amp#27;[39m &amp#27;[90m17 ms - 14&amp#27;[39m
&amp#27;[35m[HTTP]&amp#27;[39m &amp#27;[90m&amp#27;[39m
&amp#27;[35m[HTTP]&amp#27;[39m &amp#27;[37m-->&amp#27;[39m &amp#27;[37mGET&amp#27;[39m &amp#27;[37m/wd/hub/session/70081d5f-320b-405a-a317-43f80afff043/context&amp#27;[39m
&amp#27;[35m[HTTP]&amp#27;[39m &amp#27;[90m{}&amp#27;[39m
[debug] &amp#27;[35m[W3C (70081d5f)]&amp#27;[39m Calling AppiumDriver.getCurrentContext() with args: ["70081d5f-320b-405a-a317-43f80afff043"]
[debug] &amp#27;[35m[W3C (70081d5f)]&amp#27;[39m Responding to client with driver.getCurrentContext() result: "NATIVE_APP"
&amp#27;[35m[HTTP]&amp#27;[39m &amp#27;[37m<-- GET /wd/hub/session/70081d5f-320b-405a-a317-43f80afff043/context &amp#27;[39m&amp#27;[32m200&amp#27;[39m &amp#27;[90m2 ms - 22&amp#27;[39m
&amp#27;[35m[HTTP]&amp#27;[39m &amp#27;[90m&amp#27;[39m
&amp#27;[35m[HTTP]&amp#27;[39m &amp#27;[37m-->&amp#27;[39m &amp#27;[37mPOST&amp#27;[39m &amp#27;[37m/wd/hub/session/70081d5f-320b-405a-a317-43f80afff043/element&amp#27;[39m
&amp#27;[35m[HTTP]&amp#27;[39m &amp#27;[90m{"using":"accessibility id","value":"test-Password"}&amp#27;[39m
[debug] &amp#27;[35m[W3C (70081d5f)]&amp#27;[39m Calling AppiumDriver.findElement() with args: ["accessibility id","test-Password","70081d5f-320b-405a-a317-43f80afff043"]
[debug] &amp#27;[35m[BaseDriver]&amp#27;[39m Valid locator strategies for this request: xpath, id, class name, accessibility id, -android uiautomator
[debug] &amp#27;[35m[BaseDriver]&amp#27;[39m Waiting up to 0 ms for condition
[debug] &amp#27;[35m[WD Proxy]&amp#27;[39m Matched '/element' to command name 'findElement'
[debug] &amp#27;[35m[WD Proxy]&amp#27;[39m Proxying [POST /element] to [POST http://127.0.0.1:10000/wd/hub/session/e13593df-9927-4062-8ba8-9167d93309ed/element] with body: {"strategy":"accessibility id","selector":"test-Password","context":"","multiple":false}
[debug] &amp#27;[35m[WD Proxy]&amp#27;[39m Got response with status 200: {"sessionId":"e13593df-9927-4062-8ba8-9167d93309ed","value":{"ELEMENT":"25cdbb20-4d4a-4495-9e3b-ab6591f42237","element-6066-11e4-a52e-4f735466cecf":"25cdbb20-4d4a-4495-9e3b-ab6591f42237"}}
[debug] &amp#27;[35m[W3C (70081d5f)]&amp#27;[39m Responding to client with driver.findElement() result: {"element-6066-11e4-a52e-4f735466cecf":"25cdbb20-4d4a-4495-9e3b-ab6591f42237","ELEMENT":"25cdbb20-4d4a-4495-9e3b-ab6591f42237"}
&amp#27;[35m[HTTP]&amp#27;[39m &amp#27;[37m<-- POST /wd/hub/session/70081d5f-320b-405a-a317-43f80afff043/element &amp#27;[39m&amp#27;[32m200&amp#27;[39m &amp#27;[90m19 ms - 137&amp#27;[39m
&amp#27;[35m[HTTP]&amp#27;[39m &amp#27;[90m&amp#27;[39m
&amp#27;[35m[HTTP]&amp#27;[39m &amp#27;[37m-->&amp#27;[39m &amp#27;[37mGET&amp#27;[39m &amp#27;[37m/wd/hub/session/70081d5f-320b-405a-a317-43f80afff043/element/25cdbb20-4d4a-4495-9e3b-ab6591f42237/text&amp#27;[39m
&amp#27;[35m[HTTP]&amp#27;[39m &amp#27;[90m{}&amp#27;[39m
&amp#27;[35m[W3C (70081d5f)]&amp#27;[39m Driver proxy active, passing request on via HTTP proxy
[debug] &amp#27;[35m[WD Proxy]&amp#27;[39m Matched '/wd/hub/session/70081d5f-320b-405a-a317-43f80afff043/element/25cdbb20-4d4a-4495-9e3b-ab6591f42237/text' to command name 'getText'
[debug] &amp#27;[35m[WD Proxy]&amp#27;[39m Proxying [GET /wd/hub/session/70081d5f-320b-405a-a317-43f80afff043/element/25cdbb20-4d4a-4495-9e3b-ab6591f42237/text] to [GET http://127.0.0.1:10000/wd/hub/session/e13593df-9927-4062-8ba8-9167d93309ed/element/25cdbb20-4d4a-4495-9e3b-ab6591f42237/text] with no body
[debug] &amp#27;[35m[WD Proxy]&amp#27;[39m Got response with status 200: {"sessionId":"e13593df-9927-4062-8ba8-9167d93309ed","value":"Password"}
&amp#27;[35m[WD Proxy]&amp#27;[39m Replacing sessionId e13593df-9927-4062-8ba8-9167d93309ed with 70081d5f-320b-405a-a317-43f80afff043
&amp#27;[35m[HTTP]&amp#27;[39m &amp#27;[37m<-- GET /wd/hub/session/70081d5f-320b-405a-a317-43f80afff043/element/25cdbb20-4d4a-4495-9e3b-ab6591f42237/text &amp#27;[39m&amp#27;[32m200&amp#27;[39m &amp#27;[90m10 ms - 71&amp#27;[39m
&amp#27;[35m[HTTP]&amp#27;[39m &amp#27;[90m&amp#27;[39m
&amp#27;[35m[HTTP]&amp#27;[39m &amp#27;[37m-->&amp#27;[39m &amp#27;[37mGET&amp#27;[39m &amp#27;[37m/wd/hub/session/70081d5f-320b-405a-a317-43f80afff043/context&amp#27;[39m
&amp#27;[35m[HTTP]&amp#27;[39m &amp#27;[90m{}&amp#27;[39m
[debug] &amp#27;[35m[W3C (70081d5f)]&amp#27;[39m Calling AppiumDriver.getCurrentContext() with args: ["70081d5f-320b-405a-a317-43f80afff043"]
[debug] &amp#27;[35m[W3C (70081d5f)]&amp#27;[39m Responding to client with driver.getCurrentContext() result: "NATIVE_APP"
&amp#27;[35m[HTTP]&amp#27;[39m &amp#27;[37m<-- GET /wd/hub/session/70081d5f-320b-405a-a317-43f80afff043/context &amp#27;[39m&amp#27;[32m200&amp#27;[39m &amp#27;[90m2 ms - 22&amp#27;[39m
&amp#27;[35m[HTTP]&amp#27;[39m &amp#27;[90m&amp#27;[39m
&amp#27;[35m[HTTP]&amp#27;[39m &amp#27;[37m-->&amp#27;[39m &amp#27;[37mPOST&amp#27;[39m &amp#27;[37m/wd/hub/session/70081d5f-320b-405a-a317-43f80afff043/element&amp#27;[39m
&amp#27;[35m[HTTP]&amp#27;[39m &amp#27;[90m{"using":"accessibility id","value":"test-Password"}&amp#27;[39m
[debug] &amp#27;[35m[W3C (70081d5f)]&amp#27;[39m Calling AppiumDriver.findElement() with args: ["accessibility id","test-Password","70081d5f-320b-405a-a317-43f80afff043"]
[debug] &amp#27;[35m[BaseDriver]&amp#27;[39m Valid locator strategies for this request: xpath, id, class name, accessibility id, -android uiautomator
[debug] &amp#27;[35m[BaseDriver]&amp#27;[39m Waiting up to 0 ms for condition
[debug] &amp#27;[35m[WD Proxy]&amp#27;[39m Matched '/element' to command name 'findElement'
[debug] &amp#27;[35m[WD Proxy]&amp#27;[39m Proxying [POST /element] to [POST http://127.0.0.1:10000/wd/hub/session/e13593df-9927-4062-8ba8-9167d93309ed/element] with body: {"strategy":"accessibility id","selector":"test-Password","context":"","multiple":false}
[debug] &amp#27;[35m[WD Proxy]&amp#27;[39m Got response with status 200: {"sessionId":"e13593df-9927-4062-8ba8-9167d93309ed","value":{"ELEMENT":"cfc8b2da-c696-48d6-b2dd-13e26a96858b","element-6066-11e4-a52e-4f735466cecf":"cfc8b2da-c696-48d6-b2dd-13e26a96858b"}}
[debug] &amp#27;[35m[W3C (70081d5f)]&amp#27;[39m Responding to client with driver.findElement() result: {"element-6066-11e4-a52e-4f735466cecf":"cfc8b2da-c696-48d6-b2dd-13e26a96858b","ELEMENT":"cfc8b2da-c696-48d6-b2dd-13e26a96858b"}
&amp#27;[35m[HTTP]&amp#27;[39m &amp#27;[37m<-- POST /wd/hub/session/70081d5f-320b-405a-a317-43f80afff043/element &amp#27;[39m&amp#27;[32m200&amp#27;[39m &amp#27;[90m21 ms - 137&amp#27;[39m
&amp#27;[35m[HTTP]&amp#27;[39m &amp#27;[90m&amp#27;[39m
&amp#27;[35m[HTTP]&amp#27;[39m &amp#27;[37m-->&amp#27;[39m &amp#27;[37mPOST&amp#27;[39m &amp#27;[37m/wd/hub/session/70081d5f-320b-405a-a317-43f80afff043/element/cfc8b2da-c696-48d6-b2dd-13e26a96858b/value&amp#27;[39m
&amp#27;[35m[HTTP]&amp#27;[39m &amp#27;[90m{"id":"cfc8b2da-c696-48d6-b2dd-13e26a96858b","text":"secret_sauce","value":["s","e","c","r","e","t","_","s","a","u","c","e"]}&amp#27;[39m
[debug] &amp#27;[35m[W3C (70081d5f)]&amp#27;[39m Calling AppiumDriver.setValue() with args: [["s","e","c","r","e","t","_","s","a","u","c","e"],"cfc8b2da-c696-48d6-b2dd-13e26a96858b","70081d5f-320b-405a-a317-43f80afff043"]
[debug] &amp#27;[35m[WD Proxy]&amp#27;[39m Matched '/element/cfc8b2da-c696-48d6-b2dd-13e26a96858b/value' to command name 'setValue'
[debug] &amp#27;[35m[Protocol Converter]&amp#27;[39m Added 'value' property ["s","e","c","r","e","t","_","s","a","u","c","e"] to 'setValue' request body
[debug] &amp#27;[35m[WD Proxy]&amp#27;[39m Proxying [POST /element/cfc8b2da-c696-48d6-b2dd-13e26a96858b/value] to [POST http://127.0.0.1:10000/wd/hub/session/e13593df-9927-4062-8ba8-9167d93309ed/element/cfc8b2da-c696-48d6-b2dd-13e26a96858b/value] with body: {"elementId":"cfc8b2da-c696-48d6-b2dd-13e26a96858b","text":"secret_sauce","replace":false,"value":["s","e","c","r","e","t","_","s","a","u","c","e"]}
[debug] &amp#27;[35m[WD Proxy]&amp#27;[39m Got response with status 200: {"sessionId":"e13593df-9927-4062-8ba8-9167d93309ed","value":null}
[debug] &amp#27;[35m[W3C (70081d5f)]&amp#27;[39m Responding to client with driver.setValue() result: null
&amp#27;[35m[HTTP]&amp#27;[39m &amp#27;[37m<-- POST /wd/hub/session/70081d5f-320b-405a-a317-43f80afff043/element/cfc8b2da-c696-48d6-b2dd-13e26a96858b/value &amp#27;[39m&amp#27;[32m200&amp#27;[39m &amp#27;[90m45 ms - 14&amp#27;[39m
&amp#27;[35m[HTTP]&amp#27;[39m &amp#27;[90m&amp#27;[39m
&amp#27;[35m[HTTP]&amp#27;[39m &amp#27;[37m-->&amp#27;[39m &amp#27;[37mGET&amp#27;[39m &amp#27;[37m/wd/hub/session/70081d5f-320b-405a-a317-43f80afff043/context&amp#27;[39m
&amp#27;[35m[HTTP]&amp#27;[39m &amp#27;[90m{}&amp#27;[39m
[debug] &amp#27;[35m[W3C (70081d5f)]&amp#27;[39m Calling AppiumDriver.getCurrentContext() with args: ["70081d5f-320b-405a-a317-43f80afff043"]
[debug] &amp#27;[35m[W3C (70081d5f)]&amp#27;[39m Responding to client with driver.getCurrentContext() result: "NATIVE_APP"
&amp#27;[35m[HTTP]&amp#27;[39m &amp#27;[37m<-- GET /wd/hub/session/70081d5f-320b-405a-a317-43f80afff043/context &amp#27;[39m&amp#27;[32m200&amp#27;[39m &amp#27;[90m1 ms - 22&amp#27;[39m
&amp#27;[35m[HTTP]&amp#27;[39m &amp#27;[90m&amp#27;[39m
&amp#27;[35m[HTTP]&amp#27;[39m &amp#27;[37m-->&amp#27;[39m &amp#27;[37mPOST&amp#27;[39m &amp#27;[37m/wd/hub/session/70081d5f-320b-405a-a317-43f80afff043/element&amp#27;[39m
&amp#27;[35m[HTTP]&amp#27;[39m &amp#27;[90m{"using":"accessibility id","value":"test-Password"}&amp#27;[39m
[debug] &amp#27;[35m[W3C (70081d5f)]&amp#27;[39m Calling AppiumDriver.findElement() with args: ["accessibility id","test-Password","70081d5f-320b-405a-a317-43f80afff043"]
[debug] &amp#27;[35m[BaseDriver]&amp#27;[39m Valid locator strategies for this request: xpath, id, class name, accessibility id, -android uiautomator
[debug] &amp#27;[35m[BaseDriver]&amp#27;[39m Waiting up to 0 ms for condition
[debug] &amp#27;[35m[WD Proxy]&amp#27;[39m Matched '/element' to command name 'findElement'
[debug] &amp#27;[35m[WD Proxy]&amp#27;[39m Proxying [POST /element] to [POST http://127.0.0.1:10000/wd/hub/session/e13593df-9927-4062-8ba8-9167d93309ed/element] with body: {"strategy":"accessibility id","selector":"test-Password","context":"","multiple":false}
[debug] &amp#27;[35m[WD Proxy]&amp#27;[39m Got response with status 200: {"sessionId":"e13593df-9927-4062-8ba8-9167d93309ed","value":{"ELEMENT":"4bc16986-bdca-4d4a-a17d-6e5f75e15421","element-6066-11e4-a52e-4f735466cecf":"4bc16986-bdca-4d4a-a17d-6e5f75e15421"}}
[debug] &amp#27;[35m[W3C (70081d5f)]&amp#27;[39m Responding to client with driver.findElement() result: {"element-6066-11e4-a52e-4f735466cecf":"4bc16986-bdca-4d4a-a17d-6e5f75e15421","ELEMENT":"4bc16986-bdca-4d4a-a17d-6e5f75e15421"}
&amp#27;[35m[HTTP]&amp#27;[39m &amp#27;[37m<-- POST /wd/hub/session/70081d5f-320b-405a-a317-43f80afff043/element &amp#27;[39m&amp#27;[32m200&amp#27;[39m &amp#27;[90m505 ms - 137&amp#27;[39m
&amp#27;[35m[HTTP]&amp#27;[39m &amp#27;[90m&amp#27;[39m
&amp#27;[35m[HTTP]&amp#27;[39m &amp#27;[37m-->&amp#27;[39m &amp#27;[37mGET&amp#27;[39m &amp#27;[37m/wd/hub/session/70081d5f-320b-405a-a317-43f80afff043/element/4bc16986-bdca-4d4a-a17d-6e5f75e15421/text&amp#27;[39m
&amp#27;[35m[HTTP]&amp#27;[39m &amp#27;[90m{}&amp#27;[39m
&amp#27;[35m[W3C (70081d5f)]&amp#27;[39m Driver proxy active, passing request on via HTTP proxy
[debug] &amp#27;[35m[WD Proxy]&amp#27;[39m Matched '/wd/hub/session/70081d5f-320b-405a-a317-43f80afff043/element/4bc16986-bdca-4d4a-a17d-6e5f75e15421/text' to command name 'getText'
[debug] &amp#27;[35m[WD Proxy]&amp#27;[39m Proxying [GET /wd/hub/session/70081d5f-320b-405a-a317-43f80afff043/element/4bc16986-bdca-4d4a-a17d-6e5f75e15421/text] to [GET http://127.0.0.1:10000/wd/hub/session/e13593df-9927-4062-8ba8-9167d93309ed/element/4bc16986-bdca-4d4a-a17d-6e5f75e15421/text] with no body
[debug] &amp#27;[35m[WD Proxy]&amp#27;[39m Got response with status 200: {"sessionId":"e13593df-9927-4062-8ba8-9167d93309ed","value":"������������������������������������"}
&amp#27;[35m[WD Proxy]&amp#27;[39m Replacing sessionId e13593df-9927-4062-8ba8-9167d93309ed with 70081d5f-320b-405a-a317-43f80afff043
&amp#27;[35m[HTTP]&amp#27;[39m &amp#27;[37m<-- GET /wd/hub/session/70081d5f-320b-405a-a317-43f80afff043/element/4bc16986-bdca-4d4a-a17d-6e5f75e15421/text &amp#27;[39m&amp#27;[32m200&amp#27;[39m &amp#27;[90m13 ms - 99&amp#27;[39m
&amp#27;[35m[HTTP]&amp#27;[39m &amp#27;[90m&amp#27;[39m
&amp#27;[35m[HTTP]&amp#27;[39m &amp#27;[37m-->&amp#27;[39m &amp#27;[37mGET&amp#27;[39m &amp#27;[37m/wd/hub/session/70081d5f-320b-405a-a317-43f80afff043/context&amp#27;[39m
&amp#27;[35m[HTTP]&amp#27;[39m &amp#27;[90m{}&amp#27;[39m
[debug] &amp#27;[35m[W3C (70081d5f)]&amp#27;[39m Calling AppiumDriver.getCurrentContext() with args: ["70081d5f-320b-405a-a317-43f80afff043"]
[debug] &amp#27;[35m[W3C (70081d5f)]&amp#27;[39m Responding to client with driver.getCurrentContext() result: "NATIVE_APP"
&amp#27;[35m[HTTP]&amp#27;[39m &amp#27;[37m<-- GET /wd/hub/session/70081d5f-320b-405a-a317-43f80afff043/context &amp#27;[39m&amp#27;[32m200&amp#27;[39m &amp#27;[90m1 ms - 22&amp#27;[39m
&amp#27;[35m[HTTP]&amp#27;[39m &amp#27;[90m&amp#27;[39m
&amp#27;[35m[HTTP]&amp#27;[39m &amp#27;[37m-->&amp#27;[39m &amp#27;[37mPOST&amp#27;[39m &amp#27;[37m/wd/hub/session/70081d5f-320b-405a-a317-43f80afff043/element&amp#27;[39m
&amp#27;[35m[HTTP]&amp#27;[39m &amp#27;[90m{"using":"accessibility id","value":"test-LOGIN"}&amp#27;[39m
[debug] &amp#27;[35m[W3C (70081d5f)]&amp#27;[39m Calling AppiumDriver.findElement() with args: ["accessibility id","test-LOGIN","70081d5f-320b-405a-a317-43f80afff043"]
[debug] &amp#27;[35m[BaseDriver]&amp#27;[39m Valid locator strategies for this request: xpath, id, class name, accessibility id, -android uiautomator
[debug] &amp#27;[35m[BaseDriver]&amp#27;[39m Waiting up to 0 ms for condition
[debug] &amp#27;[35m[WD Proxy]&amp#27;[39m Matched '/element' to command name 'findElement'
[debug] &amp#27;[35m[WD Proxy]&amp#27;[39m Proxying [POST /element] to [POST http://127.0.0.1:10000/wd/hub/session/e13593df-9927-4062-8ba8-9167d93309ed/element] with body: {"strategy":"accessibility id","selector":"test-LOGIN","context":"","multiple":false}
[debug] &amp#27;[35m[WD Proxy]&amp#27;[39m Got response with status 200: {"sessionId":"e13593df-9927-4062-8ba8-9167d93309ed","value":{"ELEMENT":"3f792846-f8a6-4f8d-857f-f6ff248e1ce2","element-6066-11e4-a52e-4f735466cecf":"3f792846-f8a6-4f8d-857f-f6ff248e1ce2"}}
[debug] &amp#27;[35m[W3C (70081d5f)]&amp#27;[39m Responding to client with driver.findElement() result: {"element-6066-11e4-a52e-4f735466cecf":"3f792846-f8a6-4f8d-857f-f6ff248e1ce2","ELEMENT":"3f792846-f8a6-4f8d-857f-f6ff248e1ce2"}
&amp#27;[35m[HTTP]&amp#27;[39m &amp#27;[37m<-- POST /wd/hub/session/70081d5f-320b-405a-a317-43f80afff043/element &amp#27;[39m&amp#27;[32m200&amp#27;[39m &amp#27;[90m18 ms - 137&amp#27;[39m
&amp#27;[35m[HTTP]&amp#27;[39m &amp#27;[90m&amp#27;[39m
&amp#27;[35m[HTTP]&amp#27;[39m &amp#27;[37m-->&amp#27;[39m &amp#27;[37mGET&amp#27;[39m &amp#27;[37m/wd/hub/session/70081d5f-320b-405a-a317-43f80afff043/element/3f792846-f8a6-4f8d-857f-f6ff248e1ce2/displayed&amp#27;[39m
&amp#27;[35m[HTTP]&amp#27;[39m &amp#27;[90m{}&amp#27;[39m
[debug] &amp#27;[35m[W3C (70081d5f)]&amp#27;[39m Calling AppiumDriver.elementDisplayed() with args: ["3f792846-f8a6-4f8d-857f-f6ff248e1ce2","70081d5f-320b-405a-a317-43f80afff043"]
[debug] &amp#27;[35m[WD Proxy]&amp#27;[39m Matched '/element/3f792846-f8a6-4f8d-857f-f6ff248e1ce2/attribute/displayed' to command name 'getAttribute'
[debug] &amp#27;[35m[WD Proxy]&amp#27;[39m Proxying [GET /element/3f792846-f8a6-4f8d-857f-f6ff248e1ce2/attribute/displayed] to [GET http://127.0.0.1:10000/wd/hub/session/e13593df-9927-4062-8ba8-9167d93309ed/element/3f792846-f8a6-4f8d-857f-f6ff248e1ce2/attribute/displayed] with no body
[debug] &amp#27;[35m[WD Proxy]&amp#27;[39m Got response with status 200: {"sessionId":"e13593df-9927-4062-8ba8-9167d93309ed","value":"true"}
[debug] &amp#27;[35m[W3C (70081d5f)]&amp#27;[39m Responding to client with driver.elementDisplayed() result: true
&amp#27;[35m[HTTP]&amp#27;[39m &amp#27;[37m<-- GET /wd/hub/session/70081d5f-320b-405a-a317-43f80afff043/element/3f792846-f8a6-4f8d-857f-f6ff248e1ce2/displayed &amp#27;[39m&amp#27;[32m200&amp#27;[39m &amp#27;[90m12 ms - 14&amp#27;[39m
&amp#27;[35m[HTTP]&amp#27;[39m &amp#27;[90m&amp#27;[39m
&amp#27;[35m[HTTP]&amp#27;[39m &amp#27;[37m-->&amp#27;[39m &amp#27;[37mGET&amp#27;[39m &amp#27;[37m/wd/hub/session/70081d5f-320b-405a-a317-43f80afff043/context&amp#27;[39m
&amp#27;[35m[HTTP]&amp#27;[39m &amp#27;[90m{}&amp#27;[39m
[debug] &amp#27;[35m[W3C (70081d5f)]&amp#27;[39m Calling AppiumDriver.getCurrentContext() with args: ["70081d5f-320b-405a-a317-43f80afff043"]
[debug] &amp#27;[35m[W3C (70081d5f)]&amp#27;[39m Responding to client with driver.getCurrentContext() result: "NATIVE_APP"
&amp#27;[35m[HTTP]&amp#27;[39m &amp#27;[37m<-- GET /wd/hub/session/70081d5f-320b-405a-a317-43f80afff043/context &amp#27;[39m&amp#27;[32m200&amp#27;[39m &amp#27;[90m3 ms - 22&amp#27;[39m
&amp#27;[35m[HTTP]&amp#27;[39m &amp#27;[90m&amp#27;[39m
&amp#27;[35m[HTTP]&amp#27;[39m &amp#27;[37m-->&amp#27;[39m &amp#27;[37mPOST&amp#27;[39m &amp#27;[37m/wd/hub/session/70081d5f-320b-405a-a317-43f80afff043/element&amp#27;[39m
&amp#27;[35m[HTTP]&amp#27;[39m &amp#27;[90m{"using":"accessibility id","value":"test-LOGIN"}&amp#27;[39m
[debug] &amp#27;[35m[W3C (70081d5f)]&amp#27;[39m Calling AppiumDriver.findElement() with args: ["accessibility id","test-LOGIN","70081d5f-320b-405a-a317-43f80afff043"]
[debug] &amp#27;[35m[BaseDriver]&amp#27;[39m Valid locator strategies for this request: xpath, id, class name, accessibility id, -android uiautomator
[debug] &amp#27;[35m[BaseDriver]&amp#27;[39m Waiting up to 0 ms for condition
[debug] &amp#27;[35m[WD Proxy]&amp#27;[39m Matched '/element' to command name 'findElement'
[debug] &amp#27;[35m[WD Proxy]&amp#27;[39m Proxying [POST /element] to [POST http://127.0.0.1:10000/wd/hub/session/e13593df-9927-4062-8ba8-9167d93309ed/element] with body: {"strategy":"accessibility id","selector":"test-LOGIN","context":"","multiple":false}
[debug] &amp#27;[35m[WD Proxy]&amp#27;[39m Got response with status 200: {"sessionId":"e13593df-9927-4062-8ba8-9167d93309ed","value":{"ELEMENT":"de8f5c96-4be9-4228-8649-853c2954a25a","element-6066-11e4-a52e-4f735466cecf":"de8f5c96-4be9-4228-8649-853c2954a25a"}}
[debug] &amp#27;[35m[W3C (70081d5f)]&amp#27;[39m Responding to client with driver.findElement() result: {"element-6066-11e4-a52e-4f735466cecf":"de8f5c96-4be9-4228-8649-853c2954a25a","ELEMENT":"de8f5c96-4be9-4228-8649-853c2954a25a"}
&amp#27;[35m[HTTP]&amp#27;[39m &amp#27;[37m<-- POST /wd/hub/session/70081d5f-320b-405a-a317-43f80afff043/element &amp#27;[39m&amp#27;[32m200&amp#27;[39m &amp#27;[90m19 ms - 137&amp#27;[39m
&amp#27;[35m[HTTP]&amp#27;[39m &amp#27;[90m&amp#27;[39m
&amp#27;[35m[HTTP]&amp#27;[39m &amp#27;[37m-->&amp#27;[39m &amp#27;[37mGET&amp#27;[39m &amp#27;[37m/wd/hub/session/70081d5f-320b-405a-a317-43f80afff043/element/de8f5c96-4be9-4228-8649-853c2954a25a/text&amp#27;[39m
&amp#27;[35m[HTTP]&amp#27;[39m &amp#27;[90m{}&amp#27;[39m
&amp#27;[35m[W3C (70081d5f)]&amp#27;[39m Driver proxy active, passing request on via HTTP proxy
[debug] &amp#27;[35m[WD Proxy]&amp#27;[39m Matched '/wd/hub/session/70081d5f-320b-405a-a317-43f80afff043/element/de8f5c96-4be9-4228-8649-853c2954a25a/text' to command name 'getText'
[debug] &amp#27;[35m[WD Proxy]&amp#27;[39m Proxying [GET /wd/hub/session/70081d5f-320b-405a-a317-43f80afff043/element/de8f5c96-4be9-4228-8649-853c2954a25a/text] to [GET http://127.0.0.1:10000/wd/hub/session/e13593df-9927-4062-8ba8-9167d93309ed/element/de8f5c96-4be9-4228-8649-853c2954a25a/text] with no body
[debug] &amp#27;[35m[WD Proxy]&amp#27;[39m Got response with status 200: {"sessionId":"e13593df-9927-4062-8ba8-9167d93309ed","value":""}
&amp#27;[35m[WD Proxy]&amp#27;[39m Replacing sessionId e13593df-9927-4062-8ba8-9167d93309ed with 70081d5f-320b-405a-a317-43f80afff043
&amp#27;[35m[HTTP]&amp#27;[39m &amp#27;[37m<-- GET /wd/hub/session/70081d5f-320b-405a-a317-43f80afff043/element/de8f5c96-4be9-4228-8649-853c2954a25a/text &amp#27;[39m&amp#27;[32m200&amp#27;[39m &amp#27;[90m11 ms - 63&amp#27;[39m
&amp#27;[35m[HTTP]&amp#27;[39m &amp#27;[90m&amp#27;[39m
&amp#27;[35m[HTTP]&amp#27;[39m &amp#27;[37m-->&amp#27;[39m &amp#27;[37mGET&amp#27;[39m &amp#27;[37m/wd/hub/session/70081d5f-320b-405a-a317-43f80afff043/context&amp#27;[39m
&amp#27;[35m[HTTP]&amp#27;[39m &amp#27;[90m{}&amp#27;[39m
[debug] &amp#27;[35m[W3C (70081d5f)]&amp#27;[39m Calling AppiumDriver.getCurrentContext() with args: ["70081d5f-320b-405a-a317-43f80afff043"]
[debug] &amp#27;[35m[W3C (70081d5f)]&amp#27;[39m Responding to client with driver.getCurrentContext() result: "NATIVE_APP"
&amp#27;[35m[HTTP]&amp#27;[39m &amp#27;[37m<-- GET /wd/hub/session/70081d5f-320b-405a-a317-43f80afff043/context &amp#27;[39m&amp#27;[32m200&amp#27;[39m &amp#27;[90m1 ms - 22&amp#27;[39m
&amp#27;[35m[HTTP]&amp#27;[39m &amp#27;[90m&amp#27;[39m
&amp#27;[35m[HTTP]&amp#27;[39m &amp#27;[37m-->&amp#27;[39m &amp#27;[37mPOST&amp#27;[39m &amp#27;[37m/wd/hub/session/70081d5f-320b-405a-a317-43f80afff043/element&amp#27;[39m
&amp#27;[35m[HTTP]&amp#27;[39m &amp#27;[90m{"using":"accessibility id","value":"test-LOGIN"}&amp#27;[39m
[debug] &amp#27;[35m[W3C (70081d5f)]&amp#27;[39m Calling AppiumDriver.findElement() with args: ["accessibility id","test-LOGIN","70081d5f-320b-405a-a317-43f80afff043"]
[debug] &amp#27;[35m[BaseDriver]&amp#27;[39m Valid locator strategies for this request: xpath, id, class name, accessibility id, -android uiautomator
[debug] &amp#27;[35m[BaseDriver]&amp#27;[39m Waiting up to 0 ms for condition
[debug] &amp#27;[35m[WD Proxy]&amp#27;[39m Matched '/element' to command name 'findElement'
[debug] &amp#27;[35m[WD Proxy]&amp#27;[39m Proxying [POST /element] to [POST http://127.0.0.1:10000/wd/hub/session/e13593df-9927-4062-8ba8-9167d93309ed/element] with body: {"strategy":"accessibility id","selector":"test-LOGIN","context":"","multiple":false}
[debug] &amp#27;[35m[WD Proxy]&amp#27;[39m Got response with status 200: {"sessionId":"e13593df-9927-4062-8ba8-9167d93309ed","value":{"ELEMENT":"18604212-5866-41eb-a497-b154c99c98c5","element-6066-11e4-a52e-4f735466cecf":"18604212-5866-41eb-a497-b154c99c98c5"}}
[debug] &amp#27;[35m[W3C (70081d5f)]&amp#27;[39m Responding to client with driver.findElement() result: {"element-6066-11e4-a52e-4f735466cecf":"18604212-5866-41eb-a497-b154c99c98c5","ELEMENT":"18604212-5866-41eb-a497-b154c99c98c5"}
&amp#27;[35m[HTTP]&amp#27;[39m &amp#27;[37m<-- POST /wd/hub/session/70081d5f-320b-405a-a317-43f80afff043/element &amp#27;[39m&amp#27;[32m200&amp#27;[39m &amp#27;[90m17 ms - 137&amp#27;[39m
&amp#27;[35m[HTTP]&amp#27;[39m &amp#27;[90m&amp#27;[39m
&amp#27;[35m[HTTP]&amp#27;[39m &amp#27;[37m-->&amp#27;[39m &amp#27;[37mPOST&amp#27;[39m &amp#27;[37m/wd/hub/session/70081d5f-320b-405a-a317-43f80afff043/element/18604212-5866-41eb-a497-b154c99c98c5/click&amp#27;[39m
&amp#27;[35m[HTTP]&amp#27;[39m &amp#27;[90m{"id":"18604212-5866-41eb-a497-b154c99c98c5"}&amp#27;[39m
[debug] &amp#27;[35m[W3C (70081d5f)]&amp#27;[39m Calling AppiumDriver.click() with args: ["18604212-5866-41eb-a497-b154c99c98c5","70081d5f-320b-405a-a317-43f80afff043"]
[debug] &amp#27;[35m[WD Proxy]&amp#27;[39m Matched '/element/18604212-5866-41eb-a497-b154c99c98c5/click' to command name 'click'
[debug] &amp#27;[35m[WD Proxy]&amp#27;[39m Proxying [POST /element/18604212-5866-41eb-a497-b154c99c98c5/click] to [POST http://127.0.0.1:10000/wd/hub/session/e13593df-9927-4062-8ba8-9167d93309ed/element/18604212-5866-41eb-a497-b154c99c98c5/click] with body: {"element":"18604212-5866-41eb-a497-b154c99c98c5"}
[debug] &amp#27;[35m[WD Proxy]&amp#27;[39m Got response with status 200: {"sessionId":"e13593df-9927-4062-8ba8-9167d93309ed","value":null}
[debug] &amp#27;[35m[W3C (70081d5f)]&amp#27;[39m Responding to client with driver.click() result: null
&amp#27;[35m[HTTP]&amp#27;[39m &amp#27;[37m<-- POST /wd/hub/session/70081d5f-320b-405a-a317-43f80afff043/element/18604212-5866-41eb-a497-b154c99c98c5/click &amp#27;[39m&amp#27;[32m200&amp#27;[39m &amp#27;[90m56 ms - 14&amp#27;[39m
&amp#27;[35m[HTTP]&amp#27;[39m &amp#27;[90m&amp#27;[39m
&amp#27;[35m[HTTP]&amp#27;[39m &amp#27;[37m-->&amp#27;[39m &amp#27;[37mGET&amp#27;[39m &amp#27;[37m/wd/hub/session/70081d5f-320b-405a-a317-43f80afff043/context&amp#27;[39m
&amp#27;[35m[HTTP]&amp#27;[39m &amp#27;[90m{}&amp#27;[39m
[debug] &amp#27;[35m[W3C (70081d5f)]&amp#27;[39m Calling AppiumDriver.getCurrentContext() with args: ["70081d5f-320b-405a-a317-43f80afff043"]
[debug] &amp#27;[35m[W3C (70081d5f)]&amp#27;[39m Responding to client with driver.getCurrentContext() result: "NATIVE_APP"
&amp#27;[35m[HTTP]&amp#27;[39m &amp#27;[37m<-- GET /wd/hub/session/70081d5f-320b-405a-a317-43f80afff043/context &amp#27;[39m&amp#27;[32m200&amp#27;[39m &amp#27;[90m1 ms - 22&amp#27;[39m
&amp#27;[35m[HTTP]&amp#27;[39m &amp#27;[90m&amp#27;[39m
&amp#27;[35m[HTTP]&amp#27;[39m &amp#27;[37m-->&amp#27;[39m &amp#27;[37mPOST&amp#27;[39m &amp#27;[37m/wd/hub/session/70081d5f-320b-405a-a317-43f80afff043/element&amp#27;[39m
&amp#27;[35m[HTTP]&amp#27;[39m &amp#27;[90m{"using":"accessibility id","value":"test-LOGIN"}&amp#27;[39m
[debug] &amp#27;[35m[W3C (70081d5f)]&amp#27;[39m Calling AppiumDriver.findElement() with args: ["accessibility id","test-LOGIN","70081d5f-320b-405a-a317-43f80afff043"]
[debug] &amp#27;[35m[BaseDriver]&amp#27;[39m Valid locator strategies for this request: xpath, id, class name, accessibility id, -android uiautomator
[debug] &amp#27;[35m[BaseDriver]&amp#27;[39m Waiting up to 0 ms for condition
[debug] &amp#27;[35m[WD Proxy]&amp#27;[39m Matched '/element' to command name 'findElement'
[debug] &amp#27;[35m[WD Proxy]&amp#27;[39m Proxying [POST /element] to [POST http://127.0.0.1:10000/wd/hub/session/e13593df-9927-4062-8ba8-9167d93309ed/element] with body: {"strategy":"accessibility id","selector":"test-LOGIN","context":"","multiple":false}
[debug] &amp#27;[35m[WD Proxy]&amp#27;[39m Got response with status 200: {"sessionId":"e13593df-9927-4062-8ba8-9167d93309ed","value":{"ELEMENT":"67103255-34bd-4f10-892e-96cf1ddd1248","element-6066-11e4-a52e-4f735466cecf":"67103255-34bd-4f10-892e-96cf1ddd1248"}}
[debug] &amp#27;[35m[W3C (70081d5f)]&amp#27;[39m Responding to client with driver.findElement() result: {"element-6066-11e4-a52e-4f735466cecf":"67103255-34bd-4f10-892e-96cf1ddd1248","ELEMENT":"67103255-34bd-4f10-892e-96cf1ddd1248"}
&amp#27;[35m[HTTP]&amp#27;[39m &amp#27;[37m<-- POST /wd/hub/session/70081d5f-320b-405a-a317-43f80afff043/element &amp#27;[39m&amp#27;[32m200&amp#27;[39m &amp#27;[90m19 ms - 137&amp#27;[39m
&amp#27;[35m[HTTP]&amp#27;[39m &amp#27;[90m&amp#27;[39m
&amp#27;[35m[HTTP]&amp#27;[39m &amp#27;[37m-->&amp#27;[39m &amp#27;[37mGET&amp#27;[39m &amp#27;[37m/wd/hub/session/70081d5f-320b-405a-a317-43f80afff043/element/67103255-34bd-4f10-892e-96cf1ddd1248/text&amp#27;[39m
&amp#27;[35m[HTTP]&amp#27;[39m &amp#27;[90m{}&amp#27;[39m
&amp#27;[35m[W3C (70081d5f)]&amp#27;[39m Driver proxy active, passing request on via HTTP proxy
[debug] &amp#27;[35m[WD Proxy]&amp#27;[39m Matched '/wd/hub/session/70081d5f-320b-405a-a317-43f80afff043/element/67103255-34bd-4f10-892e-96cf1ddd1248/text' to command name 'getText'
[debug] &amp#27;[35m[WD Proxy]&amp#27;[39m Proxying [GET /wd/hub/session/70081d5f-320b-405a-a317-43f80afff043/element/67103255-34bd-4f10-892e-96cf1ddd1248/text] to [GET http://127.0.0.1:10000/wd/hub/session/e13593df-9927-4062-8ba8-9167d93309ed/element/67103255-34bd-4f10-892e-96cf1ddd1248/text] with no body
[debug] &amp#27;[35m[WD Proxy]&amp#27;[39m Got response with status 200: {"sessionId":"e13593df-9927-4062-8ba8-9167d93309ed","value":""}
&amp#27;[35m[WD Proxy]&amp#27;[39m Replacing sessionId e13593df-9927-4062-8ba8-9167d93309ed with 70081d5f-320b-405a-a317-43f80afff043
&amp#27;[35m[HTTP]&amp#27;[39m &amp#27;[37m<-- GET /wd/hub/session/70081d5f-320b-405a-a317-43f80afff043/element/67103255-34bd-4f10-892e-96cf1ddd1248/text &amp#27;[39m&amp#27;[32m200&amp#27;[39m &amp#27;[90m12 ms - 63&amp#27;[39m
&amp#27;[35m[HTTP]&amp#27;[39m &amp#27;[90m&amp#27;[39m
&amp#27;[35m[HTTP]&amp#27;[39m &amp#27;[37m-->&amp#27;[39m &amp#27;[37mGET&amp#27;[39m &amp#27;[37m/wd/hub/session/70081d5f-320b-405a-a317-43f80afff043/context&amp#27;[39m
&amp#27;[35m[HTTP]&amp#27;[39m &amp#27;[90m{}&amp#27;[39m
[debug] &amp#27;[35m[W3C (70081d5f)]&amp#27;[39m Calling AppiumDriver.getCurrentContext() with args: ["70081d5f-320b-405a-a317-43f80afff043"]
[debug] &amp#27;[35m[W3C (70081d5f)]&amp#27;[39m Responding to client with driver.getCurrentContext() result: "NATIVE_APP"
&amp#27;[35m[HTTP]&amp#27;[39m &amp#27;[37m<-- GET /wd/hub/session/70081d5f-320b-405a-a317-43f80afff043/context &amp#27;[39m&amp#27;[32m200&amp#27;[39m &amp#27;[90m1 ms - 22&amp#27;[39m
&amp#27;[35m[HTTP]&amp#27;[39m &amp#27;[90m&amp#27;[39m
&amp#27;[35m[HTTP]&amp#27;[39m &amp#27;[37m-->&amp#27;[39m &amp#27;[37mPOST&amp#27;[39m &amp#27;[37m/wd/hub/session/70081d5f-320b-405a-a317-43f80afff043/element&amp#27;[39m
&amp#27;[35m[HTTP]&amp#27;[39m &amp#27;[90m{"using":"xpath","value":"//android.view.ViewGroup[@content-desc='test-Cart drop zone']/android.view.ViewGroup/android.widget.TextView"}&amp#27;[39m
[debug] &amp#27;[35m[W3C (70081d5f)]&amp#27;[39m Calling AppiumDriver.findElement() with args: ["xpath","//android.view.ViewGroup[@content-desc='test-Cart drop zone']/android.view.ViewGroup/android.widget.TextView","70081d5f-320b-405a-a317-43f80afff043"]
[debug] &amp#27;[35m[BaseDriver]&amp#27;[39m Valid locator strategies for this request: xpath, id, class name, accessibility id, -android uiautomator
[debug] &amp#27;[35m[BaseDriver]&amp#27;[39m Waiting up to 0 ms for condition
[debug] &amp#27;[35m[WD Proxy]&amp#27;[39m Matched '/element' to command name 'findElement'
[debug] &amp#27;[35m[WD Proxy]&amp#27;[39m Proxying [POST /element] to [POST http://127.0.0.1:10000/wd/hub/session/e13593df-9927-4062-8ba8-9167d93309ed/element] with body: {"strategy":"xpath","selector":"//android.view.ViewGroup[@content-desc='test-Cart drop zone']/android.view.ViewGroup/android.widget.TextView","context":"","multiple":false}
&amp#27;[35m[WD Proxy]&amp#27;[39m Got response with status 404: {"sessionId":"e13593df-9927-4062-8ba8-9167d93309ed","value":{"error":"no such element","message":"An element could not be located on the page using the given search parameters","stacktrace":"io.appium.uiautomator2.common.exceptions.ElementNotFoundException: An element could not be located on the page using the given search parameters\n\tat io.appium.uiautomator2.handler.FindElement.findElement(FindElement.java:96)\n\tat io.appium.uiautomator2.handler.FindElement.safeHandle(FindElement.java:71)\n\tat io.appium.uiautomator2.handler.request.SafeRequestHandler.handle(SafeRequestHandler.java:41)\n\tat io.appium.uiautomator2.server.AppiumServlet.handleRequest(AppiumServlet.java:253)\n\tat io.appium.uiautomator2.server.AppiumServlet.handleHttpRequest(AppiumServlet.java:247)\n\tat io.appium.uiautomator2.http.ServerHandler.channelRead(ServerHandler.java:68)\n\tat io.netty.channel.AbstractChannelHandlerContext.invokeChannelRead(AbstractChannelHandlerContext.java:366)\n\tat io.netty.channel.AbstractChannelHandlerCont...
[debug] &amp#27;[35m[W3C]&amp#27;[39m Matched W3C error code 'no such element' to NoSuchElementError
[debug] &amp#27;[35m[W3C (70081d5f)]&amp#27;[39m Encountered internal error running command: NoSuchElementError: An element could not be located on the page using the given search parameters.
[debug] &amp#27;[35m[W3C (70081d5f)]&amp#27;[39m     at AndroidUiautomator2Driver.findElOrEls (/usr/local/lib/node_modules/appium/node_modules/appium-android-driver/lib/commands/find.js:75:11)
[debug] &amp#27;[35m[W3C (70081d5f)]&amp#27;[39m     at runMicrotasks (<anonymous>)
[debug] &amp#27;[35m[W3C (70081d5f)]&amp#27;[39m     at processTicksAndRejections (internal/process/task_queues.js:97:5)
[debug] &amp#27;[35m[W3C (70081d5f)]&amp#27;[39m     at AndroidUiautomator2Driver.findElOrElsWithProcessing (/usr/local/lib/node_modules/appium/node_modules/appium-base-driver/lib/basedriver/commands/find.js:33:12)
[debug] &amp#27;[35m[W3C (70081d5f)]&amp#27;[39m     at AndroidUiautomator2Driver.findElement (/usr/local/lib/node_modules/appium/node_modules/appium-base-driver/lib/basedriver/commands/find.js:53:10)
&amp#27;[35m[HTTP]&amp#27;[39m &amp#27;[37m<-- POST /wd/hub/session/70081d5f-320b-405a-a317-43f80afff043/element &amp#27;[39m&amp#27;[33m404&amp#27;[39m &amp#27;[90m95 ms - 816&amp#27;[39m
&amp#27;[35m[HTTP]&amp#27;[39m &amp#27;[90m&amp#27;[39m
&amp#27;[35m[HTTP]&amp#27;[39m &amp#27;[37m-->&amp#27;[39m &amp#27;[37mPOST&amp#27;[39m &amp#27;[37m/wd/hub/session/70081d5f-320b-405a-a317-43f80afff043/element&amp#27;[39m
&amp#27;[35m[HTTP]&amp#27;[39m &amp#27;[90m{"using":"xpath","value":"//android.view.ViewGroup[@content-desc='test-Cart drop zone']/android.view.ViewGroup/android.widget.TextView"}&amp#27;[39m
[debug] &amp#27;[35m[W3C (70081d5f)]&amp#27;[39m Calling AppiumDriver.findElement() with args: ["xpath","//android.view.ViewGroup[@content-desc='test-Cart drop zone']/android.view.ViewGroup/android.widget.TextView","70081d5f-320b-405a-a317-43f80afff043"]
[debug] &amp#27;[35m[BaseDriver]&amp#27;[39m Valid locator strategies for this request: xpath, id, class name, accessibility id, -android uiautomator
[debug] &amp#27;[35m[BaseDriver]&amp#27;[39m Waiting up to 0 ms for condition
[debug] &amp#27;[35m[WD Proxy]&amp#27;[39m Matched '/element' to command name 'findElement'
[debug] &amp#27;[35m[WD Proxy]&amp#27;[39m Proxying [POST /element] to [POST http://127.0.0.1:10000/wd/hub/session/e13593df-9927-4062-8ba8-9167d93309ed/element] with body: {"strategy":"xpath","selector":"//android.view.ViewGroup[@content-desc='test-Cart drop zone']/android.view.ViewGroup/android.widget.TextView","context":"","multiple":false}
[debug] &amp#27;[35m[WD Proxy]&amp#27;[39m Got response with status 200: {"sessionId":"e13593df-9927-4062-8ba8-9167d93309ed","value":{"ELEMENT":"999805de-1059-4ed8-a812-5c6ec272f5c8","element-6066-11e4-a52e-4f735466cecf":"999805de-1059-4ed8-a812-5c6ec272f5c8"}}
[debug] &amp#27;[35m[W3C (70081d5f)]&amp#27;[39m Responding to client with driver.findElement() result: {"element-6066-11e4-a52e-4f735466cecf":"999805de-1059-4ed8-a812-5c6ec272f5c8","ELEMENT":"999805de-1059-4ed8-a812-5c6ec272f5c8"}
&amp#27;[35m[HTTP]&amp#27;[39m &amp#27;[37m<-- POST /wd/hub/session/70081d5f-320b-405a-a317-43f80afff043/element &amp#27;[39m&amp#27;[32m200&amp#27;[39m &amp#27;[90m875 ms - 137&amp#27;[39m
&amp#27;[35m[HTTP]&amp#27;[39m &amp#27;[90m&amp#27;[39m
&amp#27;[35m[HTTP]&amp#27;[39m &amp#27;[37m-->&amp#27;[39m &amp#27;[37mGET&amp#27;[39m &amp#27;[37m/wd/hub/session/70081d5f-320b-405a-a317-43f80afff043/element/999805de-1059-4ed8-a812-5c6ec272f5c8/displayed&amp#27;[39m
&amp#27;[35m[HTTP]&amp#27;[39m &amp#27;[90m{}&amp#27;[39m
[debug] &amp#27;[35m[W3C (70081d5f)]&amp#27;[39m Calling AppiumDriver.elementDisplayed() with args: ["999805de-1059-4ed8-a812-5c6ec272f5c8","70081d5f-320b-405a-a317-43f80afff043"]
[debug] &amp#27;[35m[WD Proxy]&amp#27;[39m Matched '/element/999805de-1059-4ed8-a812-5c6ec272f5c8/attribute/displayed' to command name 'getAttribute'
[debug] &amp#27;[35m[WD Proxy]&amp#27;[39m Proxying [GET /element/999805de-1059-4ed8-a812-5c6ec272f5c8/attribute/displayed] to [GET http://127.0.0.1:10000/wd/hub/session/e13593df-9927-4062-8ba8-9167d93309ed/element/999805de-1059-4ed8-a812-5c6ec272f5c8/attribute/displayed] with no body
[debug] &amp#27;[35m[WD Proxy]&amp#27;[39m Got response with status 200: {"sessionId":"e13593df-9927-4062-8ba8-9167d93309ed","value":"true"}
[debug] &amp#27;[35m[W3C (70081d5f)]&amp#27;[39m Responding to client with driver.elementDisplayed() result: true
&amp#27;[35m[HTTP]&amp#27;[39m &amp#27;[37m<-- GET /wd/hub/session/70081d5f-320b-405a-a317-43f80afff043/element/999805de-1059-4ed8-a812-5c6ec272f5c8/displayed &amp#27;[39m&amp#27;[32m200&amp#27;[39m &amp#27;[90m16 ms - 14&amp#27;[39m
&amp#27;[35m[HTTP]&amp#27;[39m &amp#27;[90m&amp#27;[39m
Login successful
]]></system-out>
  </testcase>
</testsuite>