<?xml version="1.0" encoding="UTF-8"?>
<!-- Generated by org.testng.reporters.JUnitReportReporter -->
<testsuite hostname="ALIPL0482.local" failures="0" tests="2" name="com.qa.tests.ProductsTest" time="37.041" errors="0" timestamp="25 Nov 2020 10:53:24 GMT" skipped="0">
  <testcase classname="com.qa.tests.ProductsTest" name="validateProductsOnProductsScreen" time="16.741"/>
  <testcase classname="com.qa.tests.ProductsTest" name="validateProductsOnProductDetailsScreen" time="20.300"/>
</testsuite> <!-- com.qa.tests.ProductsTest -->
